---------- BEGIN TEST: /root/lanl/vv/shmemvv_logs/src/unit/c11/atomics/c11_shmem_atomic_fetch_and.c
[11:36:32.392] ------ BEGIN TEST ROUTINE: shmem_atomic_fetch_and(unsigned int)
[11:36:32.393] [INFO] shmem_malloc'd 4 bytes at 0xaaab00002250
[11:36:32.393] [INFO] set 0xaaab00002250 to 42
[11:36:32.393] [INFO] executing atomic fetch and: dest = 0xaaab00002250, and_val = 15
[11:36:32.393] [INFO] atomic fetch and on a unsigned int at 0xaaab00002250 produced expected result
[11:36:32.393] ------ BEGIN TEST ROUTINE: shmem_atomic_fetch_and(unsigned long)
[11:36:32.393] [INFO] shmem_malloc'd 8 bytes at 0xaaab00002250
[11:36:32.393] [INFO] set 0xaaab00002250 to 42
[11:36:32.393] [INFO] executing atomic fetch and: dest = 0xaaab00002250, and_val = 15
[11:36:32.394] [INFO] atomic fetch and on a unsigned long at 0xaaab00002250 produced expected result
[11:36:32.394] ------ BEGIN TEST ROUTINE: shmem_atomic_fetch_and(unsigned long long)
[11:36:32.394] [INFO] shmem_malloc'd 8 bytes at 0xaaab00002250
[11:36:32.394] [INFO] set 0xaaab00002250 to 42
[11:36:32.394] [INFO] executing atomic fetch and: dest = 0xaaab00002250, and_val = 15
[11:36:32.394] [INFO] atomic fetch and on a unsigned long long at 0xaaab00002250 produced expected result
[11:36:32.394] ------ BEGIN TEST ROUTINE: shmem_atomic_fetch_and(int32_t)
[11:36:32.394] [INFO] shmem_malloc'd 4 bytes at 0xaaab00002250
[11:36:32.394] [INFO] set 0xaaab00002250 to 42
[11:36:32.394] [INFO] executing atomic fetch and: dest = 0xaaab00002250, and_val = 15
[11:36:32.395] [INFO] atomic fetch and on a int32_t at 0xaaab00002250 produced expected result
[11:36:32.395] ------ BEGIN TEST ROUTINE: shmem_atomic_fetch_and(int64_t)
[11:36:32.395] [INFO] shmem_malloc'd 8 bytes at 0xaaab00002250
[11:36:32.395] [INFO] set 0xaaab00002250 to 42
[11:36:32.395] [INFO] executing atomic fetch and: dest = 0xaaab00002250, and_val = 15
[11:36:32.395] [INFO] atomic fetch and on a int64_t at 0xaaab00002250 produced expected result
[11:36:32.395] ------ BEGIN TEST ROUTINE: shmem_atomic_fetch_and(uint32_t)
[11:36:32.395] [INFO] shmem_malloc'd 4 bytes at 0xaaab00002250
[11:36:32.395] [INFO] set 0xaaab00002250 to 42
[11:36:32.395] [INFO] executing atomic fetch and: dest = 0xaaab00002250, and_val = 15
[11:36:32.396] [INFO] atomic fetch and on a uint32_t at 0xaaab00002250 produced expected result
[11:36:32.396] ------ BEGIN TEST ROUTINE: shmem_atomic_fetch_and(uint64_t)
[11:36:32.396] [INFO] shmem_malloc'd 8 bytes at 0xaaab00002250
[11:36:32.396] [INFO] set 0xaaab00002250 to 42
[11:36:32.396] [INFO] executing atomic fetch and: dest = 0xaaab00002250, and_val = 15
[11:36:32.396] [INFO] atomic fetch and on a uint64_t at 0xaaab00002250 produced expected result
---------- END TEST: PASSED
