---------- BEGIN TEST: /root/lanl/vv/shmemvv_logs/src/unit/c11/atomics/c11_shmem_atomic_compare_swap.c
[11:36:32.328] ------ BEGIN TEST ROUTINE: shmem_atomic_compare_swap(int)
[11:36:32.328] [INFO] shmem_malloc'd 4 bytes at 0xaaab00002250
[11:36:32.328] [INFO] set 0xaaab00002250 to 42
[11:36:32.328] [INFO] executing atomic cmp swp: dest = 0xaaab00002250, value = 43, new = 43
[11:36:32.328] [INFO] atomic cmp swp on a int at 0xaaab00002250 produced expected result
[11:36:32.329] ------ BEGIN TEST ROUTINE: shmem_atomic_compare_swap(long)
[11:36:32.329] [INFO] shmem_malloc'd 8 bytes at 0xaaab00002250
[11:36:32.329] [INFO] set 0xaaab00002250 to 42
[11:36:32.329] [INFO] executing atomic cmp swp: dest = 0xaaab00002250, value = 43, new = 43
[11:36:32.329] [INFO] atomic cmp swp on a long at 0xaaab00002250 produced expected result
[11:36:32.329] ------ BEGIN TEST ROUTINE: shmem_atomic_compare_swap(long long)
[11:36:32.329] [INFO] shmem_malloc'd 8 bytes at 0xaaab00002250
[11:36:32.329] [INFO] set 0xaaab00002250 to 42
[11:36:32.329] [INFO] executing atomic cmp swp: dest = 0xaaab00002250, value = 43, new = 43
[11:36:32.330] [INFO] atomic cmp swp on a long long at 0xaaab00002250 produced expected result
[11:36:32.330] ------ BEGIN TEST ROUTINE: shmem_atomic_compare_swap(unsigned int)
[11:36:32.330] [INFO] shmem_malloc'd 4 bytes at 0xaaab00002250
[11:36:32.330] [INFO] set 0xaaab00002250 to 42
[11:36:32.330] [INFO] executing atomic cmp swp: dest = 0xaaab00002250, value = 43, new = 43
[11:36:32.330] [INFO] atomic cmp swp on a unsigned int at 0xaaab00002250 produced expected result
[11:36:32.331] ------ BEGIN TEST ROUTINE: shmem_atomic_compare_swap(unsigned long)
[11:36:32.331] [INFO] shmem_malloc'd 8 bytes at 0xaaab00002250
[11:36:32.331] [INFO] set 0xaaab00002250 to 42
[11:36:32.331] [INFO] executing atomic cmp swp: dest = 0xaaab00002250, value = 43, new = 43
[11:36:32.331] [INFO] atomic cmp swp on a unsigned long at 0xaaab00002250 produced expected result
[11:36:32.331] ------ BEGIN TEST ROUTINE: shmem_atomic_compare_swap(unsigned long long)
[11:36:32.331] [INFO] shmem_malloc'd 8 bytes at 0xaaab00002250
[11:36:32.331] [INFO] set 0xaaab00002250 to 42
[11:36:32.332] [INFO] executing atomic cmp swp: dest = 0xaaab00002250, value = 43, new = 43
[11:36:32.332] [INFO] atomic cmp swp on a unsigned long long at 0xaaab00002250 produced expected result
[11:36:32.332] ------ BEGIN TEST ROUTINE: shmem_atomic_compare_swap(int32_t)
[11:36:32.332] [INFO] shmem_malloc'd 4 bytes at 0xaaab00002250
[11:36:32.332] [INFO] set 0xaaab00002250 to 42
[11:36:32.332] [INFO] executing atomic cmp swp: dest = 0xaaab00002250, value = 43, new = 43
[11:36:32.332] [INFO] atomic cmp swp on a int32_t at 0xaaab00002250 produced expected result
[11:36:32.333] ------ BEGIN TEST ROUTINE: shmem_atomic_compare_swap(int64_t)
[11:36:32.333] [INFO] shmem_malloc'd 8 bytes at 0xaaab00002250
[11:36:32.333] [INFO] set 0xaaab00002250 to 42
[11:36:32.333] [INFO] executing atomic cmp swp: dest = 0xaaab00002250, value = 43, new = 43
[11:36:32.333] [INFO] atomic cmp swp on a int64_t at 0xaaab00002250 produced expected result
[11:36:32.333] ------ BEGIN TEST ROUTINE: shmem_atomic_compare_swap(uint32_t)
[11:36:32.333] [INFO] shmem_malloc'd 4 bytes at 0xaaab00002250
[11:36:32.333] [INFO] set 0xaaab00002250 to 42
[11:36:32.333] [INFO] executing atomic cmp swp: dest = 0xaaab00002250, value = 43, new = 43
[11:36:32.333] [INFO] atomic cmp swp on a uint32_t at 0xaaab00002250 produced expected result
[11:36:32.334] ------ BEGIN TEST ROUTINE: shmem_atomic_compare_swap(uint64_t)
[11:36:32.334] [INFO] shmem_malloc'd 8 bytes at 0xaaab00002250
[11:36:32.334] [INFO] set 0xaaab00002250 to 42
[11:36:32.334] [INFO] executing atomic cmp swp: dest = 0xaaab00002250, value = 43, new = 43
[11:36:32.334] [INFO] atomic cmp swp on a uint64_t at 0xaaab00002250 produced expected result
[11:36:32.334] ------ BEGIN TEST ROUTINE: shmem_atomic_compare_swap(size_t)
[11:36:32.335] [INFO] shmem_malloc'd 8 bytes at 0xaaab00002250
[11:36:32.335] [INFO] set 0xaaab00002250 to 42
[11:36:32.335] [INFO] executing atomic cmp swp: dest = 0xaaab00002250, value = 43, new = 43
[11:36:32.335] [INFO] atomic cmp swp on a size_t at 0xaaab00002250 produced expected result
[11:36:32.335] ------ BEGIN TEST ROUTINE: shmem_atomic_compare_swap(ptrdiff_t)
[11:36:32.335] [INFO] shmem_malloc'd 8 bytes at 0xaaab00002250
[11:36:32.335] [INFO] set 0xaaab00002250 to 42
[11:36:32.335] [INFO] executing atomic cmp swp: dest = 0xaaab00002250, value = 43, new = 43
[11:36:32.336] [INFO] atomic cmp swp on a ptrdiff_t at 0xaaab00002250 produced expected result
---------- END TEST: PASSED
