---------- BEGIN TEST: /root/lanl/vv/shmemvv_logs/src/unit/c11/collectives/c11_shmem_collect.c
[11:36:32.625] ------ BEGIN TEST ROUTINE: shmem_collect(float)
[11:36:32.625] [INFO] shmem_malloc'd 4 bytes @ &src = 0xaaab00002250, 8 bytes @ &dest = 0xaaab00002270
[11:36:32.625] [INFO] set 0xaaab00002250 (src[0]) to 0
[11:36:32.625] [INFO] executing shmem_collect: dest = 0xaaab00002270, src = 0xaaab00002250
[11:36:32.625] [INFO] validating result...
[11:36:32.625] [INFO] shmem_collect on float produced expected result.
[11:36:32.626] ------ BEGIN TEST ROUTINE: shmem_collect(double)
[11:36:32.626] [INFO] shmem_malloc'd 8 bytes @ &src = 0xaaab00002250, 16 bytes @ &dest = 0xaaab00002270
[11:36:32.626] [INFO] set 0xaaab00002250 (src[0]) to 0
[11:36:32.626] [INFO] executing shmem_collect: dest = 0xaaab00002270, src = 0xaaab00002250
[11:36:32.626] [INFO] validating result...
[11:36:32.626] [INFO] shmem_collect on double produced expected result.
[11:36:32.626] ------ BEGIN TEST ROUTINE: shmem_collect(long double)
[11:36:32.626] [INFO] shmem_malloc'd 16 bytes @ &src = 0xaaab00002250, 32 bytes @ &dest = 0xaaab00002270
[11:36:32.626] [INFO] set 0xaaab00002250 (src[0]) to 0
[11:36:32.626] [INFO] executing shmem_collect: dest = 0xaaab00002270, src = 0xaaab00002250
[11:36:32.626] [INFO] validating result...
[11:36:32.626] [INFO] shmem_collect on long double produced expected result.
[11:36:32.627] ------ BEGIN TEST ROUTINE: shmem_collect(char)
[11:36:32.627] [INFO] shmem_malloc'd 1 bytes @ &src = 0xaaab00002250, 2 bytes @ &dest = 0xaaab00002270
[11:36:32.627] [INFO] set 0xaaab00002250 (src[0]) to 0
[11:36:32.627] [INFO] executing shmem_collect: dest = 0xaaab00002270, src = 0xaaab00002250
[11:36:32.627] [INFO] validating result...
[11:36:32.627] [INFO] shmem_collect on char produced expected result.
[11:36:32.627] ------ BEGIN TEST ROUTINE: shmem_collect(signed char)
[11:36:32.627] [INFO] shmem_malloc'd 1 bytes @ &src = 0xaaab00002250, 2 bytes @ &dest = 0xaaab00002270
[11:36:32.627] [INFO] set 0xaaab00002250 (src[0]) to 0
[11:36:32.627] [INFO] executing shmem_collect: dest = 0xaaab00002270, src = 0xaaab00002250
[11:36:32.627] [INFO] validating result...
[11:36:32.627] [INFO] shmem_collect on signed char produced expected result.
[11:36:32.628] ------ BEGIN TEST ROUTINE: shmem_collect(short)
[11:36:32.628] [INFO] shmem_malloc'd 2 bytes @ &src = 0xaaab00002250, 4 bytes @ &dest = 0xaaab00002270
[11:36:32.628] [INFO] set 0xaaab00002250 (src[0]) to 0
[11:36:32.628] [INFO] executing shmem_collect: dest = 0xaaab00002270, src = 0xaaab00002250
[11:36:32.628] [INFO] validating result...
[11:36:32.628] [INFO] shmem_collect on short produced expected result.
[11:36:32.628] ------ BEGIN TEST ROUTINE: shmem_collect(int)
[11:36:32.628] [INFO] shmem_malloc'd 4 bytes @ &src = 0xaaab00002250, 8 bytes @ &dest = 0xaaab00002270
[11:36:32.628] [INFO] set 0xaaab00002250 (src[0]) to 0
[11:36:32.628] [INFO] executing shmem_collect: dest = 0xaaab00002270, src = 0xaaab00002250
[11:36:32.628] [INFO] validating result...
[11:36:32.628] [INFO] shmem_collect on int produced expected result.
[11:36:32.629] ------ BEGIN TEST ROUTINE: shmem_collect(long)
[11:36:32.629] [INFO] shmem_malloc'd 8 bytes @ &src = 0xaaab00002250, 16 bytes @ &dest = 0xaaab00002270
[11:36:32.629] [INFO] set 0xaaab00002250 (src[0]) to 0
[11:36:32.629] [INFO] executing shmem_collect: dest = 0xaaab00002270, src = 0xaaab00002250
[11:36:32.629] [INFO] validating result...
[11:36:32.629] [INFO] shmem_collect on long produced expected result.
[11:36:32.629] ------ BEGIN TEST ROUTINE: shmem_collect(long long)
[11:36:32.629] [INFO] shmem_malloc'd 8 bytes @ &src = 0xaaab00002250, 16 bytes @ &dest = 0xaaab00002270
[11:36:32.629] [INFO] set 0xaaab00002250 (src[0]) to 0
[11:36:32.629] [INFO] executing shmem_collect: dest = 0xaaab00002270, src = 0xaaab00002250
[11:36:32.630] [INFO] validating result...
[11:36:32.630] [INFO] shmem_collect on long long produced expected result.
[11:36:32.630] ------ BEGIN TEST ROUTINE: shmem_collect(unsigned char)
[11:36:32.630] [INFO] shmem_malloc'd 1 bytes @ &src = 0xaaab00002250, 2 bytes @ &dest = 0xaaab00002270
[11:36:32.630] [INFO] set 0xaaab00002250 (src[0]) to 0
[11:36:32.630] [INFO] executing shmem_collect: dest = 0xaaab00002270, src = 0xaaab00002250
[11:36:32.630] [INFO] validating result...
[11:36:32.630] [INFO] shmem_collect on unsigned char produced expected result.
[11:36:32.630] ------ BEGIN TEST ROUTINE: shmem_collect(unsigned short)
[11:36:32.631] [INFO] shmem_malloc'd 2 bytes @ &src = 0xaaab00002250, 4 bytes @ &dest = 0xaaab00002270
[11:36:32.631] [INFO] set 0xaaab00002250 (src[0]) to 0
[11:36:32.631] [INFO] executing shmem_collect: dest = 0xaaab00002270, src = 0xaaab00002250
[11:36:32.631] [INFO] validating result...
[11:36:32.631] [INFO] shmem_collect on unsigned short produced expected result.
[11:36:32.631] ------ BEGIN TEST ROUTINE: shmem_collect(unsigned int)
[11:36:32.631] [INFO] shmem_malloc'd 4 bytes @ &src = 0xaaab00002250, 8 bytes @ &dest = 0xaaab00002270
[11:36:32.631] [INFO] set 0xaaab00002250 (src[0]) to 0
[11:36:32.631] [INFO] executing shmem_collect: dest = 0xaaab00002270, src = 0xaaab00002250
[11:36:32.632] [INFO] validating result...
[11:36:32.632] [INFO] shmem_collect on unsigned int produced expected result.
[11:36:32.632] ------ BEGIN TEST ROUTINE: shmem_collect(unsigned long)
[11:36:32.632] [INFO] shmem_malloc'd 8 bytes @ &src = 0xaaab00002250, 16 bytes @ &dest = 0xaaab00002270
[11:36:32.632] [INFO] set 0xaaab00002250 (src[0]) to 0
[11:36:32.632] [INFO] executing shmem_collect: dest = 0xaaab00002270, src = 0xaaab00002250
[11:36:32.632] [INFO] validating result...
[11:36:32.632] [INFO] shmem_collect on unsigned long produced expected result.
[11:36:32.632] ------ BEGIN TEST ROUTINE: shmem_collect(unsigned long long)
[11:36:32.633] [INFO] shmem_malloc'd 8 bytes @ &src = 0xaaab00002250, 16 bytes @ &dest = 0xaaab00002270
[11:36:32.633] [INFO] set 0xaaab00002250 (src[0]) to 0
[11:36:32.633] [INFO] executing shmem_collect: dest = 0xaaab00002270, src = 0xaaab00002250
[11:36:32.633] [INFO] validating result...
[11:36:32.633] [INFO] shmem_collect on unsigned long long produced expected result.
[11:36:32.633] ------ BEGIN TEST ROUTINE: shmem_collect(int8_t)
[11:36:32.633] [INFO] shmem_malloc'd 1 bytes @ &src = 0xaaab00002250, 2 bytes @ &dest = 0xaaab00002270
[11:36:32.633] [INFO] set 0xaaab00002250 (src[0]) to 0
[11:36:32.633] [INFO] executing shmem_collect: dest = 0xaaab00002270, src = 0xaaab00002250
[11:36:32.634] [INFO] validating result...
[11:36:32.634] [INFO] shmem_collect on int8_t produced expected result.
[11:36:32.634] ------ BEGIN TEST ROUTINE: shmem_collect(int16_t)
[11:36:32.634] [INFO] shmem_malloc'd 2 bytes @ &src = 0xaaab00002250, 4 bytes @ &dest = 0xaaab00002270
[11:36:32.634] [INFO] set 0xaaab00002250 (src[0]) to 0
[11:36:32.634] [INFO] executing shmem_collect: dest = 0xaaab00002270, src = 0xaaab00002250
[11:36:32.634] [INFO] validating result...
[11:36:32.634] [INFO] shmem_collect on int16_t produced expected result.
[11:36:32.634] ------ BEGIN TEST ROUTINE: shmem_collect(int32_t)
[11:36:32.635] [INFO] shmem_malloc'd 4 bytes @ &src = 0xaaab00002250, 8 bytes @ &dest = 0xaaab00002270
[11:36:32.635] [INFO] set 0xaaab00002250 (src[0]) to 0
[11:36:32.635] [INFO] executing shmem_collect: dest = 0xaaab00002270, src = 0xaaab00002250
[11:36:32.635] [INFO] validating result...
[11:36:32.635] [INFO] shmem_collect on int32_t produced expected result.
[11:36:32.635] ------ BEGIN TEST ROUTINE: shmem_collect(int64_t)
[11:36:32.635] [INFO] shmem_malloc'd 8 bytes @ &src = 0xaaab00002250, 16 bytes @ &dest = 0xaaab00002270
[11:36:32.635] [INFO] set 0xaaab00002250 (src[0]) to 0
[11:36:32.635] [INFO] executing shmem_collect: dest = 0xaaab00002270, src = 0xaaab00002250
[11:36:32.635] [INFO] validating result...
[11:36:32.635] [INFO] shmem_collect on int64_t produced expected result.
[11:36:32.635] ------ BEGIN TEST ROUTINE: shmem_collect(uint8_t)
[11:36:32.636] [INFO] shmem_malloc'd 1 bytes @ &src = 0xaaab00002250, 2 bytes @ &dest = 0xaaab00002270
[11:36:32.636] [INFO] set 0xaaab00002250 (src[0]) to 0
[11:36:32.636] [INFO] executing shmem_collect: dest = 0xaaab00002270, src = 0xaaab00002250
[11:36:32.636] [INFO] validating result...
[11:36:32.636] [INFO] shmem_collect on uint8_t produced expected result.
[11:36:32.636] ------ BEGIN TEST ROUTINE: shmem_collect(uint16_t)
[11:36:32.636] [INFO] shmem_malloc'd 2 bytes @ &src = 0xaaab00002250, 4 bytes @ &dest = 0xaaab00002270
[11:36:32.636] [INFO] set 0xaaab00002250 (src[0]) to 0
[11:36:32.636] [INFO] executing shmem_collect: dest = 0xaaab00002270, src = 0xaaab00002250
[11:36:32.636] [INFO] validating result...
[11:36:32.636] [INFO] shmem_collect on uint16_t produced expected result.
[11:36:32.637] ------ BEGIN TEST ROUTINE: shmem_collect(uint32_t)
[11:36:32.637] [INFO] shmem_malloc'd 4 bytes @ &src = 0xaaab00002250, 8 bytes @ &dest = 0xaaab00002270
[11:36:32.637] [INFO] set 0xaaab00002250 (src[0]) to 0
[11:36:32.637] [INFO] executing shmem_collect: dest = 0xaaab00002270, src = 0xaaab00002250
[11:36:32.637] [INFO] validating result...
[11:36:32.637] [INFO] shmem_collect on uint32_t produced expected result.
[11:36:32.637] ------ BEGIN TEST ROUTINE: shmem_collect(uint64_t)
[11:36:32.638] [INFO] shmem_malloc'd 8 bytes @ &src = 0xaaab00002250, 16 bytes @ &dest = 0xaaab00002270
[11:36:32.638] [INFO] set 0xaaab00002250 (src[0]) to 0
[11:36:32.638] [INFO] executing shmem_collect: dest = 0xaaab00002270, src = 0xaaab00002250
[11:36:32.638] [INFO] validating result...
[11:36:32.638] [INFO] shmem_collect on uint64_t produced expected result.
[11:36:32.638] ------ BEGIN TEST ROUTINE: shmem_collect(size_t)
[11:36:32.638] [INFO] shmem_malloc'd 8 bytes @ &src = 0xaaab00002250, 16 bytes @ &dest = 0xaaab00002270
[11:36:32.638] [INFO] set 0xaaab00002250 (src[0]) to 0
[11:36:32.638] [INFO] executing shmem_collect: dest = 0xaaab00002270, src = 0xaaab00002250
[11:36:32.639] [INFO] validating result...
[11:36:32.639] [INFO] shmem_collect on size_t produced expected result.
[11:36:32.639] ------ BEGIN TEST ROUTINE: shmem_collect(ptrdiff_t)
[11:36:32.639] [INFO] shmem_malloc'd 8 bytes @ &src = 0xaaab00002250, 16 bytes @ &dest = 0xaaab00002270
[11:36:32.639] [INFO] set 0xaaab00002250 (src[0]) to 0
[11:36:32.639] [INFO] executing shmem_collect: dest = 0xaaab00002270, src = 0xaaab00002250
[11:36:32.639] [INFO] validating result...
[11:36:32.639] [INFO] shmem_collect on ptrdiff_t produced expected result.
---------- END TEST: PASSED
