---------- BEGIN TEST: /root/lanl/vv/shmemvv_logs/src/unit/c11/pt2pt_sync/c11_shmem_wait_until_some.c
[14:28:09.132] ------ BEGIN TEST ROUTINE: c11_shmem_wait_until_some(int)
[14:28:09.132] [INFO] Allocated flags array (16 bytes) at address 0xaaab40002250
[14:28:09.132] [INFO] Initialized all flags to 0
[14:28:09.133] [INFO] PE 0: Setting flags[1] and flags[3] to 1 on PE 1 (addresses: 0xaaab40002254, 0xaaab4000225c)
[14:28:09.133] [INFO] PE 0: Called shmem_quiet() after setting flags
[14:28:09.133] [INFO] Freeing allocated memory at 0xaaab40002250
[14:28:09.133] ------ BEGIN TEST ROUTINE: c11_shmem_wait_until_some(long)
[14:28:09.133] [INFO] Allocated flags array (32 bytes) at address 0xaaab40002250
[14:28:09.133] [INFO] Initialized all flags to 0
[14:28:09.133] [INFO] PE 0: Setting flags[1] and flags[3] to 1 on PE 1 (addresses: 0xaaab40002258, 0xaaab40002268)
[14:28:09.133] [INFO] PE 0: Called shmem_quiet() after setting flags
[14:28:09.133] [INFO] Freeing allocated memory at 0xaaab40002250
[14:28:09.133] ------ BEGIN TEST ROUTINE: c11_shmem_wait_until_some(long long)
[14:28:09.133] [INFO] Allocated flags array (32 bytes) at address 0xaaab40002250
[14:28:09.133] [INFO] Initialized all flags to 0
[14:28:09.133] [INFO] PE 0: Setting flags[1] and flags[3] to 1 on PE 1 (addresses: 0xaaab40002258, 0xaaab40002268)
[14:28:09.133] [INFO] PE 0: Called shmem_quiet() after setting flags
[14:28:09.133] [INFO] Freeing allocated memory at 0xaaab40002250
[14:28:09.133] ------ BEGIN TEST ROUTINE: c11_shmem_wait_until_some(unsigned int)
[14:28:09.134] [INFO] Allocated flags array (16 bytes) at address 0xaaab40002250
[14:28:09.134] [INFO] Initialized all flags to 0
[14:28:09.134] [INFO] PE 0: Setting flags[1] and flags[3] to 1 on PE 1 (addresses: 0xaaab40002254, 0xaaab4000225c)
[14:28:09.134] [INFO] PE 0: Called shmem_quiet() after setting flags
[14:28:09.134] [INFO] Freeing allocated memory at 0xaaab40002250
[14:28:09.134] ------ BEGIN TEST ROUTINE: c11_shmem_wait_until_some(unsigned long)
[14:28:09.134] [INFO] Allocated flags array (32 bytes) at address 0xaaab40002250
[14:28:09.134] [INFO] Initialized all flags to 0
[14:28:09.134] [INFO] PE 0: Setting flags[1] and flags[3] to 1 on PE 1 (addresses: 0xaaab40002258, 0xaaab40002268)
[14:28:09.134] [INFO] PE 0: Called shmem_quiet() after setting flags
[14:28:09.134] [INFO] Freeing allocated memory at 0xaaab40002250
[14:28:09.134] ------ BEGIN TEST ROUTINE: c11_shmem_wait_until_some(unsigned long long)
[14:28:09.134] [INFO] Allocated flags array (32 bytes) at address 0xaaab40002250
[14:28:09.134] [INFO] Initialized all flags to 0
[14:28:09.134] [INFO] PE 0: Setting flags[1] and flags[3] to 1 on PE 1 (addresses: 0xaaab40002258, 0xaaab40002268)
[14:28:09.134] [INFO] PE 0: Called shmem_quiet() after setting flags
[14:28:09.134] [INFO] Freeing allocated memory at 0xaaab40002250
[14:28:09.134] ------ BEGIN TEST ROUTINE: c11_shmem_wait_until_some(int32_t)
[14:28:09.135] [INFO] Allocated flags array (16 bytes) at address 0xaaab40002250
[14:28:09.135] [INFO] Initialized all flags to 0
[14:28:09.135] [INFO] PE 0: Setting flags[1] and flags[3] to 1 on PE 1 (addresses: 0xaaab40002254, 0xaaab4000225c)
[14:28:09.135] [INFO] PE 0: Called shmem_quiet() after setting flags
[14:28:09.135] [INFO] Freeing allocated memory at 0xaaab40002250
[14:28:09.135] ------ BEGIN TEST ROUTINE: c11_shmem_wait_until_some(int64_t)
[14:28:09.135] [INFO] Allocated flags array (32 bytes) at address 0xaaab40002250
[14:28:09.135] [INFO] Initialized all flags to 0
[14:28:09.135] [INFO] PE 0: Setting flags[1] and flags[3] to 1 on PE 1 (addresses: 0xaaab40002258, 0xaaab40002268)
[14:28:09.135] [INFO] PE 0: Called shmem_quiet() after setting flags
[14:28:09.135] [INFO] Freeing allocated memory at 0xaaab40002250
[14:28:09.135] ------ BEGIN TEST ROUTINE: c11_shmem_wait_until_some(uint32_t)
[14:28:09.135] [INFO] Allocated flags array (16 bytes) at address 0xaaab40002250
[14:28:09.135] [INFO] Initialized all flags to 0
[14:28:09.135] [INFO] PE 0: Setting flags[1] and flags[3] to 1 on PE 1 (addresses: 0xaaab40002254, 0xaaab4000225c)
[14:28:09.135] [INFO] PE 0: Called shmem_quiet() after setting flags
[14:28:09.135] [INFO] Freeing allocated memory at 0xaaab40002250
[14:28:09.135] ------ BEGIN TEST ROUTINE: c11_shmem_wait_until_some(uint64_t)
[14:28:09.136] [INFO] Allocated flags array (32 bytes) at address 0xaaab40002250
[14:28:09.136] [INFO] Initialized all flags to 0
[14:28:09.136] [INFO] PE 0: Setting flags[1] and flags[3] to 1 on PE 1 (addresses: 0xaaab40002258, 0xaaab40002268)
[14:28:09.136] [INFO] PE 0: Called shmem_quiet() after setting flags
[14:28:09.136] [INFO] Freeing allocated memory at 0xaaab40002250
[14:28:09.136] ------ BEGIN TEST ROUTINE: c11_shmem_wait_until_some(size_t)
[14:28:09.136] [INFO] Allocated flags array (32 bytes) at address 0xaaab40002250
[14:28:09.136] [INFO] Initialized all flags to 0
[14:28:09.136] [INFO] PE 0: Setting flags[1] and flags[3] to 1 on PE 1 (addresses: 0xaaab40002258, 0xaaab40002268)
[14:28:09.136] [INFO] PE 0: Called shmem_quiet() after setting flags
[14:28:09.136] [INFO] Freeing allocated memory at 0xaaab40002250
[14:28:09.136] ------ BEGIN TEST ROUTINE: c11_shmem_wait_until_some(ptrdiff_t)
[14:28:09.136] [INFO] Allocated flags array (32 bytes) at address 0xaaab40002250
[14:28:09.136] [INFO] Initialized all flags to 0
[14:28:09.136] [INFO] PE 0: Setting flags[1] and flags[3] to 1 on PE 1 (addresses: 0xaaab40002258, 0xaaab40002268)
[14:28:09.136] [INFO] PE 0: Called shmem_quiet() after setting flags
[14:28:09.136] [INFO] Freeing allocated memory at 0xaaab40002250
---------- END TEST: PASSED
