---------- BEGIN TEST: /root/lanl/vv/shmemvv_logs/src/unit/c11/atomics/c11_shmem_atomic_fetch_inc.c
[11:41:03.460] ------ BEGIN TEST ROUTINE: shmem_atomic_fetch_inc(int)
[11:41:03.460] [INFO] shmem_malloc'd 4 bytes at 0xaaab00002250
[11:41:03.460] [INFO] set 0xaaab00002250 to 42
[11:41:03.460] [INFO] executing atomic fetch inc: dest = 0xaaab00002250, value = 42
[11:41:03.461] [INFO] atomic fetch inc on a int at 0xaaab00002250 produced expected result
[11:41:03.461] ------ BEGIN TEST ROUTINE: shmem_atomic_fetch_inc(long)
[11:41:03.461] [INFO] shmem_malloc'd 8 bytes at 0xaaab00002250
[11:41:03.461] [INFO] set 0xaaab00002250 to 42
[11:41:03.461] [INFO] executing atomic fetch inc: dest = 0xaaab00002250, value = 42
[11:41:03.461] [INFO] atomic fetch inc on a long at 0xaaab00002250 produced expected result
[11:41:03.461] ------ BEGIN TEST ROUTINE: shmem_atomic_fetch_inc(long long)
[11:41:03.461] [INFO] shmem_malloc'd 8 bytes at 0xaaab00002250
[11:41:03.461] [INFO] set 0xaaab00002250 to 42
[11:41:03.461] [INFO] executing atomic fetch inc: dest = 0xaaab00002250, value = 42
[11:41:03.462] [INFO] atomic fetch inc on a long long at 0xaaab00002250 produced expected result
[11:41:03.462] ------ BEGIN TEST ROUTINE: shmem_atomic_fetch_inc(unsigned int)
[11:41:03.462] [INFO] shmem_malloc'd 4 bytes at 0xaaab00002250
[11:41:03.462] [INFO] set 0xaaab00002250 to 42
[11:41:03.462] [INFO] executing atomic fetch inc: dest = 0xaaab00002250, value = 42
[11:41:03.462] [INFO] atomic fetch inc on a unsigned int at 0xaaab00002250 produced expected result
[11:41:03.462] ------ BEGIN TEST ROUTINE: shmem_atomic_fetch_inc(unsigned long)
[11:41:03.462] [INFO] shmem_malloc'd 8 bytes at 0xaaab00002250
[11:41:03.462] [INFO] set 0xaaab00002250 to 42
[11:41:03.462] [INFO] executing atomic fetch inc: dest = 0xaaab00002250, value = 42
[11:41:03.463] [INFO] atomic fetch inc on a unsigned long at 0xaaab00002250 produced expected result
[11:41:03.463] ------ BEGIN TEST ROUTINE: shmem_atomic_fetch_inc(unsigned long long)
[11:41:03.463] [INFO] shmem_malloc'd 8 bytes at 0xaaab00002250
[11:41:03.463] [INFO] set 0xaaab00002250 to 42
[11:41:03.463] [INFO] executing atomic fetch inc: dest = 0xaaab00002250, value = 42
[11:41:03.463] [INFO] atomic fetch inc on a unsigned long long at 0xaaab00002250 produced expected result
[11:41:03.463] ------ BEGIN TEST ROUTINE: shmem_atomic_fetch_inc(int32_t)
[11:41:03.463] [INFO] shmem_malloc'd 4 bytes at 0xaaab00002250
[11:41:03.463] [INFO] set 0xaaab00002250 to 42
[11:41:03.463] [INFO] executing atomic fetch inc: dest = 0xaaab00002250, value = 42
[11:41:03.464] [INFO] atomic fetch inc on a int32_t at 0xaaab00002250 produced expected result
[11:41:03.464] ------ BEGIN TEST ROUTINE: shmem_atomic_fetch_inc(int64_t)
[11:41:03.464] [INFO] shmem_malloc'd 8 bytes at 0xaaab00002250
[11:41:03.464] [INFO] set 0xaaab00002250 to 42
[11:41:03.464] [INFO] executing atomic fetch inc: dest = 0xaaab00002250, value = 42
[11:41:03.464] [INFO] atomic fetch inc on a int64_t at 0xaaab00002250 produced expected result
[11:41:03.464] ------ BEGIN TEST ROUTINE: shmem_atomic_fetch_inc(uint32_t)
[11:41:03.464] [INFO] shmem_malloc'd 4 bytes at 0xaaab00002250
[11:41:03.464] [INFO] set 0xaaab00002250 to 42
[11:41:03.464] [INFO] executing atomic fetch inc: dest = 0xaaab00002250, value = 42
[11:41:03.465] [INFO] atomic fetch inc on a uint32_t at 0xaaab00002250 produced expected result
[11:41:03.465] ------ BEGIN TEST ROUTINE: shmem_atomic_fetch_inc(uint64_t)
[11:41:03.465] [INFO] shmem_malloc'd 8 bytes at 0xaaab00002250
[11:41:03.465] [INFO] set 0xaaab00002250 to 42
[11:41:03.465] [INFO] executing atomic fetch inc: dest = 0xaaab00002250, value = 42
[11:41:03.465] [INFO] atomic fetch inc on a uint64_t at 0xaaab00002250 produced expected result
[11:41:03.465] ------ BEGIN TEST ROUTINE: shmem_atomic_fetch_inc(size_t)
[11:41:03.465] [INFO] shmem_malloc'd 8 bytes at 0xaaab00002250
[11:41:03.465] [INFO] set 0xaaab00002250 to 42
[11:41:03.465] [INFO] executing atomic fetch inc: dest = 0xaaab00002250, value = 42
[11:41:03.466] [INFO] atomic fetch inc on a size_t at 0xaaab00002250 produced expected result
[11:41:03.466] ------ BEGIN TEST ROUTINE: shmem_atomic_fetch_inc(ptrdiff_t)
[11:41:03.466] [INFO] shmem_malloc'd 8 bytes at 0xaaab00002250
[11:41:03.466] [INFO] set 0xaaab00002250 to 42
[11:41:03.466] [INFO] executing atomic fetch inc: dest = 0xaaab00002250, value = 42
[11:41:03.466] [INFO] atomic fetch inc on a ptrdiff_t at 0xaaab00002250 produced expected result
---------- END TEST: PASSED
