---------- BEGIN TEST: /root/lanl/vv/shmemvv_logs/src/unit/c11/atomics/c11_shmem_atomic_inc.c
[11:41:03.540] ------ BEGIN TEST ROUTINE: shmem_atomic_inc(int)
[11:41:03.540] [INFO] shmem_malloc'd 4 bytes at 0xaaab00002250
[11:41:03.540] [INFO] set 0xaaab00002250 to 42
[11:41:03.540] [INFO] executing atomic inc: dest = 0xaaab00002250, *dest = 42
[11:41:03.540] [INFO] atomic inc on a int at 0xaaab00002250 produced expected result (42 + 1 = 43)
[11:41:03.541] ------ BEGIN TEST ROUTINE: shmem_atomic_inc(long)
[11:41:03.541] [INFO] shmem_malloc'd 8 bytes at 0xaaab00002250
[11:41:03.541] [INFO] set 0xaaab00002250 to 42
[11:41:03.541] [INFO] executing atomic inc: dest = 0xaaab00002250, *dest = 42
[11:41:03.541] [INFO] atomic inc on a long at 0xaaab00002250 produced expected result (42 + 1 = 43)
[11:41:03.541] ------ BEGIN TEST ROUTINE: shmem_atomic_inc(long long)
[11:41:03.541] [INFO] shmem_malloc'd 8 bytes at 0xaaab00002250
[11:41:03.541] [INFO] set 0xaaab00002250 to 42
[11:41:03.541] [INFO] executing atomic inc: dest = 0xaaab00002250, *dest = 42
[11:41:03.541] [INFO] atomic inc on a long long at 0xaaab00002250 produced expected result (42 + 1 = 43)
[11:41:03.541] ------ BEGIN TEST ROUTINE: shmem_atomic_inc(unsigned int)
[11:41:03.541] [INFO] shmem_malloc'd 4 bytes at 0xaaab00002250
[11:41:03.541] [INFO] set 0xaaab00002250 to 42
[11:41:03.541] [INFO] executing atomic inc: dest = 0xaaab00002250, *dest = 42
[11:41:03.542] [INFO] atomic inc on a unsigned int at 0xaaab00002250 produced expected result (42 + 1 = 43)
[11:41:03.542] ------ BEGIN TEST ROUTINE: shmem_atomic_inc(unsigned long)
[11:41:03.542] [INFO] shmem_malloc'd 8 bytes at 0xaaab00002250
[11:41:03.542] [INFO] set 0xaaab00002250 to 42
[11:41:03.542] [INFO] executing atomic inc: dest = 0xaaab00002250, *dest = 42
[11:41:03.542] [INFO] atomic inc on a unsigned long at 0xaaab00002250 produced expected result (42 + 1 = 43)
[11:41:03.542] ------ BEGIN TEST ROUTINE: shmem_atomic_inc(unsigned long long)
[11:41:03.542] [INFO] shmem_malloc'd 8 bytes at 0xaaab00002250
[11:41:03.542] [INFO] set 0xaaab00002250 to 42
[11:41:03.542] [INFO] executing atomic inc: dest = 0xaaab00002250, *dest = 42
[11:41:03.542] [INFO] atomic inc on a unsigned long long at 0xaaab00002250 produced expected result (42 + 1 = 43)
[11:41:03.542] ------ BEGIN TEST ROUTINE: shmem_atomic_inc(int32_t)
[11:41:03.542] [INFO] shmem_malloc'd 4 bytes at 0xaaab00002250
[11:41:03.542] [INFO] set 0xaaab00002250 to 42
[11:41:03.543] [INFO] executing atomic inc: dest = 0xaaab00002250, *dest = 42
[11:41:03.543] [INFO] atomic inc on a int32_t at 0xaaab00002250 produced expected result (42 + 1 = 43)
[11:41:03.543] ------ BEGIN TEST ROUTINE: shmem_atomic_inc(int64_t)
[11:41:03.543] [INFO] shmem_malloc'd 8 bytes at 0xaaab00002250
[11:41:03.543] [INFO] set 0xaaab00002250 to 42
[11:41:03.543] [INFO] executing atomic inc: dest = 0xaaab00002250, *dest = 42
[11:41:03.543] [INFO] atomic inc on a int64_t at 0xaaab00002250 produced expected result (42 + 1 = 43)
[11:41:03.543] ------ BEGIN TEST ROUTINE: shmem_atomic_inc(uint32_t)
[11:41:03.543] [INFO] shmem_malloc'd 4 bytes at 0xaaab00002250
[11:41:03.543] [INFO] set 0xaaab00002250 to 42
[11:41:03.543] [INFO] executing atomic inc: dest = 0xaaab00002250, *dest = 42
[11:41:03.543] [INFO] atomic inc on a uint32_t at 0xaaab00002250 produced expected result (42 + 1 = 43)
[11:41:03.543] ------ BEGIN TEST ROUTINE: shmem_atomic_inc(uint64_t)
[11:41:03.544] [INFO] shmem_malloc'd 8 bytes at 0xaaab00002250
[11:41:03.544] [INFO] set 0xaaab00002250 to 42
[11:41:03.544] [INFO] executing atomic inc: dest = 0xaaab00002250, *dest = 42
[11:41:03.544] [INFO] atomic inc on a uint64_t at 0xaaab00002250 produced expected result (42 + 1 = 43)
[11:41:03.544] ------ BEGIN TEST ROUTINE: shmem_atomic_inc(size_t)
[11:41:03.544] [INFO] shmem_malloc'd 8 bytes at 0xaaab00002250
[11:41:03.544] [INFO] set 0xaaab00002250 to 42
[11:41:03.544] [INFO] executing atomic inc: dest = 0xaaab00002250, *dest = 42
[11:41:03.544] [INFO] atomic inc on a size_t at 0xaaab00002250 produced expected result (42 + 1 = 43)
[11:41:03.544] ------ BEGIN TEST ROUTINE: shmem_atomic_inc(ptrdiff_t)
[11:41:03.544] [INFO] shmem_malloc'd 8 bytes at 0xaaab00002250
[11:41:03.544] [INFO] set 0xaaab00002250 to 42
[11:41:03.545] [INFO] executing atomic inc: dest = 0xaaab00002250, *dest = 42
[11:41:03.545] [INFO] atomic inc on a ptrdiff_t at 0xaaab00002250 produced expected result (42 + 1 = 43)
---------- END TEST: PASSED
