---------- BEGIN TEST: /root/lanl/vv/shmemvv_logs/src/unit/c11/collectives/c11_shmem_broadcast.c
[11:41:03.653] ------ BEGIN TEST ROUTINE: shmem_broadcast(float)
[11:41:03.653] [INFO] shmem_malloc'd 16 bytes @ &src = 0xaaab00002250, 16 bytes @ &dest = 0xaaab00002270
[11:41:03.653] [INFO] set 0xaaab00002270..0xaaab0000227c to -1
[11:41:03.653] [INFO] executing shmem_broadcast: dest = 0xaaab00002270, src = 0xaaab00002250
[11:41:03.653] [INFO] validating result...
[11:41:03.653] [INFO] shmem_broadcast on float produced expected result.
[11:41:03.654] ------ BEGIN TEST ROUTINE: shmem_broadcast(double)
[11:41:03.654] [INFO] shmem_malloc'd 32 bytes @ &src = 0xaaab00002250, 32 bytes @ &dest = 0xaaab00002280
[11:41:03.654] [INFO] set 0xaaab00002280..0xaaab00002298 to -1
[11:41:03.654] [INFO] executing shmem_broadcast: dest = 0xaaab00002280, src = 0xaaab00002250
[11:41:03.654] [INFO] validating result...
[11:41:03.654] [INFO] shmem_broadcast on double produced expected result.
[11:41:03.654] ------ BEGIN TEST ROUTINE: shmem_broadcast(long double)
[11:41:03.654] [INFO] shmem_malloc'd 64 bytes @ &src = 0xaaab00002250, 64 bytes @ &dest = 0xaaab000022a0
[11:41:03.654] [INFO] set 0xaaab000022a0..0xaaab000022d0 to -1
[11:41:03.654] [INFO] executing shmem_broadcast: dest = 0xaaab000022a0, src = 0xaaab00002250
[11:41:03.655] [INFO] validating result...
[11:41:03.655] [INFO] shmem_broadcast on long double produced expected result.
[11:41:03.655] ------ BEGIN TEST ROUTINE: shmem_broadcast(char)
[11:41:03.655] [INFO] shmem_malloc'd 4 bytes @ &src = 0xaaab00002250, 4 bytes @ &dest = 0xaaab00002270
[11:41:03.655] [INFO] set 0xaaab00002270..0xaaab00002273 to -1
[11:41:03.655] [INFO] executing shmem_broadcast: dest = 0xaaab00002270, src = 0xaaab00002250
[11:41:03.655] [INFO] validating result...
[11:41:03.655] [INFO] shmem_broadcast on char produced expected result.
[11:41:03.655] ------ BEGIN TEST ROUTINE: shmem_broadcast(signed char)
[11:41:03.656] [INFO] shmem_malloc'd 4 bytes @ &src = 0xaaab00002250, 4 bytes @ &dest = 0xaaab00002270
[11:41:03.656] [INFO] set 0xaaab00002270..0xaaab00002273 to -1
[11:41:03.656] [INFO] executing shmem_broadcast: dest = 0xaaab00002270, src = 0xaaab00002250
[11:41:03.656] [INFO] validating result...
[11:41:03.656] [INFO] shmem_broadcast on signed char produced expected result.
[11:41:03.656] ------ BEGIN TEST ROUTINE: shmem_broadcast(short)
[11:41:03.656] [INFO] shmem_malloc'd 8 bytes @ &src = 0xaaab00002250, 8 bytes @ &dest = 0xaaab00002270
[11:41:03.656] [INFO] set 0xaaab00002270..0xaaab00002276 to -1
[11:41:03.656] [INFO] executing shmem_broadcast: dest = 0xaaab00002270, src = 0xaaab00002250
[11:41:03.657] [INFO] validating result...
[11:41:03.657] [INFO] shmem_broadcast on short produced expected result.
[11:41:03.657] ------ BEGIN TEST ROUTINE: shmem_broadcast(int)
[11:41:03.657] [INFO] shmem_malloc'd 16 bytes @ &src = 0xaaab00002250, 16 bytes @ &dest = 0xaaab00002270
[11:41:03.657] [INFO] set 0xaaab00002270..0xaaab0000227c to -1
[11:41:03.657] [INFO] executing shmem_broadcast: dest = 0xaaab00002270, src = 0xaaab00002250
[11:41:03.658] [INFO] validating result...
[11:41:03.658] [INFO] shmem_broadcast on int produced expected result.
[11:41:03.658] ------ BEGIN TEST ROUTINE: shmem_broadcast(long)
[11:41:03.658] [INFO] shmem_malloc'd 32 bytes @ &src = 0xaaab00002250, 32 bytes @ &dest = 0xaaab00002280
[11:41:03.658] [INFO] set 0xaaab00002280..0xaaab00002298 to -1
[11:41:03.658] [INFO] executing shmem_broadcast: dest = 0xaaab00002280, src = 0xaaab00002250
[11:41:03.658] [INFO] validating result...
[11:41:03.658] [INFO] shmem_broadcast on long produced expected result.
[11:41:03.659] ------ BEGIN TEST ROUTINE: shmem_broadcast(long long)
[11:41:03.659] [INFO] shmem_malloc'd 32 bytes @ &src = 0xaaab00002250, 32 bytes @ &dest = 0xaaab00002280
[11:41:03.659] [INFO] set 0xaaab00002280..0xaaab00002298 to -1
[11:41:03.659] [INFO] executing shmem_broadcast: dest = 0xaaab00002280, src = 0xaaab00002250
[11:41:03.659] [INFO] validating result...
[11:41:03.659] [INFO] shmem_broadcast on long long produced expected result.
[11:41:03.659] ------ BEGIN TEST ROUTINE: shmem_broadcast(unsigned char)
[11:41:03.660] [INFO] shmem_malloc'd 4 bytes @ &src = 0xaaab00002250, 4 bytes @ &dest = 0xaaab00002270
[11:41:03.660] [INFO] set 0xaaab00002270..0xaaab00002273 to -1
[11:41:03.660] [INFO] executing shmem_broadcast: dest = 0xaaab00002270, src = 0xaaab00002250
[11:41:03.660] [INFO] validating result...
[11:41:03.660] [INFO] shmem_broadcast on unsigned char produced expected result.
[11:41:03.660] ------ BEGIN TEST ROUTINE: shmem_broadcast(unsigned short)
[11:41:03.660] [INFO] shmem_malloc'd 8 bytes @ &src = 0xaaab00002250, 8 bytes @ &dest = 0xaaab00002270
[11:41:03.660] [INFO] set 0xaaab00002270..0xaaab00002276 to -1
[11:41:03.661] [INFO] executing shmem_broadcast: dest = 0xaaab00002270, src = 0xaaab00002250
[11:41:03.661] [INFO] validating result...
[11:41:03.661] [INFO] shmem_broadcast on unsigned short produced expected result.
[11:41:03.661] ------ BEGIN TEST ROUTINE: shmem_broadcast(unsigned int)
[11:41:03.661] [INFO] shmem_malloc'd 16 bytes @ &src = 0xaaab00002250, 16 bytes @ &dest = 0xaaab00002270
[11:41:03.661] [INFO] set 0xaaab00002270..0xaaab0000227c to -1
[11:41:03.661] [INFO] executing shmem_broadcast: dest = 0xaaab00002270, src = 0xaaab00002250
[11:41:03.662] [INFO] validating result...
[11:41:03.662] [INFO] shmem_broadcast on unsigned int produced expected result.
[11:41:03.662] ------ BEGIN TEST ROUTINE: shmem_broadcast(unsigned long)
[11:41:03.662] [INFO] shmem_malloc'd 32 bytes @ &src = 0xaaab00002250, 32 bytes @ &dest = 0xaaab00002280
[11:41:03.662] [INFO] set 0xaaab00002280..0xaaab00002298 to -1
[11:41:03.662] [INFO] executing shmem_broadcast: dest = 0xaaab00002280, src = 0xaaab00002250
[11:41:03.662] [INFO] validating result...
[11:41:03.662] [INFO] shmem_broadcast on unsigned long produced expected result.
[11:41:03.662] ------ BEGIN TEST ROUTINE: shmem_broadcast(unsigned long long)
[11:41:03.662] [INFO] shmem_malloc'd 32 bytes @ &src = 0xaaab00002250, 32 bytes @ &dest = 0xaaab00002280
[11:41:03.662] [INFO] set 0xaaab00002280..0xaaab00002298 to -1
[11:41:03.663] [INFO] executing shmem_broadcast: dest = 0xaaab00002280, src = 0xaaab00002250
[11:41:03.663] [INFO] validating result...
[11:41:03.663] [INFO] shmem_broadcast on unsigned long long produced expected result.
[11:41:03.663] ------ BEGIN TEST ROUTINE: shmem_broadcast(int8_t)
[11:41:03.663] [INFO] shmem_malloc'd 4 bytes @ &src = 0xaaab00002250, 4 bytes @ &dest = 0xaaab00002270
[11:41:03.663] [INFO] set 0xaaab00002270..0xaaab00002273 to -1
[11:41:03.663] [INFO] executing shmem_broadcast: dest = 0xaaab00002270, src = 0xaaab00002250
[11:41:03.663] [INFO] validating result...
[11:41:03.663] [INFO] shmem_broadcast on int8_t produced expected result.
[11:41:03.663] ------ BEGIN TEST ROUTINE: shmem_broadcast(int16_t)
[11:41:03.664] [INFO] shmem_malloc'd 8 bytes @ &src = 0xaaab00002250, 8 bytes @ &dest = 0xaaab00002270
[11:41:03.664] [INFO] set 0xaaab00002270..0xaaab00002276 to -1
[11:41:03.664] [INFO] executing shmem_broadcast: dest = 0xaaab00002270, src = 0xaaab00002250
[11:41:03.664] [INFO] validating result...
[11:41:03.664] [INFO] shmem_broadcast on int16_t produced expected result.
[11:41:03.664] ------ BEGIN TEST ROUTINE: shmem_broadcast(int32_t)
[11:41:03.664] [INFO] shmem_malloc'd 16 bytes @ &src = 0xaaab00002250, 16 bytes @ &dest = 0xaaab00002270
[11:41:03.664] [INFO] set 0xaaab00002270..0xaaab0000227c to -1
[11:41:03.664] [INFO] executing shmem_broadcast: dest = 0xaaab00002270, src = 0xaaab00002250
[11:41:03.665] [INFO] validating result...
[11:41:03.665] [INFO] shmem_broadcast on int32_t produced expected result.
[11:41:03.665] ------ BEGIN TEST ROUTINE: shmem_broadcast(int64_t)
[11:41:03.665] [INFO] shmem_malloc'd 32 bytes @ &src = 0xaaab00002250, 32 bytes @ &dest = 0xaaab00002280
[11:41:03.665] [INFO] set 0xaaab00002280..0xaaab00002298 to -1
[11:41:03.665] [INFO] executing shmem_broadcast: dest = 0xaaab00002280, src = 0xaaab00002250
[11:41:03.665] [INFO] validating result...
[11:41:03.665] [INFO] shmem_broadcast on int64_t produced expected result.
[11:41:03.665] ------ BEGIN TEST ROUTINE: shmem_broadcast(uint8_t)
[11:41:03.666] [INFO] shmem_malloc'd 4 bytes @ &src = 0xaaab00002250, 4 bytes @ &dest = 0xaaab00002270
[11:41:03.666] [INFO] set 0xaaab00002270..0xaaab00002273 to -1
[11:41:03.666] [INFO] executing shmem_broadcast: dest = 0xaaab00002270, src = 0xaaab00002250
[11:41:03.666] [INFO] validating result...
[11:41:03.666] [INFO] shmem_broadcast on uint8_t produced expected result.
[11:41:03.666] ------ BEGIN TEST ROUTINE: shmem_broadcast(uint16_t)
[11:41:03.666] [INFO] shmem_malloc'd 8 bytes @ &src = 0xaaab00002250, 8 bytes @ &dest = 0xaaab00002270
[11:41:03.666] [INFO] set 0xaaab00002270..0xaaab00002276 to -1
[11:41:03.666] [INFO] executing shmem_broadcast: dest = 0xaaab00002270, src = 0xaaab00002250
[11:41:03.666] [INFO] validating result...
[11:41:03.666] [INFO] shmem_broadcast on uint16_t produced expected result.
[11:41:03.667] ------ BEGIN TEST ROUTINE: shmem_broadcast(uint32_t)
[11:41:03.667] [INFO] shmem_malloc'd 16 bytes @ &src = 0xaaab00002250, 16 bytes @ &dest = 0xaaab00002270
[11:41:03.667] [INFO] set 0xaaab00002270..0xaaab0000227c to -1
[11:41:03.667] [INFO] executing shmem_broadcast: dest = 0xaaab00002270, src = 0xaaab00002250
[11:41:03.667] [INFO] validating result...
[11:41:03.667] [INFO] shmem_broadcast on uint32_t produced expected result.
[11:41:03.667] ------ BEGIN TEST ROUTINE: shmem_broadcast(uint64_t)
[11:41:03.667] [INFO] shmem_malloc'd 32 bytes @ &src = 0xaaab00002250, 32 bytes @ &dest = 0xaaab00002280
[11:41:03.667] [INFO] set 0xaaab00002280..0xaaab00002298 to -1
[11:41:03.667] [INFO] executing shmem_broadcast: dest = 0xaaab00002280, src = 0xaaab00002250
[11:41:03.668] [INFO] validating result...
[11:41:03.668] [INFO] shmem_broadcast on uint64_t produced expected result.
[11:41:03.668] ------ BEGIN TEST ROUTINE: shmem_broadcast(size_t)
[11:41:03.668] [INFO] shmem_malloc'd 32 bytes @ &src = 0xaaab00002250, 32 bytes @ &dest = 0xaaab00002280
[11:41:03.668] [INFO] set 0xaaab00002280..0xaaab00002298 to -1
[11:41:03.668] [INFO] executing shmem_broadcast: dest = 0xaaab00002280, src = 0xaaab00002250
[11:41:03.668] [INFO] validating result...
[11:41:03.668] [INFO] shmem_broadcast on size_t produced expected result.
[11:41:03.668] ------ BEGIN TEST ROUTINE: shmem_broadcast(ptrdiff_t)
[11:41:03.669] [INFO] shmem_malloc'd 32 bytes @ &src = 0xaaab00002250, 32 bytes @ &dest = 0xaaab00002280
[11:41:03.669] [INFO] set 0xaaab00002280..0xaaab00002298 to -1
[11:41:03.669] [INFO] executing shmem_broadcast: dest = 0xaaab00002280, src = 0xaaab00002250
[11:41:03.669] [INFO] validating result...
[11:41:03.669] [INFO] shmem_broadcast on ptrdiff_t produced expected result.
---------- END TEST: PASSED
