---------- BEGIN TEST: /root/lanl/vv/shmemvv_logs/src/unit/c11/atomics/c11_shmem_atomic_fetch_or_nbi.c
[11:41:03.509] ------ BEGIN TEST ROUTINE: shmem_atomic_fetch_or_nbi(unsigned int)
[11:41:03.510] [INFO] shmem_malloc'd 4 bytes at 0xaaab40002250
[11:41:03.510] [INFO] set 0xaaab40002250 to 42
[11:41:03.510] [INFO] executing atomic fetch or (nbi): dest = 0xaaab40002250, or_val = 15
[11:41:03.510] [INFO] atomic fetch or on a unsigned int at 0xaaab40002250 produced expected result
[11:41:03.510] ------ BEGIN TEST ROUTINE: shmem_atomic_fetch_or_nbi(unsigned long)
[11:41:03.510] [INFO] shmem_malloc'd 8 bytes at 0xaaab40002250
[11:41:03.510] [INFO] set 0xaaab40002250 to 42
[11:41:03.510] [INFO] executing atomic fetch or (nbi): dest = 0xaaab40002250, or_val = 15
[11:41:03.510] [INFO] atomic fetch or on a unsigned long at 0xaaab40002250 produced expected result
[11:41:03.510] ------ BEGIN TEST ROUTINE: shmem_atomic_fetch_or_nbi(unsigned long long)
[11:41:03.510] [INFO] shmem_malloc'd 8 bytes at 0xaaab40002250
[11:41:03.510] [INFO] set 0xaaab40002250 to 42
[11:41:03.511] [INFO] executing atomic fetch or (nbi): dest = 0xaaab40002250, or_val = 15
[11:41:03.511] [INFO] atomic fetch or on a unsigned long long at 0xaaab40002250 produced expected result
[11:41:03.511] ------ BEGIN TEST ROUTINE: shmem_atomic_fetch_or_nbi(int32_t)
[11:41:03.511] [INFO] shmem_malloc'd 4 bytes at 0xaaab40002250
[11:41:03.511] [INFO] set 0xaaab40002250 to 42
[11:41:03.511] [INFO] executing atomic fetch or (nbi): dest = 0xaaab40002250, or_val = 15
[11:41:03.511] [INFO] atomic fetch or on a int32_t at 0xaaab40002250 produced expected result
[11:41:03.511] ------ BEGIN TEST ROUTINE: shmem_atomic_fetch_or_nbi(int64_t)
[11:41:03.511] [INFO] shmem_malloc'd 8 bytes at 0xaaab40002250
[11:41:03.511] [INFO] set 0xaaab40002250 to 42
[11:41:03.511] [INFO] executing atomic fetch or (nbi): dest = 0xaaab40002250, or_val = 15
[11:41:03.511] [INFO] atomic fetch or on a int64_t at 0xaaab40002250 produced expected result
[11:41:03.512] ------ BEGIN TEST ROUTINE: shmem_atomic_fetch_or_nbi(uint32_t)
[11:41:03.512] [INFO] shmem_malloc'd 4 bytes at 0xaaab40002250
[11:41:03.512] [INFO] set 0xaaab40002250 to 42
[11:41:03.512] [INFO] executing atomic fetch or (nbi): dest = 0xaaab40002250, or_val = 15
[11:41:03.512] [INFO] atomic fetch or on a uint32_t at 0xaaab40002250 produced expected result
[11:41:03.512] ------ BEGIN TEST ROUTINE: shmem_atomic_fetch_or_nbi(uint64_t)
[11:41:03.512] [INFO] shmem_malloc'd 8 bytes at 0xaaab40002250
[11:41:03.512] [INFO] set 0xaaab40002250 to 42
[11:41:03.512] [INFO] executing atomic fetch or (nbi): dest = 0xaaab40002250, or_val = 15
[11:41:03.512] [INFO] atomic fetch or on a uint64_t at 0xaaab40002250 produced expected result
---------- END TEST: PASSED
