---------- BEGIN TEST: /root/lanl/vv/shmemvv_logs/src/unit/c11/atomics/c11_shmem_atomic_add.c
[11:41:03.352] ------ BEGIN TEST ROUTINE: shmem_atomic_add(int)
[11:41:03.353] [INFO] shmem_malloc'd 4 bytes at 0xaaab00002250
[11:41:03.353] [INFO] set 0xaaab00002250 to 42
[11:41:03.353] [INFO] executing atomic add: dest = 0xaaab00002250, add_val = 10
[11:41:03.353] [INFO] atomic add on a int at 0xaaab00002250 produced expected result (42 + 10 = 52)
[11:41:03.353] ------ BEGIN TEST ROUTINE: shmem_atomic_add(long)
[11:41:03.353] [INFO] shmem_malloc'd 8 bytes at 0xaaab00002250
[11:41:03.353] [INFO] set 0xaaab00002250 to 42
[11:41:03.353] [INFO] executing atomic add: dest = 0xaaab00002250, add_val = 10
[11:41:03.354] [INFO] atomic add on a long at 0xaaab00002250 produced expected result (42 + 10 = 52)
[11:41:03.354] ------ BEGIN TEST ROUTINE: shmem_atomic_add(long long)
[11:41:03.354] [INFO] shmem_malloc'd 8 bytes at 0xaaab00002250
[11:41:03.354] [INFO] set 0xaaab00002250 to 42
[11:41:03.354] [INFO] executing atomic add: dest = 0xaaab00002250, add_val = 10
[11:41:03.354] [INFO] atomic add on a long long at 0xaaab00002250 produced expected result (42 + 10 = 52)
[11:41:03.354] ------ BEGIN TEST ROUTINE: shmem_atomic_add(unsigned int)
[11:41:03.354] [INFO] shmem_malloc'd 4 bytes at 0xaaab00002250
[11:41:03.354] [INFO] set 0xaaab00002250 to 42
[11:41:03.354] [INFO] executing atomic add: dest = 0xaaab00002250, add_val = 10
[11:41:03.354] [INFO] atomic add on a unsigned int at 0xaaab00002250 produced expected result (42 + 10 = 52)
[11:41:03.355] ------ BEGIN TEST ROUTINE: shmem_atomic_add(unsigned long)
[11:41:03.355] [INFO] shmem_malloc'd 8 bytes at 0xaaab00002250
[11:41:03.355] [INFO] set 0xaaab00002250 to 42
[11:41:03.355] [INFO] executing atomic add: dest = 0xaaab00002250, add_val = 10
[11:41:03.355] [INFO] atomic add on a unsigned long at 0xaaab00002250 produced expected result (42 + 10 = 52)
[11:41:03.355] ------ BEGIN TEST ROUTINE: shmem_atomic_add(unsigned long long)
[11:41:03.355] [INFO] shmem_malloc'd 8 bytes at 0xaaab00002250
[11:41:03.355] [INFO] set 0xaaab00002250 to 42
[11:41:03.355] [INFO] executing atomic add: dest = 0xaaab00002250, add_val = 10
[11:41:03.355] [INFO] atomic add on a unsigned long long at 0xaaab00002250 produced expected result (42 + 10 = 52)
[11:41:03.356] ------ BEGIN TEST ROUTINE: shmem_atomic_add(int32_t)
[11:41:03.356] [INFO] shmem_malloc'd 4 bytes at 0xaaab00002250
[11:41:03.356] [INFO] set 0xaaab00002250 to 42
[11:41:03.356] [INFO] executing atomic add: dest = 0xaaab00002250, add_val = 10
[11:41:03.356] [INFO] atomic add on a int32_t at 0xaaab00002250 produced expected result (42 + 10 = 52)
[11:41:03.356] ------ BEGIN TEST ROUTINE: shmem_atomic_add(int64_t)
[11:41:03.356] [INFO] shmem_malloc'd 8 bytes at 0xaaab00002250
[11:41:03.356] [INFO] set 0xaaab00002250 to 42
[11:41:03.356] [INFO] executing atomic add: dest = 0xaaab00002250, add_val = 10
[11:41:03.356] [INFO] atomic add on a int64_t at 0xaaab00002250 produced expected result (42 + 10 = 52)
[11:41:03.357] ------ BEGIN TEST ROUTINE: shmem_atomic_add(uint32_t)
[11:41:03.357] [INFO] shmem_malloc'd 4 bytes at 0xaaab00002250
[11:41:03.357] [INFO] set 0xaaab00002250 to 42
[11:41:03.357] [INFO] executing atomic add: dest = 0xaaab00002250, add_val = 10
[11:41:03.357] [INFO] atomic add on a uint32_t at 0xaaab00002250 produced expected result (42 + 10 = 52)
[11:41:03.357] ------ BEGIN TEST ROUTINE: shmem_atomic_add(uint64_t)
[11:41:03.357] [INFO] shmem_malloc'd 8 bytes at 0xaaab00002250
[11:41:03.357] [INFO] set 0xaaab00002250 to 42
[11:41:03.357] [INFO] executing atomic add: dest = 0xaaab00002250, add_val = 10
[11:41:03.357] [INFO] atomic add on a uint64_t at 0xaaab00002250 produced expected result (42 + 10 = 52)
[11:41:03.358] ------ BEGIN TEST ROUTINE: shmem_atomic_add(size_t)
[11:41:03.358] [INFO] shmem_malloc'd 8 bytes at 0xaaab00002250
[11:41:03.358] [INFO] set 0xaaab00002250 to 42
[11:41:03.358] [INFO] executing atomic add: dest = 0xaaab00002250, add_val = 10
[11:41:03.358] [INFO] atomic add on a size_t at 0xaaab00002250 produced expected result (42 + 10 = 52)
[11:41:03.358] ------ BEGIN TEST ROUTINE: shmem_atomic_add(ptrdiff_t)
[11:41:03.358] [INFO] shmem_malloc'd 8 bytes at 0xaaab00002250
[11:41:03.358] [INFO] set 0xaaab00002250 to 42
[11:41:03.358] [INFO] executing atomic add: dest = 0xaaab00002250, add_val = 10
[11:41:03.358] [INFO] atomic add on a ptrdiff_t at 0xaaab00002250 produced expected result (42 + 10 = 52)
---------- END TEST: PASSED
