---------- BEGIN TEST: /root/lanl/vv/shmemvv_logs/src/unit/c11/atomics/c11_shmem_atomic_swap_nbi.c
[11:41:03.587] ------ BEGIN TEST ROUTINE: shmem_atomic_swap_nbi(int)
[11:41:03.587] [INFO] shmem_malloc'd 4 bytes at 0xaaab00002250
[11:41:03.587] [INFO] set 0xaaab00002250 to 42
[11:41:03.587] [INFO] executing swap nbi: dest = 0xaaab00002250, new_val = 43
[11:41:03.587] [INFO] atomic swap nbi on a int at 0xaaab00002250 produced expected result
[11:41:03.587] ------ BEGIN TEST ROUTINE: shmem_atomic_swap_nbi(long)
[11:41:03.588] [INFO] shmem_malloc'd 8 bytes at 0xaaab00002250
[11:41:03.588] [INFO] set 0xaaab00002250 to 42
[11:41:03.588] [INFO] executing swap nbi: dest = 0xaaab00002250, new_val = 43
[11:41:03.588] [INFO] atomic swap nbi on a long at 0xaaab00002250 produced expected result
[11:41:03.588] ------ BEGIN TEST ROUTINE: shmem_atomic_swap_nbi(long long)
[11:41:03.588] [INFO] shmem_malloc'd 8 bytes at 0xaaab00002250
[11:41:03.588] [INFO] set 0xaaab00002250 to 42
[11:41:03.588] [INFO] executing swap nbi: dest = 0xaaab00002250, new_val = 43
[11:41:03.588] [INFO] atomic swap nbi on a long long at 0xaaab00002250 produced expected result
[11:41:03.588] ------ BEGIN TEST ROUTINE: shmem_atomic_swap_nbi(unsigned int)
[11:41:03.588] [INFO] shmem_malloc'd 4 bytes at 0xaaab00002250
[11:41:03.588] [INFO] set 0xaaab00002250 to 42
[11:41:03.588] [INFO] executing swap nbi: dest = 0xaaab00002250, new_val = 43
[11:41:03.588] [INFO] atomic swap nbi on a unsigned int at 0xaaab00002250 produced expected result
[11:41:03.589] ------ BEGIN TEST ROUTINE: shmem_atomic_swap_nbi(unsigned long)
[11:41:03.589] [INFO] shmem_malloc'd 8 bytes at 0xaaab00002250
[11:41:03.589] [INFO] set 0xaaab00002250 to 42
[11:41:03.589] [INFO] executing swap nbi: dest = 0xaaab00002250, new_val = 43
[11:41:03.589] [INFO] atomic swap nbi on a unsigned long at 0xaaab00002250 produced expected result
[11:41:03.589] ------ BEGIN TEST ROUTINE: shmem_atomic_swap_nbi(unsigned long long)
[11:41:03.589] [INFO] shmem_malloc'd 8 bytes at 0xaaab00002250
[11:41:03.589] [INFO] set 0xaaab00002250 to 42
[11:41:03.589] [INFO] executing swap nbi: dest = 0xaaab00002250, new_val = 43
[11:41:03.589] [INFO] atomic swap nbi on a unsigned long long at 0xaaab00002250 produced expected result
[11:41:03.589] ------ BEGIN TEST ROUTINE: shmem_atomic_swap_nbi(int32_t)
[11:41:03.589] [INFO] shmem_malloc'd 4 bytes at 0xaaab00002250
[11:41:03.589] [INFO] set 0xaaab00002250 to 42
[11:41:03.590] [INFO] executing swap nbi: dest = 0xaaab00002250, new_val = 43
[11:41:03.590] [INFO] atomic swap nbi on a int32_t at 0xaaab00002250 produced expected result
[11:41:03.590] ------ BEGIN TEST ROUTINE: shmem_atomic_swap_nbi(int64_t)
[11:41:03.590] [INFO] shmem_malloc'd 8 bytes at 0xaaab00002250
[11:41:03.590] [INFO] set 0xaaab00002250 to 42
[11:41:03.590] [INFO] executing swap nbi: dest = 0xaaab00002250, new_val = 43
[11:41:03.590] [INFO] atomic swap nbi on a int64_t at 0xaaab00002250 produced expected result
[11:41:03.590] ------ BEGIN TEST ROUTINE: shmem_atomic_swap_nbi(uint32_t)
[11:41:03.590] [INFO] shmem_malloc'd 4 bytes at 0xaaab00002250
[11:41:03.590] [INFO] set 0xaaab00002250 to 42
[11:41:03.590] [INFO] executing swap nbi: dest = 0xaaab00002250, new_val = 43
[11:41:03.590] [INFO] atomic swap nbi on a uint32_t at 0xaaab00002250 produced expected result
[11:41:03.590] ------ BEGIN TEST ROUTINE: shmem_atomic_swap_nbi(uint64_t)
[11:41:03.591] [INFO] shmem_malloc'd 8 bytes at 0xaaab00002250
[11:41:03.591] [INFO] set 0xaaab00002250 to 42
[11:41:03.591] [INFO] executing swap nbi: dest = 0xaaab00002250, new_val = 43
[11:41:03.591] [INFO] atomic swap nbi on a uint64_t at 0xaaab00002250 produced expected result
[11:41:03.591] ------ BEGIN TEST ROUTINE: shmem_atomic_swap_nbi(size_t)
[11:41:03.591] [INFO] shmem_malloc'd 8 bytes at 0xaaab00002250
[11:41:03.591] [INFO] set 0xaaab00002250 to 42
[11:41:03.591] [INFO] executing swap nbi: dest = 0xaaab00002250, new_val = 43
[11:41:03.591] [INFO] atomic swap nbi on a size_t at 0xaaab00002250 produced expected result
[11:41:03.591] ------ BEGIN TEST ROUTINE: shmem_atomic_swap_nbi(ptrdiff_t)
[11:41:03.591] [INFO] shmem_malloc'd 8 bytes at 0xaaab00002250
[11:41:03.591] [INFO] set 0xaaab00002250 to 42
[11:41:03.591] [INFO] executing swap nbi: dest = 0xaaab00002250, new_val = 43
[11:41:03.592] [INFO] atomic swap nbi on a ptrdiff_t at 0xaaab00002250 produced expected result
---------- END TEST: PASSED
