---------- BEGIN TEST: /root/lanl/vv/shmemvv_logs/src/unit/c11/atomics/c11_shmem_atomic_xor.c
[11:41:03.598] ------ BEGIN TEST ROUTINE: shmem_atomic_xor(unsigned int)
[11:41:03.599] [INFO] shmem_malloc'd 4 bytes at 0xaaab40002250
[11:41:03.599] [INFO] set 0xaaab40002250 to 42
[11:41:03.599] [INFO] executing atomic xor: dest = 0xaaab40002250, xor_val = 15
[11:41:03.599] [INFO] atomic xor on a unsigned int at 0xaaab40002250 produced expected result (42 ^ 15 = 37)
[11:41:03.599] ------ BEGIN TEST ROUTINE: shmem_atomic_xor(unsigned long)
[11:41:03.599] [INFO] shmem_malloc'd 8 bytes at 0xaaab40002250
[11:41:03.599] [INFO] set 0xaaab40002250 to 42
[11:41:03.599] [INFO] executing atomic xor: dest = 0xaaab40002250, xor_val = 15
[11:41:03.599] [INFO] atomic xor on a unsigned long at 0xaaab40002250 produced expected result (42 ^ 15 = 37)
[11:41:03.599] ------ BEGIN TEST ROUTINE: shmem_atomic_xor(unsigned long long)
[11:41:03.599] [INFO] shmem_malloc'd 8 bytes at 0xaaab40002250
[11:41:03.599] [INFO] set 0xaaab40002250 to 42
[11:41:03.600] [INFO] executing atomic xor: dest = 0xaaab40002250, xor_val = 15
[11:41:03.600] [INFO] atomic xor on a unsigned long long at 0xaaab40002250 produced expected result (42 ^ 15 = 37)
[11:41:03.600] ------ BEGIN TEST ROUTINE: shmem_atomic_xor(int32_t)
[11:41:03.600] [INFO] shmem_malloc'd 4 bytes at 0xaaab40002250
[11:41:03.600] [INFO] set 0xaaab40002250 to 42
[11:41:03.600] [INFO] executing atomic xor: dest = 0xaaab40002250, xor_val = 15
[11:41:03.600] [INFO] atomic xor on a int32_t at 0xaaab40002250 produced expected result (42 ^ 15 = 37)
[11:41:03.600] ------ BEGIN TEST ROUTINE: shmem_atomic_xor(int64_t)
[11:41:03.600] [INFO] shmem_malloc'd 8 bytes at 0xaaab40002250
[11:41:03.600] [INFO] set 0xaaab40002250 to 42
[11:41:03.600] [INFO] executing atomic xor: dest = 0xaaab40002250, xor_val = 15
[11:41:03.600] [INFO] atomic xor on a int64_t at 0xaaab40002250 produced expected result (42 ^ 15 = 37)
[11:41:03.601] ------ BEGIN TEST ROUTINE: shmem_atomic_xor(uint32_t)
[11:41:03.601] [INFO] shmem_malloc'd 4 bytes at 0xaaab40002250
[11:41:03.601] [INFO] set 0xaaab40002250 to 42
[11:41:03.601] [INFO] executing atomic xor: dest = 0xaaab40002250, xor_val = 15
[11:41:03.601] [INFO] atomic xor on a uint32_t at 0xaaab40002250 produced expected result (42 ^ 15 = 37)
[11:41:03.601] ------ BEGIN TEST ROUTINE: shmem_atomic_xor(uint64_t)
[11:41:03.601] [INFO] shmem_malloc'd 8 bytes at 0xaaab40002250
[11:41:03.601] [INFO] set 0xaaab40002250 to 42
[11:41:03.601] [INFO] executing atomic xor: dest = 0xaaab40002250, xor_val = 15
[11:41:03.601] [INFO] atomic xor on a uint64_t at 0xaaab40002250 produced expected result (42 ^ 15 = 37)
---------- END TEST: PASSED
