---------- BEGIN TEST: /root/lanl/vv/shmemvv_logs/src/unit/c11/rma/c11_shmem_g.c
[16:28:12.919] ------ BEGIN TEST ROUTINE: shmem_g(long)
[16:28:12.919] [INFO] Allocated static variables: src at 0xaaaad5e60200, dest at 0xaaaad5e60208
[16:28:12.919] [INFO] Running on PE 1 of 2 total PEs
[16:28:12.920] [INFO] Completed barrier synchronization
[16:28:12.920] [INFO] PE 1: Fetching remote value from PE 0
[16:28:12.920] [INFO] PE 1: Fetched value dest = 10
[16:28:12.920] [INFO] Completed barrier synchronization
[16:28:12.920] [INFO] PE 1: Beginning validation
[16:28:12.920] [INFO] PE 1: Validation successful - dest=10 as expected
[16:28:12.920] ------ BEGIN TEST ROUTINE: shmem_g(double)
[16:28:12.920] [INFO] Allocated static variables: src at 0xaaaad5e60210, dest at 0xaaaad5e60218
[16:28:12.920] [INFO] Running on PE 1 of 2 total PEs
[16:28:12.920] [INFO] Completed barrier synchronization
[16:28:12.920] [INFO] PE 1: Fetching remote value from PE 0
[16:28:12.920] [INFO] PE 1: Fetched value dest = 10
[16:28:12.920] [INFO] Completed barrier synchronization
[16:28:12.920] [INFO] PE 1: Beginning validation
[16:28:12.920] [INFO] PE 1: Validation successful - dest=10 as expected
[16:28:12.920] ------ BEGIN TEST ROUTINE: shmem_g(long double)
[16:28:12.920] [INFO] Allocated static variables: src at 0xaaaad5e60220, dest at 0xaaaad5e60230
[16:28:12.920] [INFO] Running on PE 1 of 2 total PEs
[16:28:12.920] [INFO] Completed barrier synchronization
[16:28:12.920] [INFO] PE 1: Fetching remote value from PE 0
[16:28:12.920] [INFO] PE 1: Fetched value dest = 10
[16:28:12.920] [INFO] Completed barrier synchronization
[16:28:12.920] [INFO] PE 1: Beginning validation
[16:28:12.920] [INFO] PE 1: Validation successful - dest=10 as expected
[16:28:12.920] ------ BEGIN TEST ROUTINE: shmem_g(char)
[16:28:12.920] [INFO] Allocated static variables: src at 0xaaaad5e60240, dest at 0xaaaad5e60241
[16:28:12.920] [INFO] Running on PE 1 of 2 total PEs
[16:28:12.920] [INFO] Completed barrier synchronization
[16:28:12.920] [INFO] PE 1: Fetching remote value from PE 0
[16:28:12.920] [INFO] PE 1: Fetched value dest = 10
[16:28:12.921] [INFO] Completed barrier synchronization
[16:28:12.921] [INFO] PE 1: Beginning validation
[16:28:12.921] [INFO] PE 1: Validation successful - dest=10 as expected
[16:28:12.921] ------ BEGIN TEST ROUTINE: shmem_g(signed char)
[16:28:12.921] [INFO] Allocated static variables: src at 0xaaaad5e60242, dest at 0xaaaad5e60243
[16:28:12.921] [INFO] Running on PE 1 of 2 total PEs
[16:28:12.921] [INFO] Completed barrier synchronization
[16:28:12.921] [INFO] PE 1: Fetching remote value from PE 0
[16:28:12.921] [INFO] PE 1: Fetched value dest = 10
[16:28:12.921] [INFO] Completed barrier synchronization
[16:28:12.921] [INFO] PE 1: Beginning validation
[16:28:12.921] [INFO] PE 1: Validation successful - dest=10 as expected
[16:28:12.921] ------ BEGIN TEST ROUTINE: shmem_g(short)
[16:28:12.921] [INFO] Allocated static variables: src at 0xaaaad5e60244, dest at 0xaaaad5e60246
[16:28:12.921] [INFO] Running on PE 1 of 2 total PEs
[16:28:12.921] [INFO] Completed barrier synchronization
[16:28:12.921] [INFO] PE 1: Fetching remote value from PE 0
[16:28:12.921] [INFO] PE 1: Fetched value dest = 10
[16:28:12.921] [INFO] Completed barrier synchronization
[16:28:12.921] [INFO] PE 1: Beginning validation
[16:28:12.921] [INFO] PE 1: Validation successful - dest=10 as expected
[16:28:12.921] ------ BEGIN TEST ROUTINE: shmem_g(int)
[16:28:12.921] [INFO] Allocated static variables: src at 0xaaaad5e60248, dest at 0xaaaad5e6024c
[16:28:12.921] [INFO] Running on PE 1 of 2 total PEs
[16:28:12.921] [INFO] Completed barrier synchronization
[16:28:12.921] [INFO] PE 1: Fetching remote value from PE 0
[16:28:12.921] [INFO] PE 1: Fetched value dest = 10
[16:28:12.921] [INFO] Completed barrier synchronization
[16:28:12.921] [INFO] PE 1: Beginning validation
[16:28:12.921] [INFO] PE 1: Validation successful - dest=10 as expected
[16:28:12.921] ------ BEGIN TEST ROUTINE: shmem_g(long)
[16:28:12.921] [INFO] Allocated static variables: src at 0xaaaad5e60250, dest at 0xaaaad5e60258
[16:28:12.921] [INFO] Running on PE 1 of 2 total PEs
[16:28:12.921] [INFO] Completed barrier synchronization
[16:28:12.921] [INFO] PE 1: Fetching remote value from PE 0
[16:28:12.921] [INFO] PE 1: Fetched value dest = 10
[16:28:12.922] [INFO] Completed barrier synchronization
[16:28:12.922] [INFO] PE 1: Beginning validation
[16:28:12.922] [INFO] PE 1: Validation successful - dest=10 as expected
[16:28:12.922] ------ BEGIN TEST ROUTINE: shmem_g(long long)
[16:28:12.922] [INFO] Allocated static variables: src at 0xaaaad5e60260, dest at 0xaaaad5e60268
[16:28:12.922] [INFO] Running on PE 1 of 2 total PEs
[16:28:12.922] [INFO] Completed barrier synchronization
[16:28:12.922] [INFO] PE 1: Fetching remote value from PE 0
[16:28:12.922] [INFO] PE 1: Fetched value dest = 10
[16:28:12.922] [INFO] Completed barrier synchronization
[16:28:12.922] [INFO] PE 1: Beginning validation
[16:28:12.922] [INFO] PE 1: Validation successful - dest=10 as expected
[16:28:12.922] ------ BEGIN TEST ROUTINE: shmem_g(unsigned char)
[16:28:12.922] [INFO] Allocated static variables: src at 0xaaaad5e60270, dest at 0xaaaad5e60271
[16:28:12.922] [INFO] Running on PE 1 of 2 total PEs
[16:28:12.922] [INFO] Completed barrier synchronization
[16:28:12.922] [INFO] PE 1: Fetching remote value from PE 0
[16:28:12.922] [INFO] PE 1: Fetched value dest = 10
[16:28:12.922] [INFO] Completed barrier synchronization
[16:28:12.922] [INFO] PE 1: Beginning validation
[16:28:12.922] [INFO] PE 1: Validation successful - dest=10 as expected
[16:28:12.922] ------ BEGIN TEST ROUTINE: shmem_g(unsigned short)
[16:28:12.922] [INFO] Allocated static variables: src at 0xaaaad5e60272, dest at 0xaaaad5e60274
[16:28:12.922] [INFO] Running on PE 1 of 2 total PEs
[16:28:12.922] [INFO] Completed barrier synchronization
[16:28:12.922] [INFO] PE 1: Fetching remote value from PE 0
[16:28:12.922] [INFO] PE 1: Fetched value dest = 10
[16:28:12.922] [INFO] Completed barrier synchronization
[16:28:12.922] [INFO] PE 1: Beginning validation
[16:28:12.922] [INFO] PE 1: Validation successful - dest=10 as expected
[16:28:12.922] ------ BEGIN TEST ROUTINE: shmem_g(unsigned int)
[16:28:12.922] [INFO] Allocated static variables: src at 0xaaaad5e60278, dest at 0xaaaad5e6027c
[16:28:12.922] [INFO] Running on PE 1 of 2 total PEs
[16:28:12.922] [INFO] Completed barrier synchronization
[16:28:12.922] [INFO] PE 1: Fetching remote value from PE 0
[16:28:12.922] [INFO] PE 1: Fetched value dest = 10
[16:28:12.923] [INFO] Completed barrier synchronization
[16:28:12.923] [INFO] PE 1: Beginning validation
[16:28:12.923] [INFO] PE 1: Validation successful - dest=10 as expected
[16:28:12.923] ------ BEGIN TEST ROUTINE: shmem_g(unsigned long)
[16:28:12.923] [INFO] Allocated static variables: src at 0xaaaad5e60280, dest at 0xaaaad5e60288
[16:28:12.923] [INFO] Running on PE 1 of 2 total PEs
[16:28:12.923] [INFO] Completed barrier synchronization
[16:28:12.923] [INFO] PE 1: Fetching remote value from PE 0
[16:28:12.923] [INFO] PE 1: Fetched value dest = 10
[16:28:12.923] [INFO] Completed barrier synchronization
[16:28:12.923] [INFO] PE 1: Beginning validation
[16:28:12.923] [INFO] PE 1: Validation successful - dest=10 as expected
[16:28:12.923] ------ BEGIN TEST ROUTINE: shmem_g(unsigned long long)
[16:28:12.923] [INFO] Allocated static variables: src at 0xaaaad5e60290, dest at 0xaaaad5e60298
[16:28:12.923] [INFO] Running on PE 1 of 2 total PEs
[16:28:12.923] [INFO] Completed barrier synchronization
[16:28:12.923] [INFO] PE 1: Fetching remote value from PE 0
[16:28:12.923] [INFO] PE 1: Fetched value dest = 10
[16:28:12.923] [INFO] Completed barrier synchronization
[16:28:12.923] [INFO] PE 1: Beginning validation
[16:28:12.923] [INFO] PE 1: Validation successful - dest=10 as expected
[16:28:12.923] ------ BEGIN TEST ROUTINE: shmem_g(int8_t)
[16:28:12.923] [INFO] Allocated static variables: src at 0xaaaad5e602a0, dest at 0xaaaad5e602a1
[16:28:12.923] [INFO] Running on PE 1 of 2 total PEs
[16:28:12.923] [INFO] Completed barrier synchronization
[16:28:12.923] [INFO] PE 1: Fetching remote value from PE 0
[16:28:12.923] [INFO] PE 1: Fetched value dest = 10
[16:28:12.923] [INFO] Completed barrier synchronization
[16:28:12.923] [INFO] PE 1: Beginning validation
[16:28:12.923] [INFO] PE 1: Validation successful - dest=10 as expected
[16:28:12.923] ------ BEGIN TEST ROUTINE: shmem_g(int16_t)
[16:28:12.923] [INFO] Allocated static variables: src at 0xaaaad5e602a2, dest at 0xaaaad5e602a4
[16:28:12.923] [INFO] Running on PE 1 of 2 total PEs
[16:28:12.923] [INFO] Completed barrier synchronization
[16:28:12.923] [INFO] PE 1: Fetching remote value from PE 0
[16:28:12.923] [INFO] PE 1: Fetched value dest = 10
[16:28:12.923] [INFO] Completed barrier synchronization
[16:28:12.923] [INFO] PE 1: Beginning validation
[16:28:12.923] [INFO] PE 1: Validation successful - dest=10 as expected
[16:28:12.923] ------ BEGIN TEST ROUTINE: shmem_g(int32_t)
[16:28:12.923] [INFO] Allocated static variables: src at 0xaaaad5e602a8, dest at 0xaaaad5e602ac
[16:28:12.923] [INFO] Running on PE 1 of 2 total PEs
[16:28:12.924] [INFO] Completed barrier synchronization
[16:28:12.924] [INFO] PE 1: Fetching remote value from PE 0
[16:28:12.924] [INFO] PE 1: Fetched value dest = 10
[16:28:12.924] [INFO] Completed barrier synchronization
[16:28:12.924] [INFO] PE 1: Beginning validation
[16:28:12.924] [INFO] PE 1: Validation successful - dest=10 as expected
[16:28:12.924] ------ BEGIN TEST ROUTINE: shmem_g(int64_t)
[16:28:12.924] [INFO] Allocated static variables: src at 0xaaaad5e602b0, dest at 0xaaaad5e602b8
[16:28:12.924] [INFO] Running on PE 1 of 2 total PEs
[16:28:12.924] [INFO] Completed barrier synchronization
[16:28:12.924] [INFO] PE 1: Fetching remote value from PE 0
[16:28:12.924] [INFO] PE 1: Fetched value dest = 10
[16:28:12.924] [INFO] Completed barrier synchronization
[16:28:12.924] [INFO] PE 1: Beginning validation
[16:28:12.924] [INFO] PE 1: Validation successful - dest=10 as expected
[16:28:12.924] ------ BEGIN TEST ROUTINE: shmem_g(uint8_t)
[16:28:12.924] [INFO] Allocated static variables: src at 0xaaaad5e602c0, dest at 0xaaaad5e602c1
[16:28:12.924] [INFO] Running on PE 1 of 2 total PEs
[16:28:12.924] [INFO] Completed barrier synchronization
[16:28:12.924] [INFO] PE 1: Fetching remote value from PE 0
[16:28:12.924] [INFO] PE 1: Fetched value dest = 10
[16:28:12.924] [INFO] Completed barrier synchronization
[16:28:12.924] [INFO] PE 1: Beginning validation
[16:28:12.924] [INFO] PE 1: Validation successful - dest=10 as expected
[16:28:12.924] ------ BEGIN TEST ROUTINE: shmem_g(uint16_t)
[16:28:12.924] [INFO] Allocated static variables: src at 0xaaaad5e602c2, dest at 0xaaaad5e602c4
[16:28:12.924] [INFO] Running on PE 1 of 2 total PEs
[16:28:12.924] [INFO] Completed barrier synchronization
[16:28:12.924] [INFO] PE 1: Fetching remote value from PE 0
[16:28:12.924] [INFO] PE 1: Fetched value dest = 10
[16:28:12.924] [INFO] Completed barrier synchronization
[16:28:12.924] [INFO] PE 1: Beginning validation
[16:28:12.924] [INFO] PE 1: Validation successful - dest=10 as expected
[16:28:12.924] ------ BEGIN TEST ROUTINE: shmem_g(uint32_t)
[16:28:12.924] [INFO] Allocated static variables: src at 0xaaaad5e602c8, dest at 0xaaaad5e602cc
[16:28:12.924] [INFO] Running on PE 1 of 2 total PEs
[16:28:12.924] [INFO] Completed barrier synchronization
[16:28:12.924] [INFO] PE 1: Fetching remote value from PE 0
[16:28:12.925] [INFO] PE 1: Fetched value dest = 10
[16:28:12.925] [INFO] Completed barrier synchronization
[16:28:12.925] [INFO] PE 1: Beginning validation
[16:28:12.925] [INFO] PE 1: Validation successful - dest=10 as expected
[16:28:12.925] ------ BEGIN TEST ROUTINE: shmem_g(uint64_t)
[16:28:12.925] [INFO] Allocated static variables: src at 0xaaaad5e602d0, dest at 0xaaaad5e602d8
[16:28:12.925] [INFO] Running on PE 1 of 2 total PEs
[16:28:12.925] [INFO] Completed barrier synchronization
[16:28:12.925] [INFO] PE 1: Fetching remote value from PE 0
[16:28:12.925] [INFO] PE 1: Fetched value dest = 10
[16:28:12.925] [INFO] Completed barrier synchronization
[16:28:12.925] [INFO] PE 1: Beginning validation
[16:28:12.925] [INFO] PE 1: Validation successful - dest=10 as expected
[16:28:12.925] ------ BEGIN TEST ROUTINE: shmem_g(size_t)
[16:28:12.925] [INFO] Allocated static variables: src at 0xaaaad5e602e0, dest at 0xaaaad5e602e8
[16:28:12.925] [INFO] Running on PE 1 of 2 total PEs
[16:28:12.925] [INFO] Completed barrier synchronization
[16:28:12.925] [INFO] PE 1: Fetching remote value from PE 0
[16:28:12.925] [INFO] PE 1: Fetched value dest = 10
[16:28:12.925] [INFO] Completed barrier synchronization
[16:28:12.925] [INFO] PE 1: Beginning validation
[16:28:12.925] [INFO] PE 1: Validation successful - dest=10 as expected
[16:28:12.925] ------ BEGIN TEST ROUTINE: shmem_g(ptrdiff_t)
[16:28:12.925] [INFO] Allocated static variables: src at 0xaaaad5e602f0, dest at 0xaaaad5e602f8
[16:28:12.925] [INFO] Running on PE 1 of 2 total PEs
[16:28:12.925] [INFO] Completed barrier synchronization
[16:28:12.925] [INFO] PE 1: Fetching remote value from PE 0
[16:28:12.925] [INFO] PE 1: Fetched value dest = 10
[16:28:12.925] [INFO] Completed barrier synchronization
[16:28:12.925] [INFO] PE 1: Beginning validation
[16:28:12.925] [INFO] PE 1: Validation successful - dest=10 as expected
---------- END TEST: PASSED
