---------- BEGIN TEST: /root/lanl/vv/shmemvv_logs/src/unit/c11/atomics/c11_shmem_atomic_inc.c
[11:36:32.490] ------ BEGIN TEST ROUTINE: shmem_atomic_inc(int)
[11:36:32.490] [INFO] shmem_malloc'd 4 bytes at 0xaaab40002250
[11:36:32.490] [INFO] set 0xaaab40002250 to 42
[11:36:32.491] [INFO] executing atomic inc: dest = 0xaaab40002250, *dest = 42
[11:36:32.491] [INFO] atomic inc on a int at 0xaaab40002250 produced expected result (42 + 1 = 43)
[11:36:32.491] ------ BEGIN TEST ROUTINE: shmem_atomic_inc(long)
[11:36:32.491] [INFO] shmem_malloc'd 8 bytes at 0xaaab40002250
[11:36:32.491] [INFO] set 0xaaab40002250 to 42
[11:36:32.491] [INFO] executing atomic inc: dest = 0xaaab40002250, *dest = 42
[11:36:32.491] [INFO] atomic inc on a long at 0xaaab40002250 produced expected result (42 + 1 = 43)
[11:36:32.491] ------ BEGIN TEST ROUTINE: shmem_atomic_inc(long long)
[11:36:32.491] [INFO] shmem_malloc'd 8 bytes at 0xaaab40002250
[11:36:32.491] [INFO] set 0xaaab40002250 to 42
[11:36:32.491] [INFO] executing atomic inc: dest = 0xaaab40002250, *dest = 42
[11:36:32.492] [INFO] atomic inc on a long long at 0xaaab40002250 produced expected result (42 + 1 = 43)
[11:36:32.492] ------ BEGIN TEST ROUTINE: shmem_atomic_inc(unsigned int)
[11:36:32.492] [INFO] shmem_malloc'd 4 bytes at 0xaaab40002250
[11:36:32.492] [INFO] set 0xaaab40002250 to 42
[11:36:32.492] [INFO] executing atomic inc: dest = 0xaaab40002250, *dest = 42
[11:36:32.492] [INFO] atomic inc on a unsigned int at 0xaaab40002250 produced expected result (42 + 1 = 43)
[11:36:32.492] ------ BEGIN TEST ROUTINE: shmem_atomic_inc(unsigned long)
[11:36:32.492] [INFO] shmem_malloc'd 8 bytes at 0xaaab40002250
[11:36:32.492] [INFO] set 0xaaab40002250 to 42
[11:36:32.492] [INFO] executing atomic inc: dest = 0xaaab40002250, *dest = 42
[11:36:32.492] [INFO] atomic inc on a unsigned long at 0xaaab40002250 produced expected result (42 + 1 = 43)
[11:36:32.492] ------ BEGIN TEST ROUTINE: shmem_atomic_inc(unsigned long long)
[11:36:32.492] [INFO] shmem_malloc'd 8 bytes at 0xaaab40002250
[11:36:32.492] [INFO] set 0xaaab40002250 to 42
[11:36:32.493] [INFO] executing atomic inc: dest = 0xaaab40002250, *dest = 42
[11:36:32.493] [INFO] atomic inc on a unsigned long long at 0xaaab40002250 produced expected result (42 + 1 = 43)
[11:36:32.493] ------ BEGIN TEST ROUTINE: shmem_atomic_inc(int32_t)
[11:36:32.493] [INFO] shmem_malloc'd 4 bytes at 0xaaab40002250
[11:36:32.493] [INFO] set 0xaaab40002250 to 42
[11:36:32.493] [INFO] executing atomic inc: dest = 0xaaab40002250, *dest = 42
[11:36:32.493] [INFO] atomic inc on a int32_t at 0xaaab40002250 produced expected result (42 + 1 = 43)
[11:36:32.493] ------ BEGIN TEST ROUTINE: shmem_atomic_inc(int64_t)
[11:36:32.493] [INFO] shmem_malloc'd 8 bytes at 0xaaab40002250
[11:36:32.493] [INFO] set 0xaaab40002250 to 42
[11:36:32.493] [INFO] executing atomic inc: dest = 0xaaab40002250, *dest = 42
[11:36:32.494] [INFO] atomic inc on a int64_t at 0xaaab40002250 produced expected result (42 + 1 = 43)
[11:36:32.494] ------ BEGIN TEST ROUTINE: shmem_atomic_inc(uint32_t)
[11:36:32.494] [INFO] shmem_malloc'd 4 bytes at 0xaaab40002250
[11:36:32.494] [INFO] set 0xaaab40002250 to 42
[11:36:32.494] [INFO] executing atomic inc: dest = 0xaaab40002250, *dest = 42
[11:36:32.494] [INFO] atomic inc on a uint32_t at 0xaaab40002250 produced expected result (42 + 1 = 43)
[11:36:32.494] ------ BEGIN TEST ROUTINE: shmem_atomic_inc(uint64_t)
[11:36:32.494] [INFO] shmem_malloc'd 8 bytes at 0xaaab40002250
[11:36:32.494] [INFO] set 0xaaab40002250 to 42
[11:36:32.494] [INFO] executing atomic inc: dest = 0xaaab40002250, *dest = 42
[11:36:32.494] [INFO] atomic inc on a uint64_t at 0xaaab40002250 produced expected result (42 + 1 = 43)
[11:36:32.494] ------ BEGIN TEST ROUTINE: shmem_atomic_inc(size_t)
[11:36:32.495] [INFO] shmem_malloc'd 8 bytes at 0xaaab40002250
[11:36:32.495] [INFO] set 0xaaab40002250 to 42
[11:36:32.495] [INFO] executing atomic inc: dest = 0xaaab40002250, *dest = 42
[11:36:32.495] [INFO] atomic inc on a size_t at 0xaaab40002250 produced expected result (42 + 1 = 43)
[11:36:32.495] ------ BEGIN TEST ROUTINE: shmem_atomic_inc(ptrdiff_t)
[11:36:32.495] [INFO] shmem_malloc'd 8 bytes at 0xaaab40002250
[11:36:32.495] [INFO] set 0xaaab40002250 to 42
[11:36:32.495] [INFO] executing atomic inc: dest = 0xaaab40002250, *dest = 42
[11:36:32.495] [INFO] atomic inc on a ptrdiff_t at 0xaaab40002250 produced expected result (42 + 1 = 43)
---------- END TEST: PASSED
