---------- BEGIN TEST: /root/lanl/vv/shmemvv_logs/src/unit/c11/pt2pt_sync/c11_shmem_wait_until_all_vector.c
[14:28:09.094] ------ BEGIN TEST ROUTINE: c11_shmem_wait_until_all_vector(short)
[14:28:09.094] [INFO] Allocated flags array (8 bytes) at address 0xaaab40002250
[14:28:09.094] [INFO] Initialized all flags to 0
[14:28:09.094] [INFO] PE 0: Set all flags to 1 on PE 1
[14:28:09.095] [INFO] PE 0: Called shmem_quiet() after setting flags
[14:28:09.095] [INFO] Freeing allocated memory at 0xaaab40002250
[14:28:09.095] ------ BEGIN TEST ROUTINE: c11_shmem_wait_until_all_vector(int)
[14:28:09.095] [INFO] Allocated flags array (16 bytes) at address 0xaaab40002250
[14:28:09.095] [INFO] Initialized all flags to 0
[14:28:09.095] [INFO] PE 0: Set all flags to 1 on PE 1
[14:28:09.095] [INFO] PE 0: Called shmem_quiet() after setting flags
[14:28:09.095] [INFO] Freeing allocated memory at 0xaaab40002250
[14:28:09.095] ------ BEGIN TEST ROUTINE: c11_shmem_wait_until_all_vector(long)
[14:28:09.095] [INFO] Allocated flags array (32 bytes) at address 0xaaab40002250
[14:28:09.095] [INFO] Initialized all flags to 0
[14:28:09.095] [INFO] PE 0: Set all flags to 1 on PE 1
[14:28:09.095] [INFO] PE 0: Called shmem_quiet() after setting flags
[14:28:09.095] [INFO] Freeing allocated memory at 0xaaab40002250
[14:28:09.095] ------ BEGIN TEST ROUTINE: c11_shmem_wait_until_all_vector(long long)
[14:28:09.096] [INFO] Allocated flags array (32 bytes) at address 0xaaab40002250
[14:28:09.096] [INFO] Initialized all flags to 0
[14:28:09.096] [INFO] PE 0: Set all flags to 1 on PE 1
[14:28:09.096] [INFO] PE 0: Called shmem_quiet() after setting flags
[14:28:09.096] [INFO] Freeing allocated memory at 0xaaab40002250
[14:28:09.096] ------ BEGIN TEST ROUTINE: c11_shmem_wait_until_all_vector(unsigned short)
[14:28:09.096] [INFO] Allocated flags array (8 bytes) at address 0xaaab40002250
[14:28:09.096] [INFO] Initialized all flags to 0
[14:28:09.096] [INFO] PE 0: Set all flags to 1 on PE 1
[14:28:09.096] [INFO] PE 0: Called shmem_quiet() after setting flags
[14:28:09.096] [INFO] Freeing allocated memory at 0xaaab40002250
[14:28:09.096] ------ BEGIN TEST ROUTINE: c11_shmem_wait_until_all_vector(unsigned int)
[14:28:09.096] [INFO] Allocated flags array (16 bytes) at address 0xaaab40002250
[14:28:09.096] [INFO] Initialized all flags to 0
[14:28:09.096] [INFO] PE 0: Set all flags to 1 on PE 1
[14:28:09.096] [INFO] PE 0: Called shmem_quiet() after setting flags
[14:28:09.096] [INFO] Freeing allocated memory at 0xaaab40002250
[14:28:09.097] ------ BEGIN TEST ROUTINE: c11_shmem_wait_until_all_vector(unsigned long)
[14:28:09.097] [INFO] Allocated flags array (32 bytes) at address 0xaaab40002250
[14:28:09.097] [INFO] Initialized all flags to 0
[14:28:09.097] [INFO] PE 0: Set all flags to 1 on PE 1
[14:28:09.097] [INFO] PE 0: Called shmem_quiet() after setting flags
[14:28:09.097] [INFO] Freeing allocated memory at 0xaaab40002250
[14:28:09.097] ------ BEGIN TEST ROUTINE: c11_shmem_wait_until_all_vector(unsigned long long)
[14:28:09.097] [INFO] Allocated flags array (32 bytes) at address 0xaaab40002250
[14:28:09.097] [INFO] Initialized all flags to 0
[14:28:09.097] [INFO] PE 0: Set all flags to 1 on PE 1
[14:28:09.097] [INFO] PE 0: Called shmem_quiet() after setting flags
[14:28:09.097] [INFO] Freeing allocated memory at 0xaaab40002250
[14:28:09.097] ------ BEGIN TEST ROUTINE: c11_shmem_wait_until_all_vector(int32_t)
[14:28:09.097] [INFO] Allocated flags array (16 bytes) at address 0xaaab40002250
[14:28:09.097] [INFO] Initialized all flags to 0
[14:28:09.097] [INFO] PE 0: Set all flags to 1 on PE 1
[14:28:09.097] [INFO] PE 0: Called shmem_quiet() after setting flags
[14:28:09.098] [INFO] Freeing allocated memory at 0xaaab40002250
[14:28:09.098] ------ BEGIN TEST ROUTINE: c11_shmem_wait_until_all_vector(int64_t)
[14:28:09.098] [INFO] Allocated flags array (32 bytes) at address 0xaaab40002250
[14:28:09.098] [INFO] Initialized all flags to 0
[14:28:09.098] [INFO] PE 0: Set all flags to 1 on PE 1
[14:28:09.098] [INFO] PE 0: Called shmem_quiet() after setting flags
[14:28:09.098] [INFO] Freeing allocated memory at 0xaaab40002250
[14:28:09.098] ------ BEGIN TEST ROUTINE: c11_shmem_wait_until_all_vector(uint32_t)
[14:28:09.098] [INFO] Allocated flags array (16 bytes) at address 0xaaab40002250
[14:28:09.098] [INFO] Initialized all flags to 0
[14:28:09.098] [INFO] PE 0: Set all flags to 1 on PE 1
[14:28:09.098] [INFO] PE 0: Called shmem_quiet() after setting flags
[14:28:09.098] [INFO] Freeing allocated memory at 0xaaab40002250
[14:28:09.098] ------ BEGIN TEST ROUTINE: c11_shmem_wait_until_all_vector(uint64_t)
[14:28:09.098] [INFO] Allocated flags array (32 bytes) at address 0xaaab40002250
[14:28:09.098] [INFO] Initialized all flags to 0
[14:28:09.099] [INFO] PE 0: Set all flags to 1 on PE 1
[14:28:09.099] [INFO] PE 0: Called shmem_quiet() after setting flags
[14:28:09.099] [INFO] Freeing allocated memory at 0xaaab40002250
[14:28:09.099] ------ BEGIN TEST ROUTINE: c11_shmem_wait_until_all_vector(size_t)
[14:28:09.099] [INFO] Allocated flags array (32 bytes) at address 0xaaab40002250
[14:28:09.099] [INFO] Initialized all flags to 0
[14:28:09.099] [INFO] PE 0: Set all flags to 1 on PE 1
[14:28:09.099] [INFO] PE 0: Called shmem_quiet() after setting flags
[14:28:09.099] [INFO] Freeing allocated memory at 0xaaab40002250
[14:28:09.099] ------ BEGIN TEST ROUTINE: c11_shmem_wait_until_all_vector(ptrdiff_t)
[14:28:09.099] [INFO] Allocated flags array (32 bytes) at address 0xaaab40002250
[14:28:09.099] [INFO] Initialized all flags to 0
[14:28:09.099] [INFO] PE 0: Set all flags to 1 on PE 1
[14:28:09.099] [INFO] PE 0: Called shmem_quiet() after setting flags
[14:28:09.099] [INFO] Freeing allocated memory at 0xaaab40002250
---------- END TEST: PASSED
