---------- BEGIN TEST: /root/lanl/vv/shmemvv_logs/src/unit/c11/atomics/c11_shmem_atomic_swap.c
[11:41:03.574] ------ BEGIN TEST ROUTINE: shmem_atomic_set(int)
[11:41:03.574] [INFO] shmem_malloc'd 4 bytes at 0xaaab40002250
[11:41:03.574] [INFO] set 0xaaab40002250 to 42
[11:41:03.574] [INFO] executing atomic swap: dest = 0xaaab40002250, new_val = 43
[11:41:03.574] [INFO] atomic swap on a int at 0xaaab40002250 produced expected result
[11:41:03.575] ------ BEGIN TEST ROUTINE: shmem_atomic_set(long)
[11:41:03.575] [INFO] shmem_malloc'd 8 bytes at 0xaaab40002250
[11:41:03.575] [INFO] set 0xaaab40002250 to 42
[11:41:03.575] [INFO] executing atomic swap: dest = 0xaaab40002250, new_val = 43
[11:41:03.575] [INFO] atomic swap on a long at 0xaaab40002250 produced expected result
[11:41:03.575] ------ BEGIN TEST ROUTINE: shmem_atomic_set(long long)
[11:41:03.575] [INFO] shmem_malloc'd 8 bytes at 0xaaab40002250
[11:41:03.575] [INFO] set 0xaaab40002250 to 42
[11:41:03.575] [INFO] executing atomic swap: dest = 0xaaab40002250, new_val = 43
[11:41:03.575] [INFO] atomic swap on a long long at 0xaaab40002250 produced expected result
[11:41:03.576] ------ BEGIN TEST ROUTINE: shmem_atomic_set(unsigned int)
[11:41:03.576] [INFO] shmem_malloc'd 4 bytes at 0xaaab40002250
[11:41:03.576] [INFO] set 0xaaab40002250 to 42
[11:41:03.576] [INFO] executing atomic swap: dest = 0xaaab40002250, new_val = 43
[11:41:03.576] [INFO] atomic swap on a unsigned int at 0xaaab40002250 produced expected result
[11:41:03.576] ------ BEGIN TEST ROUTINE: shmem_atomic_set(unsigned long)
[11:41:03.576] [INFO] shmem_malloc'd 8 bytes at 0xaaab40002250
[11:41:03.576] [INFO] set 0xaaab40002250 to 42
[11:41:03.576] [INFO] executing atomic swap: dest = 0xaaab40002250, new_val = 43
[11:41:03.576] [INFO] atomic swap on a unsigned long at 0xaaab40002250 produced expected result
[11:41:03.577] ------ BEGIN TEST ROUTINE: shmem_atomic_set(unsigned long long)
[11:41:03.577] [INFO] shmem_malloc'd 8 bytes at 0xaaab40002250
[11:41:03.577] [INFO] set 0xaaab40002250 to 42
[11:41:03.577] [INFO] executing atomic swap: dest = 0xaaab40002250, new_val = 43
[11:41:03.577] [INFO] atomic swap on a unsigned long long at 0xaaab40002250 produced expected result
[11:41:03.577] ------ BEGIN TEST ROUTINE: shmem_atomic_set(int32_t)
[11:41:03.577] [INFO] shmem_malloc'd 4 bytes at 0xaaab40002250
[11:41:03.577] [INFO] set 0xaaab40002250 to 42
[11:41:03.577] [INFO] executing atomic swap: dest = 0xaaab40002250, new_val = 43
[11:41:03.577] [INFO] atomic swap on a int32_t at 0xaaab40002250 produced expected result
[11:41:03.577] ------ BEGIN TEST ROUTINE: shmem_atomic_set(int64_t)
[11:41:03.578] [INFO] shmem_malloc'd 8 bytes at 0xaaab40002250
[11:41:03.578] [INFO] set 0xaaab40002250 to 42
[11:41:03.578] [INFO] executing atomic swap: dest = 0xaaab40002250, new_val = 43
[11:41:03.578] [INFO] atomic swap on a int64_t at 0xaaab40002250 produced expected result
[11:41:03.578] ------ BEGIN TEST ROUTINE: shmem_atomic_set(uint32_t)
[11:41:03.578] [INFO] shmem_malloc'd 4 bytes at 0xaaab40002250
[11:41:03.578] [INFO] set 0xaaab40002250 to 42
[11:41:03.578] [INFO] executing atomic swap: dest = 0xaaab40002250, new_val = 43
[11:41:03.578] [INFO] atomic swap on a uint32_t at 0xaaab40002250 produced expected result
[11:41:03.578] ------ BEGIN TEST ROUTINE: shmem_atomic_set(uint64_t)
[11:41:03.579] [INFO] shmem_malloc'd 8 bytes at 0xaaab40002250
[11:41:03.579] [INFO] set 0xaaab40002250 to 42
[11:41:03.579] [INFO] executing atomic swap: dest = 0xaaab40002250, new_val = 43
[11:41:03.579] [INFO] atomic swap on a uint64_t at 0xaaab40002250 produced expected result
[11:41:03.579] ------ BEGIN TEST ROUTINE: shmem_atomic_set(size_t)
[11:41:03.579] [INFO] shmem_malloc'd 8 bytes at 0xaaab40002250
[11:41:03.579] [INFO] set 0xaaab40002250 to 42
[11:41:03.579] [INFO] executing atomic swap: dest = 0xaaab40002250, new_val = 43
[11:41:03.579] [INFO] atomic swap on a size_t at 0xaaab40002250 produced expected result
[11:41:03.579] ------ BEGIN TEST ROUTINE: shmem_atomic_set(ptrdiff_t)
[11:41:03.580] [INFO] shmem_malloc'd 8 bytes at 0xaaab40002250
[11:41:03.580] [INFO] set 0xaaab40002250 to 42
[11:41:03.580] [INFO] executing atomic swap: dest = 0xaaab40002250, new_val = 43
[11:41:03.580] [INFO] atomic swap on a ptrdiff_t at 0xaaab40002250 produced expected result
---------- END TEST: PASSED
