---------- BEGIN TEST: /root/lanl/vv/shmemvv_logs/src/unit/c11/rma/c11_shmem_iput.c
[16:28:12.974] ------ BEGIN TEST ROUTINE: shmem_iput(long)
[16:28:12.974] [INFO] Allocated static arrays: src at 0xaaaad9350200, dest at 0xaaaad9350250
[16:28:12.974] [INFO] Running on PE 0 of 2 total PEs
[16:28:12.974] [INFO] PE 0: Initialized src array with values [0..9]
[16:28:12.974] [INFO] Completed barrier synchronization
[16:28:12.974] [INFO] PE 0: Starting strided put to PE 1
[16:28:12.974] [INFO] PE 0: dest=0xaaaad9350250, src=0xaaaad9350200, dest_stride=2, src_stride=2, nelems=5
[16:28:12.974] [INFO] PE 0: Completed strided put operation
[16:28:12.974] [INFO] Completed barrier synchronization
[16:28:12.974] [INFO] PE 0: Waiting for PE 1 to complete validation
[16:28:12.974] ------ BEGIN TEST ROUTINE: shmem_iput(double)
[16:28:12.974] [INFO] Allocated static arrays: src at 0xaaaad93502a0, dest at 0xaaaad93502f0
[16:28:12.974] [INFO] Running on PE 0 of 2 total PEs
[16:28:12.974] [INFO] PE 0: Initialized src array with values [0..9]
[16:28:12.974] [INFO] Completed barrier synchronization
[16:28:12.974] [INFO] PE 0: Starting strided put to PE 1
[16:28:12.974] [INFO] PE 0: dest=0xaaaad93502f0, src=0xaaaad93502a0, dest_stride=2, src_stride=2, nelems=5
[16:28:12.974] [INFO] PE 0: Completed strided put operation
[16:28:12.974] [INFO] Completed barrier synchronization
[16:28:12.974] [INFO] PE 0: Waiting for PE 1 to complete validation
[16:28:12.974] ------ BEGIN TEST ROUTINE: shmem_iput(long double)
[16:28:12.974] [INFO] Allocated static arrays: src at 0xaaaad9350340, dest at 0xaaaad93503e0
[16:28:12.974] [INFO] Running on PE 0 of 2 total PEs
[16:28:12.974] [INFO] PE 0: Initialized src array with values [0..9]
[16:28:12.975] [INFO] Completed barrier synchronization
[16:28:12.975] [INFO] PE 0: Starting strided put to PE 1
[16:28:12.975] [INFO] PE 0: dest=0xaaaad93503e0, src=0xaaaad9350340, dest_stride=2, src_stride=2, nelems=5
[16:28:12.975] [INFO] PE 0: Completed strided put operation
[16:28:12.975] [INFO] Completed barrier synchronization
[16:28:12.975] [INFO] PE 0: Waiting for PE 1 to complete validation
[16:28:12.975] ------ BEGIN TEST ROUTINE: shmem_iput(char)
[16:28:12.975] [INFO] Allocated static arrays: src at 0xaaaad9350480, dest at 0xaaaad9350490
[16:28:12.975] [INFO] Running on PE 0 of 2 total PEs
[16:28:12.975] [INFO] PE 0: Initialized src array with values [0..9]
[16:28:12.975] [INFO] Completed barrier synchronization
[16:28:12.975] [INFO] PE 0: Starting strided put to PE 1
[16:28:12.975] [INFO] PE 0: dest=0xaaaad9350490, src=0xaaaad9350480, dest_stride=2, src_stride=2, nelems=5
[16:28:12.975] [INFO] PE 0: Completed strided put operation
[16:28:12.975] [INFO] Completed barrier synchronization
[16:28:12.975] [INFO] PE 0: Waiting for PE 1 to complete validation
[16:28:12.975] ------ BEGIN TEST ROUTINE: shmem_iput(signed char)
[16:28:12.975] [INFO] Allocated static arrays: src at 0xaaaad93504a0, dest at 0xaaaad93504b0
[16:28:12.975] [INFO] Running on PE 0 of 2 total PEs
[16:28:12.975] [INFO] PE 0: Initialized src array with values [0..9]
[16:28:12.975] [INFO] Completed barrier synchronization
[16:28:12.975] [INFO] PE 0: Starting strided put to PE 1
[16:28:12.975] [INFO] PE 0: dest=0xaaaad93504b0, src=0xaaaad93504a0, dest_stride=2, src_stride=2, nelems=5
[16:28:12.975] [INFO] PE 0: Completed strided put operation
[16:28:12.975] [INFO] Completed barrier synchronization
[16:28:12.975] [INFO] PE 0: Waiting for PE 1 to complete validation
[16:28:12.975] ------ BEGIN TEST ROUTINE: shmem_iput(short)
[16:28:12.975] [INFO] Allocated static arrays: src at 0xaaaad93504c0, dest at 0xaaaad93504d8
[16:28:12.975] [INFO] Running on PE 0 of 2 total PEs
[16:28:12.975] [INFO] PE 0: Initialized src array with values [0..9]
[16:28:12.975] [INFO] Completed barrier synchronization
[16:28:12.975] [INFO] PE 0: Starting strided put to PE 1
[16:28:12.975] [INFO] PE 0: dest=0xaaaad93504d8, src=0xaaaad93504c0, dest_stride=2, src_stride=2, nelems=5
[16:28:12.975] [INFO] PE 0: Completed strided put operation
[16:28:12.975] [INFO] Completed barrier synchronization
[16:28:12.975] [INFO] PE 0: Waiting for PE 1 to complete validation
[16:28:12.975] ------ BEGIN TEST ROUTINE: shmem_iput(int)
[16:28:12.975] [INFO] Allocated static arrays: src at 0xaaaad93504f0, dest at 0xaaaad9350518
[16:28:12.975] [INFO] Running on PE 0 of 2 total PEs
[16:28:12.975] [INFO] PE 0: Initialized src array with values [0..9]
[16:28:12.975] [INFO] Completed barrier synchronization
[16:28:12.975] [INFO] PE 0: Starting strided put to PE 1
[16:28:12.975] [INFO] PE 0: dest=0xaaaad9350518, src=0xaaaad93504f0, dest_stride=2, src_stride=2, nelems=5
[16:28:12.975] [INFO] PE 0: Completed strided put operation
[16:28:12.976] [INFO] Completed barrier synchronization
[16:28:12.976] [INFO] PE 0: Waiting for PE 1 to complete validation
[16:28:12.976] ------ BEGIN TEST ROUTINE: shmem_iput(long)
[16:28:12.976] [INFO] Allocated static arrays: src at 0xaaaad9350540, dest at 0xaaaad9350590
[16:28:12.976] [INFO] Running on PE 0 of 2 total PEs
[16:28:12.976] [INFO] PE 0: Initialized src array with values [0..9]
[16:28:12.976] [INFO] Completed barrier synchronization
[16:28:12.976] [INFO] PE 0: Starting strided put to PE 1
[16:28:12.976] [INFO] PE 0: dest=0xaaaad9350590, src=0xaaaad9350540, dest_stride=2, src_stride=2, nelems=5
[16:28:12.976] [INFO] PE 0: Completed strided put operation
[16:28:12.976] [INFO] Completed barrier synchronization
[16:28:12.976] [INFO] PE 0: Waiting for PE 1 to complete validation
[16:28:12.976] ------ BEGIN TEST ROUTINE: shmem_iput(long long)
[16:28:12.976] [INFO] Allocated static arrays: src at 0xaaaad93505e0, dest at 0xaaaad9350630
[16:28:12.976] [INFO] Running on PE 0 of 2 total PEs
[16:28:12.976] [INFO] PE 0: Initialized src array with values [0..9]
[16:28:12.976] [INFO] Completed barrier synchronization
[16:28:12.976] [INFO] PE 0: Starting strided put to PE 1
[16:28:12.976] [INFO] PE 0: dest=0xaaaad9350630, src=0xaaaad93505e0, dest_stride=2, src_stride=2, nelems=5
[16:28:12.976] [INFO] PE 0: Completed strided put operation
[16:28:12.976] [INFO] Completed barrier synchronization
[16:28:12.976] [INFO] PE 0: Waiting for PE 1 to complete validation
[16:28:12.976] ------ BEGIN TEST ROUTINE: shmem_iput(unsigned char)
[16:28:12.976] [INFO] Allocated static arrays: src at 0xaaaad9350680, dest at 0xaaaad9350690
[16:28:12.976] [INFO] Running on PE 0 of 2 total PEs
[16:28:12.976] [INFO] PE 0: Initialized src array with values [0..9]
[16:28:12.976] [INFO] Completed barrier synchronization
[16:28:12.976] [INFO] PE 0: Starting strided put to PE 1
[16:28:12.976] [INFO] PE 0: dest=0xaaaad9350690, src=0xaaaad9350680, dest_stride=2, src_stride=2, nelems=5
[16:28:12.976] [INFO] PE 0: Completed strided put operation
[16:28:12.976] [INFO] Completed barrier synchronization
[16:28:12.976] [INFO] PE 0: Waiting for PE 1 to complete validation
[16:28:12.976] ------ BEGIN TEST ROUTINE: shmem_iput(unsigned short)
[16:28:12.976] [INFO] Allocated static arrays: src at 0xaaaad93506a0, dest at 0xaaaad93506b8
[16:28:12.976] [INFO] Running on PE 0 of 2 total PEs
[16:28:12.976] [INFO] PE 0: Initialized src array with values [0..9]
[16:28:12.976] [INFO] Completed barrier synchronization
[16:28:12.976] [INFO] PE 0: Starting strided put to PE 1
[16:28:12.976] [INFO] PE 0: dest=0xaaaad93506b8, src=0xaaaad93506a0, dest_stride=2, src_stride=2, nelems=5
[16:28:12.976] [INFO] PE 0: Completed strided put operation
[16:28:12.976] [INFO] Completed barrier synchronization
[16:28:12.976] [INFO] PE 0: Waiting for PE 1 to complete validation
[16:28:12.976] ------ BEGIN TEST ROUTINE: shmem_iput(unsigned int)
[16:28:12.976] [INFO] Allocated static arrays: src at 0xaaaad93506d0, dest at 0xaaaad93506f8
[16:28:12.976] [INFO] Running on PE 0 of 2 total PEs
[16:28:12.976] [INFO] PE 0: Initialized src array with values [0..9]
[16:28:12.977] [INFO] Completed barrier synchronization
[16:28:12.977] [INFO] PE 0: Starting strided put to PE 1
[16:28:12.977] [INFO] PE 0: dest=0xaaaad93506f8, src=0xaaaad93506d0, dest_stride=2, src_stride=2, nelems=5
[16:28:12.977] [INFO] PE 0: Completed strided put operation
[16:28:12.977] [INFO] Completed barrier synchronization
[16:28:12.977] [INFO] PE 0: Waiting for PE 1 to complete validation
[16:28:12.977] ------ BEGIN TEST ROUTINE: shmem_iput(unsigned long)
[16:28:12.977] [INFO] Allocated static arrays: src at 0xaaaad9350720, dest at 0xaaaad9350770
[16:28:12.977] [INFO] Running on PE 0 of 2 total PEs
[16:28:12.977] [INFO] PE 0: Initialized src array with values [0..9]
[16:28:12.977] [INFO] Completed barrier synchronization
[16:28:12.977] [INFO] PE 0: Starting strided put to PE 1
[16:28:12.977] [INFO] PE 0: dest=0xaaaad9350770, src=0xaaaad9350720, dest_stride=2, src_stride=2, nelems=5
[16:28:12.977] [INFO] PE 0: Completed strided put operation
[16:28:12.977] [INFO] Completed barrier synchronization
[16:28:12.977] [INFO] PE 0: Waiting for PE 1 to complete validation
[16:28:12.977] ------ BEGIN TEST ROUTINE: shmem_iput(unsigned long long)
[16:28:12.977] [INFO] Allocated static arrays: src at 0xaaaad93507c0, dest at 0xaaaad9350810
[16:28:12.977] [INFO] Running on PE 0 of 2 total PEs
[16:28:12.977] [INFO] PE 0: Initialized src array with values [0..9]
[16:28:12.977] [INFO] Completed barrier synchronization
[16:28:12.977] [INFO] PE 0: Starting strided put to PE 1
[16:28:12.977] [INFO] PE 0: dest=0xaaaad9350810, src=0xaaaad93507c0, dest_stride=2, src_stride=2, nelems=5
[16:28:12.977] [INFO] PE 0: Completed strided put operation
[16:28:12.977] [INFO] Completed barrier synchronization
[16:28:12.977] [INFO] PE 0: Waiting for PE 1 to complete validation
[16:28:12.977] ------ BEGIN TEST ROUTINE: shmem_iput(int8_t)
[16:28:12.977] [INFO] Allocated static arrays: src at 0xaaaad9350860, dest at 0xaaaad9350870
[16:28:12.977] [INFO] Running on PE 0 of 2 total PEs
[16:28:12.977] [INFO] PE 0: Initialized src array with values [0..9]
[16:28:12.977] [INFO] Completed barrier synchronization
[16:28:12.977] [INFO] PE 0: Starting strided put to PE 1
[16:28:12.977] [INFO] PE 0: dest=0xaaaad9350870, src=0xaaaad9350860, dest_stride=2, src_stride=2, nelems=5
[16:28:12.977] [INFO] PE 0: Completed strided put operation
[16:28:12.977] [INFO] Completed barrier synchronization
[16:28:12.977] [INFO] PE 0: Waiting for PE 1 to complete validation
[16:28:12.977] ------ BEGIN TEST ROUTINE: shmem_iput(int16_t)
[16:28:12.977] [INFO] Allocated static arrays: src at 0xaaaad9350880, dest at 0xaaaad9350898
[16:28:12.977] [INFO] Running on PE 0 of 2 total PEs
[16:28:12.977] [INFO] PE 0: Initialized src array with values [0..9]
[16:28:12.977] [INFO] Completed barrier synchronization
[16:28:12.977] [INFO] PE 0: Starting strided put to PE 1
[16:28:12.977] [INFO] PE 0: dest=0xaaaad9350898, src=0xaaaad9350880, dest_stride=2, src_stride=2, nelems=5
[16:28:12.977] [INFO] PE 0: Completed strided put operation
[16:28:12.978] [INFO] Completed barrier synchronization
[16:28:12.978] [INFO] PE 0: Waiting for PE 1 to complete validation
[16:28:12.978] ------ BEGIN TEST ROUTINE: shmem_iput(int32_t)
[16:28:12.978] [INFO] Allocated static arrays: src at 0xaaaad93508b0, dest at 0xaaaad93508d8
[16:28:12.978] [INFO] Running on PE 0 of 2 total PEs
[16:28:12.978] [INFO] PE 0: Initialized src array with values [0..9]
[16:28:12.978] [INFO] Completed barrier synchronization
[16:28:12.978] [INFO] PE 0: Starting strided put to PE 1
[16:28:12.978] [INFO] PE 0: dest=0xaaaad93508d8, src=0xaaaad93508b0, dest_stride=2, src_stride=2, nelems=5
[16:28:12.978] [INFO] PE 0: Completed strided put operation
[16:28:12.978] [INFO] Completed barrier synchronization
[16:28:12.978] [INFO] PE 0: Waiting for PE 1 to complete validation
[16:28:12.978] ------ BEGIN TEST ROUTINE: shmem_iput(int64_t)
[16:28:12.978] [INFO] Allocated static arrays: src at 0xaaaad9350900, dest at 0xaaaad9350950
[16:28:12.978] [INFO] Running on PE 0 of 2 total PEs
[16:28:12.978] [INFO] PE 0: Initialized src array with values [0..9]
[16:28:12.978] [INFO] Completed barrier synchronization
[16:28:12.978] [INFO] PE 0: Starting strided put to PE 1
[16:28:12.978] [INFO] PE 0: dest=0xaaaad9350950, src=0xaaaad9350900, dest_stride=2, src_stride=2, nelems=5
[16:28:12.978] [INFO] PE 0: Completed strided put operation
[16:28:12.978] [INFO] Completed barrier synchronization
[16:28:12.978] [INFO] PE 0: Waiting for PE 1 to complete validation
[16:28:12.978] ------ BEGIN TEST ROUTINE: shmem_iput(uint8_t)
[16:28:12.978] [INFO] Allocated static arrays: src at 0xaaaad93509a0, dest at 0xaaaad93509b0
[16:28:12.978] [INFO] Running on PE 0 of 2 total PEs
[16:28:12.978] [INFO] PE 0: Initialized src array with values [0..9]
[16:28:12.978] [INFO] Completed barrier synchronization
[16:28:12.978] [INFO] PE 0: Starting strided put to PE 1
[16:28:12.978] [INFO] PE 0: dest=0xaaaad93509b0, src=0xaaaad93509a0, dest_stride=2, src_stride=2, nelems=5
[16:28:12.978] [INFO] PE 0: Completed strided put operation
[16:28:12.978] [INFO] Completed barrier synchronization
[16:28:12.978] [INFO] PE 0: Waiting for PE 1 to complete validation
[16:28:12.978] ------ BEGIN TEST ROUTINE: shmem_iput(uint16_t)
[16:28:12.978] [INFO] Allocated static arrays: src at 0xaaaad93509c0, dest at 0xaaaad93509d8
[16:28:12.978] [INFO] Running on PE 0 of 2 total PEs
[16:28:12.978] [INFO] PE 0: Initialized src array with values [0..9]
[16:28:12.978] [INFO] Completed barrier synchronization
[16:28:12.978] [INFO] PE 0: Starting strided put to PE 1
[16:28:12.978] [INFO] PE 0: dest=0xaaaad93509d8, src=0xaaaad93509c0, dest_stride=2, src_stride=2, nelems=5
[16:28:12.978] [INFO] PE 0: Completed strided put operation
[16:28:12.978] [INFO] Completed barrier synchronization
[16:28:12.978] [INFO] PE 0: Waiting for PE 1 to complete validation
[16:28:12.978] ------ BEGIN TEST ROUTINE: shmem_iput(uint32_t)
[16:28:12.978] [INFO] Allocated static arrays: src at 0xaaaad93509f0, dest at 0xaaaad9350a18
[16:28:12.978] [INFO] Running on PE 0 of 2 total PEs
[16:28:12.978] [INFO] PE 0: Initialized src array with values [0..9]
[16:28:12.979] [INFO] Completed barrier synchronization
[16:28:12.979] [INFO] PE 0: Starting strided put to PE 1
[16:28:12.979] [INFO] PE 0: dest=0xaaaad9350a18, src=0xaaaad93509f0, dest_stride=2, src_stride=2, nelems=5
[16:28:12.979] [INFO] PE 0: Completed strided put operation
[16:28:12.979] [INFO] Completed barrier synchronization
[16:28:12.979] [INFO] PE 0: Waiting for PE 1 to complete validation
[16:28:12.979] ------ BEGIN TEST ROUTINE: shmem_iput(uint64_t)
[16:28:12.979] [INFO] Allocated static arrays: src at 0xaaaad9350a40, dest at 0xaaaad9350a90
[16:28:12.979] [INFO] Running on PE 0 of 2 total PEs
[16:28:12.979] [INFO] PE 0: Initialized src array with values [0..9]
[16:28:12.979] [INFO] Completed barrier synchronization
[16:28:12.979] [INFO] PE 0: Starting strided put to PE 1
[16:28:12.979] [INFO] PE 0: dest=0xaaaad9350a90, src=0xaaaad9350a40, dest_stride=2, src_stride=2, nelems=5
[16:28:12.979] [INFO] PE 0: Completed strided put operation
[16:28:12.979] [INFO] Completed barrier synchronization
[16:28:12.979] [INFO] PE 0: Waiting for PE 1 to complete validation
[16:28:12.979] ------ BEGIN TEST ROUTINE: shmem_iput(size_t)
[16:28:12.979] [INFO] Allocated static arrays: src at 0xaaaad9350ae0, dest at 0xaaaad9350b30
[16:28:12.979] [INFO] Running on PE 0 of 2 total PEs
[16:28:12.979] [INFO] PE 0: Initialized src array with values [0..9]
[16:28:12.979] [INFO] Completed barrier synchronization
[16:28:12.979] [INFO] PE 0: Starting strided put to PE 1
[16:28:12.979] [INFO] PE 0: dest=0xaaaad9350b30, src=0xaaaad9350ae0, dest_stride=2, src_stride=2, nelems=5
[16:28:12.979] [INFO] PE 0: Completed strided put operation
[16:28:12.979] [INFO] Completed barrier synchronization
[16:28:12.979] [INFO] PE 0: Waiting for PE 1 to complete validation
[16:28:12.979] ------ BEGIN TEST ROUTINE: shmem_iput(ptrdiff_t)
[16:28:12.979] [INFO] Allocated static arrays: src at 0xaaaad9350b80, dest at 0xaaaad9350bd0
[16:28:12.979] [INFO] Running on PE 0 of 2 total PEs
[16:28:12.979] [INFO] PE 0: Initialized src array with values [0..9]
[16:28:12.979] [INFO] Completed barrier synchronization
[16:28:12.979] [INFO] PE 0: Starting strided put to PE 1
[16:28:12.979] [INFO] PE 0: dest=0xaaaad9350bd0, src=0xaaaad9350b80, dest_stride=2, src_stride=2, nelems=5
[16:28:12.979] [INFO] PE 0: Completed strided put operation
[16:28:12.979] [INFO] Completed barrier synchronization
[16:28:12.979] [INFO] PE 0: Waiting for PE 1 to complete validation
---------- END TEST: PASSED
