---------- BEGIN TEST: /root/lanl/vv/shmemvv_logs/src/unit/c11/atomics/c11_shmem_atomic_or.c
[11:41:03.552] ------ BEGIN TEST ROUTINE: shmem_atomic_or(unsigned int)
[11:41:03.552] [INFO] shmem_malloc'd 4 bytes at 0xaaab00002250
[11:41:03.552] [INFO] set 0xaaab00002250 to 42
[11:41:03.552] [INFO] executing atomic or: dest = 0xaaab00002250, or_val = 15
[11:41:03.552] [INFO] atomic or on a unsigned int at 0xaaab00002250 produced expected result (42 | 15 = 47)
[11:41:03.552] ------ BEGIN TEST ROUTINE: shmem_atomic_or(unsigned long)
[11:41:03.552] [INFO] shmem_malloc'd 8 bytes at 0xaaab00002250
[11:41:03.552] [INFO] set 0xaaab00002250 to 42
[11:41:03.553] [INFO] executing atomic or: dest = 0xaaab00002250, or_val = 15
[11:41:03.553] [INFO] atomic or on a unsigned long at 0xaaab00002250 produced expected result (42 | 15 = 47)
[11:41:03.553] ------ BEGIN TEST ROUTINE: shmem_atomic_or(unsigned long long)
[11:41:03.553] [INFO] shmem_malloc'd 8 bytes at 0xaaab00002250
[11:41:03.553] [INFO] set 0xaaab00002250 to 42
[11:41:03.553] [INFO] executing atomic or: dest = 0xaaab00002250, or_val = 15
[11:41:03.553] [INFO] atomic or on a unsigned long long at 0xaaab00002250 produced expected result (42 | 15 = 47)
[11:41:03.553] ------ BEGIN TEST ROUTINE: shmem_atomic_or(int32_t)
[11:41:03.553] [INFO] shmem_malloc'd 4 bytes at 0xaaab00002250
[11:41:03.553] [INFO] set 0xaaab00002250 to 42
[11:41:03.553] [INFO] executing atomic or: dest = 0xaaab00002250, or_val = 15
[11:41:03.553] [INFO] atomic or on a int32_t at 0xaaab00002250 produced expected result (42 | 15 = 47)
[11:41:03.553] ------ BEGIN TEST ROUTINE: shmem_atomic_or(int64_t)
[11:41:03.554] [INFO] shmem_malloc'd 8 bytes at 0xaaab00002250
[11:41:03.554] [INFO] set 0xaaab00002250 to 42
[11:41:03.554] [INFO] executing atomic or: dest = 0xaaab00002250, or_val = 15
[11:41:03.554] [INFO] atomic or on a int64_t at 0xaaab00002250 produced expected result (42 | 15 = 47)
[11:41:03.554] ------ BEGIN TEST ROUTINE: shmem_atomic_or(uint32_t)
[11:41:03.554] [INFO] shmem_malloc'd 4 bytes at 0xaaab00002250
[11:41:03.554] [INFO] set 0xaaab00002250 to 42
[11:41:03.554] [INFO] executing atomic or: dest = 0xaaab00002250, or_val = 15
[11:41:03.554] [INFO] atomic or on a uint32_t at 0xaaab00002250 produced expected result (42 | 15 = 47)
[11:41:03.554] ------ BEGIN TEST ROUTINE: shmem_atomic_or(uint64_t)
[11:41:03.554] [INFO] shmem_malloc'd 8 bytes at 0xaaab00002250
[11:41:03.554] [INFO] set 0xaaab00002250 to 42
[11:41:03.554] [INFO] executing atomic or: dest = 0xaaab00002250, or_val = 15
[11:41:03.555] [INFO] atomic or on a uint64_t at 0xaaab00002250 produced expected result (42 | 15 = 47)
---------- END TEST: PASSED
