---------- BEGIN TEST: /root/lanl/vv/shmemvv_logs/src/unit/c11/collectives/c11_shmem_prod_reduce.c
[11:41:03.736] ------ BEGIN TEST ROUTINE: shmem_prod_reduce(float)
[11:41:03.736] [INFO] shmem_malloc'd 4 bytes @ &src = 0xaaab40002250, 4 bytes @ &dest = 0xaaab40002270
[11:41:03.736] [INFO] set src (0xaaab40002250) to 1
[11:41:03.736] [INFO] executing shmem_prod_reduce: dest = 0xaaab40002270, src = 0xaaab40002250
[11:41:03.736] [INFO] shmem_prod_reduce on float produced expected result.
[11:41:03.737] ------ BEGIN TEST ROUTINE: shmem_prod_reduce(double)
[11:41:03.737] [INFO] shmem_malloc'd 8 bytes @ &src = 0xaaab40002250, 8 bytes @ &dest = 0xaaab40002270
[11:41:03.737] [INFO] set src (0xaaab40002250) to 1
[11:41:03.737] [INFO] executing shmem_prod_reduce: dest = 0xaaab40002270, src = 0xaaab40002250
[11:41:03.737] [INFO] shmem_prod_reduce on double produced expected result.
[11:41:03.737] ------ BEGIN TEST ROUTINE: shmem_prod_reduce(long double)
[11:41:03.737] [INFO] shmem_malloc'd 16 bytes @ &src = 0xaaab40002250, 16 bytes @ &dest = 0xaaab40002270
[11:41:03.738] [INFO] set src (0xaaab40002250) to 1
[11:41:03.738] [INFO] executing shmem_prod_reduce: dest = 0xaaab40002270, src = 0xaaab40002250
[11:41:03.738] [INFO] shmem_prod_reduce on long double produced expected result.
[11:41:03.738] ------ BEGIN TEST ROUTINE: shmem_prod_reduce(char)
[11:41:03.738] [INFO] shmem_malloc'd 1 bytes @ &src = 0xaaab40002250, 1 bytes @ &dest = 0xaaab40002270
[11:41:03.738] [INFO] set src (0xaaab40002250) to 1
[11:41:03.738] [INFO] executing shmem_prod_reduce: dest = 0xaaab40002270, src = 0xaaab40002250
[11:41:03.738] [INFO] shmem_prod_reduce on char produced expected result.
[11:41:03.739] ------ BEGIN TEST ROUTINE: shmem_prod_reduce(signed char)
[11:41:03.739] [INFO] shmem_malloc'd 1 bytes @ &src = 0xaaab40002250, 1 bytes @ &dest = 0xaaab40002270
[11:41:03.739] [INFO] set src (0xaaab40002250) to 1
[11:41:03.739] [INFO] executing shmem_prod_reduce: dest = 0xaaab40002270, src = 0xaaab40002250
[11:41:03.739] [INFO] shmem_prod_reduce on signed char produced expected result.
[11:41:03.739] ------ BEGIN TEST ROUTINE: shmem_prod_reduce(short)
[11:41:03.740] [INFO] shmem_malloc'd 2 bytes @ &src = 0xaaab40002250, 2 bytes @ &dest = 0xaaab40002270
[11:41:03.740] [INFO] set src (0xaaab40002250) to 1
[11:41:03.740] [INFO] executing shmem_prod_reduce: dest = 0xaaab40002270, src = 0xaaab40002250
[11:41:03.740] [INFO] shmem_prod_reduce on short produced expected result.
[11:41:03.740] ------ BEGIN TEST ROUTINE: shmem_prod_reduce(int)
[11:41:03.740] [INFO] shmem_malloc'd 4 bytes @ &src = 0xaaab40002250, 4 bytes @ &dest = 0xaaab40002270
[11:41:03.740] [INFO] set src (0xaaab40002250) to 1
[11:41:03.740] [INFO] executing shmem_prod_reduce: dest = 0xaaab40002270, src = 0xaaab40002250
[11:41:03.741] [INFO] shmem_prod_reduce on int produced expected result.
[11:41:03.741] ------ BEGIN TEST ROUTINE: shmem_prod_reduce(long)
[11:41:03.741] [INFO] shmem_malloc'd 8 bytes @ &src = 0xaaab40002250, 8 bytes @ &dest = 0xaaab40002270
[11:41:03.741] [INFO] set src (0xaaab40002250) to 1
[11:41:03.741] [INFO] executing shmem_prod_reduce: dest = 0xaaab40002270, src = 0xaaab40002250
[11:41:03.741] [INFO] shmem_prod_reduce on long produced expected result.
[11:41:03.742] ------ BEGIN TEST ROUTINE: shmem_prod_reduce(long long)
[11:41:03.742] [INFO] shmem_malloc'd 8 bytes @ &src = 0xaaab40002250, 8 bytes @ &dest = 0xaaab40002270
[11:41:03.742] [INFO] set src (0xaaab40002250) to 1
[11:41:03.742] [INFO] executing shmem_prod_reduce: dest = 0xaaab40002270, src = 0xaaab40002250
[11:41:03.742] [INFO] shmem_prod_reduce on long long produced expected result.
[11:41:03.742] ------ BEGIN TEST ROUTINE: shmem_prod_reduce(unsigned char)
[11:41:03.743] [INFO] shmem_malloc'd 1 bytes @ &src = 0xaaab40002250, 1 bytes @ &dest = 0xaaab40002270
[11:41:03.743] [INFO] set src (0xaaab40002250) to 1
[11:41:03.743] [INFO] executing shmem_prod_reduce: dest = 0xaaab40002270, src = 0xaaab40002250
[11:41:03.743] [INFO] shmem_prod_reduce on unsigned char produced expected result.
[11:41:03.743] ------ BEGIN TEST ROUTINE: shmem_prod_reduce(unsigned short)
[11:41:03.743] [INFO] shmem_malloc'd 2 bytes @ &src = 0xaaab40002250, 2 bytes @ &dest = 0xaaab40002270
[11:41:03.743] [INFO] set src (0xaaab40002250) to 1
[11:41:03.743] [INFO] executing shmem_prod_reduce: dest = 0xaaab40002270, src = 0xaaab40002250
[11:41:03.744] [INFO] shmem_prod_reduce on unsigned short produced expected result.
[11:41:03.744] ------ BEGIN TEST ROUTINE: shmem_prod_reduce(unsigned int)
[11:41:03.744] [INFO] shmem_malloc'd 4 bytes @ &src = 0xaaab40002250, 4 bytes @ &dest = 0xaaab40002270
[11:41:03.744] [INFO] set src (0xaaab40002250) to 1
[11:41:03.744] [INFO] executing shmem_prod_reduce: dest = 0xaaab40002270, src = 0xaaab40002250
[11:41:03.744] [INFO] shmem_prod_reduce on unsigned int produced expected result.
[11:41:03.744] ------ BEGIN TEST ROUTINE: shmem_prod_reduce(unsigned long)
[11:41:03.745] [INFO] shmem_malloc'd 8 bytes @ &src = 0xaaab40002250, 8 bytes @ &dest = 0xaaab40002270
[11:41:03.745] [INFO] set src (0xaaab40002250) to 1
[11:41:03.745] [INFO] executing shmem_prod_reduce: dest = 0xaaab40002270, src = 0xaaab40002250
[11:41:03.745] [INFO] shmem_prod_reduce on unsigned long produced expected result.
[11:41:03.745] ------ BEGIN TEST ROUTINE: shmem_prod_reduce(unsigned long long)
[11:41:03.745] [INFO] shmem_malloc'd 8 bytes @ &src = 0xaaab40002250, 8 bytes @ &dest = 0xaaab40002270
[11:41:03.745] [INFO] set src (0xaaab40002250) to 1
[11:41:03.745] [INFO] executing shmem_prod_reduce: dest = 0xaaab40002270, src = 0xaaab40002250
[11:41:03.746] [INFO] shmem_prod_reduce on unsigned long long produced expected result.
[11:41:03.746] ------ BEGIN TEST ROUTINE: shmem_prod_reduce(int8_t)
[11:41:03.746] [INFO] shmem_malloc'd 1 bytes @ &src = 0xaaab40002250, 1 bytes @ &dest = 0xaaab40002270
[11:41:03.746] [INFO] set src (0xaaab40002250) to 1
[11:41:03.746] [INFO] executing shmem_prod_reduce: dest = 0xaaab40002270, src = 0xaaab40002250
[11:41:03.746] [INFO] shmem_prod_reduce on int8_t produced expected result.
[11:41:03.747] ------ BEGIN TEST ROUTINE: shmem_prod_reduce(int16_t)
[11:41:03.747] [INFO] shmem_malloc'd 2 bytes @ &src = 0xaaab40002250, 2 bytes @ &dest = 0xaaab40002270
[11:41:03.747] [INFO] set src (0xaaab40002250) to 1
[11:41:03.747] [INFO] executing shmem_prod_reduce: dest = 0xaaab40002270, src = 0xaaab40002250
[11:41:03.747] [INFO] shmem_prod_reduce on int16_t produced expected result.
[11:41:03.747] ------ BEGIN TEST ROUTINE: shmem_prod_reduce(int32_t)
[11:41:03.747] [INFO] shmem_malloc'd 4 bytes @ &src = 0xaaab40002250, 4 bytes @ &dest = 0xaaab40002270
[11:41:03.747] [INFO] set src (0xaaab40002250) to 1
[11:41:03.747] [INFO] executing shmem_prod_reduce: dest = 0xaaab40002270, src = 0xaaab40002250
[11:41:03.748] [INFO] shmem_prod_reduce on int32_t produced expected result.
[11:41:03.748] ------ BEGIN TEST ROUTINE: shmem_prod_reduce(int64_t)
[11:41:03.748] [INFO] shmem_malloc'd 8 bytes @ &src = 0xaaab40002250, 8 bytes @ &dest = 0xaaab40002270
[11:41:03.748] [INFO] set src (0xaaab40002250) to 1
[11:41:03.748] [INFO] executing shmem_prod_reduce: dest = 0xaaab40002270, src = 0xaaab40002250
[11:41:03.748] [INFO] shmem_prod_reduce on int64_t produced expected result.
[11:41:03.749] ------ BEGIN TEST ROUTINE: shmem_prod_reduce(uint8_t)
[11:41:03.749] [INFO] shmem_malloc'd 1 bytes @ &src = 0xaaab40002250, 1 bytes @ &dest = 0xaaab40002270
[11:41:03.749] [INFO] set src (0xaaab40002250) to 1
[11:41:03.749] [INFO] executing shmem_prod_reduce: dest = 0xaaab40002270, src = 0xaaab40002250
[11:41:03.749] [INFO] shmem_prod_reduce on uint8_t produced expected result.
[11:41:03.749] ------ BEGIN TEST ROUTINE: shmem_prod_reduce(uint16_t)
[11:41:03.750] [INFO] shmem_malloc'd 2 bytes @ &src = 0xaaab40002250, 2 bytes @ &dest = 0xaaab40002270
[11:41:03.750] [INFO] set src (0xaaab40002250) to 1
[11:41:03.750] [INFO] executing shmem_prod_reduce: dest = 0xaaab40002270, src = 0xaaab40002250
[11:41:03.750] [INFO] shmem_prod_reduce on uint16_t produced expected result.
[11:41:03.750] ------ BEGIN TEST ROUTINE: shmem_prod_reduce(uint32_t)
[11:41:03.750] [INFO] shmem_malloc'd 4 bytes @ &src = 0xaaab40002250, 4 bytes @ &dest = 0xaaab40002270
[11:41:03.750] [INFO] set src (0xaaab40002250) to 1
[11:41:03.750] [INFO] executing shmem_prod_reduce: dest = 0xaaab40002270, src = 0xaaab40002250
[11:41:03.751] [INFO] shmem_prod_reduce on uint32_t produced expected result.
[11:41:03.751] ------ BEGIN TEST ROUTINE: shmem_prod_reduce(uint64_t)
[11:41:03.751] [INFO] shmem_malloc'd 8 bytes @ &src = 0xaaab40002250, 8 bytes @ &dest = 0xaaab40002270
[11:41:03.751] [INFO] set src (0xaaab40002250) to 1
[11:41:03.751] [INFO] executing shmem_prod_reduce: dest = 0xaaab40002270, src = 0xaaab40002250
[11:41:03.751] [INFO] shmem_prod_reduce on uint64_t produced expected result.
[11:41:03.752] ------ BEGIN TEST ROUTINE: shmem_prod_reduce(size_t)
[11:41:03.752] [INFO] shmem_malloc'd 8 bytes @ &src = 0xaaab40002250, 8 bytes @ &dest = 0xaaab40002270
[11:41:03.752] [INFO] set src (0xaaab40002250) to 1
[11:41:03.752] [INFO] executing shmem_prod_reduce: dest = 0xaaab40002270, src = 0xaaab40002250
[11:41:03.752] [INFO] shmem_prod_reduce on size_t produced expected result.
[11:41:03.752] ------ BEGIN TEST ROUTINE: shmem_prod_reduce(ptrdiff_t)
[11:41:03.753] [INFO] shmem_malloc'd 8 bytes @ &src = 0xaaab40002250, 8 bytes @ &dest = 0xaaab40002270
[11:41:03.753] [INFO] set src (0xaaab40002250) to 1
[11:41:03.753] [INFO] executing shmem_prod_reduce: dest = 0xaaab40002270, src = 0xaaab40002250
[11:41:03.753] [INFO] shmem_prod_reduce on ptrdiff_t produced expected result.
---------- END TEST: PASSED
