---------- BEGIN TEST: /root/lanl/vv/shmemvv_logs/src/unit/c11/pt2pt_sync/c11_shmem_wait_until_some_vector.c
[14:28:09.144] ------ BEGIN TEST ROUTINE: c11_shmem_wait_until_some_vector(short)
[14:28:09.144] [INFO] Allocated flags array (8 bytes) at address 0xaaab00002250
[14:28:09.144] [INFO] Initialized all flags to 0
[14:28:09.144] [INFO] PE 1: Starting wait_until_some_vector (flags=0xaaab00002250, n=4, indices=0xffffc4d8f338, status=[SHMEM_CMP_EQ x4], cmp_values=[1 x4])
[14:28:09.144] [INFO] PE 1: wait_until_some_vector completed with count=0
[14:28:09.144] [FAIL] PE 1: wait_until_some_vector failed - expected count=2, got count=0
[14:28:09.144] [INFO] Freeing allocated memory at 0xaaab00002250
[14:28:09.145] ------ BEGIN TEST ROUTINE: c11_shmem_wait_until_some_vector(int)
[14:28:09.145] [INFO] Allocated flags array (16 bytes) at address 0xaaab00002250
[14:28:09.145] [INFO] Initialized all flags to 0
[14:28:09.145] [INFO] PE 1: Starting wait_until_some_vector (flags=0xaaab00002250, n=4, indices=0xffffc4d8f338, status=[SHMEM_CMP_EQ x4], cmp_values=[1 x4])
[14:28:09.145] [INFO] PE 1: wait_until_some_vector completed with count=0
[14:28:09.145] [FAIL] PE 1: wait_until_some_vector failed - expected count=2, got count=0
[14:28:09.145] [INFO] Freeing allocated memory at 0xaaab00002250
[14:28:09.145] ------ BEGIN TEST ROUTINE: c11_shmem_wait_until_some_vector(long)
[14:28:09.145] [INFO] Allocated flags array (32 bytes) at address 0xaaab00002250
[14:28:09.145] [INFO] Initialized all flags to 0
[14:28:09.145] [INFO] PE 1: Starting wait_until_some_vector (flags=0xaaab00002250, n=4, indices=0xffffc4d8f338, status=[SHMEM_CMP_EQ x4], cmp_values=[1 x4])
[14:28:09.145] [INFO] PE 1: wait_until_some_vector completed with count=0
[14:28:09.145] [FAIL] PE 1: wait_until_some_vector failed - expected count=2, got count=0
[14:28:09.145] [INFO] Freeing allocated memory at 0xaaab00002250
[14:28:09.145] ------ BEGIN TEST ROUTINE: c11_shmem_wait_until_some_vector(long long)
[14:28:09.145] [INFO] Allocated flags array (32 bytes) at address 0xaaab00002250
[14:28:09.145] [INFO] Initialized all flags to 0
[14:28:09.145] [INFO] PE 1: Starting wait_until_some_vector (flags=0xaaab00002250, n=4, indices=0xffffc4d8f338, status=[SHMEM_CMP_EQ x4], cmp_values=[1 x4])
[14:28:09.145] [INFO] PE 1: wait_until_some_vector completed with count=0
[14:28:09.145] [FAIL] PE 1: wait_until_some_vector failed - expected count=2, got count=0
[14:28:09.145] [INFO] Freeing allocated memory at 0xaaab00002250
[14:28:09.145] ------ BEGIN TEST ROUTINE: c11_shmem_wait_until_some_vector(unsigned short)
[14:28:09.146] [INFO] Allocated flags array (8 bytes) at address 0xaaab00002250
[14:28:09.146] [INFO] Initialized all flags to 0
[14:28:09.146] [INFO] PE 1: Starting wait_until_some_vector (flags=0xaaab00002250, n=4, indices=0xffffc4d8f338, status=[SHMEM_CMP_EQ x4], cmp_values=[1 x4])
[14:28:09.146] [INFO] PE 1: wait_until_some_vector completed with count=0
[14:28:09.146] [FAIL] PE 1: wait_until_some_vector failed - expected count=2, got count=0
[14:28:09.146] [INFO] Freeing allocated memory at 0xaaab00002250
[14:28:09.146] ------ BEGIN TEST ROUTINE: c11_shmem_wait_until_some_vector(unsigned int)
[14:28:09.146] [INFO] Allocated flags array (16 bytes) at address 0xaaab00002250
[14:28:09.146] [INFO] Initialized all flags to 0
[14:28:09.146] [INFO] PE 1: Starting wait_until_some_vector (flags=0xaaab00002250, n=4, indices=0xffffc4d8f338, status=[SHMEM_CMP_EQ x4], cmp_values=[1 x4])
[14:28:09.146] [INFO] PE 1: wait_until_some_vector completed with count=0
[14:28:09.146] [FAIL] PE 1: wait_until_some_vector failed - expected count=2, got count=0
[14:28:09.146] [INFO] Freeing allocated memory at 0xaaab00002250
[14:28:09.146] ------ BEGIN TEST ROUTINE: c11_shmem_wait_until_some_vector(unsigned long)
[14:28:09.146] [INFO] Allocated flags array (32 bytes) at address 0xaaab00002250
[14:28:09.146] [INFO] Initialized all flags to 0
[14:28:09.146] [INFO] PE 1: Starting wait_until_some_vector (flags=0xaaab00002250, n=4, indices=0xffffc4d8f338, status=[SHMEM_CMP_EQ x4], cmp_values=[1 x4])
[14:28:09.146] [INFO] PE 1: wait_until_some_vector completed with count=0
[14:28:09.146] [FAIL] PE 1: wait_until_some_vector failed - expected count=2, got count=0
[14:28:09.146] [INFO] Freeing allocated memory at 0xaaab00002250
[14:28:09.147] ------ BEGIN TEST ROUTINE: c11_shmem_wait_until_some_vector(unsigned long long)
[14:28:09.147] [INFO] Allocated flags array (32 bytes) at address 0xaaab00002250
[14:28:09.147] [INFO] Initialized all flags to 0
[14:28:09.147] [INFO] PE 1: Starting wait_until_some_vector (flags=0xaaab00002250, n=4, indices=0xffffc4d8f338, status=[SHMEM_CMP_EQ x4], cmp_values=[1 x4])
[14:28:09.147] [INFO] PE 1: wait_until_some_vector completed with count=0
[14:28:09.147] [FAIL] PE 1: wait_until_some_vector failed - expected count=2, got count=0
[14:28:09.147] [INFO] Freeing allocated memory at 0xaaab00002250
[14:28:09.147] ------ BEGIN TEST ROUTINE: c11_shmem_wait_until_some_vector(int32_t)
[14:28:09.147] [INFO] Allocated flags array (16 bytes) at address 0xaaab00002250
[14:28:09.147] [INFO] Initialized all flags to 0
[14:28:09.147] [INFO] PE 1: Starting wait_until_some_vector (flags=0xaaab00002250, n=4, indices=0xffffc4d8f338, status=[SHMEM_CMP_EQ x4], cmp_values=[1 x4])
[14:28:09.147] [INFO] PE 1: wait_until_some_vector completed with count=0
[14:28:09.147] [FAIL] PE 1: wait_until_some_vector failed - expected count=2, got count=0
[14:28:09.147] [INFO] Freeing allocated memory at 0xaaab00002250
[14:28:09.147] ------ BEGIN TEST ROUTINE: c11_shmem_wait_until_some_vector(int64_t)
[14:28:09.147] [INFO] Allocated flags array (32 bytes) at address 0xaaab00002250
[14:28:09.147] [INFO] Initialized all flags to 0
[14:28:09.148] [INFO] PE 1: Starting wait_until_some_vector (flags=0xaaab00002250, n=4, indices=0xffffc4d8f338, status=[SHMEM_CMP_EQ x4], cmp_values=[1 x4])
[14:28:09.148] [INFO] PE 1: wait_until_some_vector completed with count=0
[14:28:09.148] [FAIL] PE 1: wait_until_some_vector failed - expected count=2, got count=0
[14:28:09.148] [INFO] Freeing allocated memory at 0xaaab00002250
[14:28:09.148] ------ BEGIN TEST ROUTINE: c11_shmem_wait_until_some_vector(uint32_t)
[14:28:09.148] [INFO] Allocated flags array (16 bytes) at address 0xaaab00002250
[14:28:09.148] [INFO] Initialized all flags to 0
[14:28:09.148] [INFO] PE 1: Starting wait_until_some_vector (flags=0xaaab00002250, n=4, indices=0xffffc4d8f338, status=[SHMEM_CMP_EQ x4], cmp_values=[1 x4])
[14:28:09.148] [INFO] PE 1: wait_until_some_vector completed with count=0
[14:28:09.148] [FAIL] PE 1: wait_until_some_vector failed - expected count=2, got count=0
[14:28:09.148] [INFO] Freeing allocated memory at 0xaaab00002250
[14:28:09.148] ------ BEGIN TEST ROUTINE: c11_shmem_wait_until_some_vector(uint64_t)
[14:28:09.148] [INFO] Allocated flags array (32 bytes) at address 0xaaab00002250
[14:28:09.148] [INFO] Initialized all flags to 0
[14:28:09.148] [INFO] PE 1: Starting wait_until_some_vector (flags=0xaaab00002250, n=4, indices=0xffffc4d8f338, status=[SHMEM_CMP_EQ x4], cmp_values=[1 x4])
[14:28:09.148] [INFO] PE 1: wait_until_some_vector completed with count=0
[14:28:09.148] [FAIL] PE 1: wait_until_some_vector failed - expected count=2, got count=0
[14:28:09.148] [INFO] Freeing allocated memory at 0xaaab00002250
[14:28:09.148] ------ BEGIN TEST ROUTINE: c11_shmem_wait_until_some_vector(size_t)
[14:28:09.148] [INFO] Allocated flags array (32 bytes) at address 0xaaab00002250
[14:28:09.148] [INFO] Initialized all flags to 0
[14:28:09.149] [INFO] PE 1: Starting wait_until_some_vector (flags=0xaaab00002250, n=4, indices=0xffffc4d8f338, status=[SHMEM_CMP_EQ x4], cmp_values=[1 x4])
[14:28:09.149] [INFO] PE 1: wait_until_some_vector completed with count=0
[14:28:09.149] [FAIL] PE 1: wait_until_some_vector failed - expected count=2, got count=0
[14:28:09.149] [INFO] Freeing allocated memory at 0xaaab00002250
[14:28:09.149] ------ BEGIN TEST ROUTINE: c11_shmem_wait_until_some_vector(ptrdiff_t)
[14:28:09.149] [INFO] Allocated flags array (32 bytes) at address 0xaaab00002250
[14:28:09.149] [INFO] Initialized all flags to 0
[14:28:09.149] [INFO] PE 1: Starting wait_until_some_vector (flags=0xaaab00002250, n=4, indices=0xffffc4d8f338, status=[SHMEM_CMP_EQ x4], cmp_values=[1 x4])
[14:28:09.149] [INFO] PE 1: wait_until_some_vector completed with count=0
[14:28:09.149] [FAIL] PE 1: wait_until_some_vector failed - expected count=2, got count=0
[14:28:09.149] [INFO] Freeing allocated memory at 0xaaab00002250
---------- END TEST: FAILED
