---------- BEGIN TEST: /root/lanl/vv/shmemvv_logs/src/unit/c11/rma/c11_shmem_get_nbi.c
[16:28:12.946] ------ BEGIN TEST ROUTINE: shmem_get_nbi(long)
[16:28:12.946] [INFO] Allocated static arrays: src at 0xaaaacc1c0200, dest at 0xaaaacc1c0250
[16:28:12.946] [INFO] Running on PE 1 of 2 total PEs
[16:28:12.946] [INFO] Completed barrier synchronization
[16:28:12.946] [INFO] PE 1: Starting non-blocking get of 10 elements from PE 0
[16:28:12.946] [INFO] PE 1: Calling quiet to ensure completion
[16:28:12.946] [INFO] Completed barrier synchronization
[16:28:12.946] [INFO] PE 1: Beginning validation of received data
[16:28:12.946] [INFO] PE 1: Validation successful - all elements match expected values
[16:28:12.946] ------ BEGIN TEST ROUTINE: shmem_get_nbi(double)
[16:28:12.946] [INFO] Allocated static arrays: src at 0xaaaacc1c02a0, dest at 0xaaaacc1c02f0
[16:28:12.946] [INFO] Running on PE 1 of 2 total PEs
[16:28:12.946] [INFO] Completed barrier synchronization
[16:28:12.946] [INFO] PE 1: Starting non-blocking get of 10 elements from PE 0
[16:28:12.946] [INFO] PE 1: Calling quiet to ensure completion
[16:28:12.946] [INFO] Completed barrier synchronization
[16:28:12.946] [INFO] PE 1: Beginning validation of received data
[16:28:12.946] [INFO] PE 1: Validation successful - all elements match expected values
[16:28:12.946] ------ BEGIN TEST ROUTINE: shmem_get_nbi(long double)
[16:28:12.946] [INFO] Allocated static arrays: src at 0xaaaacc1c0340, dest at 0xaaaacc1c03e0
[16:28:12.946] [INFO] Running on PE 1 of 2 total PEs
[16:28:12.946] [INFO] Completed barrier synchronization
[16:28:12.946] [INFO] PE 1: Starting non-blocking get of 10 elements from PE 0
[16:28:12.946] [INFO] PE 1: Calling quiet to ensure completion
[16:28:12.947] [INFO] Completed barrier synchronization
[16:28:12.947] [INFO] PE 1: Beginning validation of received data
[16:28:12.947] [INFO] PE 1: Validation successful - all elements match expected values
[16:28:12.947] ------ BEGIN TEST ROUTINE: shmem_get_nbi(char)
[16:28:12.947] [INFO] Allocated static arrays: src at 0xaaaacc1c0480, dest at 0xaaaacc1c0490
[16:28:12.947] [INFO] Running on PE 1 of 2 total PEs
[16:28:12.947] [INFO] Completed barrier synchronization
[16:28:12.947] [INFO] PE 1: Starting non-blocking get of 10 elements from PE 0
[16:28:12.947] [INFO] PE 1: Calling quiet to ensure completion
[16:28:12.947] [INFO] Completed barrier synchronization
[16:28:12.947] [INFO] PE 1: Beginning validation of received data
[16:28:12.947] [INFO] PE 1: Validation successful - all elements match expected values
[16:28:12.947] ------ BEGIN TEST ROUTINE: shmem_get_nbi(signed char)
[16:28:12.947] [INFO] Allocated static arrays: src at 0xaaaacc1c04a0, dest at 0xaaaacc1c04b0
[16:28:12.947] [INFO] Running on PE 1 of 2 total PEs
[16:28:12.947] [INFO] Completed barrier synchronization
[16:28:12.947] [INFO] PE 1: Starting non-blocking get of 10 elements from PE 0
[16:28:12.947] [INFO] PE 1: Calling quiet to ensure completion
[16:28:12.947] [INFO] Completed barrier synchronization
[16:28:12.947] [INFO] PE 1: Beginning validation of received data
[16:28:12.947] [INFO] PE 1: Validation successful - all elements match expected values
[16:28:12.947] ------ BEGIN TEST ROUTINE: shmem_get_nbi(short)
[16:28:12.947] [INFO] Allocated static arrays: src at 0xaaaacc1c04c0, dest at 0xaaaacc1c04d8
[16:28:12.947] [INFO] Running on PE 1 of 2 total PEs
[16:28:12.947] [INFO] Completed barrier synchronization
[16:28:12.947] [INFO] PE 1: Starting non-blocking get of 10 elements from PE 0
[16:28:12.947] [INFO] PE 1: Calling quiet to ensure completion
[16:28:12.947] [INFO] Completed barrier synchronization
[16:28:12.947] [INFO] PE 1: Beginning validation of received data
[16:28:12.947] [INFO] PE 1: Validation successful - all elements match expected values
[16:28:12.947] ------ BEGIN TEST ROUTINE: shmem_get_nbi(int)
[16:28:12.947] [INFO] Allocated static arrays: src at 0xaaaacc1c04f0, dest at 0xaaaacc1c0518
[16:28:12.947] [INFO] Running on PE 1 of 2 total PEs
[16:28:12.948] [INFO] Completed barrier synchronization
[16:28:12.948] [INFO] PE 1: Starting non-blocking get of 10 elements from PE 0
[16:28:12.948] [INFO] PE 1: Calling quiet to ensure completion
[16:28:12.948] [INFO] Completed barrier synchronization
[16:28:12.948] [INFO] PE 1: Beginning validation of received data
[16:28:12.948] [INFO] PE 1: Validation successful - all elements match expected values
[16:28:12.948] ------ BEGIN TEST ROUTINE: shmem_get_nbi(long)
[16:28:12.948] [INFO] Allocated static arrays: src at 0xaaaacc1c0540, dest at 0xaaaacc1c0590
[16:28:12.948] [INFO] Running on PE 1 of 2 total PEs
[16:28:12.948] [INFO] Completed barrier synchronization
[16:28:12.948] [INFO] PE 1: Starting non-blocking get of 10 elements from PE 0
[16:28:12.948] [INFO] PE 1: Calling quiet to ensure completion
[16:28:12.948] [INFO] Completed barrier synchronization
[16:28:12.948] [INFO] PE 1: Beginning validation of received data
[16:28:12.948] [INFO] PE 1: Validation successful - all elements match expected values
[16:28:12.948] ------ BEGIN TEST ROUTINE: shmem_get_nbi(long long)
[16:28:12.948] [INFO] Allocated static arrays: src at 0xaaaacc1c05e0, dest at 0xaaaacc1c0630
[16:28:12.948] [INFO] Running on PE 1 of 2 total PEs
[16:28:12.948] [INFO] Completed barrier synchronization
[16:28:12.948] [INFO] PE 1: Starting non-blocking get of 10 elements from PE 0
[16:28:12.948] [INFO] PE 1: Calling quiet to ensure completion
[16:28:12.948] [INFO] Completed barrier synchronization
[16:28:12.948] [INFO] PE 1: Beginning validation of received data
[16:28:12.948] [INFO] PE 1: Validation successful - all elements match expected values
[16:28:12.948] ------ BEGIN TEST ROUTINE: shmem_get_nbi(unsigned char)
[16:28:12.948] [INFO] Allocated static arrays: src at 0xaaaacc1c0680, dest at 0xaaaacc1c0690
[16:28:12.948] [INFO] Running on PE 1 of 2 total PEs
[16:28:12.948] [INFO] Completed barrier synchronization
[16:28:12.948] [INFO] PE 1: Starting non-blocking get of 10 elements from PE 0
[16:28:12.948] [INFO] PE 1: Calling quiet to ensure completion
[16:28:12.949] [INFO] Completed barrier synchronization
[16:28:12.949] [INFO] PE 1: Beginning validation of received data
[16:28:12.949] [INFO] PE 1: Validation successful - all elements match expected values
[16:28:12.949] ------ BEGIN TEST ROUTINE: shmem_get_nbi(unsigned short)
[16:28:12.949] [INFO] Allocated static arrays: src at 0xaaaacc1c06a0, dest at 0xaaaacc1c06b8
[16:28:12.949] [INFO] Running on PE 1 of 2 total PEs
[16:28:12.949] [INFO] Completed barrier synchronization
[16:28:12.949] [INFO] PE 1: Starting non-blocking get of 10 elements from PE 0
[16:28:12.949] [INFO] PE 1: Calling quiet to ensure completion
[16:28:12.949] [INFO] Completed barrier synchronization
[16:28:12.949] [INFO] PE 1: Beginning validation of received data
[16:28:12.949] [INFO] PE 1: Validation successful - all elements match expected values
[16:28:12.949] ------ BEGIN TEST ROUTINE: shmem_get_nbi(unsigned int)
[16:28:12.949] [INFO] Allocated static arrays: src at 0xaaaacc1c06d0, dest at 0xaaaacc1c06f8
[16:28:12.949] [INFO] Running on PE 1 of 2 total PEs
[16:28:12.949] [INFO] Completed barrier synchronization
[16:28:12.949] [INFO] PE 1: Starting non-blocking get of 10 elements from PE 0
[16:28:12.949] [INFO] PE 1: Calling quiet to ensure completion
[16:28:12.949] [INFO] Completed barrier synchronization
[16:28:12.949] [INFO] PE 1: Beginning validation of received data
[16:28:12.949] [INFO] PE 1: Validation successful - all elements match expected values
[16:28:12.949] ------ BEGIN TEST ROUTINE: shmem_get_nbi(unsigned long)
[16:28:12.949] [INFO] Allocated static arrays: src at 0xaaaacc1c0720, dest at 0xaaaacc1c0770
[16:28:12.949] [INFO] Running on PE 1 of 2 total PEs
[16:28:12.949] [INFO] Completed barrier synchronization
[16:28:12.949] [INFO] PE 1: Starting non-blocking get of 10 elements from PE 0
[16:28:12.949] [INFO] PE 1: Calling quiet to ensure completion
[16:28:12.949] [INFO] Completed barrier synchronization
[16:28:12.949] [INFO] PE 1: Beginning validation of received data
[16:28:12.949] [INFO] PE 1: Validation successful - all elements match expected values
[16:28:12.949] ------ BEGIN TEST ROUTINE: shmem_get_nbi(unsigned long long)
[16:28:12.949] [INFO] Allocated static arrays: src at 0xaaaacc1c07c0, dest at 0xaaaacc1c0810
[16:28:12.949] [INFO] Running on PE 1 of 2 total PEs
[16:28:12.950] [INFO] Completed barrier synchronization
[16:28:12.950] [INFO] PE 1: Starting non-blocking get of 10 elements from PE 0
[16:28:12.950] [INFO] PE 1: Calling quiet to ensure completion
[16:28:12.950] [INFO] Completed barrier synchronization
[16:28:12.950] [INFO] PE 1: Beginning validation of received data
[16:28:12.950] [INFO] PE 1: Validation successful - all elements match expected values
[16:28:12.950] ------ BEGIN TEST ROUTINE: shmem_get_nbi(int8_t)
[16:28:12.950] [INFO] Allocated static arrays: src at 0xaaaacc1c0860, dest at 0xaaaacc1c0870
[16:28:12.950] [INFO] Running on PE 1 of 2 total PEs
[16:28:12.950] [INFO] Completed barrier synchronization
[16:28:12.950] [INFO] PE 1: Starting non-blocking get of 10 elements from PE 0
[16:28:12.950] [INFO] PE 1: Calling quiet to ensure completion
[16:28:12.950] [INFO] Completed barrier synchronization
[16:28:12.950] [INFO] PE 1: Beginning validation of received data
[16:28:12.950] [INFO] PE 1: Validation successful - all elements match expected values
[16:28:12.950] ------ BEGIN TEST ROUTINE: shmem_get_nbi(int16_t)
[16:28:12.950] [INFO] Allocated static arrays: src at 0xaaaacc1c0880, dest at 0xaaaacc1c0898
[16:28:12.950] [INFO] Running on PE 1 of 2 total PEs
[16:28:12.950] [INFO] Completed barrier synchronization
[16:28:12.950] [INFO] PE 1: Starting non-blocking get of 10 elements from PE 0
[16:28:12.950] [INFO] PE 1: Calling quiet to ensure completion
[16:28:12.950] [INFO] Completed barrier synchronization
[16:28:12.950] [INFO] PE 1: Beginning validation of received data
[16:28:12.950] [INFO] PE 1: Validation successful - all elements match expected values
[16:28:12.950] ------ BEGIN TEST ROUTINE: shmem_get_nbi(int32_t)
[16:28:12.950] [INFO] Allocated static arrays: src at 0xaaaacc1c08b0, dest at 0xaaaacc1c08d8
[16:28:12.950] [INFO] Running on PE 1 of 2 total PEs
[16:28:12.950] [INFO] Completed barrier synchronization
[16:28:12.950] [INFO] PE 1: Starting non-blocking get of 10 elements from PE 0
[16:28:12.950] [INFO] PE 1: Calling quiet to ensure completion
[16:28:12.950] [INFO] Completed barrier synchronization
[16:28:12.950] [INFO] PE 1: Beginning validation of received data
[16:28:12.950] [INFO] PE 1: Validation successful - all elements match expected values
[16:28:12.950] ------ BEGIN TEST ROUTINE: shmem_get_nbi(int64_t)
[16:28:12.950] [INFO] Allocated static arrays: src at 0xaaaacc1c0900, dest at 0xaaaacc1c0950
[16:28:12.950] [INFO] Running on PE 1 of 2 total PEs
[16:28:12.951] [INFO] Completed barrier synchronization
[16:28:12.951] [INFO] PE 1: Starting non-blocking get of 10 elements from PE 0
[16:28:12.951] [INFO] PE 1: Calling quiet to ensure completion
[16:28:12.951] [INFO] Completed barrier synchronization
[16:28:12.951] [INFO] PE 1: Beginning validation of received data
[16:28:12.951] [INFO] PE 1: Validation successful - all elements match expected values
[16:28:12.951] ------ BEGIN TEST ROUTINE: shmem_get_nbi(uint8_t)
[16:28:12.951] [INFO] Allocated static arrays: src at 0xaaaacc1c09a0, dest at 0xaaaacc1c09b0
[16:28:12.951] [INFO] Running on PE 1 of 2 total PEs
[16:28:12.951] [INFO] Completed barrier synchronization
[16:28:12.951] [INFO] PE 1: Starting non-blocking get of 10 elements from PE 0
[16:28:12.951] [INFO] PE 1: Calling quiet to ensure completion
[16:28:12.951] [INFO] Completed barrier synchronization
[16:28:12.951] [INFO] PE 1: Beginning validation of received data
[16:28:12.951] [INFO] PE 1: Validation successful - all elements match expected values
[16:28:12.951] ------ BEGIN TEST ROUTINE: shmem_get_nbi(uint16_t)
[16:28:12.951] [INFO] Allocated static arrays: src at 0xaaaacc1c09c0, dest at 0xaaaacc1c09d8
[16:28:12.951] [INFO] Running on PE 1 of 2 total PEs
[16:28:12.951] [INFO] Completed barrier synchronization
[16:28:12.951] [INFO] PE 1: Starting non-blocking get of 10 elements from PE 0
[16:28:12.951] [INFO] PE 1: Calling quiet to ensure completion
[16:28:12.951] [INFO] Completed barrier synchronization
[16:28:12.951] [INFO] PE 1: Beginning validation of received data
[16:28:12.951] [INFO] PE 1: Validation successful - all elements match expected values
[16:28:12.951] ------ BEGIN TEST ROUTINE: shmem_get_nbi(uint32_t)
[16:28:12.951] [INFO] Allocated static arrays: src at 0xaaaacc1c09f0, dest at 0xaaaacc1c0a18
[16:28:12.951] [INFO] Running on PE 1 of 2 total PEs
[16:28:12.951] [INFO] Completed barrier synchronization
[16:28:12.951] [INFO] PE 1: Starting non-blocking get of 10 elements from PE 0
[16:28:12.951] [INFO] PE 1: Calling quiet to ensure completion
[16:28:12.952] [INFO] Completed barrier synchronization
[16:28:12.952] [INFO] PE 1: Beginning validation of received data
[16:28:12.952] [INFO] PE 1: Validation successful - all elements match expected values
[16:28:12.952] ------ BEGIN TEST ROUTINE: shmem_get_nbi(uint64_t)
[16:28:12.952] [INFO] Allocated static arrays: src at 0xaaaacc1c0a40, dest at 0xaaaacc1c0a90
[16:28:12.952] [INFO] Running on PE 1 of 2 total PEs
[16:28:12.952] [INFO] Completed barrier synchronization
[16:28:12.952] [INFO] PE 1: Starting non-blocking get of 10 elements from PE 0
[16:28:12.952] [INFO] PE 1: Calling quiet to ensure completion
[16:28:12.952] [INFO] Completed barrier synchronization
[16:28:12.952] [INFO] PE 1: Beginning validation of received data
[16:28:12.952] [INFO] PE 1: Validation successful - all elements match expected values
[16:28:12.952] ------ BEGIN TEST ROUTINE: shmem_get_nbi(size_t)
[16:28:12.952] [INFO] Allocated static arrays: src at 0xaaaacc1c0ae0, dest at 0xaaaacc1c0b30
[16:28:12.952] [INFO] Running on PE 1 of 2 total PEs
[16:28:12.952] [INFO] Completed barrier synchronization
[16:28:12.952] [INFO] PE 1: Starting non-blocking get of 10 elements from PE 0
[16:28:12.952] [INFO] PE 1: Calling quiet to ensure completion
[16:28:12.952] [INFO] Completed barrier synchronization
[16:28:12.952] [INFO] PE 1: Beginning validation of received data
[16:28:12.952] [INFO] PE 1: Validation successful - all elements match expected values
[16:28:12.952] ------ BEGIN TEST ROUTINE: shmem_get_nbi(ptrdiff_t)
[16:28:12.952] [INFO] Allocated static arrays: src at 0xaaaacc1c0b80, dest at 0xaaaacc1c0bd0
[16:28:12.952] [INFO] Running on PE 1 of 2 total PEs
[16:28:12.952] [INFO] Completed barrier synchronization
[16:28:12.952] [INFO] PE 1: Starting non-blocking get of 10 elements from PE 0
[16:28:12.952] [INFO] PE 1: Calling quiet to ensure completion
[16:28:12.952] [INFO] Completed barrier synchronization
[16:28:12.952] [INFO] PE 1: Beginning validation of received data
[16:28:12.952] [INFO] PE 1: Validation successful - all elements match expected values
---------- END TEST: PASSED
