---------- BEGIN TEST: /root/lanl/vv/shmemvv_logs/src/unit/c11/rma/c11_shmem_put_nbi.c
[14:59:26.724] ------ BEGIN TEST ROUTINE: shmem_put_nbi(long)
[14:59:26.724] [INFO] Allocated static arrays: src at 0xaaaac5c20200, dest at 0xaaaac5c20250
[14:59:26.724] [INFO] Running on PE 0 of 2 total PEs
[14:59:26.724] [INFO] PE 0: Initialized src[0] = 0
[14:59:26.724] [INFO] PE 0: Initialized src[1] = 1
[14:59:26.724] [INFO] PE 0: Initialized src[2] = 2
[14:59:26.724] [INFO] PE 0: Initialized src[3] = 3
[14:59:26.724] [INFO] PE 0: Initialized src[4] = 4
[14:59:26.724] [INFO] PE 0: Initialized src[5] = 5
[14:59:26.724] [INFO] PE 0: Initialized src[6] = 6
[14:59:26.724] [INFO] PE 0: Initialized src[7] = 7
[14:59:26.724] [INFO] PE 0: Initialized src[8] = 8
[14:59:26.724] [INFO] PE 0: Initialized src[9] = 9
[14:59:26.724] [INFO] Completed barrier synchronization
[14:59:26.724] [INFO] PE 0: Starting non-blocking put operation to PE 1
[14:59:26.724] [INFO] PE 0: dest=0xaaaac5c20250, src=0xaaaac5c20200, nelems=10
[14:59:26.724] [INFO] PE 0: Completed put operation and quiet
[14:59:26.724] [INFO] Completed barrier synchronization
[14:59:26.724] [INFO] PE 0: Waiting for PE 1 to complete validation
[14:59:26.724] ------ BEGIN TEST ROUTINE: shmem_put_nbi(double)
[14:59:26.724] [INFO] Allocated static arrays: src at 0xaaaac5c202a0, dest at 0xaaaac5c202f0
[14:59:26.724] [INFO] Running on PE 0 of 2 total PEs
[14:59:26.724] [INFO] PE 0: Initialized src[0] = 0
[14:59:26.724] [INFO] PE 0: Initialized src[1] = 1
[14:59:26.724] [INFO] PE 0: Initialized src[2] = 2
[14:59:26.724] [INFO] PE 0: Initialized src[3] = 3
[14:59:26.724] [INFO] PE 0: Initialized src[4] = 4
[14:59:26.724] [INFO] PE 0: Initialized src[5] = 5
[14:59:26.724] [INFO] PE 0: Initialized src[6] = 6
[14:59:26.724] [INFO] PE 0: Initialized src[7] = 7
[14:59:26.724] [INFO] PE 0: Initialized src[8] = 8
[14:59:26.724] [INFO] PE 0: Initialized src[9] = 9
[14:59:26.724] [INFO] Completed barrier synchronization
[14:59:26.724] [INFO] PE 0: Starting non-blocking put operation to PE 1
[14:59:26.724] [INFO] PE 0: dest=0xaaaac5c202f0, src=0xaaaac5c202a0, nelems=10
[14:59:26.724] [INFO] PE 0: Completed put operation and quiet
[14:59:26.724] [INFO] Completed barrier synchronization
[14:59:26.724] [INFO] PE 0: Waiting for PE 1 to complete validation
[14:59:26.724] ------ BEGIN TEST ROUTINE: shmem_put_nbi(long double)
[14:59:26.724] [INFO] Allocated static arrays: src at 0xaaaac5c20340, dest at 0xaaaac5c203e0
[14:59:26.724] [INFO] Running on PE 0 of 2 total PEs
[14:59:26.724] [INFO] PE 0: Initialized src[0] = 0
[14:59:26.724] [INFO] PE 0: Initialized src[1] = 1
[14:59:26.724] [INFO] PE 0: Initialized src[2] = 2
[14:59:26.724] [INFO] PE 0: Initialized src[3] = 3
[14:59:26.724] [INFO] PE 0: Initialized src[4] = 4
[14:59:26.724] [INFO] PE 0: Initialized src[5] = 5
[14:59:26.724] [INFO] PE 0: Initialized src[6] = 6
[14:59:26.724] [INFO] PE 0: Initialized src[7] = 7
[14:59:26.724] [INFO] PE 0: Initialized src[8] = 8
[14:59:26.724] [INFO] PE 0: Initialized src[9] = 9
[14:59:26.725] [INFO] Completed barrier synchronization
[14:59:26.725] [INFO] PE 0: Starting non-blocking put operation to PE 1
[14:59:26.725] [INFO] PE 0: dest=0xaaaac5c203e0, src=0xaaaac5c20340, nelems=10
[14:59:26.725] [INFO] PE 0: Completed put operation and quiet
[14:59:26.725] [INFO] Completed barrier synchronization
[14:59:26.725] [INFO] PE 0: Waiting for PE 1 to complete validation
[14:59:26.725] ------ BEGIN TEST ROUTINE: shmem_put_nbi(char)
[14:59:26.725] [INFO] Allocated static arrays: src at 0xaaaac5c20480, dest at 0xaaaac5c20490
[14:59:26.725] [INFO] Running on PE 0 of 2 total PEs
[14:59:26.725] [INFO] PE 0: Initialized src[0] = 0
[14:59:26.725] [INFO] PE 0: Initialized src[1] = 1
[14:59:26.725] [INFO] PE 0: Initialized src[2] = 2
[14:59:26.725] [INFO] PE 0: Initialized src[3] = 3
[14:59:26.725] [INFO] PE 0: Initialized src[4] = 4
[14:59:26.725] [INFO] PE 0: Initialized src[5] = 5
[14:59:26.725] [INFO] PE 0: Initialized src[6] = 6
[14:59:26.725] [INFO] PE 0: Initialized src[7] = 7
[14:59:26.725] [INFO] PE 0: Initialized src[8] = 8
[14:59:26.725] [INFO] PE 0: Initialized src[9] = 9
[14:59:26.725] [INFO] Completed barrier synchronization
[14:59:26.725] [INFO] PE 0: Starting non-blocking put operation to PE 1
[14:59:26.725] [INFO] PE 0: dest=0xaaaac5c20490, src=0xaaaac5c20480, nelems=10
[14:59:26.725] [INFO] PE 0: Completed put operation and quiet
[14:59:26.725] [INFO] Completed barrier synchronization
[14:59:26.725] [INFO] PE 0: Waiting for PE 1 to complete validation
[14:59:26.725] ------ BEGIN TEST ROUTINE: shmem_put_nbi(signed char)
[14:59:26.725] [INFO] Allocated static arrays: src at 0xaaaac5c204a0, dest at 0xaaaac5c204b0
[14:59:26.725] [INFO] Running on PE 0 of 2 total PEs
[14:59:26.725] [INFO] PE 0: Initialized src[0] = 0
[14:59:26.725] [INFO] PE 0: Initialized src[1] = 1
[14:59:26.725] [INFO] PE 0: Initialized src[2] = 2
[14:59:26.725] [INFO] PE 0: Initialized src[3] = 3
[14:59:26.725] [INFO] PE 0: Initialized src[4] = 4
[14:59:26.725] [INFO] PE 0: Initialized src[5] = 5
[14:59:26.725] [INFO] PE 0: Initialized src[6] = 6
[14:59:26.725] [INFO] PE 0: Initialized src[7] = 7
[14:59:26.725] [INFO] PE 0: Initialized src[8] = 8
[14:59:26.725] [INFO] PE 0: Initialized src[9] = 9
[14:59:26.725] [INFO] Completed barrier synchronization
[14:59:26.725] [INFO] PE 0: Starting non-blocking put operation to PE 1
[14:59:26.725] [INFO] PE 0: dest=0xaaaac5c204b0, src=0xaaaac5c204a0, nelems=10
[14:59:26.725] [INFO] PE 0: Completed put operation and quiet
[14:59:26.725] [INFO] Completed barrier synchronization
[14:59:26.725] [INFO] PE 0: Waiting for PE 1 to complete validation
[14:59:26.725] ------ BEGIN TEST ROUTINE: shmem_put_nbi(short)
[14:59:26.725] [INFO] Allocated static arrays: src at 0xaaaac5c204c0, dest at 0xaaaac5c204d8
[14:59:26.725] [INFO] Running on PE 0 of 2 total PEs
[14:59:26.725] [INFO] PE 0: Initialized src[0] = 0
[14:59:26.725] [INFO] PE 0: Initialized src[1] = 1
[14:59:26.725] [INFO] PE 0: Initialized src[2] = 2
[14:59:26.725] [INFO] PE 0: Initialized src[3] = 3
[14:59:26.725] [INFO] PE 0: Initialized src[4] = 4
[14:59:26.725] [INFO] PE 0: Initialized src[5] = 5
[14:59:26.725] [INFO] PE 0: Initialized src[6] = 6
[14:59:26.725] [INFO] PE 0: Initialized src[7] = 7
[14:59:26.725] [INFO] PE 0: Initialized src[8] = 8
[14:59:26.725] [INFO] PE 0: Initialized src[9] = 9
[14:59:26.725] [INFO] Completed barrier synchronization
[14:59:26.725] [INFO] PE 0: Starting non-blocking put operation to PE 1
[14:59:26.725] [INFO] PE 0: dest=0xaaaac5c204d8, src=0xaaaac5c204c0, nelems=10
[14:59:26.726] [INFO] PE 0: Completed put operation and quiet
[14:59:26.726] [INFO] Completed barrier synchronization
[14:59:26.726] [INFO] PE 0: Waiting for PE 1 to complete validation
[14:59:26.726] ------ BEGIN TEST ROUTINE: shmem_put_nbi(int)
[14:59:26.726] [INFO] Allocated static arrays: src at 0xaaaac5c204f0, dest at 0xaaaac5c20518
[14:59:26.726] [INFO] Running on PE 0 of 2 total PEs
[14:59:26.726] [INFO] PE 0: Initialized src[0] = 0
[14:59:26.726] [INFO] PE 0: Initialized src[1] = 1
[14:59:26.726] [INFO] PE 0: Initialized src[2] = 2
[14:59:26.726] [INFO] PE 0: Initialized src[3] = 3
[14:59:26.726] [INFO] PE 0: Initialized src[4] = 4
[14:59:26.726] [INFO] PE 0: Initialized src[5] = 5
[14:59:26.726] [INFO] PE 0: Initialized src[6] = 6
[14:59:26.726] [INFO] PE 0: Initialized src[7] = 7
[14:59:26.726] [INFO] PE 0: Initialized src[8] = 8
[14:59:26.726] [INFO] PE 0: Initialized src[9] = 9
[14:59:26.726] [INFO] Completed barrier synchronization
[14:59:26.726] [INFO] PE 0: Starting non-blocking put operation to PE 1
[14:59:26.726] [INFO] PE 0: dest=0xaaaac5c20518, src=0xaaaac5c204f0, nelems=10
[14:59:26.726] [INFO] PE 0: Completed put operation and quiet
[14:59:26.726] [INFO] Completed barrier synchronization
[14:59:26.726] [INFO] PE 0: Waiting for PE 1 to complete validation
[14:59:26.726] ------ BEGIN TEST ROUTINE: shmem_put_nbi(long)
[14:59:26.726] [INFO] Allocated static arrays: src at 0xaaaac5c20540, dest at 0xaaaac5c20590
[14:59:26.726] [INFO] Running on PE 0 of 2 total PEs
[14:59:26.726] [INFO] PE 0: Initialized src[0] = 0
[14:59:26.726] [INFO] PE 0: Initialized src[1] = 1
[14:59:26.726] [INFO] PE 0: Initialized src[2] = 2
[14:59:26.726] [INFO] PE 0: Initialized src[3] = 3
[14:59:26.726] [INFO] PE 0: Initialized src[4] = 4
[14:59:26.726] [INFO] PE 0: Initialized src[5] = 5
[14:59:26.726] [INFO] PE 0: Initialized src[6] = 6
[14:59:26.726] [INFO] PE 0: Initialized src[7] = 7
[14:59:26.726] [INFO] PE 0: Initialized src[8] = 8
[14:59:26.726] [INFO] PE 0: Initialized src[9] = 9
[14:59:26.726] [INFO] Completed barrier synchronization
[14:59:26.726] [INFO] PE 0: Starting non-blocking put operation to PE 1
[14:59:26.726] [INFO] PE 0: dest=0xaaaac5c20590, src=0xaaaac5c20540, nelems=10
[14:59:26.726] [INFO] PE 0: Completed put operation and quiet
[14:59:26.726] [INFO] Completed barrier synchronization
[14:59:26.726] [INFO] PE 0: Waiting for PE 1 to complete validation
[14:59:26.726] ------ BEGIN TEST ROUTINE: shmem_put_nbi(long long)
[14:59:26.726] [INFO] Allocated static arrays: src at 0xaaaac5c205e0, dest at 0xaaaac5c20630
[14:59:26.726] [INFO] Running on PE 0 of 2 total PEs
[14:59:26.726] [INFO] PE 0: Initialized src[0] = 0
[14:59:26.726] [INFO] PE 0: Initialized src[1] = 1
[14:59:26.726] [INFO] PE 0: Initialized src[2] = 2
[14:59:26.726] [INFO] PE 0: Initialized src[3] = 3
[14:59:26.726] [INFO] PE 0: Initialized src[4] = 4
[14:59:26.726] [INFO] PE 0: Initialized src[5] = 5
[14:59:26.726] [INFO] PE 0: Initialized src[6] = 6
[14:59:26.726] [INFO] PE 0: Initialized src[7] = 7
[14:59:26.726] [INFO] PE 0: Initialized src[8] = 8
[14:59:26.726] [INFO] PE 0: Initialized src[9] = 9
[14:59:26.726] [INFO] Completed barrier synchronization
[14:59:26.726] [INFO] PE 0: Starting non-blocking put operation to PE 1
[14:59:26.726] [INFO] PE 0: dest=0xaaaac5c20630, src=0xaaaac5c205e0, nelems=10
[14:59:26.726] [INFO] PE 0: Completed put operation and quiet
[14:59:26.726] [INFO] Completed barrier synchronization
[14:59:26.726] [INFO] PE 0: Waiting for PE 1 to complete validation
[14:59:26.726] ------ BEGIN TEST ROUTINE: shmem_put_nbi(unsigned char)
[14:59:26.726] [INFO] Allocated static arrays: src at 0xaaaac5c20680, dest at 0xaaaac5c20690
[14:59:26.726] [INFO] Running on PE 0 of 2 total PEs
[14:59:26.726] [INFO] PE 0: Initialized src[0] = 0
[14:59:26.726] [INFO] PE 0: Initialized src[1] = 1
[14:59:26.726] [INFO] PE 0: Initialized src[2] = 2
[14:59:26.726] [INFO] PE 0: Initialized src[3] = 3
[14:59:26.726] [INFO] PE 0: Initialized src[4] = 4
[14:59:26.726] [INFO] PE 0: Initialized src[5] = 5
[14:59:26.726] [INFO] PE 0: Initialized src[6] = 6
[14:59:26.726] [INFO] PE 0: Initialized src[7] = 7
[14:59:26.726] [INFO] PE 0: Initialized src[8] = 8
[14:59:26.726] [INFO] PE 0: Initialized src[9] = 9
[14:59:26.727] [INFO] Completed barrier synchronization
[14:59:26.727] [INFO] PE 0: Starting non-blocking put operation to PE 1
[14:59:26.727] [INFO] PE 0: dest=0xaaaac5c20690, src=0xaaaac5c20680, nelems=10
[14:59:26.727] [INFO] PE 0: Completed put operation and quiet
[14:59:26.727] [INFO] Completed barrier synchronization
[14:59:26.727] [INFO] PE 0: Waiting for PE 1 to complete validation
[14:59:26.727] ------ BEGIN TEST ROUTINE: shmem_put_nbi(unsigned short)
[14:59:26.727] [INFO] Allocated static arrays: src at 0xaaaac5c206a0, dest at 0xaaaac5c206b8
[14:59:26.727] [INFO] Running on PE 0 of 2 total PEs
[14:59:26.727] [INFO] PE 0: Initialized src[0] = 0
[14:59:26.727] [INFO] PE 0: Initialized src[1] = 1
[14:59:26.727] [INFO] PE 0: Initialized src[2] = 2
[14:59:26.727] [INFO] PE 0: Initialized src[3] = 3
[14:59:26.727] [INFO] PE 0: Initialized src[4] = 4
[14:59:26.727] [INFO] PE 0: Initialized src[5] = 5
[14:59:26.727] [INFO] PE 0: Initialized src[6] = 6
[14:59:26.727] [INFO] PE 0: Initialized src[7] = 7
[14:59:26.727] [INFO] PE 0: Initialized src[8] = 8
[14:59:26.727] [INFO] PE 0: Initialized src[9] = 9
[14:59:26.727] [INFO] Completed barrier synchronization
[14:59:26.727] [INFO] PE 0: Starting non-blocking put operation to PE 1
[14:59:26.727] [INFO] PE 0: dest=0xaaaac5c206b8, src=0xaaaac5c206a0, nelems=10
[14:59:26.727] [INFO] PE 0: Completed put operation and quiet
[14:59:26.727] [INFO] Completed barrier synchronization
[14:59:26.727] [INFO] PE 0: Waiting for PE 1 to complete validation
[14:59:26.727] ------ BEGIN TEST ROUTINE: shmem_put_nbi(unsigned int)
[14:59:26.727] [INFO] Allocated static arrays: src at 0xaaaac5c206d0, dest at 0xaaaac5c206f8
[14:59:26.727] [INFO] Running on PE 0 of 2 total PEs
[14:59:26.727] [INFO] PE 0: Initialized src[0] = 0
[14:59:26.727] [INFO] PE 0: Initialized src[1] = 1
[14:59:26.727] [INFO] PE 0: Initialized src[2] = 2
[14:59:26.727] [INFO] PE 0: Initialized src[3] = 3
[14:59:26.727] [INFO] PE 0: Initialized src[4] = 4
[14:59:26.727] [INFO] PE 0: Initialized src[5] = 5
[14:59:26.727] [INFO] PE 0: Initialized src[6] = 6
[14:59:26.727] [INFO] PE 0: Initialized src[7] = 7
[14:59:26.727] [INFO] PE 0: Initialized src[8] = 8
[14:59:26.727] [INFO] PE 0: Initialized src[9] = 9
[14:59:26.727] [INFO] Completed barrier synchronization
[14:59:26.727] [INFO] PE 0: Starting non-blocking put operation to PE 1
[14:59:26.727] [INFO] PE 0: dest=0xaaaac5c206f8, src=0xaaaac5c206d0, nelems=10
[14:59:26.727] [INFO] PE 0: Completed put operation and quiet
[14:59:26.727] [INFO] Completed barrier synchronization
[14:59:26.727] [INFO] PE 0: Waiting for PE 1 to complete validation
[14:59:26.727] ------ BEGIN TEST ROUTINE: shmem_put_nbi(unsigned long)
[14:59:26.727] [INFO] Allocated static arrays: src at 0xaaaac5c20720, dest at 0xaaaac5c20770
[14:59:26.727] [INFO] Running on PE 0 of 2 total PEs
[14:59:26.727] [INFO] PE 0: Initialized src[0] = 0
[14:59:26.727] [INFO] PE 0: Initialized src[1] = 1
[14:59:26.727] [INFO] PE 0: Initialized src[2] = 2
[14:59:26.727] [INFO] PE 0: Initialized src[3] = 3
[14:59:26.727] [INFO] PE 0: Initialized src[4] = 4
[14:59:26.727] [INFO] PE 0: Initialized src[5] = 5
[14:59:26.727] [INFO] PE 0: Initialized src[6] = 6
[14:59:26.727] [INFO] PE 0: Initialized src[7] = 7
[14:59:26.727] [INFO] PE 0: Initialized src[8] = 8
[14:59:26.727] [INFO] PE 0: Initialized src[9] = 9
[14:59:26.727] [INFO] Completed barrier synchronization
[14:59:26.727] [INFO] PE 0: Starting non-blocking put operation to PE 1
[14:59:26.727] [INFO] PE 0: dest=0xaaaac5c20770, src=0xaaaac5c20720, nelems=10
[14:59:26.727] [INFO] PE 0: Completed put operation and quiet
[14:59:26.728] [INFO] Completed barrier synchronization
[14:59:26.728] [INFO] PE 0: Waiting for PE 1 to complete validation
[14:59:26.728] ------ BEGIN TEST ROUTINE: shmem_put_nbi(unsigned long long)
[14:59:26.728] [INFO] Allocated static arrays: src at 0xaaaac5c207c0, dest at 0xaaaac5c20810
[14:59:26.728] [INFO] Running on PE 0 of 2 total PEs
[14:59:26.728] [INFO] PE 0: Initialized src[0] = 0
[14:59:26.728] [INFO] PE 0: Initialized src[1] = 1
[14:59:26.728] [INFO] PE 0: Initialized src[2] = 2
[14:59:26.728] [INFO] PE 0: Initialized src[3] = 3
[14:59:26.728] [INFO] PE 0: Initialized src[4] = 4
[14:59:26.728] [INFO] PE 0: Initialized src[5] = 5
[14:59:26.728] [INFO] PE 0: Initialized src[6] = 6
[14:59:26.728] [INFO] PE 0: Initialized src[7] = 7
[14:59:26.728] [INFO] PE 0: Initialized src[8] = 8
[14:59:26.728] [INFO] PE 0: Initialized src[9] = 9
[14:59:26.728] [INFO] Completed barrier synchronization
[14:59:26.728] [INFO] PE 0: Starting non-blocking put operation to PE 1
[14:59:26.728] [INFO] PE 0: dest=0xaaaac5c20810, src=0xaaaac5c207c0, nelems=10
[14:59:26.728] [INFO] PE 0: Completed put operation and quiet
[14:59:26.728] [INFO] Completed barrier synchronization
[14:59:26.728] [INFO] PE 0: Waiting for PE 1 to complete validation
[14:59:26.728] ------ BEGIN TEST ROUTINE: shmem_put_nbi(int8_t)
[14:59:26.728] [INFO] Allocated static arrays: src at 0xaaaac5c20860, dest at 0xaaaac5c20870
[14:59:26.728] [INFO] Running on PE 0 of 2 total PEs
[14:59:26.728] [INFO] PE 0: Initialized src[0] = 0
[14:59:26.728] [INFO] PE 0: Initialized src[1] = 1
[14:59:26.728] [INFO] PE 0: Initialized src[2] = 2
[14:59:26.728] [INFO] PE 0: Initialized src[3] = 3
[14:59:26.728] [INFO] PE 0: Initialized src[4] = 4
[14:59:26.728] [INFO] PE 0: Initialized src[5] = 5
[14:59:26.728] [INFO] PE 0: Initialized src[6] = 6
[14:59:26.728] [INFO] PE 0: Initialized src[7] = 7
[14:59:26.728] [INFO] PE 0: Initialized src[8] = 8
[14:59:26.728] [INFO] PE 0: Initialized src[9] = 9
[14:59:26.728] [INFO] Completed barrier synchronization
[14:59:26.728] [INFO] PE 0: Starting non-blocking put operation to PE 1
[14:59:26.728] [INFO] PE 0: dest=0xaaaac5c20870, src=0xaaaac5c20860, nelems=10
[14:59:26.728] [INFO] PE 0: Completed put operation and quiet
[14:59:26.728] [INFO] Completed barrier synchronization
[14:59:26.728] [INFO] PE 0: Waiting for PE 1 to complete validation
[14:59:26.728] ------ BEGIN TEST ROUTINE: shmem_put_nbi(int16_t)
[14:59:26.728] [INFO] Allocated static arrays: src at 0xaaaac5c20880, dest at 0xaaaac5c20898
[14:59:26.728] [INFO] Running on PE 0 of 2 total PEs
[14:59:26.728] [INFO] PE 0: Initialized src[0] = 0
[14:59:26.728] [INFO] PE 0: Initialized src[1] = 1
[14:59:26.728] [INFO] PE 0: Initialized src[2] = 2
[14:59:26.728] [INFO] PE 0: Initialized src[3] = 3
[14:59:26.728] [INFO] PE 0: Initialized src[4] = 4
[14:59:26.728] [INFO] PE 0: Initialized src[5] = 5
[14:59:26.728] [INFO] PE 0: Initialized src[6] = 6
[14:59:26.728] [INFO] PE 0: Initialized src[7] = 7
[14:59:26.728] [INFO] PE 0: Initialized src[8] = 8
[14:59:26.728] [INFO] PE 0: Initialized src[9] = 9
[14:59:26.728] [INFO] Completed barrier synchronization
[14:59:26.728] [INFO] PE 0: Starting non-blocking put operation to PE 1
[14:59:26.728] [INFO] PE 0: dest=0xaaaac5c20898, src=0xaaaac5c20880, nelems=10
[14:59:26.728] [INFO] PE 0: Completed put operation and quiet
[14:59:26.728] [INFO] Completed barrier synchronization
[14:59:26.728] [INFO] PE 0: Waiting for PE 1 to complete validation
[14:59:26.728] ------ BEGIN TEST ROUTINE: shmem_put_nbi(int32_t)
[14:59:26.728] [INFO] Allocated static arrays: src at 0xaaaac5c208b0, dest at 0xaaaac5c208d8
[14:59:26.728] [INFO] Running on PE 0 of 2 total PEs
[14:59:26.728] [INFO] PE 0: Initialized src[0] = 0
[14:59:26.728] [INFO] PE 0: Initialized src[1] = 1
[14:59:26.728] [INFO] PE 0: Initialized src[2] = 2
[14:59:26.728] [INFO] PE 0: Initialized src[3] = 3
[14:59:26.728] [INFO] PE 0: Initialized src[4] = 4
[14:59:26.728] [INFO] PE 0: Initialized src[5] = 5
[14:59:26.728] [INFO] PE 0: Initialized src[6] = 6
[14:59:26.728] [INFO] PE 0: Initialized src[7] = 7
[14:59:26.728] [INFO] PE 0: Initialized src[8] = 8
[14:59:26.728] [INFO] PE 0: Initialized src[9] = 9
[14:59:26.729] [INFO] Completed barrier synchronization
[14:59:26.729] [INFO] PE 0: Starting non-blocking put operation to PE 1
[14:59:26.729] [INFO] PE 0: dest=0xaaaac5c208d8, src=0xaaaac5c208b0, nelems=10
[14:59:26.729] [INFO] PE 0: Completed put operation and quiet
[14:59:26.729] [INFO] Completed barrier synchronization
[14:59:26.729] [INFO] PE 0: Waiting for PE 1 to complete validation
[14:59:26.729] ------ BEGIN TEST ROUTINE: shmem_put_nbi(int64_t)
[14:59:26.729] [INFO] Allocated static arrays: src at 0xaaaac5c20900, dest at 0xaaaac5c20950
[14:59:26.729] [INFO] Running on PE 0 of 2 total PEs
[14:59:26.729] [INFO] PE 0: Initialized src[0] = 0
[14:59:26.729] [INFO] PE 0: Initialized src[1] = 1
[14:59:26.729] [INFO] PE 0: Initialized src[2] = 2
[14:59:26.729] [INFO] PE 0: Initialized src[3] = 3
[14:59:26.729] [INFO] PE 0: Initialized src[4] = 4
[14:59:26.729] [INFO] PE 0: Initialized src[5] = 5
[14:59:26.729] [INFO] PE 0: Initialized src[6] = 6
[14:59:26.729] [INFO] PE 0: Initialized src[7] = 7
[14:59:26.729] [INFO] PE 0: Initialized src[8] = 8
[14:59:26.729] [INFO] PE 0: Initialized src[9] = 9
[14:59:26.729] [INFO] Completed barrier synchronization
[14:59:26.729] [INFO] PE 0: Starting non-blocking put operation to PE 1
[14:59:26.729] [INFO] PE 0: dest=0xaaaac5c20950, src=0xaaaac5c20900, nelems=10
[14:59:26.729] [INFO] PE 0: Completed put operation and quiet
[14:59:26.729] [INFO] Completed barrier synchronization
[14:59:26.729] [INFO] PE 0: Waiting for PE 1 to complete validation
[14:59:26.729] ------ BEGIN TEST ROUTINE: shmem_put_nbi(uint8_t)
[14:59:26.729] [INFO] Allocated static arrays: src at 0xaaaac5c209a0, dest at 0xaaaac5c209b0
[14:59:26.729] [INFO] Running on PE 0 of 2 total PEs
[14:59:26.729] [INFO] PE 0: Initialized src[0] = 0
[14:59:26.729] [INFO] PE 0: Initialized src[1] = 1
[14:59:26.729] [INFO] PE 0: Initialized src[2] = 2
[14:59:26.729] [INFO] PE 0: Initialized src[3] = 3
[14:59:26.729] [INFO] PE 0: Initialized src[4] = 4
[14:59:26.729] [INFO] PE 0: Initialized src[5] = 5
[14:59:26.729] [INFO] PE 0: Initialized src[6] = 6
[14:59:26.729] [INFO] PE 0: Initialized src[7] = 7
[14:59:26.729] [INFO] PE 0: Initialized src[8] = 8
[14:59:26.729] [INFO] PE 0: Initialized src[9] = 9
[14:59:26.729] [INFO] Completed barrier synchronization
[14:59:26.729] [INFO] PE 0: Starting non-blocking put operation to PE 1
[14:59:26.729] [INFO] PE 0: dest=0xaaaac5c209b0, src=0xaaaac5c209a0, nelems=10
[14:59:26.729] [INFO] PE 0: Completed put operation and quiet
[14:59:26.729] [INFO] Completed barrier synchronization
[14:59:26.729] [INFO] PE 0: Waiting for PE 1 to complete validation
[14:59:26.729] ------ BEGIN TEST ROUTINE: shmem_put_nbi(uint16_t)
[14:59:26.729] [INFO] Allocated static arrays: src at 0xaaaac5c209c0, dest at 0xaaaac5c209d8
[14:59:26.729] [INFO] Running on PE 0 of 2 total PEs
[14:59:26.729] [INFO] PE 0: Initialized src[0] = 0
[14:59:26.729] [INFO] PE 0: Initialized src[1] = 1
[14:59:26.729] [INFO] PE 0: Initialized src[2] = 2
[14:59:26.729] [INFO] PE 0: Initialized src[3] = 3
[14:59:26.729] [INFO] PE 0: Initialized src[4] = 4
[14:59:26.729] [INFO] PE 0: Initialized src[5] = 5
[14:59:26.729] [INFO] PE 0: Initialized src[6] = 6
[14:59:26.729] [INFO] PE 0: Initialized src[7] = 7
[14:59:26.729] [INFO] PE 0: Initialized src[8] = 8
[14:59:26.729] [INFO] PE 0: Initialized src[9] = 9
[14:59:26.729] [INFO] Completed barrier synchronization
[14:59:26.729] [INFO] PE 0: Starting non-blocking put operation to PE 1
[14:59:26.729] [INFO] PE 0: dest=0xaaaac5c209d8, src=0xaaaac5c209c0, nelems=10
[14:59:26.729] [INFO] PE 0: Completed put operation and quiet
[14:59:26.729] [INFO] Completed barrier synchronization
[14:59:26.729] [INFO] PE 0: Waiting for PE 1 to complete validation
[14:59:26.729] ------ BEGIN TEST ROUTINE: shmem_put_nbi(uint32_t)
[14:59:26.729] [INFO] Allocated static arrays: src at 0xaaaac5c209f0, dest at 0xaaaac5c20a18
[14:59:26.729] [INFO] Running on PE 0 of 2 total PEs
[14:59:26.729] [INFO] PE 0: Initialized src[0] = 0
[14:59:26.729] [INFO] PE 0: Initialized src[1] = 1
[14:59:26.729] [INFO] PE 0: Initialized src[2] = 2
[14:59:26.729] [INFO] PE 0: Initialized src[3] = 3
[14:59:26.729] [INFO] PE 0: Initialized src[4] = 4
[14:59:26.729] [INFO] PE 0: Initialized src[5] = 5
[14:59:26.729] [INFO] PE 0: Initialized src[6] = 6
[14:59:26.729] [INFO] PE 0: Initialized src[7] = 7
[14:59:26.729] [INFO] PE 0: Initialized src[8] = 8
[14:59:26.729] [INFO] PE 0: Initialized src[9] = 9
[14:59:26.729] [INFO] Completed barrier synchronization
[14:59:26.729] [INFO] PE 0: Starting non-blocking put operation to PE 1
[14:59:26.729] [INFO] PE 0: dest=0xaaaac5c20a18, src=0xaaaac5c209f0, nelems=10
[14:59:26.730] [INFO] PE 0: Completed put operation and quiet
[14:59:26.730] [INFO] Completed barrier synchronization
[14:59:26.730] [INFO] PE 0: Waiting for PE 1 to complete validation
[14:59:26.730] ------ BEGIN TEST ROUTINE: shmem_put_nbi(uint64_t)
[14:59:26.730] [INFO] Allocated static arrays: src at 0xaaaac5c20a40, dest at 0xaaaac5c20a90
[14:59:26.730] [INFO] Running on PE 0 of 2 total PEs
[14:59:26.730] [INFO] PE 0: Initialized src[0] = 0
[14:59:26.730] [INFO] PE 0: Initialized src[1] = 1
[14:59:26.730] [INFO] PE 0: Initialized src[2] = 2
[14:59:26.730] [INFO] PE 0: Initialized src[3] = 3
[14:59:26.730] [INFO] PE 0: Initialized src[4] = 4
[14:59:26.730] [INFO] PE 0: Initialized src[5] = 5
[14:59:26.730] [INFO] PE 0: Initialized src[6] = 6
[14:59:26.730] [INFO] PE 0: Initialized src[7] = 7
[14:59:26.730] [INFO] PE 0: Initialized src[8] = 8
[14:59:26.730] [INFO] PE 0: Initialized src[9] = 9
[14:59:26.730] [INFO] Completed barrier synchronization
[14:59:26.730] [INFO] PE 0: Starting non-blocking put operation to PE 1
[14:59:26.730] [INFO] PE 0: dest=0xaaaac5c20a90, src=0xaaaac5c20a40, nelems=10
[14:59:26.730] [INFO] PE 0: Completed put operation and quiet
[14:59:26.730] [INFO] Completed barrier synchronization
[14:59:26.730] [INFO] PE 0: Waiting for PE 1 to complete validation
[14:59:26.730] ------ BEGIN TEST ROUTINE: shmem_put_nbi(size_t)
[14:59:26.730] [INFO] Allocated static arrays: src at 0xaaaac5c20ae0, dest at 0xaaaac5c20b30
[14:59:26.730] [INFO] Running on PE 0 of 2 total PEs
[14:59:26.730] [INFO] PE 0: Initialized src[0] = 0
[14:59:26.730] [INFO] PE 0: Initialized src[1] = 1
[14:59:26.730] [INFO] PE 0: Initialized src[2] = 2
[14:59:26.730] [INFO] PE 0: Initialized src[3] = 3
[14:59:26.730] [INFO] PE 0: Initialized src[4] = 4
[14:59:26.730] [INFO] PE 0: Initialized src[5] = 5
[14:59:26.730] [INFO] PE 0: Initialized src[6] = 6
[14:59:26.730] [INFO] PE 0: Initialized src[7] = 7
[14:59:26.730] [INFO] PE 0: Initialized src[8] = 8
[14:59:26.730] [INFO] PE 0: Initialized src[9] = 9
[14:59:26.730] [INFO] Completed barrier synchronization
[14:59:26.730] [INFO] PE 0: Starting non-blocking put operation to PE 1
[14:59:26.730] [INFO] PE 0: dest=0xaaaac5c20b30, src=0xaaaac5c20ae0, nelems=10
[14:59:26.730] [INFO] PE 0: Completed put operation and quiet
[14:59:26.730] [INFO] Completed barrier synchronization
[14:59:26.730] [INFO] PE 0: Waiting for PE 1 to complete validation
[14:59:26.730] ------ BEGIN TEST ROUTINE: shmem_put_nbi(ptrdiff_t)
[14:59:26.730] [INFO] Allocated static arrays: src at 0xaaaac5c20b80, dest at 0xaaaac5c20bd0
[14:59:26.730] [INFO] Running on PE 0 of 2 total PEs
[14:59:26.730] [INFO] PE 0: Initialized src[0] = 0
[14:59:26.730] [INFO] PE 0: Initialized src[1] = 1
[14:59:26.730] [INFO] PE 0: Initialized src[2] = 2
[14:59:26.730] [INFO] PE 0: Initialized src[3] = 3
[14:59:26.730] [INFO] PE 0: Initialized src[4] = 4
[14:59:26.730] [INFO] PE 0: Initialized src[5] = 5
[14:59:26.730] [INFO] PE 0: Initialized src[6] = 6
[14:59:26.730] [INFO] PE 0: Initialized src[7] = 7
[14:59:26.730] [INFO] PE 0: Initialized src[8] = 8
[14:59:26.730] [INFO] PE 0: Initialized src[9] = 9
[14:59:26.730] [INFO] Completed barrier synchronization
[14:59:26.730] [INFO] PE 0: Starting non-blocking put operation to PE 1
[14:59:26.730] [INFO] PE 0: dest=0xaaaac5c20bd0, src=0xaaaac5c20b80, nelems=10
[14:59:26.730] [INFO] PE 0: Completed put operation and quiet
[14:59:26.730] [INFO] Completed barrier synchronization
[14:59:26.730] [INFO] PE 0: Waiting for PE 1 to complete validation
---------- END TEST: PASSED
