---------- BEGIN TEST: /root/lanl/vv/shmemvv_logs/src/unit/c11/atomics/c11_shmem_atomic_swap_nbi.c
[11:36:32.536] ------ BEGIN TEST ROUTINE: shmem_atomic_swap_nbi(int)
[11:36:32.537] [INFO] shmem_malloc'd 4 bytes at 0xaaab40002250
[11:36:32.537] [INFO] set 0xaaab40002250 to 42
[11:36:32.537] [INFO] executing swap nbi: dest = 0xaaab40002250, new_val = 43
[11:36:32.537] [INFO] atomic swap nbi on a int at 0xaaab40002250 produced expected result
[11:36:32.537] ------ BEGIN TEST ROUTINE: shmem_atomic_swap_nbi(long)
[11:36:32.537] [INFO] shmem_malloc'd 8 bytes at 0xaaab40002250
[11:36:32.537] [INFO] set 0xaaab40002250 to 42
[11:36:32.537] [INFO] executing swap nbi: dest = 0xaaab40002250, new_val = 43
[11:36:32.537] [INFO] atomic swap nbi on a long at 0xaaab40002250 produced expected result
[11:36:32.538] ------ BEGIN TEST ROUTINE: shmem_atomic_swap_nbi(long long)
[11:36:32.538] [INFO] shmem_malloc'd 8 bytes at 0xaaab40002250
[11:36:32.538] [INFO] set 0xaaab40002250 to 42
[11:36:32.538] [INFO] executing swap nbi: dest = 0xaaab40002250, new_val = 43
[11:36:32.538] [INFO] atomic swap nbi on a long long at 0xaaab40002250 produced expected result
[11:36:32.538] ------ BEGIN TEST ROUTINE: shmem_atomic_swap_nbi(unsigned int)
[11:36:32.538] [INFO] shmem_malloc'd 4 bytes at 0xaaab40002250
[11:36:32.538] [INFO] set 0xaaab40002250 to 42
[11:36:32.538] [INFO] executing swap nbi: dest = 0xaaab40002250, new_val = 43
[11:36:32.538] [INFO] atomic swap nbi on a unsigned int at 0xaaab40002250 produced expected result
[11:36:32.539] ------ BEGIN TEST ROUTINE: shmem_atomic_swap_nbi(unsigned long)
[11:36:32.539] [INFO] shmem_malloc'd 8 bytes at 0xaaab40002250
[11:36:32.539] [INFO] set 0xaaab40002250 to 42
[11:36:32.539] [INFO] executing swap nbi: dest = 0xaaab40002250, new_val = 43
[11:36:32.539] [INFO] atomic swap nbi on a unsigned long at 0xaaab40002250 produced expected result
[11:36:32.539] ------ BEGIN TEST ROUTINE: shmem_atomic_swap_nbi(unsigned long long)
[11:36:32.539] [INFO] shmem_malloc'd 8 bytes at 0xaaab40002250
[11:36:32.539] [INFO] set 0xaaab40002250 to 42
[11:36:32.539] [INFO] executing swap nbi: dest = 0xaaab40002250, new_val = 43
[11:36:32.539] [INFO] atomic swap nbi on a unsigned long long at 0xaaab40002250 produced expected result
[11:36:32.540] ------ BEGIN TEST ROUTINE: shmem_atomic_swap_nbi(int32_t)
[11:36:32.540] [INFO] shmem_malloc'd 4 bytes at 0xaaab40002250
[11:36:32.540] [INFO] set 0xaaab40002250 to 42
[11:36:32.540] [INFO] executing swap nbi: dest = 0xaaab40002250, new_val = 43
[11:36:32.540] [INFO] atomic swap nbi on a int32_t at 0xaaab40002250 produced expected result
[11:36:32.540] ------ BEGIN TEST ROUTINE: shmem_atomic_swap_nbi(int64_t)
[11:36:32.540] [INFO] shmem_malloc'd 8 bytes at 0xaaab40002250
[11:36:32.540] [INFO] set 0xaaab40002250 to 42
[11:36:32.540] [INFO] executing swap nbi: dest = 0xaaab40002250, new_val = 43
[11:36:32.540] [INFO] atomic swap nbi on a int64_t at 0xaaab40002250 produced expected result
[11:36:32.541] ------ BEGIN TEST ROUTINE: shmem_atomic_swap_nbi(uint32_t)
[11:36:32.541] [INFO] shmem_malloc'd 4 bytes at 0xaaab40002250
[11:36:32.541] [INFO] set 0xaaab40002250 to 42
[11:36:32.541] [INFO] executing swap nbi: dest = 0xaaab40002250, new_val = 43
[11:36:32.541] [INFO] atomic swap nbi on a uint32_t at 0xaaab40002250 produced expected result
[11:36:32.541] ------ BEGIN TEST ROUTINE: shmem_atomic_swap_nbi(uint64_t)
[11:36:32.541] [INFO] shmem_malloc'd 8 bytes at 0xaaab40002250
[11:36:32.541] [INFO] set 0xaaab40002250 to 42
[11:36:32.541] [INFO] executing swap nbi: dest = 0xaaab40002250, new_val = 43
[11:36:32.541] [INFO] atomic swap nbi on a uint64_t at 0xaaab40002250 produced expected result
[11:36:32.542] ------ BEGIN TEST ROUTINE: shmem_atomic_swap_nbi(size_t)
[11:36:32.542] [INFO] shmem_malloc'd 8 bytes at 0xaaab40002250
[11:36:32.542] [INFO] set 0xaaab40002250 to 42
[11:36:32.542] [INFO] executing swap nbi: dest = 0xaaab40002250, new_val = 43
[11:36:32.542] [INFO] atomic swap nbi on a size_t at 0xaaab40002250 produced expected result
[11:36:32.542] ------ BEGIN TEST ROUTINE: shmem_atomic_swap_nbi(ptrdiff_t)
[11:36:32.542] [INFO] shmem_malloc'd 8 bytes at 0xaaab40002250
[11:36:32.542] [INFO] set 0xaaab40002250 to 42
[11:36:32.542] [INFO] executing swap nbi: dest = 0xaaab40002250, new_val = 43
[11:36:32.542] [INFO] atomic swap nbi on a ptrdiff_t at 0xaaab40002250 produced expected result
---------- END TEST: PASSED
