---------- BEGIN TEST: /root/lanl/vv/shmemvv_logs/src/unit/c11/pt2pt_sync/c11_shmem_wait_until_any.c
[14:28:09.106] ------ BEGIN TEST ROUTINE: c11_shmem_wait_until_any(short)
[14:28:09.107] [INFO] Allocated flags array (6 bytes) at address 0xaaab40002250
[14:28:09.107] [INFO] Initialized all flags to 0
[14:28:09.107] [INFO] PE 1: Starting wait_until_any (flags=0xaaab40002250, n=3, status=[SHMEM_CMP_EQ x3], target=1)
[14:28:09.107] [INFO] PE 1: wait_until_any completed with index=18446744073709551615
[14:28:09.107] [FAIL] PE 1: wait_until_any failed - returned SIZE_MAX
[14:28:09.107] [INFO] Freeing allocated memory at 0xaaab40002250
[14:28:09.107] ------ BEGIN TEST ROUTINE: c11_shmem_wait_until_any(int)
[14:28:09.107] [INFO] Allocated flags array (12 bytes) at address 0xaaab40002250
[14:28:09.107] [INFO] Initialized all flags to 0
[14:28:09.107] [INFO] PE 1: Starting wait_until_any (flags=0xaaab40002250, n=3, status=[SHMEM_CMP_EQ x3], target=1)
[14:28:09.107] [INFO] PE 1: wait_until_any completed with index=18446744073709551615
[14:28:09.107] [FAIL] PE 1: wait_until_any failed - returned SIZE_MAX
[14:28:09.107] [INFO] Freeing allocated memory at 0xaaab40002250
[14:28:09.107] ------ BEGIN TEST ROUTINE: c11_shmem_wait_until_any(long)
[14:28:09.108] [INFO] Allocated flags array (24 bytes) at address 0xaaab40002250
[14:28:09.108] [INFO] Initialized all flags to 0
[14:28:09.108] [INFO] PE 1: Starting wait_until_any (flags=0xaaab40002250, n=3, status=[SHMEM_CMP_EQ x3], target=1)
[14:28:09.108] [INFO] PE 1: wait_until_any completed with index=18446744073709551615
[14:28:09.108] [FAIL] PE 1: wait_until_any failed - returned SIZE_MAX
[14:28:09.108] [INFO] Freeing allocated memory at 0xaaab40002250
[14:28:09.108] ------ BEGIN TEST ROUTINE: c11_shmem_wait_until_any(long long)
[14:28:09.108] [INFO] Allocated flags array (24 bytes) at address 0xaaab40002250
[14:28:09.108] [INFO] Initialized all flags to 0
[14:28:09.108] [INFO] PE 1: Starting wait_until_any (flags=0xaaab40002250, n=3, status=[SHMEM_CMP_EQ x3], target=1)
[14:28:09.108] [INFO] PE 1: wait_until_any completed with index=18446744073709551615
[14:28:09.108] [FAIL] PE 1: wait_until_any failed - returned SIZE_MAX
[14:28:09.108] [INFO] Freeing allocated memory at 0xaaab40002250
[14:28:09.108] ------ BEGIN TEST ROUTINE: c11_shmem_wait_until_any(unsigned short)
[14:28:09.108] [INFO] Allocated flags array (6 bytes) at address 0xaaab40002250
[14:28:09.108] [INFO] Initialized all flags to 0
[14:28:09.108] [INFO] PE 1: Starting wait_until_any (flags=0xaaab40002250, n=3, status=[SHMEM_CMP_EQ x3], target=1)
[14:28:09.108] [INFO] PE 1: wait_until_any completed with index=18446744073709551615
[14:28:09.108] [FAIL] PE 1: wait_until_any failed - returned SIZE_MAX
[14:28:09.108] [INFO] Freeing allocated memory at 0xaaab40002250
[14:28:09.108] ------ BEGIN TEST ROUTINE: c11_shmem_wait_until_any(unsigned int)
[14:28:09.109] [INFO] Allocated flags array (12 bytes) at address 0xaaab40002250
[14:28:09.109] [INFO] Initialized all flags to 0
[14:28:09.109] [INFO] PE 1: Starting wait_until_any (flags=0xaaab40002250, n=3, status=[SHMEM_CMP_EQ x3], target=1)
[14:28:09.109] [INFO] PE 1: wait_until_any completed with index=18446744073709551615
[14:28:09.109] [FAIL] PE 1: wait_until_any failed - returned SIZE_MAX
[14:28:09.109] [INFO] Freeing allocated memory at 0xaaab40002250
[14:28:09.109] ------ BEGIN TEST ROUTINE: c11_shmem_wait_until_any(unsigned long)
[14:28:09.109] [INFO] Allocated flags array (24 bytes) at address 0xaaab40002250
[14:28:09.109] [INFO] Initialized all flags to 0
[14:28:09.109] [INFO] PE 1: Starting wait_until_any (flags=0xaaab40002250, n=3, status=[SHMEM_CMP_EQ x3], target=1)
[14:28:09.109] [INFO] PE 1: wait_until_any completed with index=18446744073709551615
[14:28:09.109] [FAIL] PE 1: wait_until_any failed - returned SIZE_MAX
[14:28:09.109] [INFO] Freeing allocated memory at 0xaaab40002250
[14:28:09.109] ------ BEGIN TEST ROUTINE: c11_shmem_wait_until_any(unsigned long long)
[14:28:09.109] [INFO] Allocated flags array (24 bytes) at address 0xaaab40002250
[14:28:09.109] [INFO] Initialized all flags to 0
[14:28:09.109] [INFO] PE 1: Starting wait_until_any (flags=0xaaab40002250, n=3, status=[SHMEM_CMP_EQ x3], target=1)
[14:28:09.109] [INFO] PE 1: wait_until_any completed with index=18446744073709551615
[14:28:09.109] [FAIL] PE 1: wait_until_any failed - returned SIZE_MAX
[14:28:09.109] [INFO] Freeing allocated memory at 0xaaab40002250
[14:28:09.110] ------ BEGIN TEST ROUTINE: c11_shmem_wait_until_any(int32_t)
[14:28:09.110] [INFO] Allocated flags array (12 bytes) at address 0xaaab40002250
[14:28:09.110] [INFO] Initialized all flags to 0
[14:28:09.110] [INFO] PE 1: Starting wait_until_any (flags=0xaaab40002250, n=3, status=[SHMEM_CMP_EQ x3], target=1)
[14:28:09.110] [INFO] PE 1: wait_until_any completed with index=18446744073709551615
[14:28:09.110] [FAIL] PE 1: wait_until_any failed - returned SIZE_MAX
[14:28:09.110] [INFO] Freeing allocated memory at 0xaaab40002250
[14:28:09.110] ------ BEGIN TEST ROUTINE: c11_shmem_wait_until_any(int64_t)
[14:28:09.110] [INFO] Allocated flags array (24 bytes) at address 0xaaab40002250
[14:28:09.110] [INFO] Initialized all flags to 0
[14:28:09.110] [INFO] PE 1: Starting wait_until_any (flags=0xaaab40002250, n=3, status=[SHMEM_CMP_EQ x3], target=1)
[14:28:09.110] [INFO] PE 1: wait_until_any completed with index=18446744073709551615
[14:28:09.110] [FAIL] PE 1: wait_until_any failed - returned SIZE_MAX
[14:28:09.110] [INFO] Freeing allocated memory at 0xaaab40002250
[14:28:09.111] ------ BEGIN TEST ROUTINE: c11_shmem_wait_until_any(uint32_t)
[14:28:09.111] [INFO] Allocated flags array (12 bytes) at address 0xaaab40002250
[14:28:09.111] [INFO] Initialized all flags to 0
[14:28:09.111] [INFO] PE 1: Starting wait_until_any (flags=0xaaab40002250, n=3, status=[SHMEM_CMP_EQ x3], target=1)
[14:28:09.111] [INFO] PE 1: wait_until_any completed with index=18446744073709551615
[14:28:09.111] [FAIL] PE 1: wait_until_any failed - returned SIZE_MAX
[14:28:09.111] [INFO] Freeing allocated memory at 0xaaab40002250
[14:28:09.111] ------ BEGIN TEST ROUTINE: c11_shmem_wait_until_any(uint64_t)
[14:28:09.111] [INFO] Allocated flags array (24 bytes) at address 0xaaab40002250
[14:28:09.111] [INFO] Initialized all flags to 0
[14:28:09.111] [INFO] PE 1: Starting wait_until_any (flags=0xaaab40002250, n=3, status=[SHMEM_CMP_EQ x3], target=1)
[14:28:09.111] [INFO] PE 1: wait_until_any completed with index=18446744073709551615
[14:28:09.111] [FAIL] PE 1: wait_until_any failed - returned SIZE_MAX
[14:28:09.111] [INFO] Freeing allocated memory at 0xaaab40002250
[14:28:09.111] ------ BEGIN TEST ROUTINE: c11_shmem_wait_until_any(size_t)
[14:28:09.112] [INFO] Allocated flags array (24 bytes) at address 0xaaab40002250
[14:28:09.112] [INFO] Initialized all flags to 0
[14:28:09.112] [INFO] PE 1: Starting wait_until_any (flags=0xaaab40002250, n=3, status=[SHMEM_CMP_EQ x3], target=1)
[14:28:09.112] [INFO] PE 1: wait_until_any completed with index=18446744073709551615
[14:28:09.112] [FAIL] PE 1: wait_until_any failed - returned SIZE_MAX
[14:28:09.112] [INFO] Freeing allocated memory at 0xaaab40002250
[14:28:09.112] ------ BEGIN TEST ROUTINE: c11_shmem_wait_until_any(ptrdiff_t)
[14:28:09.112] [INFO] Allocated flags array (24 bytes) at address 0xaaab40002250
[14:28:09.112] [INFO] Initialized all flags to 0
[14:28:09.112] [INFO] PE 1: Starting wait_until_any (flags=0xaaab40002250, n=3, status=[SHMEM_CMP_EQ x3], target=1)
[14:28:09.112] [INFO] PE 1: wait_until_any completed with index=18446744073709551615
[14:28:09.112] [FAIL] PE 1: wait_until_any failed - returned SIZE_MAX
[14:28:09.112] [INFO] Freeing allocated memory at 0xaaab40002250
---------- END TEST: FAILED
