---------- BEGIN TEST: /root/lanl/vv/shmemvv_logs/src/unit/c11/atomics/c11_shmem_atomic_fetch_or.c
[11:36:32.451] ------ BEGIN TEST ROUTINE: shmem_atomic_fetch_or(unsigned int)
[11:36:32.451] [INFO] shmem_malloc'd 4 bytes at 0xaaab40002250
[11:36:32.451] [INFO] set 0xaaab40002250 to 42
[11:36:32.451] [INFO] executing atomic fetch or: dest = 0xaaab40002250, or_val = 15
[11:36:32.451] [INFO] atomic fetch or on a unsigned int at 0xaaab40002250 produced expected result
[11:36:32.451] ------ BEGIN TEST ROUTINE: shmem_atomic_fetch_or(unsigned long)
[11:36:32.451] [INFO] shmem_malloc'd 8 bytes at 0xaaab40002250
[11:36:32.451] [INFO] set 0xaaab40002250 to 42
[11:36:32.451] [INFO] executing atomic fetch or: dest = 0xaaab40002250, or_val = 15
[11:36:32.452] [INFO] atomic fetch or on a unsigned long at 0xaaab40002250 produced expected result
[11:36:32.452] ------ BEGIN TEST ROUTINE: shmem_atomic_fetch_or(unsigned long long)
[11:36:32.452] [INFO] shmem_malloc'd 8 bytes at 0xaaab40002250
[11:36:32.452] [INFO] set 0xaaab40002250 to 42
[11:36:32.452] [INFO] executing atomic fetch or: dest = 0xaaab40002250, or_val = 15
[11:36:32.452] [INFO] atomic fetch or on a unsigned long long at 0xaaab40002250 produced expected result
[11:36:32.452] ------ BEGIN TEST ROUTINE: shmem_atomic_fetch_or(int32_t)
[11:36:32.452] [INFO] shmem_malloc'd 4 bytes at 0xaaab40002250
[11:36:32.452] [INFO] set 0xaaab40002250 to 42
[11:36:32.452] [INFO] executing atomic fetch or: dest = 0xaaab40002250, or_val = 15
[11:36:32.452] [INFO] atomic fetch or on a int32_t at 0xaaab40002250 produced expected result
[11:36:32.452] ------ BEGIN TEST ROUTINE: shmem_atomic_fetch_or(int64_t)
[11:36:32.452] [INFO] shmem_malloc'd 8 bytes at 0xaaab40002250
[11:36:32.452] [INFO] set 0xaaab40002250 to 42
[11:36:32.453] [INFO] executing atomic fetch or: dest = 0xaaab40002250, or_val = 15
[11:36:32.453] [INFO] atomic fetch or on a int64_t at 0xaaab40002250 produced expected result
[11:36:32.453] ------ BEGIN TEST ROUTINE: shmem_atomic_fetch_or(uint32_t)
[11:36:32.453] [INFO] shmem_malloc'd 4 bytes at 0xaaab40002250
[11:36:32.453] [INFO] set 0xaaab40002250 to 42
[11:36:32.453] [INFO] executing atomic fetch or: dest = 0xaaab40002250, or_val = 15
[11:36:32.453] [INFO] atomic fetch or on a uint32_t at 0xaaab40002250 produced expected result
[11:36:32.453] ------ BEGIN TEST ROUTINE: shmem_atomic_fetch_or(uint64_t)
[11:36:32.453] [INFO] shmem_malloc'd 8 bytes at 0xaaab40002250
[11:36:32.453] [INFO] set 0xaaab40002250 to 42
[11:36:32.453] [INFO] executing atomic fetch or: dest = 0xaaab40002250, or_val = 15
[11:36:32.453] [INFO] atomic fetch or on a uint64_t at 0xaaab40002250 produced expected result
---------- END TEST: PASSED
