---------- BEGIN TEST: /root/lanl/vv/shmemvv_logs/src/unit/c11/atomics/c11_shmem_atomic_fetch_xor.c
[11:41:03.519] ------ BEGIN TEST ROUTINE: shmem_atomic_fetch_xor(unsigned int)
[11:41:03.519] [INFO] shmem_malloc'd 4 bytes at 0xaaab00002250
[11:41:03.519] [INFO] set 0xaaab00002250 to 42
[11:41:03.520] [INFO] executing atomic fetch xor: dest = 0xaaab00002250, xor_val = 15
[11:41:03.520] [INFO] atomic fetch xor on a unsigned int at 0xaaab00002250 produced expected result
[11:41:03.520] ------ BEGIN TEST ROUTINE: shmem_atomic_fetch_xor(unsigned long)
[11:41:03.520] [INFO] shmem_malloc'd 8 bytes at 0xaaab00002250
[11:41:03.520] [INFO] set 0xaaab00002250 to 42
[11:41:03.520] [INFO] executing atomic fetch xor: dest = 0xaaab00002250, xor_val = 15
[11:41:03.520] [INFO] atomic fetch xor on a unsigned long at 0xaaab00002250 produced expected result
[11:41:03.520] ------ BEGIN TEST ROUTINE: shmem_atomic_fetch_xor(unsigned long long)
[11:41:03.520] [INFO] shmem_malloc'd 8 bytes at 0xaaab00002250
[11:41:03.520] [INFO] set 0xaaab00002250 to 42
[11:41:03.520] [INFO] executing atomic fetch xor: dest = 0xaaab00002250, xor_val = 15
[11:41:03.521] [INFO] atomic fetch xor on a unsigned long long at 0xaaab00002250 produced expected result
[11:41:03.521] ------ BEGIN TEST ROUTINE: shmem_atomic_fetch_xor(int32_t)
[11:41:03.521] [INFO] shmem_malloc'd 4 bytes at 0xaaab00002250
[11:41:03.521] [INFO] set 0xaaab00002250 to 42
[11:41:03.521] [INFO] executing atomic fetch xor: dest = 0xaaab00002250, xor_val = 15
[11:41:03.521] [INFO] atomic fetch xor on a int32_t at 0xaaab00002250 produced expected result
[11:41:03.521] ------ BEGIN TEST ROUTINE: shmem_atomic_fetch_xor(int64_t)
[11:41:03.521] [INFO] shmem_malloc'd 8 bytes at 0xaaab00002250
[11:41:03.521] [INFO] set 0xaaab00002250 to 42
[11:41:03.521] [INFO] executing atomic fetch xor: dest = 0xaaab00002250, xor_val = 15
[11:41:03.521] [INFO] atomic fetch xor on a int64_t at 0xaaab00002250 produced expected result
[11:41:03.521] ------ BEGIN TEST ROUTINE: shmem_atomic_fetch_xor(uint32_t)
[11:41:03.521] [INFO] shmem_malloc'd 4 bytes at 0xaaab00002250
[11:41:03.521] [INFO] set 0xaaab00002250 to 42
[11:41:03.522] [INFO] executing atomic fetch xor: dest = 0xaaab00002250, xor_val = 15
[11:41:03.522] [INFO] atomic fetch xor on a uint32_t at 0xaaab00002250 produced expected result
[11:41:03.522] ------ BEGIN TEST ROUTINE: shmem_atomic_fetch_xor(uint64_t)
[11:41:03.522] [INFO] shmem_malloc'd 8 bytes at 0xaaab00002250
[11:41:03.522] [INFO] set 0xaaab00002250 to 42
[11:41:03.522] [INFO] executing atomic fetch xor: dest = 0xaaab00002250, xor_val = 15
[11:41:03.522] [INFO] atomic fetch xor on a uint64_t at 0xaaab00002250 produced expected result
---------- END TEST: PASSED
