---------- BEGIN TEST: /root/lanl/vv/shmemvv_logs/src/unit/c11/atomics/c11_shmem_atomic_compare_swap_nbi.c
[11:41:03.388] ------ BEGIN TEST ROUTINE: shmem_atomic_compare_swap_nbi(int)
[11:41:03.389] [INFO] shmem_malloc'd 4 bytes at 0xaaab00002250
[11:41:03.389] [INFO] set 0xaaab00002250 to 42
[11:41:03.389] [INFO] executing atomic cmp swp (nbi): dest = 0xaaab00002250, value = 42, new = 43
[11:41:03.389] [INFO] atomic cmp swp on a int at 0xaaab00002250 produced expected result
[11:41:03.389] ------ BEGIN TEST ROUTINE: shmem_atomic_compare_swap_nbi(long)
[11:41:03.389] [INFO] shmem_malloc'd 8 bytes at 0xaaab00002250
[11:41:03.389] [INFO] set 0xaaab00002250 to 42
[11:41:03.390] [INFO] executing atomic cmp swp (nbi): dest = 0xaaab00002250, value = 42, new = 43
[11:41:03.390] [INFO] atomic cmp swp on a long at 0xaaab00002250 produced expected result
[11:41:03.390] ------ BEGIN TEST ROUTINE: shmem_atomic_compare_swap_nbi(long long)
[11:41:03.390] [INFO] shmem_malloc'd 8 bytes at 0xaaab00002250
[11:41:03.390] [INFO] set 0xaaab00002250 to 42
[11:41:03.390] [INFO] executing atomic cmp swp (nbi): dest = 0xaaab00002250, value = 42, new = 43
[11:41:03.390] [INFO] atomic cmp swp on a long long at 0xaaab00002250 produced expected result
[11:41:03.390] ------ BEGIN TEST ROUTINE: shmem_atomic_compare_swap_nbi(unsigned int)
[11:41:03.390] [INFO] shmem_malloc'd 4 bytes at 0xaaab00002250
[11:41:03.391] [INFO] set 0xaaab00002250 to 42
[11:41:03.391] [INFO] executing atomic cmp swp (nbi): dest = 0xaaab00002250, value = 42, new = 43
[11:41:03.391] [INFO] atomic cmp swp on a unsigned int at 0xaaab00002250 produced expected result
[11:41:03.391] ------ BEGIN TEST ROUTINE: shmem_atomic_compare_swap_nbi(unsigned long)
[11:41:03.391] [INFO] shmem_malloc'd 8 bytes at 0xaaab00002250
[11:41:03.391] [INFO] set 0xaaab00002250 to 42
[11:41:03.391] [INFO] executing atomic cmp swp (nbi): dest = 0xaaab00002250, value = 42, new = 43
[11:41:03.391] [INFO] atomic cmp swp on a unsigned long at 0xaaab00002250 produced expected result
[11:41:03.391] ------ BEGIN TEST ROUTINE: shmem_atomic_compare_swap_nbi(unsigned long long)
[11:41:03.392] [INFO] shmem_malloc'd 8 bytes at 0xaaab00002250
[11:41:03.392] [INFO] set 0xaaab00002250 to 42
[11:41:03.392] [INFO] executing atomic cmp swp (nbi): dest = 0xaaab00002250, value = 42, new = 43
[11:41:03.392] [INFO] atomic cmp swp on a unsigned long long at 0xaaab00002250 produced expected result
[11:41:03.392] ------ BEGIN TEST ROUTINE: shmem_atomic_compare_swap_nbi(int32_t)
[11:41:03.392] [INFO] shmem_malloc'd 4 bytes at 0xaaab00002250
[11:41:03.392] [INFO] set 0xaaab00002250 to 42
[11:41:03.392] [INFO] executing atomic cmp swp (nbi): dest = 0xaaab00002250, value = 42, new = 43
[11:41:03.393] [INFO] atomic cmp swp on a int32_t at 0xaaab00002250 produced expected result
[11:41:03.393] ------ BEGIN TEST ROUTINE: shmem_atomic_compare_swap_nbi(int64_t)
[11:41:03.393] [INFO] shmem_malloc'd 8 bytes at 0xaaab00002250
[11:41:03.393] [INFO] set 0xaaab00002250 to 42
[11:41:03.393] [INFO] executing atomic cmp swp (nbi): dest = 0xaaab00002250, value = 42, new = 43
[11:41:03.393] [INFO] atomic cmp swp on a int64_t at 0xaaab00002250 produced expected result
[11:41:03.393] ------ BEGIN TEST ROUTINE: shmem_atomic_compare_swap_nbi(uint32_t)
[11:41:03.393] [INFO] shmem_malloc'd 4 bytes at 0xaaab00002250
[11:41:03.393] [INFO] set 0xaaab00002250 to 42
[11:41:03.393] [INFO] executing atomic cmp swp (nbi): dest = 0xaaab00002250, value = 42, new = 43
[11:41:03.393] [INFO] atomic cmp swp on a uint32_t at 0xaaab00002250 produced expected result
[11:41:03.394] ------ BEGIN TEST ROUTINE: shmem_atomic_compare_swap_nbi(uint64_t)
[11:41:03.394] [INFO] shmem_malloc'd 8 bytes at 0xaaab00002250
[11:41:03.394] [INFO] set 0xaaab00002250 to 42
[11:41:03.394] [INFO] executing atomic cmp swp (nbi): dest = 0xaaab00002250, value = 42, new = 43
[11:41:03.394] [INFO] atomic cmp swp on a uint64_t at 0xaaab00002250 produced expected result
[11:41:03.394] ------ BEGIN TEST ROUTINE: shmem_atomic_compare_swap_nbi(size_t)
[11:41:03.394] [INFO] shmem_malloc'd 8 bytes at 0xaaab00002250
[11:41:03.394] [INFO] set 0xaaab00002250 to 42
[11:41:03.394] [INFO] executing atomic cmp swp (nbi): dest = 0xaaab00002250, value = 42, new = 43
[11:41:03.394] [INFO] atomic cmp swp on a size_t at 0xaaab00002250 produced expected result
[11:41:03.395] ------ BEGIN TEST ROUTINE: shmem_atomic_compare_swap_nbi(ptrdiff_t)
[11:41:03.395] [INFO] shmem_malloc'd 8 bytes at 0xaaab00002250
[11:41:03.395] [INFO] set 0xaaab00002250 to 42
[11:41:03.395] [INFO] executing atomic cmp swp (nbi): dest = 0xaaab00002250, value = 42, new = 43
[11:41:03.395] [INFO] atomic cmp swp on a ptrdiff_t at 0xaaab00002250 produced expected result
---------- END TEST: PASSED
