---------- BEGIN TEST: /root/lanl/vv/shmemvv_logs/src/unit/c11/rma/c11_shmem_put.c
[16:28:12.999] ------ BEGIN TEST ROUTINE: shmem_put(long)
[16:28:12.999] [INFO] Allocated static arrays: src at 0xaaaab6250200, dest at 0xaaaab6250250
[16:28:12.999] [INFO] Running on PE 1 of 2 total PEs
[16:28:12.999] [INFO] PE 1: Initialized src[0] = 1
[16:28:12.999] [INFO] PE 1: Initialized src[1] = 2
[16:28:12.999] [INFO] PE 1: Initialized src[2] = 3
[16:28:12.999] [INFO] PE 1: Initialized src[3] = 4
[16:28:12.999] [INFO] PE 1: Initialized src[4] = 5
[16:28:12.999] [INFO] PE 1: Initialized src[5] = 6
[16:28:12.999] [INFO] PE 1: Initialized src[6] = 7
[16:28:12.999] [INFO] PE 1: Initialized src[7] = 8
[16:28:12.999] [INFO] PE 1: Initialized src[8] = 9
[16:28:12.999] [INFO] PE 1: Initialized src[9] = 10
[16:28:12.999] [INFO] Completed barrier synchronization
[16:28:12.000] [INFO] Completed barrier synchronization
[16:28:12.000] [INFO] PE 1: Beginning validation of received data
[16:28:12.000] [INFO] PE 1: dest[0] = 0 (valid)
[16:28:12.000] [INFO] PE 1: dest[1] = 1 (valid)
[16:28:12.000] [INFO] PE 1: dest[2] = 2 (valid)
[16:28:12.000] [INFO] PE 1: dest[3] = 3 (valid)
[16:28:12.000] [INFO] PE 1: dest[4] = 4 (valid)
[16:28:12.000] [INFO] PE 1: dest[5] = 5 (valid)
[16:28:12.000] [INFO] PE 1: dest[6] = 6 (valid)
[16:28:12.000] [INFO] PE 1: dest[7] = 7 (valid)
[16:28:12.000] [INFO] PE 1: dest[8] = 8 (valid)
[16:28:12.000] [INFO] PE 1: dest[9] = 9 (valid)
[16:28:12.000] [INFO] PE 1: All elements validated successfully
[16:28:12.000] ------ BEGIN TEST ROUTINE: shmem_put(double)
[16:28:12.000] [INFO] Allocated static arrays: src at 0xaaaab62502a0, dest at 0xaaaab62502f0
[16:28:12.000] [INFO] Running on PE 1 of 2 total PEs
[16:28:12.000] [INFO] PE 1: Initialized src[0] = 1
[16:28:12.000] [INFO] PE 1: Initialized src[1] = 2
[16:28:12.000] [INFO] PE 1: Initialized src[2] = 3
[16:28:12.000] [INFO] PE 1: Initialized src[3] = 4
[16:28:12.000] [INFO] PE 1: Initialized src[4] = 5
[16:28:12.000] [INFO] PE 1: Initialized src[5] = 6
[16:28:12.000] [INFO] PE 1: Initialized src[6] = 7
[16:28:12.000] [INFO] PE 1: Initialized src[7] = 8
[16:28:12.000] [INFO] PE 1: Initialized src[8] = 9
[16:28:12.000] [INFO] PE 1: Initialized src[9] = 10
[16:28:12.000] [INFO] Completed barrier synchronization
[16:28:12.000] [INFO] Completed barrier synchronization
[16:28:12.000] [INFO] PE 1: Beginning validation of received data
[16:28:12.000] [INFO] PE 1: dest[0] = 0 (valid)
[16:28:12.000] [INFO] PE 1: dest[1] = 1 (valid)
[16:28:12.000] [INFO] PE 1: dest[2] = 2 (valid)
[16:28:12.000] [INFO] PE 1: dest[3] = 3 (valid)
[16:28:12.000] [INFO] PE 1: dest[4] = 4 (valid)
[16:28:12.000] [INFO] PE 1: dest[5] = 5 (valid)
[16:28:12.000] [INFO] PE 1: dest[6] = 6 (valid)
[16:28:12.000] [INFO] PE 1: dest[7] = 7 (valid)
[16:28:12.000] [INFO] PE 1: dest[8] = 8 (valid)
[16:28:12.000] [INFO] PE 1: dest[9] = 9 (valid)
[16:28:12.000] [INFO] PE 1: All elements validated successfully
[16:28:12.000] ------ BEGIN TEST ROUTINE: shmem_put(long double)
[16:28:12.000] [INFO] Allocated static arrays: src at 0xaaaab6250340, dest at 0xaaaab62503e0
[16:28:12.000] [INFO] Running on PE 1 of 2 total PEs
[16:28:12.000] [INFO] PE 1: Initialized src[0] = 1
[16:28:12.000] [INFO] PE 1: Initialized src[1] = 2
[16:28:12.000] [INFO] PE 1: Initialized src[2] = 3
[16:28:12.000] [INFO] PE 1: Initialized src[3] = 4
[16:28:12.000] [INFO] PE 1: Initialized src[4] = 5
[16:28:12.000] [INFO] PE 1: Initialized src[5] = 6
[16:28:12.000] [INFO] PE 1: Initialized src[6] = 7
[16:28:12.000] [INFO] PE 1: Initialized src[7] = 8
[16:28:12.000] [INFO] PE 1: Initialized src[8] = 9
[16:28:12.000] [INFO] PE 1: Initialized src[9] = 10
[16:28:12.000] [INFO] Completed barrier synchronization
[16:28:12.000] [INFO] Completed barrier synchronization
[16:28:12.000] [INFO] PE 1: Beginning validation of received data
[16:28:12.000] [INFO] PE 1: dest[0] = 0 (valid)
[16:28:12.000] [INFO] PE 1: dest[1] = 1 (valid)
[16:28:12.000] [INFO] PE 1: dest[2] = 2 (valid)
[16:28:12.000] [INFO] PE 1: dest[3] = 3 (valid)
[16:28:12.000] [INFO] PE 1: dest[4] = 4 (valid)
[16:28:12.000] [INFO] PE 1: dest[5] = 5 (valid)
[16:28:12.000] [INFO] PE 1: dest[6] = 6 (valid)
[16:28:12.000] [INFO] PE 1: dest[7] = 7 (valid)
[16:28:12.000] [INFO] PE 1: dest[8] = 8 (valid)
[16:28:12.000] [INFO] PE 1: dest[9] = 9 (valid)
[16:28:12.000] [INFO] PE 1: All elements validated successfully
[16:28:12.000] ------ BEGIN TEST ROUTINE: shmem_put(char)
[16:28:12.000] [INFO] Allocated static arrays: src at 0xaaaab6250480, dest at 0xaaaab6250490
[16:28:12.000] [INFO] Running on PE 1 of 2 total PEs
[16:28:12.000] [INFO] PE 1: Initialized src[0] = 1
[16:28:12.000] [INFO] PE 1: Initialized src[1] = 2
[16:28:12.000] [INFO] PE 1: Initialized src[2] = 3
[16:28:12.000] [INFO] PE 1: Initialized src[3] = 4
[16:28:12.000] [INFO] PE 1: Initialized src[4] = 5
[16:28:12.000] [INFO] PE 1: Initialized src[5] = 6
[16:28:12.000] [INFO] PE 1: Initialized src[6] = 7
[16:28:12.000] [INFO] PE 1: Initialized src[7] = 8
[16:28:12.000] [INFO] PE 1: Initialized src[8] = 9
[16:28:12.000] [INFO] PE 1: Initialized src[9] = 10
[16:28:12.000] [INFO] Completed barrier synchronization
[16:28:12.000] [INFO] Completed barrier synchronization
[16:28:12.000] [INFO] PE 1: Beginning validation of received data
[16:28:12.000] [INFO] PE 1: dest[0] = 0 (valid)
[16:28:12.000] [INFO] PE 1: dest[1] = 1 (valid)
[16:28:12.000] [INFO] PE 1: dest[2] = 2 (valid)
[16:28:12.000] [INFO] PE 1: dest[3] = 3 (valid)
[16:28:12.000] [INFO] PE 1: dest[4] = 4 (valid)
[16:28:12.000] [INFO] PE 1: dest[5] = 5 (valid)
[16:28:12.000] [INFO] PE 1: dest[6] = 6 (valid)
[16:28:12.000] [INFO] PE 1: dest[7] = 7 (valid)
[16:28:12.000] [INFO] PE 1: dest[8] = 8 (valid)
[16:28:12.000] [INFO] PE 1: dest[9] = 9 (valid)
[16:28:12.000] [INFO] PE 1: All elements validated successfully
[16:28:12.000] ------ BEGIN TEST ROUTINE: shmem_put(signed char)
[16:28:12.000] [INFO] Allocated static arrays: src at 0xaaaab62504a0, dest at 0xaaaab62504b0
[16:28:12.000] [INFO] Running on PE 1 of 2 total PEs
[16:28:12.000] [INFO] PE 1: Initialized src[0] = 1
[16:28:12.000] [INFO] PE 1: Initialized src[1] = 2
[16:28:12.000] [INFO] PE 1: Initialized src[2] = 3
[16:28:12.000] [INFO] PE 1: Initialized src[3] = 4
[16:28:12.000] [INFO] PE 1: Initialized src[4] = 5
[16:28:12.000] [INFO] PE 1: Initialized src[5] = 6
[16:28:12.000] [INFO] PE 1: Initialized src[6] = 7
[16:28:12.000] [INFO] PE 1: Initialized src[7] = 8
[16:28:12.000] [INFO] PE 1: Initialized src[8] = 9
[16:28:12.000] [INFO] PE 1: Initialized src[9] = 10
[16:28:12.000] [INFO] Completed barrier synchronization
[16:28:13.000] [INFO] Completed barrier synchronization
[16:28:13.000] [INFO] PE 1: Beginning validation of received data
[16:28:13.000] [INFO] PE 1: dest[0] = 0 (valid)
[16:28:13.000] [INFO] PE 1: dest[1] = 1 (valid)
[16:28:13.000] [INFO] PE 1: dest[2] = 2 (valid)
[16:28:13.000] [INFO] PE 1: dest[3] = 3 (valid)
[16:28:13.000] [INFO] PE 1: dest[4] = 4 (valid)
[16:28:13.000] [INFO] PE 1: dest[5] = 5 (valid)
[16:28:13.000] [INFO] PE 1: dest[6] = 6 (valid)
[16:28:13.000] [INFO] PE 1: dest[7] = 7 (valid)
[16:28:13.000] [INFO] PE 1: dest[8] = 8 (valid)
[16:28:13.000] [INFO] PE 1: dest[9] = 9 (valid)
[16:28:13.000] [INFO] PE 1: All elements validated successfully
[16:28:13.000] ------ BEGIN TEST ROUTINE: shmem_put(short)
[16:28:13.000] [INFO] Allocated static arrays: src at 0xaaaab62504c0, dest at 0xaaaab62504d8
[16:28:13.000] [INFO] Running on PE 1 of 2 total PEs
[16:28:13.000] [INFO] PE 1: Initialized src[0] = 1
[16:28:13.000] [INFO] PE 1: Initialized src[1] = 2
[16:28:13.000] [INFO] PE 1: Initialized src[2] = 3
[16:28:13.001] [INFO] PE 1: Initialized src[3] = 4
[16:28:13.001] [INFO] PE 1: Initialized src[4] = 5
[16:28:13.001] [INFO] PE 1: Initialized src[5] = 6
[16:28:13.001] [INFO] PE 1: Initialized src[6] = 7
[16:28:13.001] [INFO] PE 1: Initialized src[7] = 8
[16:28:13.001] [INFO] PE 1: Initialized src[8] = 9
[16:28:13.001] [INFO] PE 1: Initialized src[9] = 10
[16:28:13.001] [INFO] Completed barrier synchronization
[16:28:13.001] [INFO] Completed barrier synchronization
[16:28:13.001] [INFO] PE 1: Beginning validation of received data
[16:28:13.001] [INFO] PE 1: dest[0] = 0 (valid)
[16:28:13.001] [INFO] PE 1: dest[1] = 1 (valid)
[16:28:13.001] [INFO] PE 1: dest[2] = 2 (valid)
[16:28:13.001] [INFO] PE 1: dest[3] = 3 (valid)
[16:28:13.001] [INFO] PE 1: dest[4] = 4 (valid)
[16:28:13.001] [INFO] PE 1: dest[5] = 5 (valid)
[16:28:13.001] [INFO] PE 1: dest[6] = 6 (valid)
[16:28:13.001] [INFO] PE 1: dest[7] = 7 (valid)
[16:28:13.001] [INFO] PE 1: dest[8] = 8 (valid)
[16:28:13.001] [INFO] PE 1: dest[9] = 9 (valid)
[16:28:13.001] [INFO] PE 1: All elements validated successfully
[16:28:13.001] ------ BEGIN TEST ROUTINE: shmem_put(int)
[16:28:13.001] [INFO] Allocated static arrays: src at 0xaaaab62504f0, dest at 0xaaaab6250518
[16:28:13.001] [INFO] Running on PE 1 of 2 total PEs
[16:28:13.001] [INFO] PE 1: Initialized src[0] = 1
[16:28:13.001] [INFO] PE 1: Initialized src[1] = 2
[16:28:13.001] [INFO] PE 1: Initialized src[2] = 3
[16:28:13.001] [INFO] PE 1: Initialized src[3] = 4
[16:28:13.001] [INFO] PE 1: Initialized src[4] = 5
[16:28:13.001] [INFO] PE 1: Initialized src[5] = 6
[16:28:13.001] [INFO] PE 1: Initialized src[6] = 7
[16:28:13.001] [INFO] PE 1: Initialized src[7] = 8
[16:28:13.001] [INFO] PE 1: Initialized src[8] = 9
[16:28:13.001] [INFO] PE 1: Initialized src[9] = 10
[16:28:13.001] [INFO] Completed barrier synchronization
[16:28:13.001] [INFO] Completed barrier synchronization
[16:28:13.001] [INFO] PE 1: Beginning validation of received data
[16:28:13.001] [INFO] PE 1: dest[0] = 0 (valid)
[16:28:13.001] [INFO] PE 1: dest[1] = 1 (valid)
[16:28:13.001] [INFO] PE 1: dest[2] = 2 (valid)
[16:28:13.001] [INFO] PE 1: dest[3] = 3 (valid)
[16:28:13.001] [INFO] PE 1: dest[4] = 4 (valid)
[16:28:13.001] [INFO] PE 1: dest[5] = 5 (valid)
[16:28:13.001] [INFO] PE 1: dest[6] = 6 (valid)
[16:28:13.001] [INFO] PE 1: dest[7] = 7 (valid)
[16:28:13.001] [INFO] PE 1: dest[8] = 8 (valid)
[16:28:13.001] [INFO] PE 1: dest[9] = 9 (valid)
[16:28:13.001] [INFO] PE 1: All elements validated successfully
[16:28:13.001] ------ BEGIN TEST ROUTINE: shmem_put(long)
[16:28:13.001] [INFO] Allocated static arrays: src at 0xaaaab6250540, dest at 0xaaaab6250590
[16:28:13.001] [INFO] Running on PE 1 of 2 total PEs
[16:28:13.001] [INFO] PE 1: Initialized src[0] = 1
[16:28:13.001] [INFO] PE 1: Initialized src[1] = 2
[16:28:13.001] [INFO] PE 1: Initialized src[2] = 3
[16:28:13.001] [INFO] PE 1: Initialized src[3] = 4
[16:28:13.001] [INFO] PE 1: Initialized src[4] = 5
[16:28:13.001] [INFO] PE 1: Initialized src[5] = 6
[16:28:13.001] [INFO] PE 1: Initialized src[6] = 7
[16:28:13.001] [INFO] PE 1: Initialized src[7] = 8
[16:28:13.001] [INFO] PE 1: Initialized src[8] = 9
[16:28:13.001] [INFO] PE 1: Initialized src[9] = 10
[16:28:13.001] [INFO] Completed barrier synchronization
[16:28:13.001] [INFO] Completed barrier synchronization
[16:28:13.001] [INFO] PE 1: Beginning validation of received data
[16:28:13.001] [INFO] PE 1: dest[0] = 0 (valid)
[16:28:13.001] [INFO] PE 1: dest[1] = 1 (valid)
[16:28:13.001] [INFO] PE 1: dest[2] = 2 (valid)
[16:28:13.001] [INFO] PE 1: dest[3] = 3 (valid)
[16:28:13.001] [INFO] PE 1: dest[4] = 4 (valid)
[16:28:13.001] [INFO] PE 1: dest[5] = 5 (valid)
[16:28:13.001] [INFO] PE 1: dest[6] = 6 (valid)
[16:28:13.001] [INFO] PE 1: dest[7] = 7 (valid)
[16:28:13.001] [INFO] PE 1: dest[8] = 8 (valid)
[16:28:13.001] [INFO] PE 1: dest[9] = 9 (valid)
[16:28:13.001] [INFO] PE 1: All elements validated successfully
[16:28:13.001] ------ BEGIN TEST ROUTINE: shmem_put(long long)
[16:28:13.001] [INFO] Allocated static arrays: src at 0xaaaab62505e0, dest at 0xaaaab6250630
[16:28:13.001] [INFO] Running on PE 1 of 2 total PEs
[16:28:13.001] [INFO] PE 1: Initialized src[0] = 1
[16:28:13.001] [INFO] PE 1: Initialized src[1] = 2
[16:28:13.001] [INFO] PE 1: Initialized src[2] = 3
[16:28:13.001] [INFO] PE 1: Initialized src[3] = 4
[16:28:13.001] [INFO] PE 1: Initialized src[4] = 5
[16:28:13.001] [INFO] PE 1: Initialized src[5] = 6
[16:28:13.001] [INFO] PE 1: Initialized src[6] = 7
[16:28:13.001] [INFO] PE 1: Initialized src[7] = 8
[16:28:13.001] [INFO] PE 1: Initialized src[8] = 9
[16:28:13.001] [INFO] PE 1: Initialized src[9] = 10
[16:28:13.001] [INFO] Completed barrier synchronization
[16:28:13.002] [INFO] Completed barrier synchronization
[16:28:13.002] [INFO] PE 1: Beginning validation of received data
[16:28:13.002] [INFO] PE 1: dest[0] = 0 (valid)
[16:28:13.002] [INFO] PE 1: dest[1] = 1 (valid)
[16:28:13.002] [INFO] PE 1: dest[2] = 2 (valid)
[16:28:13.002] [INFO] PE 1: dest[3] = 3 (valid)
[16:28:13.002] [INFO] PE 1: dest[4] = 4 (valid)
[16:28:13.002] [INFO] PE 1: dest[5] = 5 (valid)
[16:28:13.002] [INFO] PE 1: dest[6] = 6 (valid)
[16:28:13.002] [INFO] PE 1: dest[7] = 7 (valid)
[16:28:13.002] [INFO] PE 1: dest[8] = 8 (valid)
[16:28:13.002] [INFO] PE 1: dest[9] = 9 (valid)
[16:28:13.002] [INFO] PE 1: All elements validated successfully
[16:28:13.002] ------ BEGIN TEST ROUTINE: shmem_put(unsigned char)
[16:28:13.002] [INFO] Allocated static arrays: src at 0xaaaab6250680, dest at 0xaaaab6250690
[16:28:13.002] [INFO] Running on PE 1 of 2 total PEs
[16:28:13.002] [INFO] PE 1: Initialized src[0] = 1
[16:28:13.002] [INFO] PE 1: Initialized src[1] = 2
[16:28:13.002] [INFO] PE 1: Initialized src[2] = 3
[16:28:13.002] [INFO] PE 1: Initialized src[3] = 4
[16:28:13.002] [INFO] PE 1: Initialized src[4] = 5
[16:28:13.002] [INFO] PE 1: Initialized src[5] = 6
[16:28:13.002] [INFO] PE 1: Initialized src[6] = 7
[16:28:13.002] [INFO] PE 1: Initialized src[7] = 8
[16:28:13.002] [INFO] PE 1: Initialized src[8] = 9
[16:28:13.002] [INFO] PE 1: Initialized src[9] = 10
[16:28:13.002] [INFO] Completed barrier synchronization
[16:28:13.002] [INFO] Completed barrier synchronization
[16:28:13.002] [INFO] PE 1: Beginning validation of received data
[16:28:13.002] [INFO] PE 1: dest[0] = 0 (valid)
[16:28:13.002] [INFO] PE 1: dest[1] = 1 (valid)
[16:28:13.002] [INFO] PE 1: dest[2] = 2 (valid)
[16:28:13.002] [INFO] PE 1: dest[3] = 3 (valid)
[16:28:13.002] [INFO] PE 1: dest[4] = 4 (valid)
[16:28:13.002] [INFO] PE 1: dest[5] = 5 (valid)
[16:28:13.002] [INFO] PE 1: dest[6] = 6 (valid)
[16:28:13.002] [INFO] PE 1: dest[7] = 7 (valid)
[16:28:13.002] [INFO] PE 1: dest[8] = 8 (valid)
[16:28:13.002] [INFO] PE 1: dest[9] = 9 (valid)
[16:28:13.002] [INFO] PE 1: All elements validated successfully
[16:28:13.002] ------ BEGIN TEST ROUTINE: shmem_put(unsigned short)
[16:28:13.002] [INFO] Allocated static arrays: src at 0xaaaab62506a0, dest at 0xaaaab62506b8
[16:28:13.002] [INFO] Running on PE 1 of 2 total PEs
[16:28:13.002] [INFO] PE 1: Initialized src[0] = 1
[16:28:13.002] [INFO] PE 1: Initialized src[1] = 2
[16:28:13.002] [INFO] PE 1: Initialized src[2] = 3
[16:28:13.002] [INFO] PE 1: Initialized src[3] = 4
[16:28:13.002] [INFO] PE 1: Initialized src[4] = 5
[16:28:13.002] [INFO] PE 1: Initialized src[5] = 6
[16:28:13.002] [INFO] PE 1: Initialized src[6] = 7
[16:28:13.002] [INFO] PE 1: Initialized src[7] = 8
[16:28:13.002] [INFO] PE 1: Initialized src[8] = 9
[16:28:13.002] [INFO] PE 1: Initialized src[9] = 10
[16:28:13.002] [INFO] Completed barrier synchronization
[16:28:13.002] [INFO] Completed barrier synchronization
[16:28:13.002] [INFO] PE 1: Beginning validation of received data
[16:28:13.002] [INFO] PE 1: dest[0] = 0 (valid)
[16:28:13.002] [INFO] PE 1: dest[1] = 1 (valid)
[16:28:13.002] [INFO] PE 1: dest[2] = 2 (valid)
[16:28:13.002] [INFO] PE 1: dest[3] = 3 (valid)
[16:28:13.002] [INFO] PE 1: dest[4] = 4 (valid)
[16:28:13.002] [INFO] PE 1: dest[5] = 5 (valid)
[16:28:13.002] [INFO] PE 1: dest[6] = 6 (valid)
[16:28:13.002] [INFO] PE 1: dest[7] = 7 (valid)
[16:28:13.002] [INFO] PE 1: dest[8] = 8 (valid)
[16:28:13.002] [INFO] PE 1: dest[9] = 9 (valid)
[16:28:13.002] [INFO] PE 1: All elements validated successfully
[16:28:13.002] ------ BEGIN TEST ROUTINE: shmem_put(unsigned int)
[16:28:13.002] [INFO] Allocated static arrays: src at 0xaaaab62506d0, dest at 0xaaaab62506f8
[16:28:13.002] [INFO] Running on PE 1 of 2 total PEs
[16:28:13.002] [INFO] PE 1: Initialized src[0] = 1
[16:28:13.002] [INFO] PE 1: Initialized src[1] = 2
[16:28:13.002] [INFO] PE 1: Initialized src[2] = 3
[16:28:13.002] [INFO] PE 1: Initialized src[3] = 4
[16:28:13.002] [INFO] PE 1: Initialized src[4] = 5
[16:28:13.002] [INFO] PE 1: Initialized src[5] = 6
[16:28:13.002] [INFO] PE 1: Initialized src[6] = 7
[16:28:13.002] [INFO] PE 1: Initialized src[7] = 8
[16:28:13.002] [INFO] PE 1: Initialized src[8] = 9
[16:28:13.002] [INFO] PE 1: Initialized src[9] = 10
[16:28:13.002] [INFO] Completed barrier synchronization
[16:28:13.002] [INFO] Completed barrier synchronization
[16:28:13.002] [INFO] PE 1: Beginning validation of received data
[16:28:13.002] [INFO] PE 1: dest[0] = 0 (valid)
[16:28:13.002] [INFO] PE 1: dest[1] = 1 (valid)
[16:28:13.002] [INFO] PE 1: dest[2] = 2 (valid)
[16:28:13.002] [INFO] PE 1: dest[3] = 3 (valid)
[16:28:13.002] [INFO] PE 1: dest[4] = 4 (valid)
[16:28:13.002] [INFO] PE 1: dest[5] = 5 (valid)
[16:28:13.002] [INFO] PE 1: dest[6] = 6 (valid)
[16:28:13.002] [INFO] PE 1: dest[7] = 7 (valid)
[16:28:13.002] [INFO] PE 1: dest[8] = 8 (valid)
[16:28:13.002] [INFO] PE 1: dest[9] = 9 (valid)
[16:28:13.002] [INFO] PE 1: All elements validated successfully
[16:28:13.002] ------ BEGIN TEST ROUTINE: shmem_put(unsigned long)
[16:28:13.002] [INFO] Allocated static arrays: src at 0xaaaab6250720, dest at 0xaaaab6250770
[16:28:13.002] [INFO] Running on PE 1 of 2 total PEs
[16:28:13.002] [INFO] PE 1: Initialized src[0] = 1
[16:28:13.002] [INFO] PE 1: Initialized src[1] = 2
[16:28:13.002] [INFO] PE 1: Initialized src[2] = 3
[16:28:13.002] [INFO] PE 1: Initialized src[3] = 4
[16:28:13.002] [INFO] PE 1: Initialized src[4] = 5
[16:28:13.002] [INFO] PE 1: Initialized src[5] = 6
[16:28:13.002] [INFO] PE 1: Initialized src[6] = 7
[16:28:13.002] [INFO] PE 1: Initialized src[7] = 8
[16:28:13.002] [INFO] PE 1: Initialized src[8] = 9
[16:28:13.002] [INFO] PE 1: Initialized src[9] = 10
[16:28:13.002] [INFO] Completed barrier synchronization
[16:28:13.003] [INFO] Completed barrier synchronization
[16:28:13.003] [INFO] PE 1: Beginning validation of received data
[16:28:13.003] [INFO] PE 1: dest[0] = 0 (valid)
[16:28:13.003] [INFO] PE 1: dest[1] = 1 (valid)
[16:28:13.003] [INFO] PE 1: dest[2] = 2 (valid)
[16:28:13.003] [INFO] PE 1: dest[3] = 3 (valid)
[16:28:13.003] [INFO] PE 1: dest[4] = 4 (valid)
[16:28:13.003] [INFO] PE 1: dest[5] = 5 (valid)
[16:28:13.003] [INFO] PE 1: dest[6] = 6 (valid)
[16:28:13.003] [INFO] PE 1: dest[7] = 7 (valid)
[16:28:13.003] [INFO] PE 1: dest[8] = 8 (valid)
[16:28:13.003] [INFO] PE 1: dest[9] = 9 (valid)
[16:28:13.003] [INFO] PE 1: All elements validated successfully
[16:28:13.003] ------ BEGIN TEST ROUTINE: shmem_put(unsigned long long)
[16:28:13.003] [INFO] Allocated static arrays: src at 0xaaaab62507c0, dest at 0xaaaab6250810
[16:28:13.003] [INFO] Running on PE 1 of 2 total PEs
[16:28:13.003] [INFO] PE 1: Initialized src[0] = 1
[16:28:13.003] [INFO] PE 1: Initialized src[1] = 2
[16:28:13.003] [INFO] PE 1: Initialized src[2] = 3
[16:28:13.003] [INFO] PE 1: Initialized src[3] = 4
[16:28:13.003] [INFO] PE 1: Initialized src[4] = 5
[16:28:13.003] [INFO] PE 1: Initialized src[5] = 6
[16:28:13.003] [INFO] PE 1: Initialized src[6] = 7
[16:28:13.003] [INFO] PE 1: Initialized src[7] = 8
[16:28:13.003] [INFO] PE 1: Initialized src[8] = 9
[16:28:13.003] [INFO] PE 1: Initialized src[9] = 10
[16:28:13.003] [INFO] Completed barrier synchronization
[16:28:13.003] [INFO] Completed barrier synchronization
[16:28:13.003] [INFO] PE 1: Beginning validation of received data
[16:28:13.003] [INFO] PE 1: dest[0] = 0 (valid)
[16:28:13.003] [INFO] PE 1: dest[1] = 1 (valid)
[16:28:13.003] [INFO] PE 1: dest[2] = 2 (valid)
[16:28:13.003] [INFO] PE 1: dest[3] = 3 (valid)
[16:28:13.003] [INFO] PE 1: dest[4] = 4 (valid)
[16:28:13.003] [INFO] PE 1: dest[5] = 5 (valid)
[16:28:13.003] [INFO] PE 1: dest[6] = 6 (valid)
[16:28:13.003] [INFO] PE 1: dest[7] = 7 (valid)
[16:28:13.003] [INFO] PE 1: dest[8] = 8 (valid)
[16:28:13.003] [INFO] PE 1: dest[9] = 9 (valid)
[16:28:13.003] [INFO] PE 1: All elements validated successfully
[16:28:13.003] ------ BEGIN TEST ROUTINE: shmem_put(int8_t)
[16:28:13.003] [INFO] Allocated static arrays: src at 0xaaaab6250860, dest at 0xaaaab6250870
[16:28:13.003] [INFO] Running on PE 1 of 2 total PEs
[16:28:13.003] [INFO] PE 1: Initialized src[0] = 1
[16:28:13.003] [INFO] PE 1: Initialized src[1] = 2
[16:28:13.003] [INFO] PE 1: Initialized src[2] = 3
[16:28:13.003] [INFO] PE 1: Initialized src[3] = 4
[16:28:13.003] [INFO] PE 1: Initialized src[4] = 5
[16:28:13.003] [INFO] PE 1: Initialized src[5] = 6
[16:28:13.003] [INFO] PE 1: Initialized src[6] = 7
[16:28:13.003] [INFO] PE 1: Initialized src[7] = 8
[16:28:13.003] [INFO] PE 1: Initialized src[8] = 9
[16:28:13.003] [INFO] PE 1: Initialized src[9] = 10
[16:28:13.003] [INFO] Completed barrier synchronization
[16:28:13.003] [INFO] Completed barrier synchronization
[16:28:13.003] [INFO] PE 1: Beginning validation of received data
[16:28:13.003] [INFO] PE 1: dest[0] = 0 (valid)
[16:28:13.003] [INFO] PE 1: dest[1] = 1 (valid)
[16:28:13.003] [INFO] PE 1: dest[2] = 2 (valid)
[16:28:13.003] [INFO] PE 1: dest[3] = 3 (valid)
[16:28:13.003] [INFO] PE 1: dest[4] = 4 (valid)
[16:28:13.003] [INFO] PE 1: dest[5] = 5 (valid)
[16:28:13.003] [INFO] PE 1: dest[6] = 6 (valid)
[16:28:13.003] [INFO] PE 1: dest[7] = 7 (valid)
[16:28:13.003] [INFO] PE 1: dest[8] = 8 (valid)
[16:28:13.003] [INFO] PE 1: dest[9] = 9 (valid)
[16:28:13.003] [INFO] PE 1: All elements validated successfully
[16:28:13.003] ------ BEGIN TEST ROUTINE: shmem_put(int16_t)
[16:28:13.003] [INFO] Allocated static arrays: src at 0xaaaab6250880, dest at 0xaaaab6250898
[16:28:13.003] [INFO] Running on PE 1 of 2 total PEs
[16:28:13.003] [INFO] PE 1: Initialized src[0] = 1
[16:28:13.003] [INFO] PE 1: Initialized src[1] = 2
[16:28:13.003] [INFO] PE 1: Initialized src[2] = 3
[16:28:13.003] [INFO] PE 1: Initialized src[3] = 4
[16:28:13.003] [INFO] PE 1: Initialized src[4] = 5
[16:28:13.003] [INFO] PE 1: Initialized src[5] = 6
[16:28:13.003] [INFO] PE 1: Initialized src[6] = 7
[16:28:13.003] [INFO] PE 1: Initialized src[7] = 8
[16:28:13.003] [INFO] PE 1: Initialized src[8] = 9
[16:28:13.003] [INFO] PE 1: Initialized src[9] = 10
[16:28:13.003] [INFO] Completed barrier synchronization
[16:28:13.003] [INFO] Completed barrier synchronization
[16:28:13.003] [INFO] PE 1: Beginning validation of received data
[16:28:13.003] [INFO] PE 1: dest[0] = 0 (valid)
[16:28:13.003] [INFO] PE 1: dest[1] = 1 (valid)
[16:28:13.003] [INFO] PE 1: dest[2] = 2 (valid)
[16:28:13.003] [INFO] PE 1: dest[3] = 3 (valid)
[16:28:13.003] [INFO] PE 1: dest[4] = 4 (valid)
[16:28:13.003] [INFO] PE 1: dest[5] = 5 (valid)
[16:28:13.003] [INFO] PE 1: dest[6] = 6 (valid)
[16:28:13.003] [INFO] PE 1: dest[7] = 7 (valid)
[16:28:13.003] [INFO] PE 1: dest[8] = 8 (valid)
[16:28:13.003] [INFO] PE 1: dest[9] = 9 (valid)
[16:28:13.003] [INFO] PE 1: All elements validated successfully
[16:28:13.003] ------ BEGIN TEST ROUTINE: shmem_put(int32_t)
[16:28:13.003] [INFO] Allocated static arrays: src at 0xaaaab62508b0, dest at 0xaaaab62508d8
[16:28:13.003] [INFO] Running on PE 1 of 2 total PEs
[16:28:13.003] [INFO] PE 1: Initialized src[0] = 1
[16:28:13.003] [INFO] PE 1: Initialized src[1] = 2
[16:28:13.003] [INFO] PE 1: Initialized src[2] = 3
[16:28:13.003] [INFO] PE 1: Initialized src[3] = 4
[16:28:13.003] [INFO] PE 1: Initialized src[4] = 5
[16:28:13.003] [INFO] PE 1: Initialized src[5] = 6
[16:28:13.003] [INFO] PE 1: Initialized src[6] = 7
[16:28:13.003] [INFO] PE 1: Initialized src[7] = 8
[16:28:13.003] [INFO] PE 1: Initialized src[8] = 9
[16:28:13.003] [INFO] PE 1: Initialized src[9] = 10
[16:28:13.003] [INFO] Completed barrier synchronization
[16:28:13.004] [INFO] Completed barrier synchronization
[16:28:13.004] [INFO] PE 1: Beginning validation of received data
[16:28:13.004] [INFO] PE 1: dest[0] = 0 (valid)
[16:28:13.004] [INFO] PE 1: dest[1] = 1 (valid)
[16:28:13.004] [INFO] PE 1: dest[2] = 2 (valid)
[16:28:13.004] [INFO] PE 1: dest[3] = 3 (valid)
[16:28:13.004] [INFO] PE 1: dest[4] = 4 (valid)
[16:28:13.004] [INFO] PE 1: dest[5] = 5 (valid)
[16:28:13.004] [INFO] PE 1: dest[6] = 6 (valid)
[16:28:13.004] [INFO] PE 1: dest[7] = 7 (valid)
[16:28:13.004] [INFO] PE 1: dest[8] = 8 (valid)
[16:28:13.004] [INFO] PE 1: dest[9] = 9 (valid)
[16:28:13.004] [INFO] PE 1: All elements validated successfully
[16:28:13.004] ------ BEGIN TEST ROUTINE: shmem_put(int64_t)
[16:28:13.004] [INFO] Allocated static arrays: src at 0xaaaab6250900, dest at 0xaaaab6250950
[16:28:13.004] [INFO] Running on PE 1 of 2 total PEs
[16:28:13.004] [INFO] PE 1: Initialized src[0] = 1
[16:28:13.004] [INFO] PE 1: Initialized src[1] = 2
[16:28:13.004] [INFO] PE 1: Initialized src[2] = 3
[16:28:13.004] [INFO] PE 1: Initialized src[3] = 4
[16:28:13.004] [INFO] PE 1: Initialized src[4] = 5
[16:28:13.004] [INFO] PE 1: Initialized src[5] = 6
[16:28:13.004] [INFO] PE 1: Initialized src[6] = 7
[16:28:13.004] [INFO] PE 1: Initialized src[7] = 8
[16:28:13.004] [INFO] PE 1: Initialized src[8] = 9
[16:28:13.004] [INFO] PE 1: Initialized src[9] = 10
[16:28:13.004] [INFO] Completed barrier synchronization
[16:28:13.004] [INFO] Completed barrier synchronization
[16:28:13.004] [INFO] PE 1: Beginning validation of received data
[16:28:13.004] [INFO] PE 1: dest[0] = 0 (valid)
[16:28:13.004] [INFO] PE 1: dest[1] = 1 (valid)
[16:28:13.004] [INFO] PE 1: dest[2] = 2 (valid)
[16:28:13.004] [INFO] PE 1: dest[3] = 3 (valid)
[16:28:13.004] [INFO] PE 1: dest[4] = 4 (valid)
[16:28:13.004] [INFO] PE 1: dest[5] = 5 (valid)
[16:28:13.004] [INFO] PE 1: dest[6] = 6 (valid)
[16:28:13.004] [INFO] PE 1: dest[7] = 7 (valid)
[16:28:13.004] [INFO] PE 1: dest[8] = 8 (valid)
[16:28:13.004] [INFO] PE 1: dest[9] = 9 (valid)
[16:28:13.004] [INFO] PE 1: All elements validated successfully
[16:28:13.004] ------ BEGIN TEST ROUTINE: shmem_put(uint8_t)
[16:28:13.004] [INFO] Allocated static arrays: src at 0xaaaab62509a0, dest at 0xaaaab62509b0
[16:28:13.004] [INFO] Running on PE 1 of 2 total PEs
[16:28:13.004] [INFO] PE 1: Initialized src[0] = 1
[16:28:13.004] [INFO] PE 1: Initialized src[1] = 2
[16:28:13.004] [INFO] PE 1: Initialized src[2] = 3
[16:28:13.004] [INFO] PE 1: Initialized src[3] = 4
[16:28:13.004] [INFO] PE 1: Initialized src[4] = 5
[16:28:13.004] [INFO] PE 1: Initialized src[5] = 6
[16:28:13.004] [INFO] PE 1: Initialized src[6] = 7
[16:28:13.004] [INFO] PE 1: Initialized src[7] = 8
[16:28:13.004] [INFO] PE 1: Initialized src[8] = 9
[16:28:13.004] [INFO] PE 1: Initialized src[9] = 10
[16:28:13.004] [INFO] Completed barrier synchronization
[16:28:13.004] [INFO] Completed barrier synchronization
[16:28:13.004] [INFO] PE 1: Beginning validation of received data
[16:28:13.004] [INFO] PE 1: dest[0] = 0 (valid)
[16:28:13.004] [INFO] PE 1: dest[1] = 1 (valid)
[16:28:13.004] [INFO] PE 1: dest[2] = 2 (valid)
[16:28:13.004] [INFO] PE 1: dest[3] = 3 (valid)
[16:28:13.004] [INFO] PE 1: dest[4] = 4 (valid)
[16:28:13.004] [INFO] PE 1: dest[5] = 5 (valid)
[16:28:13.004] [INFO] PE 1: dest[6] = 6 (valid)
[16:28:13.004] [INFO] PE 1: dest[7] = 7 (valid)
[16:28:13.004] [INFO] PE 1: dest[8] = 8 (valid)
[16:28:13.004] [INFO] PE 1: dest[9] = 9 (valid)
[16:28:13.004] [INFO] PE 1: All elements validated successfully
[16:28:13.004] ------ BEGIN TEST ROUTINE: shmem_put(uint16_t)
[16:28:13.004] [INFO] Allocated static arrays: src at 0xaaaab62509c0, dest at 0xaaaab62509d8
[16:28:13.004] [INFO] Running on PE 1 of 2 total PEs
[16:28:13.004] [INFO] PE 1: Initialized src[0] = 1
[16:28:13.004] [INFO] PE 1: Initialized src[1] = 2
[16:28:13.004] [INFO] PE 1: Initialized src[2] = 3
[16:28:13.004] [INFO] PE 1: Initialized src[3] = 4
[16:28:13.004] [INFO] PE 1: Initialized src[4] = 5
[16:28:13.004] [INFO] PE 1: Initialized src[5] = 6
[16:28:13.004] [INFO] PE 1: Initialized src[6] = 7
[16:28:13.004] [INFO] PE 1: Initialized src[7] = 8
[16:28:13.004] [INFO] PE 1: Initialized src[8] = 9
[16:28:13.004] [INFO] PE 1: Initialized src[9] = 10
[16:28:13.004] [INFO] Completed barrier synchronization
[16:28:13.004] [INFO] Completed barrier synchronization
[16:28:13.004] [INFO] PE 1: Beginning validation of received data
[16:28:13.004] [INFO] PE 1: dest[0] = 0 (valid)
[16:28:13.004] [INFO] PE 1: dest[1] = 1 (valid)
[16:28:13.004] [INFO] PE 1: dest[2] = 2 (valid)
[16:28:13.004] [INFO] PE 1: dest[3] = 3 (valid)
[16:28:13.004] [INFO] PE 1: dest[4] = 4 (valid)
[16:28:13.004] [INFO] PE 1: dest[5] = 5 (valid)
[16:28:13.004] [INFO] PE 1: dest[6] = 6 (valid)
[16:28:13.004] [INFO] PE 1: dest[7] = 7 (valid)
[16:28:13.004] [INFO] PE 1: dest[8] = 8 (valid)
[16:28:13.004] [INFO] PE 1: dest[9] = 9 (valid)
[16:28:13.004] [INFO] PE 1: All elements validated successfully
[16:28:13.004] ------ BEGIN TEST ROUTINE: shmem_put(uint32_t)
[16:28:13.004] [INFO] Allocated static arrays: src at 0xaaaab62509f0, dest at 0xaaaab6250a18
[16:28:13.004] [INFO] Running on PE 1 of 2 total PEs
[16:28:13.004] [INFO] PE 1: Initialized src[0] = 1
[16:28:13.004] [INFO] PE 1: Initialized src[1] = 2
[16:28:13.004] [INFO] PE 1: Initialized src[2] = 3
[16:28:13.004] [INFO] PE 1: Initialized src[3] = 4
[16:28:13.004] [INFO] PE 1: Initialized src[4] = 5
[16:28:13.004] [INFO] PE 1: Initialized src[5] = 6
[16:28:13.004] [INFO] PE 1: Initialized src[6] = 7
[16:28:13.004] [INFO] PE 1: Initialized src[7] = 8
[16:28:13.004] [INFO] PE 1: Initialized src[8] = 9
[16:28:13.004] [INFO] PE 1: Initialized src[9] = 10
[16:28:13.005] [INFO] Completed barrier synchronization
[16:28:13.005] [INFO] Completed barrier synchronization
[16:28:13.005] [INFO] PE 1: Beginning validation of received data
[16:28:13.005] [INFO] PE 1: dest[0] = 0 (valid)
[16:28:13.005] [INFO] PE 1: dest[1] = 1 (valid)
[16:28:13.005] [INFO] PE 1: dest[2] = 2 (valid)
[16:28:13.005] [INFO] PE 1: dest[3] = 3 (valid)
[16:28:13.005] [INFO] PE 1: dest[4] = 4 (valid)
[16:28:13.005] [INFO] PE 1: dest[5] = 5 (valid)
[16:28:13.005] [INFO] PE 1: dest[6] = 6 (valid)
[16:28:13.005] [INFO] PE 1: dest[7] = 7 (valid)
[16:28:13.005] [INFO] PE 1: dest[8] = 8 (valid)
[16:28:13.005] [INFO] PE 1: dest[9] = 9 (valid)
[16:28:13.005] [INFO] PE 1: All elements validated successfully
[16:28:13.005] ------ BEGIN TEST ROUTINE: shmem_put(uint64_t)
[16:28:13.005] [INFO] Allocated static arrays: src at 0xaaaab6250a40, dest at 0xaaaab6250a90
[16:28:13.005] [INFO] Running on PE 1 of 2 total PEs
[16:28:13.005] [INFO] PE 1: Initialized src[0] = 1
[16:28:13.005] [INFO] PE 1: Initialized src[1] = 2
[16:28:13.005] [INFO] PE 1: Initialized src[2] = 3
[16:28:13.005] [INFO] PE 1: Initialized src[3] = 4
[16:28:13.005] [INFO] PE 1: Initialized src[4] = 5
[16:28:13.005] [INFO] PE 1: Initialized src[5] = 6
[16:28:13.005] [INFO] PE 1: Initialized src[6] = 7
[16:28:13.005] [INFO] PE 1: Initialized src[7] = 8
[16:28:13.005] [INFO] PE 1: Initialized src[8] = 9
[16:28:13.005] [INFO] PE 1: Initialized src[9] = 10
[16:28:13.005] [INFO] Completed barrier synchronization
[16:28:13.005] [INFO] Completed barrier synchronization
[16:28:13.005] [INFO] PE 1: Beginning validation of received data
[16:28:13.005] [INFO] PE 1: dest[0] = 0 (valid)
[16:28:13.005] [INFO] PE 1: dest[1] = 1 (valid)
[16:28:13.005] [INFO] PE 1: dest[2] = 2 (valid)
[16:28:13.005] [INFO] PE 1: dest[3] = 3 (valid)
[16:28:13.005] [INFO] PE 1: dest[4] = 4 (valid)
[16:28:13.005] [INFO] PE 1: dest[5] = 5 (valid)
[16:28:13.005] [INFO] PE 1: dest[6] = 6 (valid)
[16:28:13.005] [INFO] PE 1: dest[7] = 7 (valid)
[16:28:13.005] [INFO] PE 1: dest[8] = 8 (valid)
[16:28:13.005] [INFO] PE 1: dest[9] = 9 (valid)
[16:28:13.005] [INFO] PE 1: All elements validated successfully
[16:28:13.005] ------ BEGIN TEST ROUTINE: shmem_put(size_t)
[16:28:13.005] [INFO] Allocated static arrays: src at 0xaaaab6250ae0, dest at 0xaaaab6250b30
[16:28:13.005] [INFO] Running on PE 1 of 2 total PEs
[16:28:13.005] [INFO] PE 1: Initialized src[0] = 1
[16:28:13.005] [INFO] PE 1: Initialized src[1] = 2
[16:28:13.005] [INFO] PE 1: Initialized src[2] = 3
[16:28:13.005] [INFO] PE 1: Initialized src[3] = 4
[16:28:13.005] [INFO] PE 1: Initialized src[4] = 5
[16:28:13.005] [INFO] PE 1: Initialized src[5] = 6
[16:28:13.005] [INFO] PE 1: Initialized src[6] = 7
[16:28:13.005] [INFO] PE 1: Initialized src[7] = 8
[16:28:13.005] [INFO] PE 1: Initialized src[8] = 9
[16:28:13.005] [INFO] PE 1: Initialized src[9] = 10
[16:28:13.005] [INFO] Completed barrier synchronization
[16:28:13.005] [INFO] Completed barrier synchronization
[16:28:13.005] [INFO] PE 1: Beginning validation of received data
[16:28:13.005] [INFO] PE 1: dest[0] = 0 (valid)
[16:28:13.005] [INFO] PE 1: dest[1] = 1 (valid)
[16:28:13.005] [INFO] PE 1: dest[2] = 2 (valid)
[16:28:13.005] [INFO] PE 1: dest[3] = 3 (valid)
[16:28:13.005] [INFO] PE 1: dest[4] = 4 (valid)
[16:28:13.005] [INFO] PE 1: dest[5] = 5 (valid)
[16:28:13.005] [INFO] PE 1: dest[6] = 6 (valid)
[16:28:13.005] [INFO] PE 1: dest[7] = 7 (valid)
[16:28:13.005] [INFO] PE 1: dest[8] = 8 (valid)
[16:28:13.005] [INFO] PE 1: dest[9] = 9 (valid)
[16:28:13.005] [INFO] PE 1: All elements validated successfully
[16:28:13.005] ------ BEGIN TEST ROUTINE: shmem_put(ptrdiff_t)
[16:28:13.005] [INFO] Allocated static arrays: src at 0xaaaab6250b80, dest at 0xaaaab6250bd0
[16:28:13.005] [INFO] Running on PE 1 of 2 total PEs
[16:28:13.005] [INFO] PE 1: Initialized src[0] = 1
[16:28:13.005] [INFO] PE 1: Initialized src[1] = 2
[16:28:13.005] [INFO] PE 1: Initialized src[2] = 3
[16:28:13.005] [INFO] PE 1: Initialized src[3] = 4
[16:28:13.005] [INFO] PE 1: Initialized src[4] = 5
[16:28:13.005] [INFO] PE 1: Initialized src[5] = 6
[16:28:13.005] [INFO] PE 1: Initialized src[6] = 7
[16:28:13.005] [INFO] PE 1: Initialized src[7] = 8
[16:28:13.005] [INFO] PE 1: Initialized src[8] = 9
[16:28:13.005] [INFO] PE 1: Initialized src[9] = 10
[16:28:13.005] [INFO] Completed barrier synchronization
[16:28:13.006] [INFO] Completed barrier synchronization
[16:28:13.006] [INFO] PE 1: Beginning validation of received data
[16:28:13.006] [INFO] PE 1: dest[0] = 0 (valid)
[16:28:13.006] [INFO] PE 1: dest[1] = 1 (valid)
[16:28:13.006] [INFO] PE 1: dest[2] = 2 (valid)
[16:28:13.006] [INFO] PE 1: dest[3] = 3 (valid)
[16:28:13.006] [INFO] PE 1: dest[4] = 4 (valid)
[16:28:13.006] [INFO] PE 1: dest[5] = 5 (valid)
[16:28:13.006] [INFO] PE 1: dest[6] = 6 (valid)
[16:28:13.006] [INFO] PE 1: dest[7] = 7 (valid)
[16:28:13.006] [INFO] PE 1: dest[8] = 8 (valid)
[16:28:13.006] [INFO] PE 1: dest[9] = 9 (valid)
[16:28:13.006] [INFO] PE 1: All elements validated successfully
---------- END TEST: PASSED
