---------- BEGIN TEST: /root/lanl/vv/shmemvv_logs/src/unit/c11/atomics/c11_shmem_atomic_fetch_inc.c
[11:36:32.413] ------ BEGIN TEST ROUTINE: shmem_atomic_fetch_inc(int)
[11:36:32.413] [INFO] shmem_malloc'd 4 bytes at 0xaaab00002250
[11:36:32.413] [INFO] set 0xaaab00002250 to 42
[11:36:32.414] [INFO] executing atomic fetch inc: dest = 0xaaab00002250, value = 42
[11:36:32.414] [INFO] atomic fetch inc on a int at 0xaaab00002250 produced expected result
[11:36:32.414] ------ BEGIN TEST ROUTINE: shmem_atomic_fetch_inc(long)
[11:36:32.414] [INFO] shmem_malloc'd 8 bytes at 0xaaab00002250
[11:36:32.414] [INFO] set 0xaaab00002250 to 42
[11:36:32.414] [INFO] executing atomic fetch inc: dest = 0xaaab00002250, value = 42
[11:36:32.414] [INFO] atomic fetch inc on a long at 0xaaab00002250 produced expected result
[11:36:32.414] ------ BEGIN TEST ROUTINE: shmem_atomic_fetch_inc(long long)
[11:36:32.414] [INFO] shmem_malloc'd 8 bytes at 0xaaab00002250
[11:36:32.414] [INFO] set 0xaaab00002250 to 42
[11:36:32.415] [INFO] executing atomic fetch inc: dest = 0xaaab00002250, value = 42
[11:36:32.415] [INFO] atomic fetch inc on a long long at 0xaaab00002250 produced expected result
[11:36:32.415] ------ BEGIN TEST ROUTINE: shmem_atomic_fetch_inc(unsigned int)
[11:36:32.415] [INFO] shmem_malloc'd 4 bytes at 0xaaab00002250
[11:36:32.415] [INFO] set 0xaaab00002250 to 42
[11:36:32.415] [INFO] executing atomic fetch inc: dest = 0xaaab00002250, value = 42
[11:36:32.415] [INFO] atomic fetch inc on a unsigned int at 0xaaab00002250 produced expected result
[11:36:32.415] ------ BEGIN TEST ROUTINE: shmem_atomic_fetch_inc(unsigned long)
[11:36:32.416] [INFO] shmem_malloc'd 8 bytes at 0xaaab00002250
[11:36:32.416] [INFO] set 0xaaab00002250 to 42
[11:36:32.416] [INFO] executing atomic fetch inc: dest = 0xaaab00002250, value = 42
[11:36:32.416] [INFO] atomic fetch inc on a unsigned long at 0xaaab00002250 produced expected result
[11:36:32.416] ------ BEGIN TEST ROUTINE: shmem_atomic_fetch_inc(unsigned long long)
[11:36:32.416] [INFO] shmem_malloc'd 8 bytes at 0xaaab00002250
[11:36:32.416] [INFO] set 0xaaab00002250 to 42
[11:36:32.416] [INFO] executing atomic fetch inc: dest = 0xaaab00002250, value = 42
[11:36:32.416] [INFO] atomic fetch inc on a unsigned long long at 0xaaab00002250 produced expected result
[11:36:32.416] ------ BEGIN TEST ROUTINE: shmem_atomic_fetch_inc(int32_t)
[11:36:32.416] [INFO] shmem_malloc'd 4 bytes at 0xaaab00002250
[11:36:32.416] [INFO] set 0xaaab00002250 to 42
[11:36:32.416] [INFO] executing atomic fetch inc: dest = 0xaaab00002250, value = 42
[11:36:32.417] [INFO] atomic fetch inc on a int32_t at 0xaaab00002250 produced expected result
[11:36:32.417] ------ BEGIN TEST ROUTINE: shmem_atomic_fetch_inc(int64_t)
[11:36:32.417] [INFO] shmem_malloc'd 8 bytes at 0xaaab00002250
[11:36:32.417] [INFO] set 0xaaab00002250 to 42
[11:36:32.417] [INFO] executing atomic fetch inc: dest = 0xaaab00002250, value = 42
[11:36:32.417] [INFO] atomic fetch inc on a int64_t at 0xaaab00002250 produced expected result
[11:36:32.417] ------ BEGIN TEST ROUTINE: shmem_atomic_fetch_inc(uint32_t)
[11:36:32.417] [INFO] shmem_malloc'd 4 bytes at 0xaaab00002250
[11:36:32.417] [INFO] set 0xaaab00002250 to 42
[11:36:32.417] [INFO] executing atomic fetch inc: dest = 0xaaab00002250, value = 42
[11:36:32.417] [INFO] atomic fetch inc on a uint32_t at 0xaaab00002250 produced expected result
[11:36:32.418] ------ BEGIN TEST ROUTINE: shmem_atomic_fetch_inc(uint64_t)
[11:36:32.418] [INFO] shmem_malloc'd 8 bytes at 0xaaab00002250
[11:36:32.418] [INFO] set 0xaaab00002250 to 42
[11:36:32.418] [INFO] executing atomic fetch inc: dest = 0xaaab00002250, value = 42
[11:36:32.418] [INFO] atomic fetch inc on a uint64_t at 0xaaab00002250 produced expected result
[11:36:32.418] ------ BEGIN TEST ROUTINE: shmem_atomic_fetch_inc(size_t)
[11:36:32.418] [INFO] shmem_malloc'd 8 bytes at 0xaaab00002250
[11:36:32.418] [INFO] set 0xaaab00002250 to 42
[11:36:32.418] [INFO] executing atomic fetch inc: dest = 0xaaab00002250, value = 42
[11:36:32.418] [INFO] atomic fetch inc on a size_t at 0xaaab00002250 produced expected result
[11:36:32.419] ------ BEGIN TEST ROUTINE: shmem_atomic_fetch_inc(ptrdiff_t)
[11:36:32.419] [INFO] shmem_malloc'd 8 bytes at 0xaaab00002250
[11:36:32.419] [INFO] set 0xaaab00002250 to 42
[11:36:32.419] [INFO] executing atomic fetch inc: dest = 0xaaab00002250, value = 42
[11:36:32.419] [INFO] atomic fetch inc on a ptrdiff_t at 0xaaab00002250 produced expected result
---------- END TEST: PASSED
