---------- BEGIN TEST: /root/lanl/vv/shmemvv_logs/src/unit/c11/collectives/c11_shmem_alltoall.c
[11:36:32.559] ------ BEGIN TEST ROUTINE: shmem_alltoall(float)
[11:36:32.560] [INFO] shmem_malloc'd 8 bytes @ &src = 0xaaab40002250, 8 bytes @ &dest = 0xaaab40002270
[11:36:32.560] [INFO] set 0xaaab40002250..0xaaab40002254 to 1 + idx
[11:36:32.560] [INFO] executing shmem_alltoall: dest = 0xaaab40002270, src = 0xaaab40002250
[11:36:32.560] [INFO] validating result...
[11:36:32.560] [INFO] shmem_alltoall on float produced expected result.
[11:36:32.560] ------ BEGIN TEST ROUTINE: shmem_alltoall(double)
[11:36:32.560] [INFO] shmem_malloc'd 16 bytes @ &src = 0xaaab40002250, 16 bytes @ &dest = 0xaaab40002270
[11:36:32.560] [INFO] set 0xaaab40002250..0xaaab40002258 to 1 + idx
[11:36:32.560] [INFO] executing shmem_alltoall: dest = 0xaaab40002270, src = 0xaaab40002250
[11:36:32.560] [INFO] validating result...
[11:36:32.560] [INFO] shmem_alltoall on double produced expected result.
[11:36:32.560] ------ BEGIN TEST ROUTINE: shmem_alltoall(long double)
[11:36:32.561] [INFO] shmem_malloc'd 32 bytes @ &src = 0xaaab40002250, 32 bytes @ &dest = 0xaaab40002280
[11:36:32.561] [INFO] set 0xaaab40002250..0xaaab40002260 to 1 + idx
[11:36:32.561] [INFO] executing shmem_alltoall: dest = 0xaaab40002280, src = 0xaaab40002250
[11:36:32.561] [INFO] validating result...
[11:36:32.561] [INFO] shmem_alltoall on long double produced expected result.
[11:36:32.561] ------ BEGIN TEST ROUTINE: shmem_alltoall(char)
[11:36:32.561] [INFO] shmem_malloc'd 2 bytes @ &src = 0xaaab40002250, 2 bytes @ &dest = 0xaaab40002270
[11:36:32.561] [INFO] set 0xaaab40002250..0xaaab40002251 to 1 + idx
[11:36:32.561] [INFO] executing shmem_alltoall: dest = 0xaaab40002270, src = 0xaaab40002250
[11:36:32.562] [INFO] validating result...
[11:36:32.562] [INFO] shmem_alltoall on char produced expected result.
[11:36:32.562] ------ BEGIN TEST ROUTINE: shmem_alltoall(signed char)
[11:36:32.562] [INFO] shmem_malloc'd 2 bytes @ &src = 0xaaab40002250, 2 bytes @ &dest = 0xaaab40002270
[11:36:32.562] [INFO] set 0xaaab40002250..0xaaab40002251 to 1 + idx
[11:36:32.562] [INFO] executing shmem_alltoall: dest = 0xaaab40002270, src = 0xaaab40002250
[11:36:32.562] [INFO] validating result...
[11:36:32.562] [INFO] shmem_alltoall on signed char produced expected result.
[11:36:32.562] ------ BEGIN TEST ROUTINE: shmem_alltoall(short)
[11:36:32.563] [INFO] shmem_malloc'd 4 bytes @ &src = 0xaaab40002250, 4 bytes @ &dest = 0xaaab40002270
[11:36:32.563] [INFO] set 0xaaab40002250..0xaaab40002252 to 1 + idx
[11:36:32.563] [INFO] executing shmem_alltoall: dest = 0xaaab40002270, src = 0xaaab40002250
[11:36:32.563] [INFO] validating result...
[11:36:32.563] [INFO] shmem_alltoall on short produced expected result.
[11:36:32.563] ------ BEGIN TEST ROUTINE: shmem_alltoall(int)
[11:36:32.563] [INFO] shmem_malloc'd 8 bytes @ &src = 0xaaab40002250, 8 bytes @ &dest = 0xaaab40002270
[11:36:32.563] [INFO] set 0xaaab40002250..0xaaab40002254 to 1 + idx
[11:36:32.563] [INFO] executing shmem_alltoall: dest = 0xaaab40002270, src = 0xaaab40002250
[11:36:32.563] [INFO] validating result...
[11:36:32.563] [INFO] shmem_alltoall on int produced expected result.
[11:36:32.564] ------ BEGIN TEST ROUTINE: shmem_alltoall(long)
[11:36:32.564] [INFO] shmem_malloc'd 16 bytes @ &src = 0xaaab40002250, 16 bytes @ &dest = 0xaaab40002270
[11:36:32.564] [INFO] set 0xaaab40002250..0xaaab40002258 to 1 + idx
[11:36:32.564] [INFO] executing shmem_alltoall: dest = 0xaaab40002270, src = 0xaaab40002250
[11:36:32.564] [INFO] validating result...
[11:36:32.564] [INFO] shmem_alltoall on long produced expected result.
[11:36:32.564] ------ BEGIN TEST ROUTINE: shmem_alltoall(long long)
[11:36:32.564] [INFO] shmem_malloc'd 16 bytes @ &src = 0xaaab40002250, 16 bytes @ &dest = 0xaaab40002270
[11:36:32.564] [INFO] set 0xaaab40002250..0xaaab40002258 to 1 + idx
[11:36:32.564] [INFO] executing shmem_alltoall: dest = 0xaaab40002270, src = 0xaaab40002250
[11:36:32.564] [INFO] validating result...
[11:36:32.564] [INFO] shmem_alltoall on long long produced expected result.
[11:36:32.565] ------ BEGIN TEST ROUTINE: shmem_alltoall(unsigned char)
[11:36:32.565] [INFO] shmem_malloc'd 2 bytes @ &src = 0xaaab40002250, 2 bytes @ &dest = 0xaaab40002270
[11:36:32.565] [INFO] set 0xaaab40002250..0xaaab40002251 to 1 + idx
[11:36:32.565] [INFO] executing shmem_alltoall: dest = 0xaaab40002270, src = 0xaaab40002250
[11:36:32.565] [INFO] validating result...
[11:36:32.565] [INFO] shmem_alltoall on unsigned char produced expected result.
[11:36:32.565] ------ BEGIN TEST ROUTINE: shmem_alltoall(unsigned short)
[11:36:32.565] [INFO] shmem_malloc'd 4 bytes @ &src = 0xaaab40002250, 4 bytes @ &dest = 0xaaab40002270
[11:36:32.565] [INFO] set 0xaaab40002250..0xaaab40002252 to 1 + idx
[11:36:32.565] [INFO] executing shmem_alltoall: dest = 0xaaab40002270, src = 0xaaab40002250
[11:36:32.566] [INFO] validating result...
[11:36:32.566] [INFO] shmem_alltoall on unsigned short produced expected result.
[11:36:32.566] ------ BEGIN TEST ROUTINE: shmem_alltoall(unsigned int)
[11:36:32.566] [INFO] shmem_malloc'd 8 bytes @ &src = 0xaaab40002250, 8 bytes @ &dest = 0xaaab40002270
[11:36:32.566] [INFO] set 0xaaab40002250..0xaaab40002254 to 1 + idx
[11:36:32.566] [INFO] executing shmem_alltoall: dest = 0xaaab40002270, src = 0xaaab40002250
[11:36:32.566] [INFO] validating result...
[11:36:32.566] [INFO] shmem_alltoall on unsigned int produced expected result.
[11:36:32.566] ------ BEGIN TEST ROUTINE: shmem_alltoall(unsigned long)
[11:36:32.566] [INFO] shmem_malloc'd 16 bytes @ &src = 0xaaab40002250, 16 bytes @ &dest = 0xaaab40002270
[11:36:32.566] [INFO] set 0xaaab40002250..0xaaab40002258 to 1 + idx
[11:36:32.566] [INFO] executing shmem_alltoall: dest = 0xaaab40002270, src = 0xaaab40002250
[11:36:32.567] [INFO] validating result...
[11:36:32.567] [INFO] shmem_alltoall on unsigned long produced expected result.
[11:36:32.567] ------ BEGIN TEST ROUTINE: shmem_alltoall(unsigned long long)
[11:36:32.567] [INFO] shmem_malloc'd 16 bytes @ &src = 0xaaab40002250, 16 bytes @ &dest = 0xaaab40002270
[11:36:32.567] [INFO] set 0xaaab40002250..0xaaab40002258 to 1 + idx
[11:36:32.567] [INFO] executing shmem_alltoall: dest = 0xaaab40002270, src = 0xaaab40002250
[11:36:32.567] [INFO] validating result...
[11:36:32.567] [INFO] shmem_alltoall on unsigned long long produced expected result.
[11:36:32.567] ------ BEGIN TEST ROUTINE: shmem_alltoall(int8_t)
[11:36:32.568] [INFO] shmem_malloc'd 2 bytes @ &src = 0xaaab40002250, 2 bytes @ &dest = 0xaaab40002270
[11:36:32.568] [INFO] set 0xaaab40002250..0xaaab40002251 to 1 + idx
[11:36:32.568] [INFO] executing shmem_alltoall: dest = 0xaaab40002270, src = 0xaaab40002250
[11:36:32.568] [INFO] validating result...
[11:36:32.568] [INFO] shmem_alltoall on int8_t produced expected result.
[11:36:32.568] ------ BEGIN TEST ROUTINE: shmem_alltoall(int16_t)
[11:36:32.568] [INFO] shmem_malloc'd 4 bytes @ &src = 0xaaab40002250, 4 bytes @ &dest = 0xaaab40002270
[11:36:32.568] [INFO] set 0xaaab40002250..0xaaab40002252 to 1 + idx
[11:36:32.568] [INFO] executing shmem_alltoall: dest = 0xaaab40002270, src = 0xaaab40002250
[11:36:32.569] [INFO] validating result...
[11:36:32.569] [INFO] shmem_alltoall on int16_t produced expected result.
[11:36:32.569] ------ BEGIN TEST ROUTINE: shmem_alltoall(int32_t)
[11:36:32.569] [INFO] shmem_malloc'd 8 bytes @ &src = 0xaaab40002250, 8 bytes @ &dest = 0xaaab40002270
[11:36:32.569] [INFO] set 0xaaab40002250..0xaaab40002254 to 1 + idx
[11:36:32.569] [INFO] executing shmem_alltoall: dest = 0xaaab40002270, src = 0xaaab40002250
[11:36:32.569] [INFO] validating result...
[11:36:32.569] [INFO] shmem_alltoall on int32_t produced expected result.
[11:36:32.569] ------ BEGIN TEST ROUTINE: shmem_alltoall(int64_t)
[11:36:32.570] [INFO] shmem_malloc'd 16 bytes @ &src = 0xaaab40002250, 16 bytes @ &dest = 0xaaab40002270
[11:36:32.570] [INFO] set 0xaaab40002250..0xaaab40002258 to 1 + idx
[11:36:32.570] [INFO] executing shmem_alltoall: dest = 0xaaab40002270, src = 0xaaab40002250
[11:36:32.570] [INFO] validating result...
[11:36:32.570] [INFO] shmem_alltoall on int64_t produced expected result.
[11:36:32.570] ------ BEGIN TEST ROUTINE: shmem_alltoall(uint8_t)
[11:36:32.570] [INFO] shmem_malloc'd 2 bytes @ &src = 0xaaab40002250, 2 bytes @ &dest = 0xaaab40002270
[11:36:32.570] [INFO] set 0xaaab40002250..0xaaab40002251 to 1 + idx
[11:36:32.570] [INFO] executing shmem_alltoall: dest = 0xaaab40002270, src = 0xaaab40002250
[11:36:32.571] [INFO] validating result...
[11:36:32.571] [INFO] shmem_alltoall on uint8_t produced expected result.
[11:36:32.571] ------ BEGIN TEST ROUTINE: shmem_alltoall(uint16_t)
[11:36:32.571] [INFO] shmem_malloc'd 4 bytes @ &src = 0xaaab40002250, 4 bytes @ &dest = 0xaaab40002270
[11:36:32.571] [INFO] set 0xaaab40002250..0xaaab40002252 to 1 + idx
[11:36:32.571] [INFO] executing shmem_alltoall: dest = 0xaaab40002270, src = 0xaaab40002250
[11:36:32.571] [INFO] validating result...
[11:36:32.571] [INFO] shmem_alltoall on uint16_t produced expected result.
[11:36:32.571] ------ BEGIN TEST ROUTINE: shmem_alltoall(uint32_t)
[11:36:32.572] [INFO] shmem_malloc'd 8 bytes @ &src = 0xaaab40002250, 8 bytes @ &dest = 0xaaab40002270
[11:36:32.572] [INFO] set 0xaaab40002250..0xaaab40002254 to 1 + idx
[11:36:32.572] [INFO] executing shmem_alltoall: dest = 0xaaab40002270, src = 0xaaab40002250
[11:36:32.572] [INFO] validating result...
[11:36:32.572] [INFO] shmem_alltoall on uint32_t produced expected result.
[11:36:32.572] ------ BEGIN TEST ROUTINE: shmem_alltoall(uint64_t)
[11:36:32.572] [INFO] shmem_malloc'd 16 bytes @ &src = 0xaaab40002250, 16 bytes @ &dest = 0xaaab40002270
[11:36:32.572] [INFO] set 0xaaab40002250..0xaaab40002258 to 1 + idx
[11:36:32.572] [INFO] executing shmem_alltoall: dest = 0xaaab40002270, src = 0xaaab40002250
[11:36:32.573] [INFO] validating result...
[11:36:32.573] [INFO] shmem_alltoall on uint64_t produced expected result.
[11:36:32.573] ------ BEGIN TEST ROUTINE: shmem_alltoall(size_t)
[11:36:32.573] [INFO] shmem_malloc'd 16 bytes @ &src = 0xaaab40002250, 16 bytes @ &dest = 0xaaab40002270
[11:36:32.573] [INFO] set 0xaaab40002250..0xaaab40002258 to 1 + idx
[11:36:32.573] [INFO] executing shmem_alltoall: dest = 0xaaab40002270, src = 0xaaab40002250
[11:36:32.573] [INFO] validating result...
[11:36:32.573] [INFO] shmem_alltoall on size_t produced expected result.
[11:36:32.574] ------ BEGIN TEST ROUTINE: shmem_alltoall(ptrdiff_t)
[11:36:32.574] [INFO] shmem_malloc'd 16 bytes @ &src = 0xaaab40002250, 16 bytes @ &dest = 0xaaab40002270
[11:36:32.574] [INFO] set 0xaaab40002250..0xaaab40002258 to 1 + idx
[11:36:32.574] [INFO] executing shmem_alltoall: dest = 0xaaab40002270, src = 0xaaab40002250
[11:36:32.574] [INFO] validating result...
[11:36:32.574] [INFO] shmem_alltoall on ptrdiff_t produced expected result.
---------- END TEST: PASSED
