---------- BEGIN TEST: /root/lanl/vv/shmemvv_logs/src/unit/c11/atomics/c11_shmem_atomic_compare_swap.c
[11:41:03.374] ------ BEGIN TEST ROUTINE: shmem_atomic_compare_swap(int)
[11:41:03.374] [INFO] shmem_malloc'd 4 bytes at 0xaaab40002250
[11:41:03.374] [INFO] set 0xaaab40002250 to 42
[11:41:03.375] [INFO] executing atomic cmp swp: dest = 0xaaab40002250, value = 42, new = 43
[11:41:03.375] [INFO] atomic cmp swp on a int at 0xaaab40002250 produced expected result
[11:41:03.375] ------ BEGIN TEST ROUTINE: shmem_atomic_compare_swap(long)
[11:41:03.375] [INFO] shmem_malloc'd 8 bytes at 0xaaab40002250
[11:41:03.375] [INFO] set 0xaaab40002250 to 42
[11:41:03.375] [INFO] executing atomic cmp swp: dest = 0xaaab40002250, value = 42, new = 43
[11:41:03.375] [INFO] atomic cmp swp on a long at 0xaaab40002250 produced expected result
[11:41:03.376] ------ BEGIN TEST ROUTINE: shmem_atomic_compare_swap(long long)
[11:41:03.376] [INFO] shmem_malloc'd 8 bytes at 0xaaab40002250
[11:41:03.376] [INFO] set 0xaaab40002250 to 42
[11:41:03.376] [INFO] executing atomic cmp swp: dest = 0xaaab40002250, value = 42, new = 43
[11:41:03.376] [INFO] atomic cmp swp on a long long at 0xaaab40002250 produced expected result
[11:41:03.376] ------ BEGIN TEST ROUTINE: shmem_atomic_compare_swap(unsigned int)
[11:41:03.376] [INFO] shmem_malloc'd 4 bytes at 0xaaab40002250
[11:41:03.376] [INFO] set 0xaaab40002250 to 42
[11:41:03.376] [INFO] executing atomic cmp swp: dest = 0xaaab40002250, value = 42, new = 43
[11:41:03.377] [INFO] atomic cmp swp on a unsigned int at 0xaaab40002250 produced expected result
[11:41:03.377] ------ BEGIN TEST ROUTINE: shmem_atomic_compare_swap(unsigned long)
[11:41:03.377] [INFO] shmem_malloc'd 8 bytes at 0xaaab40002250
[11:41:03.377] [INFO] set 0xaaab40002250 to 42
[11:41:03.377] [INFO] executing atomic cmp swp: dest = 0xaaab40002250, value = 42, new = 43
[11:41:03.377] [INFO] atomic cmp swp on a unsigned long at 0xaaab40002250 produced expected result
[11:41:03.377] ------ BEGIN TEST ROUTINE: shmem_atomic_compare_swap(unsigned long long)
[11:41:03.377] [INFO] shmem_malloc'd 8 bytes at 0xaaab40002250
[11:41:03.377] [INFO] set 0xaaab40002250 to 42
[11:41:03.378] [INFO] executing atomic cmp swp: dest = 0xaaab40002250, value = 42, new = 43
[11:41:03.378] [INFO] atomic cmp swp on a unsigned long long at 0xaaab40002250 produced expected result
[11:41:03.378] ------ BEGIN TEST ROUTINE: shmem_atomic_compare_swap(int32_t)
[11:41:03.378] [INFO] shmem_malloc'd 4 bytes at 0xaaab40002250
[11:41:03.378] [INFO] set 0xaaab40002250 to 42
[11:41:03.378] [INFO] executing atomic cmp swp: dest = 0xaaab40002250, value = 42, new = 43
[11:41:03.378] [INFO] atomic cmp swp on a int32_t at 0xaaab40002250 produced expected result
[11:41:03.378] ------ BEGIN TEST ROUTINE: shmem_atomic_compare_swap(int64_t)
[11:41:03.378] [INFO] shmem_malloc'd 8 bytes at 0xaaab40002250
[11:41:03.378] [INFO] set 0xaaab40002250 to 42
[11:41:03.379] [INFO] executing atomic cmp swp: dest = 0xaaab40002250, value = 42, new = 43
[11:41:03.379] [INFO] atomic cmp swp on a int64_t at 0xaaab40002250 produced expected result
[11:41:03.379] ------ BEGIN TEST ROUTINE: shmem_atomic_compare_swap(uint32_t)
[11:41:03.379] [INFO] shmem_malloc'd 4 bytes at 0xaaab40002250
[11:41:03.379] [INFO] set 0xaaab40002250 to 42
[11:41:03.379] [INFO] executing atomic cmp swp: dest = 0xaaab40002250, value = 42, new = 43
[11:41:03.379] [INFO] atomic cmp swp on a uint32_t at 0xaaab40002250 produced expected result
[11:41:03.379] ------ BEGIN TEST ROUTINE: shmem_atomic_compare_swap(uint64_t)
[11:41:03.379] [INFO] shmem_malloc'd 8 bytes at 0xaaab40002250
[11:41:03.380] [INFO] set 0xaaab40002250 to 42
[11:41:03.380] [INFO] executing atomic cmp swp: dest = 0xaaab40002250, value = 42, new = 43
[11:41:03.380] [INFO] atomic cmp swp on a uint64_t at 0xaaab40002250 produced expected result
[11:41:03.380] ------ BEGIN TEST ROUTINE: shmem_atomic_compare_swap(size_t)
[11:41:03.380] [INFO] shmem_malloc'd 8 bytes at 0xaaab40002250
[11:41:03.380] [INFO] set 0xaaab40002250 to 42
[11:41:03.380] [INFO] executing atomic cmp swp: dest = 0xaaab40002250, value = 42, new = 43
[11:41:03.380] [INFO] atomic cmp swp on a size_t at 0xaaab40002250 produced expected result
[11:41:03.381] ------ BEGIN TEST ROUTINE: shmem_atomic_compare_swap(ptrdiff_t)
[11:41:03.381] [INFO] shmem_malloc'd 8 bytes at 0xaaab40002250
[11:41:03.381] [INFO] set 0xaaab40002250 to 42
[11:41:03.381] [INFO] executing atomic cmp swp: dest = 0xaaab40002250, value = 42, new = 43
[11:41:03.381] [INFO] atomic cmp swp on a ptrdiff_t at 0xaaab40002250 produced expected result
---------- END TEST: PASSED
