---------- BEGIN TEST: /root/lanl/vv/shmemvv_logs/src/unit/c11/rma/c11_shmem_iput.c
[16:28:12.974] ------ BEGIN TEST ROUTINE: shmem_iput(long)
[16:28:12.974] [INFO] Allocated static arrays: src at 0xaaaab3e50200, dest at 0xaaaab3e50250
[16:28:12.974] [INFO] Running on PE 1 of 2 total PEs
[16:28:12.974] [INFO] PE 1: Initialized src array with values [1..10]
[16:28:12.974] [INFO] Completed barrier synchronization
[16:28:12.974] [INFO] Completed barrier synchronization
[16:28:12.974] [INFO] PE 1: Beginning validation of received data
[16:28:12.974] [FAIL] PE 1: Validation failed - dest[2] = 2, expected 1
[16:28:12.974] ------ BEGIN TEST ROUTINE: shmem_iput(double)
[16:28:12.974] [INFO] Allocated static arrays: src at 0xaaaab3e502a0, dest at 0xaaaab3e502f0
[16:28:12.974] [INFO] Running on PE 1 of 2 total PEs
[16:28:12.974] [INFO] PE 1: Initialized src array with values [1..10]
[16:28:12.974] [INFO] Completed barrier synchronization
[16:28:12.974] [INFO] Completed barrier synchronization
[16:28:12.974] [INFO] PE 1: Beginning validation of received data
[16:28:12.974] [FAIL] PE 1: Validation failed - dest[2] = 2, expected 1
[16:28:12.974] ------ BEGIN TEST ROUTINE: shmem_iput(long double)
[16:28:12.974] [INFO] Allocated static arrays: src at 0xaaaab3e50340, dest at 0xaaaab3e503e0
[16:28:12.974] [INFO] Running on PE 1 of 2 total PEs
[16:28:12.974] [INFO] PE 1: Initialized src array with values [1..10]
[16:28:12.975] [INFO] Completed barrier synchronization
[16:28:12.975] [INFO] Completed barrier synchronization
[16:28:12.975] [INFO] PE 1: Beginning validation of received data
[16:28:12.975] [FAIL] PE 1: Validation failed - dest[2] = 2, expected 1
[16:28:12.975] ------ BEGIN TEST ROUTINE: shmem_iput(char)
[16:28:12.975] [INFO] Allocated static arrays: src at 0xaaaab3e50480, dest at 0xaaaab3e50490
[16:28:12.975] [INFO] Running on PE 1 of 2 total PEs
[16:28:12.975] [INFO] PE 1: Initialized src array with values [1..10]
[16:28:12.975] [INFO] Completed barrier synchronization
[16:28:12.975] [INFO] Completed barrier synchronization
[16:28:12.975] [INFO] PE 1: Beginning validation of received data
[16:28:12.975] [FAIL] PE 1: Validation failed - dest[2] = 2, expected 1
[16:28:12.975] ------ BEGIN TEST ROUTINE: shmem_iput(signed char)
[16:28:12.975] [INFO] Allocated static arrays: src at 0xaaaab3e504a0, dest at 0xaaaab3e504b0
[16:28:12.975] [INFO] Running on PE 1 of 2 total PEs
[16:28:12.975] [INFO] PE 1: Initialized src array with values [1..10]
[16:28:12.975] [INFO] Completed barrier synchronization
[16:28:12.975] [INFO] Completed barrier synchronization
[16:28:12.975] [INFO] PE 1: Beginning validation of received data
[16:28:12.975] [FAIL] PE 1: Validation failed - dest[2] = 2, expected 1
[16:28:12.975] ------ BEGIN TEST ROUTINE: shmem_iput(short)
[16:28:12.975] [INFO] Allocated static arrays: src at 0xaaaab3e504c0, dest at 0xaaaab3e504d8
[16:28:12.975] [INFO] Running on PE 1 of 2 total PEs
[16:28:12.975] [INFO] PE 1: Initialized src array with values [1..10]
[16:28:12.975] [INFO] Completed barrier synchronization
[16:28:12.975] [INFO] Completed barrier synchronization
[16:28:12.975] [INFO] PE 1: Beginning validation of received data
[16:28:12.975] [FAIL] PE 1: Validation failed - dest[2] = 2, expected 1
[16:28:12.975] ------ BEGIN TEST ROUTINE: shmem_iput(int)
[16:28:12.975] [INFO] Allocated static arrays: src at 0xaaaab3e504f0, dest at 0xaaaab3e50518
[16:28:12.975] [INFO] Running on PE 1 of 2 total PEs
[16:28:12.975] [INFO] PE 1: Initialized src array with values [1..10]
[16:28:12.975] [INFO] Completed barrier synchronization
[16:28:12.976] [INFO] Completed barrier synchronization
[16:28:12.976] [INFO] PE 1: Beginning validation of received data
[16:28:12.976] [FAIL] PE 1: Validation failed - dest[2] = 2, expected 1
[16:28:12.976] ------ BEGIN TEST ROUTINE: shmem_iput(long)
[16:28:12.976] [INFO] Allocated static arrays: src at 0xaaaab3e50540, dest at 0xaaaab3e50590
[16:28:12.976] [INFO] Running on PE 1 of 2 total PEs
[16:28:12.976] [INFO] PE 1: Initialized src array with values [1..10]
[16:28:12.976] [INFO] Completed barrier synchronization
[16:28:12.976] [INFO] Completed barrier synchronization
[16:28:12.976] [INFO] PE 1: Beginning validation of received data
[16:28:12.976] [FAIL] PE 1: Validation failed - dest[2] = 2, expected 1
[16:28:12.976] ------ BEGIN TEST ROUTINE: shmem_iput(long long)
[16:28:12.976] [INFO] Allocated static arrays: src at 0xaaaab3e505e0, dest at 0xaaaab3e50630
[16:28:12.976] [INFO] Running on PE 1 of 2 total PEs
[16:28:12.976] [INFO] PE 1: Initialized src array with values [1..10]
[16:28:12.976] [INFO] Completed barrier synchronization
[16:28:12.976] [INFO] Completed barrier synchronization
[16:28:12.976] [INFO] PE 1: Beginning validation of received data
[16:28:12.976] [FAIL] PE 1: Validation failed - dest[2] = 2, expected 1
[16:28:12.976] ------ BEGIN TEST ROUTINE: shmem_iput(unsigned char)
[16:28:12.976] [INFO] Allocated static arrays: src at 0xaaaab3e50680, dest at 0xaaaab3e50690
[16:28:12.976] [INFO] Running on PE 1 of 2 total PEs
[16:28:12.976] [INFO] PE 1: Initialized src array with values [1..10]
[16:28:12.976] [INFO] Completed barrier synchronization
[16:28:12.976] [INFO] Completed barrier synchronization
[16:28:12.976] [INFO] PE 1: Beginning validation of received data
[16:28:12.976] [FAIL] PE 1: Validation failed - dest[2] = 2, expected 1
[16:28:12.976] ------ BEGIN TEST ROUTINE: shmem_iput(unsigned short)
[16:28:12.976] [INFO] Allocated static arrays: src at 0xaaaab3e506a0, dest at 0xaaaab3e506b8
[16:28:12.976] [INFO] Running on PE 1 of 2 total PEs
[16:28:12.976] [INFO] PE 1: Initialized src array with values [1..10]
[16:28:12.976] [INFO] Completed barrier synchronization
[16:28:12.977] [INFO] Completed barrier synchronization
[16:28:12.977] [INFO] PE 1: Beginning validation of received data
[16:28:12.977] [FAIL] PE 1: Validation failed - dest[2] = 2, expected 1
[16:28:12.977] ------ BEGIN TEST ROUTINE: shmem_iput(unsigned int)
[16:28:12.977] [INFO] Allocated static arrays: src at 0xaaaab3e506d0, dest at 0xaaaab3e506f8
[16:28:12.977] [INFO] Running on PE 1 of 2 total PEs
[16:28:12.977] [INFO] PE 1: Initialized src array with values [1..10]
[16:28:12.977] [INFO] Completed barrier synchronization
[16:28:12.977] [INFO] Completed barrier synchronization
[16:28:12.977] [INFO] PE 1: Beginning validation of received data
[16:28:12.977] [FAIL] PE 1: Validation failed - dest[2] = 2, expected 1
[16:28:12.977] ------ BEGIN TEST ROUTINE: shmem_iput(unsigned long)
[16:28:12.977] [INFO] Allocated static arrays: src at 0xaaaab3e50720, dest at 0xaaaab3e50770
[16:28:12.977] [INFO] Running on PE 1 of 2 total PEs
[16:28:12.977] [INFO] PE 1: Initialized src array with values [1..10]
[16:28:12.977] [INFO] Completed barrier synchronization
[16:28:12.977] [INFO] Completed barrier synchronization
[16:28:12.977] [INFO] PE 1: Beginning validation of received data
[16:28:12.977] [FAIL] PE 1: Validation failed - dest[2] = 2, expected 1
[16:28:12.977] ------ BEGIN TEST ROUTINE: shmem_iput(unsigned long long)
[16:28:12.977] [INFO] Allocated static arrays: src at 0xaaaab3e507c0, dest at 0xaaaab3e50810
[16:28:12.977] [INFO] Running on PE 1 of 2 total PEs
[16:28:12.977] [INFO] PE 1: Initialized src array with values [1..10]
[16:28:12.977] [INFO] Completed barrier synchronization
[16:28:12.977] [INFO] Completed barrier synchronization
[16:28:12.977] [INFO] PE 1: Beginning validation of received data
[16:28:12.977] [FAIL] PE 1: Validation failed - dest[2] = 2, expected 1
[16:28:12.977] ------ BEGIN TEST ROUTINE: shmem_iput(int8_t)
[16:28:12.977] [INFO] Allocated static arrays: src at 0xaaaab3e50860, dest at 0xaaaab3e50870
[16:28:12.977] [INFO] Running on PE 1 of 2 total PEs
[16:28:12.977] [INFO] PE 1: Initialized src array with values [1..10]
[16:28:12.977] [INFO] Completed barrier synchronization
[16:28:12.977] [INFO] Completed barrier synchronization
[16:28:12.977] [INFO] PE 1: Beginning validation of received data
[16:28:12.977] [FAIL] PE 1: Validation failed - dest[2] = 2, expected 1
[16:28:12.977] ------ BEGIN TEST ROUTINE: shmem_iput(int16_t)
[16:28:12.977] [INFO] Allocated static arrays: src at 0xaaaab3e50880, dest at 0xaaaab3e50898
[16:28:12.977] [INFO] Running on PE 1 of 2 total PEs
[16:28:12.977] [INFO] PE 1: Initialized src array with values [1..10]
[16:28:12.977] [INFO] Completed barrier synchronization
[16:28:12.978] [INFO] Completed barrier synchronization
[16:28:12.978] [INFO] PE 1: Beginning validation of received data
[16:28:12.978] [FAIL] PE 1: Validation failed - dest[2] = 2, expected 1
[16:28:12.978] ------ BEGIN TEST ROUTINE: shmem_iput(int32_t)
[16:28:12.978] [INFO] Allocated static arrays: src at 0xaaaab3e508b0, dest at 0xaaaab3e508d8
[16:28:12.978] [INFO] Running on PE 1 of 2 total PEs
[16:28:12.978] [INFO] PE 1: Initialized src array with values [1..10]
[16:28:12.978] [INFO] Completed barrier synchronization
[16:28:12.978] [INFO] Completed barrier synchronization
[16:28:12.978] [INFO] PE 1: Beginning validation of received data
[16:28:12.978] [FAIL] PE 1: Validation failed - dest[2] = 2, expected 1
[16:28:12.978] ------ BEGIN TEST ROUTINE: shmem_iput(int64_t)
[16:28:12.978] [INFO] Allocated static arrays: src at 0xaaaab3e50900, dest at 0xaaaab3e50950
[16:28:12.978] [INFO] Running on PE 1 of 2 total PEs
[16:28:12.978] [INFO] PE 1: Initialized src array with values [1..10]
[16:28:12.978] [INFO] Completed barrier synchronization
[16:28:12.978] [INFO] Completed barrier synchronization
[16:28:12.978] [INFO] PE 1: Beginning validation of received data
[16:28:12.978] [FAIL] PE 1: Validation failed - dest[2] = 2, expected 1
[16:28:12.978] ------ BEGIN TEST ROUTINE: shmem_iput(uint8_t)
[16:28:12.978] [INFO] Allocated static arrays: src at 0xaaaab3e509a0, dest at 0xaaaab3e509b0
[16:28:12.978] [INFO] Running on PE 1 of 2 total PEs
[16:28:12.978] [INFO] PE 1: Initialized src array with values [1..10]
[16:28:12.978] [INFO] Completed barrier synchronization
[16:28:12.978] [INFO] Completed barrier synchronization
[16:28:12.978] [INFO] PE 1: Beginning validation of received data
[16:28:12.978] [FAIL] PE 1: Validation failed - dest[2] = 2, expected 1
[16:28:12.978] ------ BEGIN TEST ROUTINE: shmem_iput(uint16_t)
[16:28:12.978] [INFO] Allocated static arrays: src at 0xaaaab3e509c0, dest at 0xaaaab3e509d8
[16:28:12.978] [INFO] Running on PE 1 of 2 total PEs
[16:28:12.978] [INFO] PE 1: Initialized src array with values [1..10]
[16:28:12.978] [INFO] Completed barrier synchronization
[16:28:12.978] [INFO] Completed barrier synchronization
[16:28:12.978] [INFO] PE 1: Beginning validation of received data
[16:28:12.978] [FAIL] PE 1: Validation failed - dest[2] = 2, expected 1
[16:28:12.978] ------ BEGIN TEST ROUTINE: shmem_iput(uint32_t)
[16:28:12.978] [INFO] Allocated static arrays: src at 0xaaaab3e509f0, dest at 0xaaaab3e50a18
[16:28:12.978] [INFO] Running on PE 1 of 2 total PEs
[16:28:12.978] [INFO] PE 1: Initialized src array with values [1..10]
[16:28:12.979] [INFO] Completed barrier synchronization
[16:28:12.979] [INFO] Completed barrier synchronization
[16:28:12.979] [INFO] PE 1: Beginning validation of received data
[16:28:12.979] [FAIL] PE 1: Validation failed - dest[2] = 2, expected 1
[16:28:12.979] ------ BEGIN TEST ROUTINE: shmem_iput(uint64_t)
[16:28:12.979] [INFO] Allocated static arrays: src at 0xaaaab3e50a40, dest at 0xaaaab3e50a90
[16:28:12.979] [INFO] Running on PE 1 of 2 total PEs
[16:28:12.979] [INFO] PE 1: Initialized src array with values [1..10]
[16:28:12.979] [INFO] Completed barrier synchronization
[16:28:12.979] [INFO] Completed barrier synchronization
[16:28:12.979] [INFO] PE 1: Beginning validation of received data
[16:28:12.979] [FAIL] PE 1: Validation failed - dest[2] = 2, expected 1
[16:28:12.979] ------ BEGIN TEST ROUTINE: shmem_iput(size_t)
[16:28:12.979] [INFO] Allocated static arrays: src at 0xaaaab3e50ae0, dest at 0xaaaab3e50b30
[16:28:12.979] [INFO] Running on PE 1 of 2 total PEs
[16:28:12.979] [INFO] PE 1: Initialized src array with values [1..10]
[16:28:12.979] [INFO] Completed barrier synchronization
[16:28:12.979] [INFO] Completed barrier synchronization
[16:28:12.979] [INFO] PE 1: Beginning validation of received data
[16:28:12.979] [FAIL] PE 1: Validation failed - dest[2] = 2, expected 1
[16:28:12.979] ------ BEGIN TEST ROUTINE: shmem_iput(ptrdiff_t)
[16:28:12.979] [INFO] Allocated static arrays: src at 0xaaaab3e50b80, dest at 0xaaaab3e50bd0
[16:28:12.979] [INFO] Running on PE 1 of 2 total PEs
[16:28:12.979] [INFO] PE 1: Initialized src array with values [1..10]
[16:28:12.979] [INFO] Completed barrier synchronization
[16:28:12.979] [INFO] Completed barrier synchronization
[16:28:12.979] [INFO] PE 1: Beginning validation of received data
[16:28:12.979] [FAIL] PE 1: Validation failed - dest[2] = 2, expected 1
---------- END TEST: FAILED
