---------- BEGIN TEST: /root/lanl/vv/shmemvv_logs/src/unit/c11/atomics/c11_shmem_atomic_fetch_and_nbi.c
[11:36:32.403] ------ BEGIN TEST ROUTINE: shmem_atomic_fetch_and_nbi(unsigned int)
[11:36:32.403] [INFO] shmem_malloc'd 4 bytes at 0xaaab40002250
[11:36:32.403] [INFO] set 0xaaab40002250 to 42
[11:36:32.403] [INFO] executing atomic fetch and (nbi): dest = 0xaaab40002250, and_val = 15
[11:36:32.404] [INFO] atomic fetch and on a unsigned int at 0xaaab40002250 produced expected result
[11:36:32.404] ------ BEGIN TEST ROUTINE: shmem_atomic_fetch_and_nbi(unsigned long)
[11:36:32.404] [INFO] shmem_malloc'd 8 bytes at 0xaaab40002250
[11:36:32.404] [INFO] set 0xaaab40002250 to 42
[11:36:32.404] [INFO] executing atomic fetch and (nbi): dest = 0xaaab40002250, and_val = 15
[11:36:32.404] [INFO] atomic fetch and on a unsigned long at 0xaaab40002250 produced expected result
[11:36:32.404] ------ BEGIN TEST ROUTINE: shmem_atomic_fetch_and_nbi(unsigned long long)
[11:36:32.404] [INFO] shmem_malloc'd 8 bytes at 0xaaab40002250
[11:36:32.404] [INFO] set 0xaaab40002250 to 42
[11:36:32.404] [INFO] executing atomic fetch and (nbi): dest = 0xaaab40002250, and_val = 15
[11:36:32.404] [INFO] atomic fetch and on a unsigned long long at 0xaaab40002250 produced expected result
[11:36:32.405] ------ BEGIN TEST ROUTINE: shmem_atomic_fetch_and_nbi(int32_t)
[11:36:32.405] [INFO] shmem_malloc'd 4 bytes at 0xaaab40002250
[11:36:32.405] [INFO] set 0xaaab40002250 to 42
[11:36:32.405] [INFO] executing atomic fetch and (nbi): dest = 0xaaab40002250, and_val = 15
[11:36:32.405] [INFO] atomic fetch and on a int32_t at 0xaaab40002250 produced expected result
[11:36:32.405] ------ BEGIN TEST ROUTINE: shmem_atomic_fetch_and_nbi(int64_t)
[11:36:32.405] [INFO] shmem_malloc'd 8 bytes at 0xaaab40002250
[11:36:32.405] [INFO] set 0xaaab40002250 to 42
[11:36:32.405] [INFO] executing atomic fetch and (nbi): dest = 0xaaab40002250, and_val = 15
[11:36:32.405] [INFO] atomic fetch and on a int64_t at 0xaaab40002250 produced expected result
[11:36:32.406] ------ BEGIN TEST ROUTINE: shmem_atomic_fetch_and_nbi(uint32_t)
[11:36:32.406] [INFO] shmem_malloc'd 4 bytes at 0xaaab40002250
[11:36:32.406] [INFO] set 0xaaab40002250 to 42
[11:36:32.406] [INFO] executing atomic fetch and (nbi): dest = 0xaaab40002250, and_val = 15
[11:36:32.406] [INFO] atomic fetch and on a uint32_t at 0xaaab40002250 produced expected result
[11:36:32.406] ------ BEGIN TEST ROUTINE: shmem_atomic_fetch_and_nbi(uint64_t)
[11:36:32.406] [INFO] shmem_malloc'd 8 bytes at 0xaaab40002250
[11:36:32.406] [INFO] set 0xaaab40002250 to 42
[11:36:32.406] [INFO] executing atomic fetch and (nbi): dest = 0xaaab40002250, and_val = 15
[11:36:32.406] [INFO] atomic fetch and on a uint64_t at 0xaaab40002250 produced expected result
---------- END TEST: PASSED
