---------- BEGIN TEST: /root/lanl/vv/shmemvv_logs/src/unit/c11/atomics/c11_shmem_atomic_fetch_inc_nbi.c
[11:41:03.473] ------ BEGIN TEST ROUTINE: shmem_atomic_fetch_inc_nbi(int)
[11:41:03.474] [INFO] shmem_malloc'd 4 bytes at 0xaaab40002250
[11:41:03.474] [INFO] set 0xaaab40002250 to 42
[11:41:03.474] [INFO] executing atomic fetch inc (nbi): dest = 0xaaab40002250, value = 42
[11:41:03.474] [INFO] atomic fetch inc (nbi) on a int at 0xaaab40002250 produced expected result
[11:41:03.474] ------ BEGIN TEST ROUTINE: shmem_atomic_fetch_inc_nbi(long)
[11:41:03.474] [INFO] shmem_malloc'd 8 bytes at 0xaaab40002250
[11:41:03.474] [INFO] set 0xaaab40002250 to 42
[11:41:03.474] [INFO] executing atomic fetch inc (nbi): dest = 0xaaab40002250, value = 42
[11:41:03.475] [INFO] atomic fetch inc (nbi) on a long at 0xaaab40002250 produced expected result
[11:41:03.475] ------ BEGIN TEST ROUTINE: shmem_atomic_fetch_inc_nbi(long long)
[11:41:03.475] [INFO] shmem_malloc'd 8 bytes at 0xaaab40002250
[11:41:03.475] [INFO] set 0xaaab40002250 to 42
[11:41:03.475] [INFO] executing atomic fetch inc (nbi): dest = 0xaaab40002250, value = 42
[11:41:03.475] [INFO] atomic fetch inc (nbi) on a long long at 0xaaab40002250 produced expected result
[11:41:03.475] ------ BEGIN TEST ROUTINE: shmem_atomic_fetch_inc_nbi(unsigned int)
[11:41:03.475] [INFO] shmem_malloc'd 4 bytes at 0xaaab40002250
[11:41:03.475] [INFO] set 0xaaab40002250 to 42
[11:41:03.475] [INFO] executing atomic fetch inc (nbi): dest = 0xaaab40002250, value = 42
[11:41:03.475] [INFO] atomic fetch inc (nbi) on a unsigned int at 0xaaab40002250 produced expected result
[11:41:03.476] ------ BEGIN TEST ROUTINE: shmem_atomic_fetch_inc_nbi(unsigned long)
[11:41:03.476] [INFO] shmem_malloc'd 8 bytes at 0xaaab40002250
[11:41:03.476] [INFO] set 0xaaab40002250 to 42
[11:41:03.476] [INFO] executing atomic fetch inc (nbi): dest = 0xaaab40002250, value = 42
[11:41:03.476] [INFO] atomic fetch inc (nbi) on a unsigned long at 0xaaab40002250 produced expected result
[11:41:03.476] ------ BEGIN TEST ROUTINE: shmem_atomic_fetch_inc_nbi(unsigned long long)
[11:41:03.476] [INFO] shmem_malloc'd 8 bytes at 0xaaab40002250
[11:41:03.476] [INFO] set 0xaaab40002250 to 42
[11:41:03.476] [INFO] executing atomic fetch inc (nbi): dest = 0xaaab40002250, value = 42
[11:41:03.476] [INFO] atomic fetch inc (nbi) on a unsigned long long at 0xaaab40002250 produced expected result
[11:41:03.476] ------ BEGIN TEST ROUTINE: shmem_atomic_fetch_inc_nbi(int32_t)
[11:41:03.476] [INFO] shmem_malloc'd 4 bytes at 0xaaab40002250
[11:41:03.476] [INFO] set 0xaaab40002250 to 42
[11:41:03.477] [INFO] executing atomic fetch inc (nbi): dest = 0xaaab40002250, value = 42
[11:41:03.477] [INFO] atomic fetch inc (nbi) on a int32_t at 0xaaab40002250 produced expected result
[11:41:03.477] ------ BEGIN TEST ROUTINE: shmem_atomic_fetch_inc_nbi(int64_t)
[11:41:03.477] [INFO] shmem_malloc'd 8 bytes at 0xaaab40002250
[11:41:03.477] [INFO] set 0xaaab40002250 to 42
[11:41:03.477] [INFO] executing atomic fetch inc (nbi): dest = 0xaaab40002250, value = 42
[11:41:03.477] [INFO] atomic fetch inc (nbi) on a int64_t at 0xaaab40002250 produced expected result
[11:41:03.477] ------ BEGIN TEST ROUTINE: shmem_atomic_fetch_inc_nbi(uint32_t)
[11:41:03.477] [INFO] shmem_malloc'd 4 bytes at 0xaaab40002250
[11:41:03.477] [INFO] set 0xaaab40002250 to 42
[11:41:03.477] [INFO] executing atomic fetch inc (nbi): dest = 0xaaab40002250, value = 42
[11:41:03.477] [INFO] atomic fetch inc (nbi) on a uint32_t at 0xaaab40002250 produced expected result
[11:41:03.478] ------ BEGIN TEST ROUTINE: shmem_atomic_fetch_inc_nbi(uint64_t)
[11:41:03.478] [INFO] shmem_malloc'd 8 bytes at 0xaaab40002250
[11:41:03.478] [INFO] set 0xaaab40002250 to 42
[11:41:03.478] [INFO] executing atomic fetch inc (nbi): dest = 0xaaab40002250, value = 42
[11:41:03.478] [INFO] atomic fetch inc (nbi) on a uint64_t at 0xaaab40002250 produced expected result
[11:41:03.478] ------ BEGIN TEST ROUTINE: shmem_atomic_fetch_inc_nbi(size_t)
[11:41:03.478] [INFO] shmem_malloc'd 8 bytes at 0xaaab40002250
[11:41:03.478] [INFO] set 0xaaab40002250 to 42
[11:41:03.478] [INFO] executing atomic fetch inc (nbi): dest = 0xaaab40002250, value = 42
[11:41:03.478] [INFO] atomic fetch inc (nbi) on a size_t at 0xaaab40002250 produced expected result
[11:41:03.478] ------ BEGIN TEST ROUTINE: shmem_atomic_fetch_inc_nbi(ptrdiff_t)
[11:41:03.478] [INFO] shmem_malloc'd 8 bytes at 0xaaab40002250
[11:41:03.478] [INFO] set 0xaaab40002250 to 42
[11:41:03.479] [INFO] executing atomic fetch inc (nbi): dest = 0xaaab40002250, value = 42
[11:41:03.479] [INFO] atomic fetch inc (nbi) on a ptrdiff_t at 0xaaab40002250 produced expected result
---------- END TEST: PASSED
