---------- BEGIN TEST: /root/lanl/vv/shmemvv_logs/src/unit/c11/rma/c11_shmem_p.c
[14:59:26.698] ------ BEGIN TEST ROUTINE: shmem_p(long)
[14:59:26.698] [INFO] Allocated static variables: src at 0xaaaaaba80200, dest at 0xaaaaaba80208
[14:59:26.698] [INFO] Running on PE 0 of 2 total PEs
[14:59:26.698] [INFO] PE 0: Initialized src with value 0
[14:59:26.698] [INFO] Completed barrier synchronization
[14:59:26.698] [INFO] PE 0: Starting put operation to PE 1
[14:59:26.698] [INFO] PE 0: dest=0xaaaaaba80208, src=0
[14:59:26.698] [INFO] PE 0: Completed put operation
[14:59:26.699] [INFO] Completed barrier synchronization
[14:59:26.699] [INFO] PE 0: Waiting for PE 1 to complete validation
[14:59:26.699] ------ BEGIN TEST ROUTINE: shmem_p(double)
[14:59:26.699] [INFO] Allocated static variables: src at 0xaaaaaba80210, dest at 0xaaaaaba80218
[14:59:26.699] [INFO] Running on PE 0 of 2 total PEs
[14:59:26.699] [INFO] PE 0: Initialized src with value 0
[14:59:26.699] [INFO] Completed barrier synchronization
[14:59:26.699] [INFO] PE 0: Starting put operation to PE 1
[14:59:26.699] [INFO] PE 0: dest=0xaaaaaba80218, src=0
[14:59:26.699] [INFO] PE 0: Completed put operation
[14:59:26.699] [INFO] Completed barrier synchronization
[14:59:26.699] [INFO] PE 0: Waiting for PE 1 to complete validation
[14:59:26.699] ------ BEGIN TEST ROUTINE: shmem_p(long double)
[14:59:26.699] [INFO] Allocated static variables: src at 0xaaaaaba80220, dest at 0xaaaaaba80230
[14:59:26.699] [INFO] Running on PE 0 of 2 total PEs
[14:59:26.699] [INFO] PE 0: Initialized src with value 0
[14:59:26.699] [INFO] Completed barrier synchronization
[14:59:26.699] [INFO] PE 0: Starting put operation to PE 1
[14:59:26.699] [INFO] PE 0: dest=0xaaaaaba80230, src=0
[14:59:26.699] [INFO] PE 0: Completed put operation
[14:59:26.699] [INFO] Completed barrier synchronization
[14:59:26.699] [INFO] PE 0: Waiting for PE 1 to complete validation
[14:59:26.699] ------ BEGIN TEST ROUTINE: shmem_p(char)
[14:59:26.699] [INFO] Allocated static variables: src at 0xaaaaaba80240, dest at 0xaaaaaba80241
[14:59:26.699] [INFO] Running on PE 0 of 2 total PEs
[14:59:26.699] [INFO] PE 0: Initialized src with value 0
[14:59:26.699] [INFO] Completed barrier synchronization
[14:59:26.699] [INFO] PE 0: Starting put operation to PE 1
[14:59:26.699] [INFO] PE 0: dest=0xaaaaaba80241, src=0
[14:59:26.699] [INFO] PE 0: Completed put operation
[14:59:26.699] [INFO] Completed barrier synchronization
[14:59:26.699] [INFO] PE 0: Waiting for PE 1 to complete validation
[14:59:26.699] ------ BEGIN TEST ROUTINE: shmem_p(signed char)
[14:59:26.699] [INFO] Allocated static variables: src at 0xaaaaaba80242, dest at 0xaaaaaba80243
[14:59:26.699] [INFO] Running on PE 0 of 2 total PEs
[14:59:26.699] [INFO] PE 0: Initialized src with value 0
[14:59:26.699] [INFO] Completed barrier synchronization
[14:59:26.699] [INFO] PE 0: Starting put operation to PE 1
[14:59:26.699] [INFO] PE 0: dest=0xaaaaaba80243, src=0
[14:59:26.699] [INFO] PE 0: Completed put operation
[14:59:26.699] [INFO] Completed barrier synchronization
[14:59:26.699] [INFO] PE 0: Waiting for PE 1 to complete validation
[14:59:26.699] ------ BEGIN TEST ROUTINE: shmem_p(short)
[14:59:26.699] [INFO] Allocated static variables: src at 0xaaaaaba80244, dest at 0xaaaaaba80246
[14:59:26.699] [INFO] Running on PE 0 of 2 total PEs
[14:59:26.699] [INFO] PE 0: Initialized src with value 0
[14:59:26.699] [INFO] Completed barrier synchronization
[14:59:26.699] [INFO] PE 0: Starting put operation to PE 1
[14:59:26.699] [INFO] PE 0: dest=0xaaaaaba80246, src=0
[14:59:26.699] [INFO] PE 0: Completed put operation
[14:59:26.700] [INFO] Completed barrier synchronization
[14:59:26.700] [INFO] PE 0: Waiting for PE 1 to complete validation
[14:59:26.700] ------ BEGIN TEST ROUTINE: shmem_p(int)
[14:59:26.700] [INFO] Allocated static variables: src at 0xaaaaaba80248, dest at 0xaaaaaba8024c
[14:59:26.700] [INFO] Running on PE 0 of 2 total PEs
[14:59:26.700] [INFO] PE 0: Initialized src with value 0
[14:59:26.700] [INFO] Completed barrier synchronization
[14:59:26.700] [INFO] PE 0: Starting put operation to PE 1
[14:59:26.700] [INFO] PE 0: dest=0xaaaaaba8024c, src=0
[14:59:26.700] [INFO] PE 0: Completed put operation
[14:59:26.700] [INFO] Completed barrier synchronization
[14:59:26.700] [INFO] PE 0: Waiting for PE 1 to complete validation
[14:59:26.700] ------ BEGIN TEST ROUTINE: shmem_p(long)
[14:59:26.700] [INFO] Allocated static variables: src at 0xaaaaaba80250, dest at 0xaaaaaba80258
[14:59:26.700] [INFO] Running on PE 0 of 2 total PEs
[14:59:26.700] [INFO] PE 0: Initialized src with value 0
[14:59:26.700] [INFO] Completed barrier synchronization
[14:59:26.700] [INFO] PE 0: Starting put operation to PE 1
[14:59:26.700] [INFO] PE 0: dest=0xaaaaaba80258, src=0
[14:59:26.700] [INFO] PE 0: Completed put operation
[14:59:26.700] [INFO] Completed barrier synchronization
[14:59:26.700] [INFO] PE 0: Waiting for PE 1 to complete validation
[14:59:26.700] ------ BEGIN TEST ROUTINE: shmem_p(long long)
[14:59:26.700] [INFO] Allocated static variables: src at 0xaaaaaba80260, dest at 0xaaaaaba80268
[14:59:26.700] [INFO] Running on PE 0 of 2 total PEs
[14:59:26.700] [INFO] PE 0: Initialized src with value 0
[14:59:26.700] [INFO] Completed barrier synchronization
[14:59:26.700] [INFO] PE 0: Starting put operation to PE 1
[14:59:26.700] [INFO] PE 0: dest=0xaaaaaba80268, src=0
[14:59:26.700] [INFO] PE 0: Completed put operation
[14:59:26.700] [INFO] Completed barrier synchronization
[14:59:26.700] [INFO] PE 0: Waiting for PE 1 to complete validation
[14:59:26.700] ------ BEGIN TEST ROUTINE: shmem_p(unsigned char)
[14:59:26.700] [INFO] Allocated static variables: src at 0xaaaaaba80270, dest at 0xaaaaaba80271
[14:59:26.700] [INFO] Running on PE 0 of 2 total PEs
[14:59:26.700] [INFO] PE 0: Initialized src with value 0
[14:59:26.700] [INFO] Completed barrier synchronization
[14:59:26.700] [INFO] PE 0: Starting put operation to PE 1
[14:59:26.700] [INFO] PE 0: dest=0xaaaaaba80271, src=0
[14:59:26.700] [INFO] PE 0: Completed put operation
[14:59:26.700] [INFO] Completed barrier synchronization
[14:59:26.700] [INFO] PE 0: Waiting for PE 1 to complete validation
[14:59:26.700] ------ BEGIN TEST ROUTINE: shmem_p(unsigned short)
[14:59:26.700] [INFO] Allocated static variables: src at 0xaaaaaba80272, dest at 0xaaaaaba80274
[14:59:26.700] [INFO] Running on PE 0 of 2 total PEs
[14:59:26.700] [INFO] PE 0: Initialized src with value 0
[14:59:26.700] [INFO] Completed barrier synchronization
[14:59:26.700] [INFO] PE 0: Starting put operation to PE 1
[14:59:26.700] [INFO] PE 0: dest=0xaaaaaba80274, src=0
[14:59:26.700] [INFO] PE 0: Completed put operation
[14:59:26.701] [INFO] Completed barrier synchronization
[14:59:26.701] [INFO] PE 0: Waiting for PE 1 to complete validation
[14:59:26.701] ------ BEGIN TEST ROUTINE: shmem_p(unsigned int)
[14:59:26.701] [INFO] Allocated static variables: src at 0xaaaaaba80278, dest at 0xaaaaaba8027c
[14:59:26.701] [INFO] Running on PE 0 of 2 total PEs
[14:59:26.701] [INFO] PE 0: Initialized src with value 0
[14:59:26.701] [INFO] Completed barrier synchronization
[14:59:26.701] [INFO] PE 0: Starting put operation to PE 1
[14:59:26.701] [INFO] PE 0: dest=0xaaaaaba8027c, src=0
[14:59:26.701] [INFO] PE 0: Completed put operation
[14:59:26.701] [INFO] Completed barrier synchronization
[14:59:26.701] [INFO] PE 0: Waiting for PE 1 to complete validation
[14:59:26.701] ------ BEGIN TEST ROUTINE: shmem_p(unsigned long)
[14:59:26.701] [INFO] Allocated static variables: src at 0xaaaaaba80280, dest at 0xaaaaaba80288
[14:59:26.701] [INFO] Running on PE 0 of 2 total PEs
[14:59:26.701] [INFO] PE 0: Initialized src with value 0
[14:59:26.701] [INFO] Completed barrier synchronization
[14:59:26.701] [INFO] PE 0: Starting put operation to PE 1
[14:59:26.701] [INFO] PE 0: dest=0xaaaaaba80288, src=0
[14:59:26.701] [INFO] PE 0: Completed put operation
[14:59:26.701] [INFO] Completed barrier synchronization
[14:59:26.701] [INFO] PE 0: Waiting for PE 1 to complete validation
[14:59:26.701] ------ BEGIN TEST ROUTINE: shmem_p(unsigned long long)
[14:59:26.701] [INFO] Allocated static variables: src at 0xaaaaaba80290, dest at 0xaaaaaba80298
[14:59:26.701] [INFO] Running on PE 0 of 2 total PEs
[14:59:26.701] [INFO] PE 0: Initialized src with value 0
[14:59:26.701] [INFO] Completed barrier synchronization
[14:59:26.701] [INFO] PE 0: Starting put operation to PE 1
[14:59:26.701] [INFO] PE 0: dest=0xaaaaaba80298, src=0
[14:59:26.701] [INFO] PE 0: Completed put operation
[14:59:26.701] [INFO] Completed barrier synchronization
[14:59:26.701] [INFO] PE 0: Waiting for PE 1 to complete validation
[14:59:26.701] ------ BEGIN TEST ROUTINE: shmem_p(int8_t)
[14:59:26.701] [INFO] Allocated static variables: src at 0xaaaaaba802a0, dest at 0xaaaaaba802a1
[14:59:26.701] [INFO] Running on PE 0 of 2 total PEs
[14:59:26.701] [INFO] PE 0: Initialized src with value 0
[14:59:26.701] [INFO] Completed barrier synchronization
[14:59:26.701] [INFO] PE 0: Starting put operation to PE 1
[14:59:26.701] [INFO] PE 0: dest=0xaaaaaba802a1, src=0
[14:59:26.701] [INFO] PE 0: Completed put operation
[14:59:26.701] [INFO] Completed barrier synchronization
[14:59:26.701] [INFO] PE 0: Waiting for PE 1 to complete validation
[14:59:26.701] ------ BEGIN TEST ROUTINE: shmem_p(int16_t)
[14:59:26.701] [INFO] Allocated static variables: src at 0xaaaaaba802a2, dest at 0xaaaaaba802a4
[14:59:26.701] [INFO] Running on PE 0 of 2 total PEs
[14:59:26.701] [INFO] PE 0: Initialized src with value 0
[14:59:26.701] [INFO] Completed barrier synchronization
[14:59:26.701] [INFO] PE 0: Starting put operation to PE 1
[14:59:26.701] [INFO] PE 0: dest=0xaaaaaba802a4, src=0
[14:59:26.701] [INFO] PE 0: Completed put operation
[14:59:26.701] [INFO] Completed barrier synchronization
[14:59:26.701] [INFO] PE 0: Waiting for PE 1 to complete validation
[14:59:26.701] ------ BEGIN TEST ROUTINE: shmem_p(int32_t)
[14:59:26.701] [INFO] Allocated static variables: src at 0xaaaaaba802a8, dest at 0xaaaaaba802ac
[14:59:26.701] [INFO] Running on PE 0 of 2 total PEs
[14:59:26.701] [INFO] PE 0: Initialized src with value 0
[14:59:26.702] [INFO] Completed barrier synchronization
[14:59:26.702] [INFO] PE 0: Starting put operation to PE 1
[14:59:26.702] [INFO] PE 0: dest=0xaaaaaba802ac, src=0
[14:59:26.702] [INFO] PE 0: Completed put operation
[14:59:26.702] [INFO] Completed barrier synchronization
[14:59:26.702] [INFO] PE 0: Waiting for PE 1 to complete validation
[14:59:26.702] ------ BEGIN TEST ROUTINE: shmem_p(int64_t)
[14:59:26.702] [INFO] Allocated static variables: src at 0xaaaaaba802b0, dest at 0xaaaaaba802b8
[14:59:26.702] [INFO] Running on PE 0 of 2 total PEs
[14:59:26.702] [INFO] PE 0: Initialized src with value 0
[14:59:26.702] [INFO] Completed barrier synchronization
[14:59:26.702] [INFO] PE 0: Starting put operation to PE 1
[14:59:26.702] [INFO] PE 0: dest=0xaaaaaba802b8, src=0
[14:59:26.702] [INFO] PE 0: Completed put operation
[14:59:26.702] [INFO] Completed barrier synchronization
[14:59:26.702] [INFO] PE 0: Waiting for PE 1 to complete validation
[14:59:26.702] ------ BEGIN TEST ROUTINE: shmem_p(uint8_t)
[14:59:26.702] [INFO] Allocated static variables: src at 0xaaaaaba802c0, dest at 0xaaaaaba802c1
[14:59:26.702] [INFO] Running on PE 0 of 2 total PEs
[14:59:26.702] [INFO] PE 0: Initialized src with value 0
[14:59:26.702] [INFO] Completed barrier synchronization
[14:59:26.702] [INFO] PE 0: Starting put operation to PE 1
[14:59:26.702] [INFO] PE 0: dest=0xaaaaaba802c1, src=0
[14:59:26.702] [INFO] PE 0: Completed put operation
[14:59:26.702] [INFO] Completed barrier synchronization
[14:59:26.702] [INFO] PE 0: Waiting for PE 1 to complete validation
[14:59:26.702] ------ BEGIN TEST ROUTINE: shmem_p(uint16_t)
[14:59:26.702] [INFO] Allocated static variables: src at 0xaaaaaba802c2, dest at 0xaaaaaba802c4
[14:59:26.702] [INFO] Running on PE 0 of 2 total PEs
[14:59:26.702] [INFO] PE 0: Initialized src with value 0
[14:59:26.702] [INFO] Completed barrier synchronization
[14:59:26.702] [INFO] PE 0: Starting put operation to PE 1
[14:59:26.702] [INFO] PE 0: dest=0xaaaaaba802c4, src=0
[14:59:26.702] [INFO] PE 0: Completed put operation
[14:59:26.702] [INFO] Completed barrier synchronization
[14:59:26.702] [INFO] PE 0: Waiting for PE 1 to complete validation
[14:59:26.702] ------ BEGIN TEST ROUTINE: shmem_p(uint32_t)
[14:59:26.702] [INFO] Allocated static variables: src at 0xaaaaaba802c8, dest at 0xaaaaaba802cc
[14:59:26.702] [INFO] Running on PE 0 of 2 total PEs
[14:59:26.702] [INFO] PE 0: Initialized src with value 0
[14:59:26.702] [INFO] Completed barrier synchronization
[14:59:26.702] [INFO] PE 0: Starting put operation to PE 1
[14:59:26.702] [INFO] PE 0: dest=0xaaaaaba802cc, src=0
[14:59:26.702] [INFO] PE 0: Completed put operation
[14:59:26.703] [INFO] Completed barrier synchronization
[14:59:26.703] [INFO] PE 0: Waiting for PE 1 to complete validation
[14:59:26.703] ------ BEGIN TEST ROUTINE: shmem_p(uint64_t)
[14:59:26.703] [INFO] Allocated static variables: src at 0xaaaaaba802d0, dest at 0xaaaaaba802d8
[14:59:26.703] [INFO] Running on PE 0 of 2 total PEs
[14:59:26.703] [INFO] PE 0: Initialized src with value 0
[14:59:26.703] [INFO] Completed barrier synchronization
[14:59:26.703] [INFO] PE 0: Starting put operation to PE 1
[14:59:26.703] [INFO] PE 0: dest=0xaaaaaba802d8, src=0
[14:59:26.703] [INFO] PE 0: Completed put operation
[14:59:26.703] [INFO] Completed barrier synchronization
[14:59:26.703] [INFO] PE 0: Waiting for PE 1 to complete validation
[14:59:26.703] ------ BEGIN TEST ROUTINE: shmem_p(size_t)
[14:59:26.703] [INFO] Allocated static variables: src at 0xaaaaaba802e0, dest at 0xaaaaaba802e8
[14:59:26.703] [INFO] Running on PE 0 of 2 total PEs
[14:59:26.703] [INFO] PE 0: Initialized src with value 0
[14:59:26.703] [INFO] Completed barrier synchronization
[14:59:26.703] [INFO] PE 0: Starting put operation to PE 1
[14:59:26.703] [INFO] PE 0: dest=0xaaaaaba802e8, src=0
[14:59:26.703] [INFO] PE 0: Completed put operation
[14:59:26.703] [INFO] Completed barrier synchronization
[14:59:26.703] [INFO] PE 0: Waiting for PE 1 to complete validation
[14:59:26.703] ------ BEGIN TEST ROUTINE: shmem_p(ptrdiff_t)
[14:59:26.703] [INFO] Allocated static variables: src at 0xaaaaaba802f0, dest at 0xaaaaaba802f8
[14:59:26.703] [INFO] Running on PE 0 of 2 total PEs
[14:59:26.703] [INFO] PE 0: Initialized src with value 0
[14:59:26.703] [INFO] Completed barrier synchronization
[14:59:26.703] [INFO] PE 0: Starting put operation to PE 1
[14:59:26.703] [INFO] PE 0: dest=0xaaaaaba802f8, src=0
[14:59:26.703] [INFO] PE 0: Completed put operation
[14:59:26.703] [INFO] Completed barrier synchronization
[14:59:26.703] [INFO] PE 0: Waiting for PE 1 to complete validation
---------- END TEST: PASSED
