---------- BEGIN TEST: /root/lanl/vv/shmemvv_logs/src/unit/c11/atomics/c11_shmem_atomic_fetch_nbi.c
[11:36:32.438] ------ BEGIN TEST ROUTINE: shmem_atomic_fetch_nbi(int)
[11:36:32.439] [INFO] shmem_malloc'd 4 bytes at 0xaaab40002250
[11:36:32.439] [INFO] set 0xaaab40002250 to 42
[11:36:32.439] [INFO] executing atomic fetch (nbi): dest = 0xaaab40002250
[11:36:32.439] [INFO] atomic fetch on a int at 0xaaab40002250 produced expected result
[11:36:32.439] ------ BEGIN TEST ROUTINE: shmem_atomic_fetch_nbi(long)
[11:36:32.439] [INFO] shmem_malloc'd 8 bytes at 0xaaab40002250
[11:36:32.439] [INFO] set 0xaaab40002250 to 42
[11:36:32.439] [INFO] executing atomic fetch (nbi): dest = 0xaaab40002250
[11:36:32.439] [INFO] atomic fetch on a long at 0xaaab40002250 produced expected result
[11:36:32.439] ------ BEGIN TEST ROUTINE: shmem_atomic_fetch_nbi(long long)
[11:36:32.439] [INFO] shmem_malloc'd 8 bytes at 0xaaab40002250
[11:36:32.439] [INFO] set 0xaaab40002250 to 42
[11:36:32.440] [INFO] executing atomic fetch (nbi): dest = 0xaaab40002250
[11:36:32.440] [INFO] atomic fetch on a long long at 0xaaab40002250 produced expected result
[11:36:32.440] ------ BEGIN TEST ROUTINE: shmem_atomic_fetch_nbi(unsigned int)
[11:36:32.440] [INFO] shmem_malloc'd 4 bytes at 0xaaab40002250
[11:36:32.440] [INFO] set 0xaaab40002250 to 42
[11:36:32.440] [INFO] executing atomic fetch (nbi): dest = 0xaaab40002250
[11:36:32.440] [INFO] atomic fetch on a unsigned int at 0xaaab40002250 produced expected result
[11:36:32.440] ------ BEGIN TEST ROUTINE: shmem_atomic_fetch_nbi(unsigned long)
[11:36:32.440] [INFO] shmem_malloc'd 8 bytes at 0xaaab40002250
[11:36:32.440] [INFO] set 0xaaab40002250 to 42
[11:36:32.440] [INFO] executing atomic fetch (nbi): dest = 0xaaab40002250
[11:36:32.440] [INFO] atomic fetch on a unsigned long at 0xaaab40002250 produced expected result
[11:36:32.440] ------ BEGIN TEST ROUTINE: shmem_atomic_fetch_nbi(unsigned long long)
[11:36:32.441] [INFO] shmem_malloc'd 8 bytes at 0xaaab40002250
[11:36:32.441] [INFO] set 0xaaab40002250 to 42
[11:36:32.441] [INFO] executing atomic fetch (nbi): dest = 0xaaab40002250
[11:36:32.441] [INFO] atomic fetch on a unsigned long long at 0xaaab40002250 produced expected result
[11:36:32.441] ------ BEGIN TEST ROUTINE: shmem_atomic_fetch_nbi(int32_t)
[11:36:32.441] [INFO] shmem_malloc'd 4 bytes at 0xaaab40002250
[11:36:32.441] [INFO] set 0xaaab40002250 to 42
[11:36:32.441] [INFO] executing atomic fetch (nbi): dest = 0xaaab40002250
[11:36:32.441] [INFO] atomic fetch on a int32_t at 0xaaab40002250 produced expected result
[11:36:32.441] ------ BEGIN TEST ROUTINE: shmem_atomic_fetch_nbi(int64_t)
[11:36:32.441] [INFO] shmem_malloc'd 8 bytes at 0xaaab40002250
[11:36:32.441] [INFO] set 0xaaab40002250 to 42
[11:36:32.441] [INFO] executing atomic fetch (nbi): dest = 0xaaab40002250
[11:36:32.441] [INFO] atomic fetch on a int64_t at 0xaaab40002250 produced expected result
[11:36:32.442] ------ BEGIN TEST ROUTINE: shmem_atomic_fetch_nbi(uint32_t)
[11:36:32.442] [INFO] shmem_malloc'd 4 bytes at 0xaaab40002250
[11:36:32.442] [INFO] set 0xaaab40002250 to 42
[11:36:32.442] [INFO] executing atomic fetch (nbi): dest = 0xaaab40002250
[11:36:32.442] [INFO] atomic fetch on a uint32_t at 0xaaab40002250 produced expected result
[11:36:32.442] ------ BEGIN TEST ROUTINE: shmem_atomic_fetch_nbi(uint64_t)
[11:36:32.442] [INFO] shmem_malloc'd 8 bytes at 0xaaab40002250
[11:36:32.442] [INFO] set 0xaaab40002250 to 42
[11:36:32.442] [INFO] executing atomic fetch (nbi): dest = 0xaaab40002250
[11:36:32.442] [INFO] atomic fetch on a uint64_t at 0xaaab40002250 produced expected result
[11:36:32.443] ------ BEGIN TEST ROUTINE: shmem_atomic_fetch_nbi(size_t)
[11:36:32.443] [INFO] shmem_malloc'd 8 bytes at 0xaaab40002250
[11:36:32.443] [INFO] set 0xaaab40002250 to 42
[11:36:32.443] [INFO] executing atomic fetch (nbi): dest = 0xaaab40002250
[11:36:32.443] [INFO] atomic fetch on a size_t at 0xaaab40002250 produced expected result
[11:36:32.443] ------ BEGIN TEST ROUTINE: shmem_atomic_fetch_nbi(ptrdiff_t)
[11:36:32.443] [INFO] shmem_malloc'd 8 bytes at 0xaaab40002250
[11:36:32.443] [INFO] set 0xaaab40002250 to 42
[11:36:32.443] [INFO] executing atomic fetch (nbi): dest = 0xaaab40002250
[11:36:32.443] [INFO] atomic fetch on a ptrdiff_t at 0xaaab40002250 produced expected result
---------- END TEST: PASSED
