---------- BEGIN TEST: /root/lanl/vv/shmemvv_logs/src/unit/c11/atomics/c11_shmem_atomic_fetch_add.c
[11:41:03.414] ------ BEGIN TEST ROUTINE: shmem_atomic_fetch_add(int)
[11:41:03.414] [INFO] shmem_malloc'd 4 bytes at 0xaaab40002250
[11:41:03.414] [INFO] set 0xaaab40002250 to 42
[11:41:03.414] [INFO] executing atomic fetch add: dest = 0xaaab40002250, add_val = 10
[11:41:03.414] [INFO] atomic fetch add on a int at 0xaaab40002250 produced expected result
[11:41:03.414] ------ BEGIN TEST ROUTINE: shmem_atomic_fetch_add(long)
[11:41:03.414] [INFO] shmem_malloc'd 8 bytes at 0xaaab40002250
[11:41:03.414] [INFO] set 0xaaab40002250 to 42
[11:41:03.414] [INFO] executing atomic fetch add: dest = 0xaaab40002250, add_val = 10
[11:41:03.415] [INFO] atomic fetch add on a long at 0xaaab40002250 produced expected result
[11:41:03.415] ------ BEGIN TEST ROUTINE: shmem_atomic_fetch_add(long long)
[11:41:03.415] [INFO] shmem_malloc'd 8 bytes at 0xaaab40002250
[11:41:03.415] [INFO] set 0xaaab40002250 to 42
[11:41:03.415] [INFO] executing atomic fetch add: dest = 0xaaab40002250, add_val = 10
[11:41:03.415] [INFO] atomic fetch add on a long long at 0xaaab40002250 produced expected result
[11:41:03.415] ------ BEGIN TEST ROUTINE: shmem_atomic_fetch_add(unsigned int)
[11:41:03.415] [INFO] shmem_malloc'd 4 bytes at 0xaaab40002250
[11:41:03.415] [INFO] set 0xaaab40002250 to 42
[11:41:03.415] [INFO] executing atomic fetch add: dest = 0xaaab40002250, add_val = 10
[11:41:03.416] [INFO] atomic fetch add on a unsigned int at 0xaaab40002250 produced expected result
[11:41:03.416] ------ BEGIN TEST ROUTINE: shmem_atomic_fetch_add(unsigned long)
[11:41:03.416] [INFO] shmem_malloc'd 8 bytes at 0xaaab40002250
[11:41:03.416] [INFO] set 0xaaab40002250 to 42
[11:41:03.416] [INFO] executing atomic fetch add: dest = 0xaaab40002250, add_val = 10
[11:41:03.416] [INFO] atomic fetch add on a unsigned long at 0xaaab40002250 produced expected result
[11:41:03.416] ------ BEGIN TEST ROUTINE: shmem_atomic_fetch_add(unsigned long long)
[11:41:03.416] [INFO] shmem_malloc'd 8 bytes at 0xaaab40002250
[11:41:03.416] [INFO] set 0xaaab40002250 to 42
[11:41:03.416] [INFO] executing atomic fetch add: dest = 0xaaab40002250, add_val = 10
[11:41:03.417] [INFO] atomic fetch add on a unsigned long long at 0xaaab40002250 produced expected result
[11:41:03.417] ------ BEGIN TEST ROUTINE: shmem_atomic_fetch_add(int32_t)
[11:41:03.417] [INFO] shmem_malloc'd 4 bytes at 0xaaab40002250
[11:41:03.417] [INFO] set 0xaaab40002250 to 42
[11:41:03.417] [INFO] executing atomic fetch add: dest = 0xaaab40002250, add_val = 10
[11:41:03.417] [INFO] atomic fetch add on a int32_t at 0xaaab40002250 produced expected result
[11:41:03.417] ------ BEGIN TEST ROUTINE: shmem_atomic_fetch_add(int64_t)
[11:41:03.417] [INFO] shmem_malloc'd 8 bytes at 0xaaab40002250
[11:41:03.417] [INFO] set 0xaaab40002250 to 42
[11:41:03.417] [INFO] executing atomic fetch add: dest = 0xaaab40002250, add_val = 10
[11:41:03.417] [INFO] atomic fetch add on a int64_t at 0xaaab40002250 produced expected result
[11:41:03.418] ------ BEGIN TEST ROUTINE: shmem_atomic_fetch_add(uint32_t)
[11:41:03.418] [INFO] shmem_malloc'd 4 bytes at 0xaaab40002250
[11:41:03.418] [INFO] set 0xaaab40002250 to 42
[11:41:03.418] [INFO] executing atomic fetch add: dest = 0xaaab40002250, add_val = 10
[11:41:03.418] [INFO] atomic fetch add on a uint32_t at 0xaaab40002250 produced expected result
[11:41:03.418] ------ BEGIN TEST ROUTINE: shmem_atomic_fetch_add(uint64_t)
[11:41:03.418] [INFO] shmem_malloc'd 8 bytes at 0xaaab40002250
[11:41:03.418] [INFO] set 0xaaab40002250 to 42
[11:41:03.418] [INFO] executing atomic fetch add: dest = 0xaaab40002250, add_val = 10
[11:41:03.418] [INFO] atomic fetch add on a uint64_t at 0xaaab40002250 produced expected result
[11:41:03.418] ------ BEGIN TEST ROUTINE: shmem_atomic_fetch_add(size_t)
[11:41:03.419] [INFO] shmem_malloc'd 8 bytes at 0xaaab40002250
[11:41:03.419] [INFO] set 0xaaab40002250 to 42
[11:41:03.419] [INFO] executing atomic fetch add: dest = 0xaaab40002250, add_val = 10
[11:41:03.419] [INFO] atomic fetch add on a size_t at 0xaaab40002250 produced expected result
[11:41:03.419] ------ BEGIN TEST ROUTINE: shmem_atomic_fetch_add(ptrdiff_t)
[11:41:03.419] [INFO] shmem_malloc'd 8 bytes at 0xaaab40002250
[11:41:03.419] [INFO] set 0xaaab40002250 to 42
[11:41:03.419] [INFO] executing atomic fetch add: dest = 0xaaab40002250, add_val = 10
[11:41:03.419] [INFO] atomic fetch add on a ptrdiff_t at 0xaaab40002250 produced expected result
---------- END TEST: PASSED
