---------- BEGIN TEST: /root/lanl/vv/shmemvv_logs/src/unit/c11/collectives/c11_shmem_fcollect.c
[11:41:03.695] ------ BEGIN TEST ROUTINE: shmem_fcollect(float)
[11:41:03.695] [INFO] shmem_malloc'd 4 bytes @ &src = 0xaaab40002250, 8 bytes @ &dest = 0xaaab40002270
[11:41:03.695] [INFO] set 0xaaab40002250 (src[0]) to 0
[11:41:03.696] [INFO] executing shmem_fcollect: dest = 0xaaab40002270, src = 0xaaab40002250
[11:41:03.696] [INFO] validating result...
[11:41:03.696] [INFO] shmem_fcollect on float produced expected result.
[11:41:03.696] ------ BEGIN TEST ROUTINE: shmem_fcollect(double)
[11:41:03.696] [INFO] shmem_malloc'd 8 bytes @ &src = 0xaaab40002250, 16 bytes @ &dest = 0xaaab40002270
[11:41:03.696] [INFO] set 0xaaab40002250 (src[0]) to 0
[11:41:03.696] [INFO] executing shmem_fcollect: dest = 0xaaab40002270, src = 0xaaab40002250
[11:41:03.696] [INFO] validating result...
[11:41:03.696] [INFO] shmem_fcollect on double produced expected result.
[11:41:03.696] ------ BEGIN TEST ROUTINE: shmem_fcollect(long double)
[11:41:03.696] [INFO] shmem_malloc'd 16 bytes @ &src = 0xaaab40002250, 32 bytes @ &dest = 0xaaab40002270
[11:41:03.696] [INFO] set 0xaaab40002250 (src[0]) to 0
[11:41:03.696] [INFO] executing shmem_fcollect: dest = 0xaaab40002270, src = 0xaaab40002250
[11:41:03.696] [INFO] validating result...
[11:41:03.696] [INFO] shmem_fcollect on long double produced expected result.
[11:41:03.697] ------ BEGIN TEST ROUTINE: shmem_fcollect(char)
[11:41:03.697] [INFO] shmem_malloc'd 1 bytes @ &src = 0xaaab40002250, 2 bytes @ &dest = 0xaaab40002270
[11:41:03.697] [INFO] set 0xaaab40002250 (src[0]) to 0
[11:41:03.697] [INFO] executing shmem_fcollect: dest = 0xaaab40002270, src = 0xaaab40002250
[11:41:03.697] [INFO] validating result...
[11:41:03.697] [INFO] shmem_fcollect on char produced expected result.
[11:41:03.697] ------ BEGIN TEST ROUTINE: shmem_fcollect(signed char)
[11:41:03.697] [INFO] shmem_malloc'd 1 bytes @ &src = 0xaaab40002250, 2 bytes @ &dest = 0xaaab40002270
[11:41:03.697] [INFO] set 0xaaab40002250 (src[0]) to 0
[11:41:03.697] [INFO] executing shmem_fcollect: dest = 0xaaab40002270, src = 0xaaab40002250
[11:41:03.697] [INFO] validating result...
[11:41:03.697] [INFO] shmem_fcollect on signed char produced expected result.
[11:41:03.698] ------ BEGIN TEST ROUTINE: shmem_fcollect(short)
[11:41:03.698] [INFO] shmem_malloc'd 2 bytes @ &src = 0xaaab40002250, 4 bytes @ &dest = 0xaaab40002270
[11:41:03.698] [INFO] set 0xaaab40002250 (src[0]) to 0
[11:41:03.698] [INFO] executing shmem_fcollect: dest = 0xaaab40002270, src = 0xaaab40002250
[11:41:03.698] [INFO] validating result...
[11:41:03.698] [INFO] shmem_fcollect on short produced expected result.
[11:41:03.698] ------ BEGIN TEST ROUTINE: shmem_fcollect(int)
[11:41:03.698] [INFO] shmem_malloc'd 4 bytes @ &src = 0xaaab40002250, 8 bytes @ &dest = 0xaaab40002270
[11:41:03.698] [INFO] set 0xaaab40002250 (src[0]) to 0
[11:41:03.699] [INFO] executing shmem_fcollect: dest = 0xaaab40002270, src = 0xaaab40002250
[11:41:03.699] [INFO] validating result...
[11:41:03.699] [INFO] shmem_fcollect on int produced expected result.
[11:41:03.699] ------ BEGIN TEST ROUTINE: shmem_fcollect(long)
[11:41:03.699] [INFO] shmem_malloc'd 8 bytes @ &src = 0xaaab40002250, 16 bytes @ &dest = 0xaaab40002270
[11:41:03.699] [INFO] set 0xaaab40002250 (src[0]) to 0
[11:41:03.699] [INFO] executing shmem_fcollect: dest = 0xaaab40002270, src = 0xaaab40002250
[11:41:03.699] [INFO] validating result...
[11:41:03.699] [INFO] shmem_fcollect on long produced expected result.
[11:41:03.699] ------ BEGIN TEST ROUTINE: shmem_fcollect(long long)
[11:41:03.700] [INFO] shmem_malloc'd 8 bytes @ &src = 0xaaab40002250, 16 bytes @ &dest = 0xaaab40002270
[11:41:03.700] [INFO] set 0xaaab40002250 (src[0]) to 0
[11:41:03.700] [INFO] executing shmem_fcollect: dest = 0xaaab40002270, src = 0xaaab40002250
[11:41:03.700] [INFO] validating result...
[11:41:03.700] [INFO] shmem_fcollect on long long produced expected result.
[11:41:03.700] ------ BEGIN TEST ROUTINE: shmem_fcollect(unsigned char)
[11:41:03.700] [INFO] shmem_malloc'd 1 bytes @ &src = 0xaaab40002250, 2 bytes @ &dest = 0xaaab40002270
[11:41:03.700] [INFO] set 0xaaab40002250 (src[0]) to 0
[11:41:03.700] [INFO] executing shmem_fcollect: dest = 0xaaab40002270, src = 0xaaab40002250
[11:41:03.700] [INFO] validating result...
[11:41:03.700] [INFO] shmem_fcollect on unsigned char produced expected result.
[11:41:03.700] ------ BEGIN TEST ROUTINE: shmem_fcollect(unsigned short)
[11:41:03.701] [INFO] shmem_malloc'd 2 bytes @ &src = 0xaaab40002250, 4 bytes @ &dest = 0xaaab40002270
[11:41:03.701] [INFO] set 0xaaab40002250 (src[0]) to 0
[11:41:03.701] [INFO] executing shmem_fcollect: dest = 0xaaab40002270, src = 0xaaab40002250
[11:41:03.701] [INFO] validating result...
[11:41:03.701] [INFO] shmem_fcollect on unsigned short produced expected result.
[11:41:03.701] ------ BEGIN TEST ROUTINE: shmem_fcollect(unsigned int)
[11:41:03.701] [INFO] shmem_malloc'd 4 bytes @ &src = 0xaaab40002250, 8 bytes @ &dest = 0xaaab40002270
[11:41:03.701] [INFO] set 0xaaab40002250 (src[0]) to 0
[11:41:03.701] [INFO] executing shmem_fcollect: dest = 0xaaab40002270, src = 0xaaab40002250
[11:41:03.701] [INFO] validating result...
[11:41:03.701] [INFO] shmem_fcollect on unsigned int produced expected result.
[11:41:03.701] ------ BEGIN TEST ROUTINE: shmem_fcollect(unsigned long)
[11:41:03.702] [INFO] shmem_malloc'd 8 bytes @ &src = 0xaaab40002250, 16 bytes @ &dest = 0xaaab40002270
[11:41:03.702] [INFO] set 0xaaab40002250 (src[0]) to 0
[11:41:03.702] [INFO] executing shmem_fcollect: dest = 0xaaab40002270, src = 0xaaab40002250
[11:41:03.702] [INFO] validating result...
[11:41:03.702] [INFO] shmem_fcollect on unsigned long produced expected result.
[11:41:03.702] ------ BEGIN TEST ROUTINE: shmem_fcollect(unsigned long long)
[11:41:03.702] [INFO] shmem_malloc'd 8 bytes @ &src = 0xaaab40002250, 16 bytes @ &dest = 0xaaab40002270
[11:41:03.702] [INFO] set 0xaaab40002250 (src[0]) to 0
[11:41:03.702] [INFO] executing shmem_fcollect: dest = 0xaaab40002270, src = 0xaaab40002250
[11:41:03.702] [INFO] validating result...
[11:41:03.702] [INFO] shmem_fcollect on unsigned long long produced expected result.
[11:41:03.702] ------ BEGIN TEST ROUTINE: shmem_fcollect(int8_t)
[11:41:03.703] [INFO] shmem_malloc'd 1 bytes @ &src = 0xaaab40002250, 2 bytes @ &dest = 0xaaab40002270
[11:41:03.703] [INFO] set 0xaaab40002250 (src[0]) to 0
[11:41:03.703] [INFO] executing shmem_fcollect: dest = 0xaaab40002270, src = 0xaaab40002250
[11:41:03.703] [INFO] validating result...
[11:41:03.703] [INFO] shmem_fcollect on int8_t produced expected result.
[11:41:03.703] ------ BEGIN TEST ROUTINE: shmem_fcollect(int16_t)
[11:41:03.703] [INFO] shmem_malloc'd 2 bytes @ &src = 0xaaab40002250, 4 bytes @ &dest = 0xaaab40002270
[11:41:03.703] [INFO] set 0xaaab40002250 (src[0]) to 0
[11:41:03.703] [INFO] executing shmem_fcollect: dest = 0xaaab40002270, src = 0xaaab40002250
[11:41:03.703] [INFO] validating result...
[11:41:03.703] [INFO] shmem_fcollect on int16_t produced expected result.
[11:41:03.703] ------ BEGIN TEST ROUTINE: shmem_fcollect(int32_t)
[11:41:03.703] [INFO] shmem_malloc'd 4 bytes @ &src = 0xaaab40002250, 8 bytes @ &dest = 0xaaab40002270
[11:41:03.703] [INFO] set 0xaaab40002250 (src[0]) to 0
[11:41:03.704] [INFO] executing shmem_fcollect: dest = 0xaaab40002270, src = 0xaaab40002250
[11:41:03.704] [INFO] validating result...
[11:41:03.704] [INFO] shmem_fcollect on int32_t produced expected result.
[11:41:03.704] ------ BEGIN TEST ROUTINE: shmem_fcollect(int64_t)
[11:41:03.704] [INFO] shmem_malloc'd 8 bytes @ &src = 0xaaab40002250, 16 bytes @ &dest = 0xaaab40002270
[11:41:03.704] [INFO] set 0xaaab40002250 (src[0]) to 0
[11:41:03.704] [INFO] executing shmem_fcollect: dest = 0xaaab40002270, src = 0xaaab40002250
[11:41:03.704] [INFO] validating result...
[11:41:03.704] [INFO] shmem_fcollect on int64_t produced expected result.
[11:41:03.704] ------ BEGIN TEST ROUTINE: shmem_fcollect(uint8_t)
[11:41:03.704] [INFO] shmem_malloc'd 1 bytes @ &src = 0xaaab40002250, 2 bytes @ &dest = 0xaaab40002270
[11:41:03.704] [INFO] set 0xaaab40002250 (src[0]) to 0
[11:41:03.705] [INFO] executing shmem_fcollect: dest = 0xaaab40002270, src = 0xaaab40002250
[11:41:03.705] [INFO] validating result...
[11:41:03.705] [INFO] shmem_fcollect on uint8_t produced expected result.
[11:41:03.705] ------ BEGIN TEST ROUTINE: shmem_fcollect(uint16_t)
[11:41:03.705] [INFO] shmem_malloc'd 2 bytes @ &src = 0xaaab40002250, 4 bytes @ &dest = 0xaaab40002270
[11:41:03.705] [INFO] set 0xaaab40002250 (src[0]) to 0
[11:41:03.705] [INFO] executing shmem_fcollect: dest = 0xaaab40002270, src = 0xaaab40002250
[11:41:03.705] [INFO] validating result...
[11:41:03.705] [INFO] shmem_fcollect on uint16_t produced expected result.
[11:41:03.705] ------ BEGIN TEST ROUTINE: shmem_fcollect(uint32_t)
[11:41:03.705] [INFO] shmem_malloc'd 4 bytes @ &src = 0xaaab40002250, 8 bytes @ &dest = 0xaaab40002270
[11:41:03.705] [INFO] set 0xaaab40002250 (src[0]) to 0
[11:41:03.706] [INFO] executing shmem_fcollect: dest = 0xaaab40002270, src = 0xaaab40002250
[11:41:03.706] [INFO] validating result...
[11:41:03.706] [INFO] shmem_fcollect on uint32_t produced expected result.
[11:41:03.706] ------ BEGIN TEST ROUTINE: shmem_fcollect(uint64_t)
[11:41:03.706] [INFO] shmem_malloc'd 8 bytes @ &src = 0xaaab40002250, 16 bytes @ &dest = 0xaaab40002270
[11:41:03.706] [INFO] set 0xaaab40002250 (src[0]) to 0
[11:41:03.706] [INFO] executing shmem_fcollect: dest = 0xaaab40002270, src = 0xaaab40002250
[11:41:03.706] [INFO] validating result...
[11:41:03.706] [INFO] shmem_fcollect on uint64_t produced expected result.
[11:41:03.706] ------ BEGIN TEST ROUTINE: shmem_fcollect(size_t)
[11:41:03.706] [INFO] shmem_malloc'd 8 bytes @ &src = 0xaaab40002250, 16 bytes @ &dest = 0xaaab40002270
[11:41:03.706] [INFO] set 0xaaab40002250 (src[0]) to 0
[11:41:03.706] [INFO] executing shmem_fcollect: dest = 0xaaab40002270, src = 0xaaab40002250
[11:41:03.706] [INFO] validating result...
[11:41:03.706] [INFO] shmem_fcollect on size_t produced expected result.
[11:41:03.707] ------ BEGIN TEST ROUTINE: shmem_fcollect(ptrdiff_t)
[11:41:03.707] [INFO] shmem_malloc'd 8 bytes @ &src = 0xaaab40002250, 16 bytes @ &dest = 0xaaab40002270
[11:41:03.707] [INFO] set 0xaaab40002250 (src[0]) to 0
[11:41:03.707] [INFO] executing shmem_fcollect: dest = 0xaaab40002270, src = 0xaaab40002250
[11:41:03.707] [INFO] validating result...
[11:41:03.707] [INFO] shmem_fcollect on ptrdiff_t produced expected result.
---------- END TEST: PASSED
