---------- BEGIN TEST: /root/lanl/vv/shmemvv_logs/src/unit/c11/collectives/c11_shmem_max_reduce.c
[11:36:32.664] ------ BEGIN TEST ROUTINE: shmem_max_reduce(float)
[11:36:32.664] [INFO] shmem_malloc'd 4 bytes @ &src = 0xaaab40002250, 4 bytes @ &dest = 0xaaab40002270
[11:36:32.664] [INFO] set src (0xaaab40002250) to 1
[11:36:32.664] [INFO] executing shmem_max_reduce: dest = 0xaaab40002270, src = 0xaaab40002250
[11:36:32.664] [INFO] shmem_max_reduce on float produced expected result.
[11:36:32.664] ------ BEGIN TEST ROUTINE: shmem_max_reduce(double)
[11:36:32.665] [INFO] shmem_malloc'd 8 bytes @ &src = 0xaaab40002250, 8 bytes @ &dest = 0xaaab40002270
[11:36:32.665] [INFO] set src (0xaaab40002250) to 1
[11:36:32.665] [INFO] executing shmem_max_reduce: dest = 0xaaab40002270, src = 0xaaab40002250
[11:36:32.665] [INFO] shmem_max_reduce on double produced expected result.
[11:36:32.665] ------ BEGIN TEST ROUTINE: shmem_max_reduce(long double)
[11:36:32.665] [INFO] shmem_malloc'd 16 bytes @ &src = 0xaaab40002250, 16 bytes @ &dest = 0xaaab40002270
[11:36:32.665] [INFO] set src (0xaaab40002250) to 1
[11:36:32.665] [INFO] executing shmem_max_reduce: dest = 0xaaab40002270, src = 0xaaab40002250
[11:36:32.665] [INFO] shmem_max_reduce on long double produced expected result.
[11:36:32.666] ------ BEGIN TEST ROUTINE: shmem_max_reduce(char)
[11:36:32.666] [INFO] shmem_malloc'd 1 bytes @ &src = 0xaaab40002250, 1 bytes @ &dest = 0xaaab40002270
[11:36:32.666] [INFO] set src (0xaaab40002250) to 1
[11:36:32.666] [INFO] executing shmem_max_reduce: dest = 0xaaab40002270, src = 0xaaab40002250
[11:36:32.666] [INFO] shmem_max_reduce on char produced expected result.
[11:36:32.666] ------ BEGIN TEST ROUTINE: shmem_max_reduce(signed char)
[11:36:32.666] [INFO] shmem_malloc'd 1 bytes @ &src = 0xaaab40002250, 1 bytes @ &dest = 0xaaab40002270
[11:36:32.666] [INFO] set src (0xaaab40002250) to 1
[11:36:32.666] [INFO] executing shmem_max_reduce: dest = 0xaaab40002270, src = 0xaaab40002250
[11:36:32.667] [INFO] shmem_max_reduce on signed char produced expected result.
[11:36:32.667] ------ BEGIN TEST ROUTINE: shmem_max_reduce(short)
[11:36:32.667] [INFO] shmem_malloc'd 2 bytes @ &src = 0xaaab40002250, 2 bytes @ &dest = 0xaaab40002270
[11:36:32.667] [INFO] set src (0xaaab40002250) to 1
[11:36:32.667] [INFO] executing shmem_max_reduce: dest = 0xaaab40002270, src = 0xaaab40002250
[11:36:32.667] [INFO] shmem_max_reduce on short produced expected result.
[11:36:32.667] ------ BEGIN TEST ROUTINE: shmem_max_reduce(int)
[11:36:32.667] [INFO] shmem_malloc'd 4 bytes @ &src = 0xaaab40002250, 4 bytes @ &dest = 0xaaab40002270
[11:36:32.667] [INFO] set src (0xaaab40002250) to 1
[11:36:32.667] [INFO] executing shmem_max_reduce: dest = 0xaaab40002270, src = 0xaaab40002250
[11:36:32.668] [INFO] shmem_max_reduce on int produced expected result.
[11:36:32.668] ------ BEGIN TEST ROUTINE: shmem_max_reduce(long)
[11:36:32.668] [INFO] shmem_malloc'd 8 bytes @ &src = 0xaaab40002250, 8 bytes @ &dest = 0xaaab40002270
[11:36:32.668] [INFO] set src (0xaaab40002250) to 1
[11:36:32.668] [INFO] executing shmem_max_reduce: dest = 0xaaab40002270, src = 0xaaab40002250
[11:36:32.668] [INFO] shmem_max_reduce on long produced expected result.
[11:36:32.668] ------ BEGIN TEST ROUTINE: shmem_max_reduce(long long)
[11:36:32.669] [INFO] shmem_malloc'd 8 bytes @ &src = 0xaaab40002250, 8 bytes @ &dest = 0xaaab40002270
[11:36:32.669] [INFO] set src (0xaaab40002250) to 1
[11:36:32.669] [INFO] executing shmem_max_reduce: dest = 0xaaab40002270, src = 0xaaab40002250
[11:36:32.669] [INFO] shmem_max_reduce on long long produced expected result.
[11:36:32.669] ------ BEGIN TEST ROUTINE: shmem_max_reduce(unsigned char)
[11:36:32.669] [INFO] shmem_malloc'd 1 bytes @ &src = 0xaaab40002250, 1 bytes @ &dest = 0xaaab40002270
[11:36:32.669] [INFO] set src (0xaaab40002250) to 1
[11:36:32.669] [INFO] executing shmem_max_reduce: dest = 0xaaab40002270, src = 0xaaab40002250
[11:36:32.669] [INFO] shmem_max_reduce on unsigned char produced expected result.
[11:36:32.669] ------ BEGIN TEST ROUTINE: shmem_max_reduce(unsigned short)
[11:36:32.670] [INFO] shmem_malloc'd 2 bytes @ &src = 0xaaab40002250, 2 bytes @ &dest = 0xaaab40002270
[11:36:32.670] [INFO] set src (0xaaab40002250) to 1
[11:36:32.670] [INFO] executing shmem_max_reduce: dest = 0xaaab40002270, src = 0xaaab40002250
[11:36:32.670] [INFO] shmem_max_reduce on unsigned short produced expected result.
[11:36:32.670] ------ BEGIN TEST ROUTINE: shmem_max_reduce(unsigned int)
[11:36:32.670] [INFO] shmem_malloc'd 4 bytes @ &src = 0xaaab40002250, 4 bytes @ &dest = 0xaaab40002270
[11:36:32.670] [INFO] set src (0xaaab40002250) to 1
[11:36:32.670] [INFO] executing shmem_max_reduce: dest = 0xaaab40002270, src = 0xaaab40002250
[11:36:32.670] [INFO] shmem_max_reduce on unsigned int produced expected result.
[11:36:32.671] ------ BEGIN TEST ROUTINE: shmem_max_reduce(unsigned long)
[11:36:32.671] [INFO] shmem_malloc'd 8 bytes @ &src = 0xaaab40002250, 8 bytes @ &dest = 0xaaab40002270
[11:36:32.671] [INFO] set src (0xaaab40002250) to 1
[11:36:32.671] [INFO] executing shmem_max_reduce: dest = 0xaaab40002270, src = 0xaaab40002250
[11:36:32.671] [INFO] shmem_max_reduce on unsigned long produced expected result.
[11:36:32.671] ------ BEGIN TEST ROUTINE: shmem_max_reduce(unsigned long long)
[11:36:32.671] [INFO] shmem_malloc'd 8 bytes @ &src = 0xaaab40002250, 8 bytes @ &dest = 0xaaab40002270
[11:36:32.671] [INFO] set src (0xaaab40002250) to 1
[11:36:32.671] [INFO] executing shmem_max_reduce: dest = 0xaaab40002270, src = 0xaaab40002250
[11:36:32.671] [INFO] shmem_max_reduce on unsigned long long produced expected result.
[11:36:32.672] ------ BEGIN TEST ROUTINE: shmem_max_reduce(int8_t)
[11:36:32.672] [INFO] shmem_malloc'd 1 bytes @ &src = 0xaaab40002250, 1 bytes @ &dest = 0xaaab40002270
[11:36:32.672] [INFO] set src (0xaaab40002250) to 1
[11:36:32.672] [INFO] executing shmem_max_reduce: dest = 0xaaab40002270, src = 0xaaab40002250
[11:36:32.672] [INFO] shmem_max_reduce on int8_t produced expected result.
[11:36:32.672] ------ BEGIN TEST ROUTINE: shmem_max_reduce(int16_t)
[11:36:32.672] [INFO] shmem_malloc'd 2 bytes @ &src = 0xaaab40002250, 2 bytes @ &dest = 0xaaab40002270
[11:36:32.672] [INFO] set src (0xaaab40002250) to 1
[11:36:32.672] [INFO] executing shmem_max_reduce: dest = 0xaaab40002270, src = 0xaaab40002250
[11:36:32.673] [INFO] shmem_max_reduce on int16_t produced expected result.
[11:36:32.673] ------ BEGIN TEST ROUTINE: shmem_max_reduce(int32_t)
[11:36:32.673] [INFO] shmem_malloc'd 4 bytes @ &src = 0xaaab40002250, 4 bytes @ &dest = 0xaaab40002270
[11:36:32.673] [INFO] set src (0xaaab40002250) to 1
[11:36:32.673] [INFO] executing shmem_max_reduce: dest = 0xaaab40002270, src = 0xaaab40002250
[11:36:32.673] [INFO] shmem_max_reduce on int32_t produced expected result.
[11:36:32.673] ------ BEGIN TEST ROUTINE: shmem_max_reduce(int64_t)
[11:36:32.674] [INFO] shmem_malloc'd 8 bytes @ &src = 0xaaab40002250, 8 bytes @ &dest = 0xaaab40002270
[11:36:32.674] [INFO] set src (0xaaab40002250) to 1
[11:36:32.674] [INFO] executing shmem_max_reduce: dest = 0xaaab40002270, src = 0xaaab40002250
[11:36:32.674] [INFO] shmem_max_reduce on int64_t produced expected result.
[11:36:32.674] ------ BEGIN TEST ROUTINE: shmem_max_reduce(uint8_t)
[11:36:32.674] [INFO] shmem_malloc'd 1 bytes @ &src = 0xaaab40002250, 1 bytes @ &dest = 0xaaab40002270
[11:36:32.674] [INFO] set src (0xaaab40002250) to 1
[11:36:32.674] [INFO] executing shmem_max_reduce: dest = 0xaaab40002270, src = 0xaaab40002250
[11:36:32.674] [INFO] shmem_max_reduce on uint8_t produced expected result.
[11:36:32.675] ------ BEGIN TEST ROUTINE: shmem_max_reduce(uint16_t)
[11:36:32.675] [INFO] shmem_malloc'd 2 bytes @ &src = 0xaaab40002250, 2 bytes @ &dest = 0xaaab40002270
[11:36:32.675] [INFO] set src (0xaaab40002250) to 1
[11:36:32.675] [INFO] executing shmem_max_reduce: dest = 0xaaab40002270, src = 0xaaab40002250
[11:36:32.675] [INFO] shmem_max_reduce on uint16_t produced expected result.
[11:36:32.675] ------ BEGIN TEST ROUTINE: shmem_max_reduce(uint32_t)
[11:36:32.675] [INFO] shmem_malloc'd 4 bytes @ &src = 0xaaab40002250, 4 bytes @ &dest = 0xaaab40002270
[11:36:32.675] [INFO] set src (0xaaab40002250) to 1
[11:36:32.675] [INFO] executing shmem_max_reduce: dest = 0xaaab40002270, src = 0xaaab40002250
[11:36:32.676] [INFO] shmem_max_reduce on uint32_t produced expected result.
[11:36:32.676] ------ BEGIN TEST ROUTINE: shmem_max_reduce(uint64_t)
[11:36:32.676] [INFO] shmem_malloc'd 8 bytes @ &src = 0xaaab40002250, 8 bytes @ &dest = 0xaaab40002270
[11:36:32.676] [INFO] set src (0xaaab40002250) to 1
[11:36:32.676] [INFO] executing shmem_max_reduce: dest = 0xaaab40002270, src = 0xaaab40002250
[11:36:32.676] [INFO] shmem_max_reduce on uint64_t produced expected result.
[11:36:32.676] ------ BEGIN TEST ROUTINE: shmem_max_reduce(size_t)
[11:36:32.676] [INFO] shmem_malloc'd 8 bytes @ &src = 0xaaab40002250, 8 bytes @ &dest = 0xaaab40002270
[11:36:32.676] [INFO] set src (0xaaab40002250) to 1
[11:36:32.676] [INFO] executing shmem_max_reduce: dest = 0xaaab40002270, src = 0xaaab40002250
[11:36:32.677] [INFO] shmem_max_reduce on size_t produced expected result.
[11:36:32.677] ------ BEGIN TEST ROUTINE: shmem_max_reduce(ptrdiff_t)
[11:36:32.677] [INFO] shmem_malloc'd 8 bytes @ &src = 0xaaab40002250, 8 bytes @ &dest = 0xaaab40002270
[11:36:32.677] [INFO] set src (0xaaab40002250) to 1
[11:36:32.677] [INFO] executing shmem_max_reduce: dest = 0xaaab40002270, src = 0xaaab40002250
[11:36:32.677] [INFO] shmem_max_reduce on ptrdiff_t produced expected result.
---------- END TEST: PASSED
