---------- BEGIN TEST: /root/lanl/vv/shmemvv_logs/src/unit/c11/rma/c11_shmem_put_nbi.c
[16:28:13.013] ------ BEGIN TEST ROUTINE: shmem_put_nbi(long)
[16:28:13.013] [INFO] Allocated static arrays: src at 0xaaaaab940200, dest at 0xaaaaab940250
[16:28:13.013] [INFO] Running on PE 1 of 2 total PEs
[16:28:13.013] [INFO] PE 1: Initialized src[0] = 1
[16:28:13.013] [INFO] PE 1: Initialized src[1] = 2
[16:28:13.013] [INFO] PE 1: Initialized src[2] = 3
[16:28:13.013] [INFO] PE 1: Initialized src[3] = 4
[16:28:13.013] [INFO] PE 1: Initialized src[4] = 5
[16:28:13.013] [INFO] PE 1: Initialized src[5] = 6
[16:28:13.013] [INFO] PE 1: Initialized src[6] = 7
[16:28:13.013] [INFO] PE 1: Initialized src[7] = 8
[16:28:13.013] [INFO] PE 1: Initialized src[8] = 9
[16:28:13.013] [INFO] PE 1: Initialized src[9] = 10
[16:28:13.013] [INFO] Completed barrier synchronization
[16:28:13.013] [INFO] Completed barrier synchronization
[16:28:13.013] [INFO] PE 1: Beginning validation of received data
[16:28:13.013] [INFO] PE 1: dest[0] = 0 (valid)
[16:28:13.013] [INFO] PE 1: dest[1] = 1 (valid)
[16:28:13.013] [INFO] PE 1: dest[2] = 2 (valid)
[16:28:13.013] [INFO] PE 1: dest[3] = 3 (valid)
[16:28:13.013] [INFO] PE 1: dest[4] = 4 (valid)
[16:28:13.013] [INFO] PE 1: dest[5] = 5 (valid)
[16:28:13.013] [INFO] PE 1: dest[6] = 6 (valid)
[16:28:13.013] [INFO] PE 1: dest[7] = 7 (valid)
[16:28:13.013] [INFO] PE 1: dest[8] = 8 (valid)
[16:28:13.013] [INFO] PE 1: dest[9] = 9 (valid)
[16:28:13.013] [INFO] PE 1: All elements validated successfully
[16:28:13.013] ------ BEGIN TEST ROUTINE: shmem_put_nbi(double)
[16:28:13.013] [INFO] Allocated static arrays: src at 0xaaaaab9402a0, dest at 0xaaaaab9402f0
[16:28:13.013] [INFO] Running on PE 1 of 2 total PEs
[16:28:13.013] [INFO] PE 1: Initialized src[0] = 1
[16:28:13.013] [INFO] PE 1: Initialized src[1] = 2
[16:28:13.013] [INFO] PE 1: Initialized src[2] = 3
[16:28:13.013] [INFO] PE 1: Initialized src[3] = 4
[16:28:13.013] [INFO] PE 1: Initialized src[4] = 5
[16:28:13.013] [INFO] PE 1: Initialized src[5] = 6
[16:28:13.013] [INFO] PE 1: Initialized src[6] = 7
[16:28:13.013] [INFO] PE 1: Initialized src[7] = 8
[16:28:13.013] [INFO] PE 1: Initialized src[8] = 9
[16:28:13.013] [INFO] PE 1: Initialized src[9] = 10
[16:28:13.013] [INFO] Completed barrier synchronization
[16:28:13.013] [INFO] Completed barrier synchronization
[16:28:13.013] [INFO] PE 1: Beginning validation of received data
[16:28:13.013] [INFO] PE 1: dest[0] = 0 (valid)
[16:28:13.013] [INFO] PE 1: dest[1] = 1 (valid)
[16:28:13.013] [INFO] PE 1: dest[2] = 2 (valid)
[16:28:13.013] [INFO] PE 1: dest[3] = 3 (valid)
[16:28:13.013] [INFO] PE 1: dest[4] = 4 (valid)
[16:28:13.013] [INFO] PE 1: dest[5] = 5 (valid)
[16:28:13.013] [INFO] PE 1: dest[6] = 6 (valid)
[16:28:13.013] [INFO] PE 1: dest[7] = 7 (valid)
[16:28:13.013] [INFO] PE 1: dest[8] = 8 (valid)
[16:28:13.013] [INFO] PE 1: dest[9] = 9 (valid)
[16:28:13.013] [INFO] PE 1: All elements validated successfully
[16:28:13.013] ------ BEGIN TEST ROUTINE: shmem_put_nbi(long double)
[16:28:13.013] [INFO] Allocated static arrays: src at 0xaaaaab940340, dest at 0xaaaaab9403e0
[16:28:13.013] [INFO] Running on PE 1 of 2 total PEs
[16:28:13.013] [INFO] PE 1: Initialized src[0] = 1
[16:28:13.013] [INFO] PE 1: Initialized src[1] = 2
[16:28:13.013] [INFO] PE 1: Initialized src[2] = 3
[16:28:13.013] [INFO] PE 1: Initialized src[3] = 4
[16:28:13.013] [INFO] PE 1: Initialized src[4] = 5
[16:28:13.013] [INFO] PE 1: Initialized src[5] = 6
[16:28:13.013] [INFO] PE 1: Initialized src[6] = 7
[16:28:13.013] [INFO] PE 1: Initialized src[7] = 8
[16:28:13.013] [INFO] PE 1: Initialized src[8] = 9
[16:28:13.013] [INFO] PE 1: Initialized src[9] = 10
[16:28:13.014] [INFO] Completed barrier synchronization
[16:28:13.014] [INFO] Completed barrier synchronization
[16:28:13.014] [INFO] PE 1: Beginning validation of received data
[16:28:13.014] [INFO] PE 1: dest[0] = 0 (valid)
[16:28:13.014] [INFO] PE 1: dest[1] = 1 (valid)
[16:28:13.014] [INFO] PE 1: dest[2] = 2 (valid)
[16:28:13.014] [INFO] PE 1: dest[3] = 3 (valid)
[16:28:13.014] [INFO] PE 1: dest[4] = 4 (valid)
[16:28:13.014] [INFO] PE 1: dest[5] = 5 (valid)
[16:28:13.014] [INFO] PE 1: dest[6] = 6 (valid)
[16:28:13.014] [INFO] PE 1: dest[7] = 7 (valid)
[16:28:13.014] [INFO] PE 1: dest[8] = 8 (valid)
[16:28:13.014] [INFO] PE 1: dest[9] = 9 (valid)
[16:28:13.014] [INFO] PE 1: All elements validated successfully
[16:28:13.014] ------ BEGIN TEST ROUTINE: shmem_put_nbi(char)
[16:28:13.014] [INFO] Allocated static arrays: src at 0xaaaaab940480, dest at 0xaaaaab940490
[16:28:13.014] [INFO] Running on PE 1 of 2 total PEs
[16:28:13.014] [INFO] PE 1: Initialized src[0] = 1
[16:28:13.014] [INFO] PE 1: Initialized src[1] = 2
[16:28:13.014] [INFO] PE 1: Initialized src[2] = 3
[16:28:13.014] [INFO] PE 1: Initialized src[3] = 4
[16:28:13.014] [INFO] PE 1: Initialized src[4] = 5
[16:28:13.014] [INFO] PE 1: Initialized src[5] = 6
[16:28:13.014] [INFO] PE 1: Initialized src[6] = 7
[16:28:13.014] [INFO] PE 1: Initialized src[7] = 8
[16:28:13.014] [INFO] PE 1: Initialized src[8] = 9
[16:28:13.014] [INFO] PE 1: Initialized src[9] = 10
[16:28:13.014] [INFO] Completed barrier synchronization
[16:28:13.014] [INFO] Completed barrier synchronization
[16:28:13.014] [INFO] PE 1: Beginning validation of received data
[16:28:13.014] [INFO] PE 1: dest[0] = 0 (valid)
[16:28:13.014] [INFO] PE 1: dest[1] = 1 (valid)
[16:28:13.014] [INFO] PE 1: dest[2] = 2 (valid)
[16:28:13.014] [INFO] PE 1: dest[3] = 3 (valid)
[16:28:13.014] [INFO] PE 1: dest[4] = 4 (valid)
[16:28:13.014] [INFO] PE 1: dest[5] = 5 (valid)
[16:28:13.014] [INFO] PE 1: dest[6] = 6 (valid)
[16:28:13.014] [INFO] PE 1: dest[7] = 7 (valid)
[16:28:13.014] [INFO] PE 1: dest[8] = 8 (valid)
[16:28:13.014] [INFO] PE 1: dest[9] = 9 (valid)
[16:28:13.014] [INFO] PE 1: All elements validated successfully
[16:28:13.014] ------ BEGIN TEST ROUTINE: shmem_put_nbi(signed char)
[16:28:13.014] [INFO] Allocated static arrays: src at 0xaaaaab9404a0, dest at 0xaaaaab9404b0
[16:28:13.014] [INFO] Running on PE 1 of 2 total PEs
[16:28:13.014] [INFO] PE 1: Initialized src[0] = 1
[16:28:13.014] [INFO] PE 1: Initialized src[1] = 2
[16:28:13.014] [INFO] PE 1: Initialized src[2] = 3
[16:28:13.014] [INFO] PE 1: Initialized src[3] = 4
[16:28:13.014] [INFO] PE 1: Initialized src[4] = 5
[16:28:13.014] [INFO] PE 1: Initialized src[5] = 6
[16:28:13.014] [INFO] PE 1: Initialized src[6] = 7
[16:28:13.014] [INFO] PE 1: Initialized src[7] = 8
[16:28:13.014] [INFO] PE 1: Initialized src[8] = 9
[16:28:13.014] [INFO] PE 1: Initialized src[9] = 10
[16:28:13.014] [INFO] Completed barrier synchronization
[16:28:13.014] [INFO] Completed barrier synchronization
[16:28:13.014] [INFO] PE 1: Beginning validation of received data
[16:28:13.014] [INFO] PE 1: dest[0] = 0 (valid)
[16:28:13.014] [INFO] PE 1: dest[1] = 1 (valid)
[16:28:13.014] [INFO] PE 1: dest[2] = 2 (valid)
[16:28:13.014] [INFO] PE 1: dest[3] = 3 (valid)
[16:28:13.014] [INFO] PE 1: dest[4] = 4 (valid)
[16:28:13.014] [INFO] PE 1: dest[5] = 5 (valid)
[16:28:13.014] [INFO] PE 1: dest[6] = 6 (valid)
[16:28:13.014] [INFO] PE 1: dest[7] = 7 (valid)
[16:28:13.014] [INFO] PE 1: dest[8] = 8 (valid)
[16:28:13.014] [INFO] PE 1: dest[9] = 9 (valid)
[16:28:13.014] [INFO] PE 1: All elements validated successfully
[16:28:13.014] ------ BEGIN TEST ROUTINE: shmem_put_nbi(short)
[16:28:13.014] [INFO] Allocated static arrays: src at 0xaaaaab9404c0, dest at 0xaaaaab9404d8
[16:28:13.014] [INFO] Running on PE 1 of 2 total PEs
[16:28:13.014] [INFO] PE 1: Initialized src[0] = 1
[16:28:13.014] [INFO] PE 1: Initialized src[1] = 2
[16:28:13.014] [INFO] PE 1: Initialized src[2] = 3
[16:28:13.014] [INFO] PE 1: Initialized src[3] = 4
[16:28:13.014] [INFO] PE 1: Initialized src[4] = 5
[16:28:13.014] [INFO] PE 1: Initialized src[5] = 6
[16:28:13.014] [INFO] PE 1: Initialized src[6] = 7
[16:28:13.014] [INFO] PE 1: Initialized src[7] = 8
[16:28:13.014] [INFO] PE 1: Initialized src[8] = 9
[16:28:13.014] [INFO] PE 1: Initialized src[9] = 10
[16:28:13.014] [INFO] Completed barrier synchronization
[16:28:13.014] [INFO] Completed barrier synchronization
[16:28:13.014] [INFO] PE 1: Beginning validation of received data
[16:28:13.014] [INFO] PE 1: dest[0] = 0 (valid)
[16:28:13.014] [INFO] PE 1: dest[1] = 1 (valid)
[16:28:13.014] [INFO] PE 1: dest[2] = 2 (valid)
[16:28:13.014] [INFO] PE 1: dest[3] = 3 (valid)
[16:28:13.015] [INFO] PE 1: dest[4] = 4 (valid)
[16:28:13.015] [INFO] PE 1: dest[5] = 5 (valid)
[16:28:13.015] [INFO] PE 1: dest[6] = 6 (valid)
[16:28:13.015] [INFO] PE 1: dest[7] = 7 (valid)
[16:28:13.015] [INFO] PE 1: dest[8] = 8 (valid)
[16:28:13.015] [INFO] PE 1: dest[9] = 9 (valid)
[16:28:13.015] [INFO] PE 1: All elements validated successfully
[16:28:13.015] ------ BEGIN TEST ROUTINE: shmem_put_nbi(int)
[16:28:13.015] [INFO] Allocated static arrays: src at 0xaaaaab9404f0, dest at 0xaaaaab940518
[16:28:13.015] [INFO] Running on PE 1 of 2 total PEs
[16:28:13.015] [INFO] PE 1: Initialized src[0] = 1
[16:28:13.015] [INFO] PE 1: Initialized src[1] = 2
[16:28:13.015] [INFO] PE 1: Initialized src[2] = 3
[16:28:13.015] [INFO] PE 1: Initialized src[3] = 4
[16:28:13.015] [INFO] PE 1: Initialized src[4] = 5
[16:28:13.015] [INFO] PE 1: Initialized src[5] = 6
[16:28:13.015] [INFO] PE 1: Initialized src[6] = 7
[16:28:13.015] [INFO] PE 1: Initialized src[7] = 8
[16:28:13.015] [INFO] PE 1: Initialized src[8] = 9
[16:28:13.015] [INFO] PE 1: Initialized src[9] = 10
[16:28:13.015] [INFO] Completed barrier synchronization
[16:28:13.015] [INFO] Completed barrier synchronization
[16:28:13.015] [INFO] PE 1: Beginning validation of received data
[16:28:13.015] [INFO] PE 1: dest[0] = 0 (valid)
[16:28:13.015] [INFO] PE 1: dest[1] = 1 (valid)
[16:28:13.015] [INFO] PE 1: dest[2] = 2 (valid)
[16:28:13.015] [INFO] PE 1: dest[3] = 3 (valid)
[16:28:13.015] [INFO] PE 1: dest[4] = 4 (valid)
[16:28:13.015] [INFO] PE 1: dest[5] = 5 (valid)
[16:28:13.015] [INFO] PE 1: dest[6] = 6 (valid)
[16:28:13.015] [INFO] PE 1: dest[7] = 7 (valid)
[16:28:13.015] [INFO] PE 1: dest[8] = 8 (valid)
[16:28:13.015] [INFO] PE 1: dest[9] = 9 (valid)
[16:28:13.015] [INFO] PE 1: All elements validated successfully
[16:28:13.015] ------ BEGIN TEST ROUTINE: shmem_put_nbi(long)
[16:28:13.015] [INFO] Allocated static arrays: src at 0xaaaaab940540, dest at 0xaaaaab940590
[16:28:13.015] [INFO] Running on PE 1 of 2 total PEs
[16:28:13.015] [INFO] PE 1: Initialized src[0] = 1
[16:28:13.015] [INFO] PE 1: Initialized src[1] = 2
[16:28:13.015] [INFO] PE 1: Initialized src[2] = 3
[16:28:13.015] [INFO] PE 1: Initialized src[3] = 4
[16:28:13.015] [INFO] PE 1: Initialized src[4] = 5
[16:28:13.015] [INFO] PE 1: Initialized src[5] = 6
[16:28:13.015] [INFO] PE 1: Initialized src[6] = 7
[16:28:13.015] [INFO] PE 1: Initialized src[7] = 8
[16:28:13.015] [INFO] PE 1: Initialized src[8] = 9
[16:28:13.015] [INFO] PE 1: Initialized src[9] = 10
[16:28:13.015] [INFO] Completed barrier synchronization
[16:28:13.015] [INFO] Completed barrier synchronization
[16:28:13.015] [INFO] PE 1: Beginning validation of received data
[16:28:13.015] [INFO] PE 1: dest[0] = 0 (valid)
[16:28:13.015] [INFO] PE 1: dest[1] = 1 (valid)
[16:28:13.015] [INFO] PE 1: dest[2] = 2 (valid)
[16:28:13.015] [INFO] PE 1: dest[3] = 3 (valid)
[16:28:13.015] [INFO] PE 1: dest[4] = 4 (valid)
[16:28:13.015] [INFO] PE 1: dest[5] = 5 (valid)
[16:28:13.015] [INFO] PE 1: dest[6] = 6 (valid)
[16:28:13.015] [INFO] PE 1: dest[7] = 7 (valid)
[16:28:13.015] [INFO] PE 1: dest[8] = 8 (valid)
[16:28:13.015] [INFO] PE 1: dest[9] = 9 (valid)
[16:28:13.015] [INFO] PE 1: All elements validated successfully
[16:28:13.015] ------ BEGIN TEST ROUTINE: shmem_put_nbi(long long)
[16:28:13.015] [INFO] Allocated static arrays: src at 0xaaaaab9405e0, dest at 0xaaaaab940630
[16:28:13.015] [INFO] Running on PE 1 of 2 total PEs
[16:28:13.015] [INFO] PE 1: Initialized src[0] = 1
[16:28:13.015] [INFO] PE 1: Initialized src[1] = 2
[16:28:13.015] [INFO] PE 1: Initialized src[2] = 3
[16:28:13.015] [INFO] PE 1: Initialized src[3] = 4
[16:28:13.015] [INFO] PE 1: Initialized src[4] = 5
[16:28:13.015] [INFO] PE 1: Initialized src[5] = 6
[16:28:13.015] [INFO] PE 1: Initialized src[6] = 7
[16:28:13.015] [INFO] PE 1: Initialized src[7] = 8
[16:28:13.015] [INFO] PE 1: Initialized src[8] = 9
[16:28:13.015] [INFO] PE 1: Initialized src[9] = 10
[16:28:13.015] [INFO] Completed barrier synchronization
[16:28:13.015] [INFO] Completed barrier synchronization
[16:28:13.015] [INFO] PE 1: Beginning validation of received data
[16:28:13.015] [INFO] PE 1: dest[0] = 0 (valid)
[16:28:13.015] [INFO] PE 1: dest[1] = 1 (valid)
[16:28:13.015] [INFO] PE 1: dest[2] = 2 (valid)
[16:28:13.015] [INFO] PE 1: dest[3] = 3 (valid)
[16:28:13.015] [INFO] PE 1: dest[4] = 4 (valid)
[16:28:13.015] [INFO] PE 1: dest[5] = 5 (valid)
[16:28:13.015] [INFO] PE 1: dest[6] = 6 (valid)
[16:28:13.015] [INFO] PE 1: dest[7] = 7 (valid)
[16:28:13.015] [INFO] PE 1: dest[8] = 8 (valid)
[16:28:13.015] [INFO] PE 1: dest[9] = 9 (valid)
[16:28:13.015] [INFO] PE 1: All elements validated successfully
[16:28:13.015] ------ BEGIN TEST ROUTINE: shmem_put_nbi(unsigned char)
[16:28:13.015] [INFO] Allocated static arrays: src at 0xaaaaab940680, dest at 0xaaaaab940690
[16:28:13.015] [INFO] Running on PE 1 of 2 total PEs
[16:28:13.015] [INFO] PE 1: Initialized src[0] = 1
[16:28:13.015] [INFO] PE 1: Initialized src[1] = 2
[16:28:13.015] [INFO] PE 1: Initialized src[2] = 3
[16:28:13.015] [INFO] PE 1: Initialized src[3] = 4
[16:28:13.015] [INFO] PE 1: Initialized src[4] = 5
[16:28:13.015] [INFO] PE 1: Initialized src[5] = 6
[16:28:13.015] [INFO] PE 1: Initialized src[6] = 7
[16:28:13.015] [INFO] PE 1: Initialized src[7] = 8
[16:28:13.015] [INFO] PE 1: Initialized src[8] = 9
[16:28:13.015] [INFO] PE 1: Initialized src[9] = 10
[16:28:13.015] [INFO] Completed barrier synchronization
[16:28:13.015] [INFO] Completed barrier synchronization
[16:28:13.015] [INFO] PE 1: Beginning validation of received data
[16:28:13.015] [INFO] PE 1: dest[0] = 0 (valid)
[16:28:13.015] [INFO] PE 1: dest[1] = 1 (valid)
[16:28:13.015] [INFO] PE 1: dest[2] = 2 (valid)
[16:28:13.015] [INFO] PE 1: dest[3] = 3 (valid)
[16:28:13.015] [INFO] PE 1: dest[4] = 4 (valid)
[16:28:13.015] [INFO] PE 1: dest[5] = 5 (valid)
[16:28:13.015] [INFO] PE 1: dest[6] = 6 (valid)
[16:28:13.015] [INFO] PE 1: dest[7] = 7 (valid)
[16:28:13.015] [INFO] PE 1: dest[8] = 8 (valid)
[16:28:13.015] [INFO] PE 1: dest[9] = 9 (valid)
[16:28:13.015] [INFO] PE 1: All elements validated successfully
[16:28:13.015] ------ BEGIN TEST ROUTINE: shmem_put_nbi(unsigned short)
[16:28:13.015] [INFO] Allocated static arrays: src at 0xaaaaab9406a0, dest at 0xaaaaab9406b8
[16:28:13.015] [INFO] Running on PE 1 of 2 total PEs
[16:28:13.015] [INFO] PE 1: Initialized src[0] = 1
[16:28:13.015] [INFO] PE 1: Initialized src[1] = 2
[16:28:13.015] [INFO] PE 1: Initialized src[2] = 3
[16:28:13.015] [INFO] PE 1: Initialized src[3] = 4
[16:28:13.015] [INFO] PE 1: Initialized src[4] = 5
[16:28:13.015] [INFO] PE 1: Initialized src[5] = 6
[16:28:13.015] [INFO] PE 1: Initialized src[6] = 7
[16:28:13.015] [INFO] PE 1: Initialized src[7] = 8
[16:28:13.015] [INFO] PE 1: Initialized src[8] = 9
[16:28:13.015] [INFO] PE 1: Initialized src[9] = 10
[16:28:13.016] [INFO] Completed barrier synchronization
[16:28:13.016] [INFO] Completed barrier synchronization
[16:28:13.016] [INFO] PE 1: Beginning validation of received data
[16:28:13.016] [INFO] PE 1: dest[0] = 0 (valid)
[16:28:13.016] [INFO] PE 1: dest[1] = 1 (valid)
[16:28:13.016] [INFO] PE 1: dest[2] = 2 (valid)
[16:28:13.016] [INFO] PE 1: dest[3] = 3 (valid)
[16:28:13.016] [INFO] PE 1: dest[4] = 4 (valid)
[16:28:13.016] [INFO] PE 1: dest[5] = 5 (valid)
[16:28:13.016] [INFO] PE 1: dest[6] = 6 (valid)
[16:28:13.016] [INFO] PE 1: dest[7] = 7 (valid)
[16:28:13.016] [INFO] PE 1: dest[8] = 8 (valid)
[16:28:13.016] [INFO] PE 1: dest[9] = 9 (valid)
[16:28:13.016] [INFO] PE 1: All elements validated successfully
[16:28:13.016] ------ BEGIN TEST ROUTINE: shmem_put_nbi(unsigned int)
[16:28:13.016] [INFO] Allocated static arrays: src at 0xaaaaab9406d0, dest at 0xaaaaab9406f8
[16:28:13.016] [INFO] Running on PE 1 of 2 total PEs
[16:28:13.016] [INFO] PE 1: Initialized src[0] = 1
[16:28:13.016] [INFO] PE 1: Initialized src[1] = 2
[16:28:13.016] [INFO] PE 1: Initialized src[2] = 3
[16:28:13.016] [INFO] PE 1: Initialized src[3] = 4
[16:28:13.016] [INFO] PE 1: Initialized src[4] = 5
[16:28:13.016] [INFO] PE 1: Initialized src[5] = 6
[16:28:13.016] [INFO] PE 1: Initialized src[6] = 7
[16:28:13.016] [INFO] PE 1: Initialized src[7] = 8
[16:28:13.016] [INFO] PE 1: Initialized src[8] = 9
[16:28:13.016] [INFO] PE 1: Initialized src[9] = 10
[16:28:13.016] [INFO] Completed barrier synchronization
[16:28:13.016] [INFO] Completed barrier synchronization
[16:28:13.016] [INFO] PE 1: Beginning validation of received data
[16:28:13.016] [INFO] PE 1: dest[0] = 0 (valid)
[16:28:13.016] [INFO] PE 1: dest[1] = 1 (valid)
[16:28:13.016] [INFO] PE 1: dest[2] = 2 (valid)
[16:28:13.016] [INFO] PE 1: dest[3] = 3 (valid)
[16:28:13.016] [INFO] PE 1: dest[4] = 4 (valid)
[16:28:13.016] [INFO] PE 1: dest[5] = 5 (valid)
[16:28:13.016] [INFO] PE 1: dest[6] = 6 (valid)
[16:28:13.016] [INFO] PE 1: dest[7] = 7 (valid)
[16:28:13.016] [INFO] PE 1: dest[8] = 8 (valid)
[16:28:13.016] [INFO] PE 1: dest[9] = 9 (valid)
[16:28:13.016] [INFO] PE 1: All elements validated successfully
[16:28:13.016] ------ BEGIN TEST ROUTINE: shmem_put_nbi(unsigned long)
[16:28:13.016] [INFO] Allocated static arrays: src at 0xaaaaab940720, dest at 0xaaaaab940770
[16:28:13.016] [INFO] Running on PE 1 of 2 total PEs
[16:28:13.016] [INFO] PE 1: Initialized src[0] = 1
[16:28:13.016] [INFO] PE 1: Initialized src[1] = 2
[16:28:13.016] [INFO] PE 1: Initialized src[2] = 3
[16:28:13.016] [INFO] PE 1: Initialized src[3] = 4
[16:28:13.016] [INFO] PE 1: Initialized src[4] = 5
[16:28:13.016] [INFO] PE 1: Initialized src[5] = 6
[16:28:13.016] [INFO] PE 1: Initialized src[6] = 7
[16:28:13.016] [INFO] PE 1: Initialized src[7] = 8
[16:28:13.016] [INFO] PE 1: Initialized src[8] = 9
[16:28:13.016] [INFO] PE 1: Initialized src[9] = 10
[16:28:13.016] [INFO] Completed barrier synchronization
[16:28:13.016] [INFO] Completed barrier synchronization
[16:28:13.016] [INFO] PE 1: Beginning validation of received data
[16:28:13.016] [INFO] PE 1: dest[0] = 0 (valid)
[16:28:13.016] [INFO] PE 1: dest[1] = 1 (valid)
[16:28:13.016] [INFO] PE 1: dest[2] = 2 (valid)
[16:28:13.016] [INFO] PE 1: dest[3] = 3 (valid)
[16:28:13.016] [INFO] PE 1: dest[4] = 4 (valid)
[16:28:13.016] [INFO] PE 1: dest[5] = 5 (valid)
[16:28:13.016] [INFO] PE 1: dest[6] = 6 (valid)
[16:28:13.016] [INFO] PE 1: dest[7] = 7 (valid)
[16:28:13.016] [INFO] PE 1: dest[8] = 8 (valid)
[16:28:13.016] [INFO] PE 1: dest[9] = 9 (valid)
[16:28:13.016] [INFO] PE 1: All elements validated successfully
[16:28:13.016] ------ BEGIN TEST ROUTINE: shmem_put_nbi(unsigned long long)
[16:28:13.016] [INFO] Allocated static arrays: src at 0xaaaaab9407c0, dest at 0xaaaaab940810
[16:28:13.016] [INFO] Running on PE 1 of 2 total PEs
[16:28:13.016] [INFO] PE 1: Initialized src[0] = 1
[16:28:13.016] [INFO] PE 1: Initialized src[1] = 2
[16:28:13.016] [INFO] PE 1: Initialized src[2] = 3
[16:28:13.016] [INFO] PE 1: Initialized src[3] = 4
[16:28:13.016] [INFO] PE 1: Initialized src[4] = 5
[16:28:13.016] [INFO] PE 1: Initialized src[5] = 6
[16:28:13.016] [INFO] PE 1: Initialized src[6] = 7
[16:28:13.016] [INFO] PE 1: Initialized src[7] = 8
[16:28:13.016] [INFO] PE 1: Initialized src[8] = 9
[16:28:13.016] [INFO] PE 1: Initialized src[9] = 10
[16:28:13.016] [INFO] Completed barrier synchronization
[16:28:13.016] [INFO] Completed barrier synchronization
[16:28:13.016] [INFO] PE 1: Beginning validation of received data
[16:28:13.016] [INFO] PE 1: dest[0] = 0 (valid)
[16:28:13.016] [INFO] PE 1: dest[1] = 1 (valid)
[16:28:13.016] [INFO] PE 1: dest[2] = 2 (valid)
[16:28:13.016] [INFO] PE 1: dest[3] = 3 (valid)
[16:28:13.016] [INFO] PE 1: dest[4] = 4 (valid)
[16:28:13.016] [INFO] PE 1: dest[5] = 5 (valid)
[16:28:13.016] [INFO] PE 1: dest[6] = 6 (valid)
[16:28:13.016] [INFO] PE 1: dest[7] = 7 (valid)
[16:28:13.016] [INFO] PE 1: dest[8] = 8 (valid)
[16:28:13.016] [INFO] PE 1: dest[9] = 9 (valid)
[16:28:13.016] [INFO] PE 1: All elements validated successfully
[16:28:13.016] ------ BEGIN TEST ROUTINE: shmem_put_nbi(int8_t)
[16:28:13.016] [INFO] Allocated static arrays: src at 0xaaaaab940860, dest at 0xaaaaab940870
[16:28:13.016] [INFO] Running on PE 1 of 2 total PEs
[16:28:13.016] [INFO] PE 1: Initialized src[0] = 1
[16:28:13.016] [INFO] PE 1: Initialized src[1] = 2
[16:28:13.016] [INFO] PE 1: Initialized src[2] = 3
[16:28:13.016] [INFO] PE 1: Initialized src[3] = 4
[16:28:13.016] [INFO] PE 1: Initialized src[4] = 5
[16:28:13.016] [INFO] PE 1: Initialized src[5] = 6
[16:28:13.016] [INFO] PE 1: Initialized src[6] = 7
[16:28:13.016] [INFO] PE 1: Initialized src[7] = 8
[16:28:13.016] [INFO] PE 1: Initialized src[8] = 9
[16:28:13.016] [INFO] PE 1: Initialized src[9] = 10
[16:28:13.016] [INFO] Completed barrier synchronization
[16:28:13.017] [INFO] Completed barrier synchronization
[16:28:13.017] [INFO] PE 1: Beginning validation of received data
[16:28:13.017] [INFO] PE 1: dest[0] = 0 (valid)
[16:28:13.017] [INFO] PE 1: dest[1] = 1 (valid)
[16:28:13.017] [INFO] PE 1: dest[2] = 2 (valid)
[16:28:13.017] [INFO] PE 1: dest[3] = 3 (valid)
[16:28:13.017] [INFO] PE 1: dest[4] = 4 (valid)
[16:28:13.017] [INFO] PE 1: dest[5] = 5 (valid)
[16:28:13.017] [INFO] PE 1: dest[6] = 6 (valid)
[16:28:13.017] [INFO] PE 1: dest[7] = 7 (valid)
[16:28:13.017] [INFO] PE 1: dest[8] = 8 (valid)
[16:28:13.017] [INFO] PE 1: dest[9] = 9 (valid)
[16:28:13.017] [INFO] PE 1: All elements validated successfully
[16:28:13.017] ------ BEGIN TEST ROUTINE: shmem_put_nbi(int16_t)
[16:28:13.017] [INFO] Allocated static arrays: src at 0xaaaaab940880, dest at 0xaaaaab940898
[16:28:13.017] [INFO] Running on PE 1 of 2 total PEs
[16:28:13.017] [INFO] PE 1: Initialized src[0] = 1
[16:28:13.017] [INFO] PE 1: Initialized src[1] = 2
[16:28:13.017] [INFO] PE 1: Initialized src[2] = 3
[16:28:13.017] [INFO] PE 1: Initialized src[3] = 4
[16:28:13.017] [INFO] PE 1: Initialized src[4] = 5
[16:28:13.017] [INFO] PE 1: Initialized src[5] = 6
[16:28:13.017] [INFO] PE 1: Initialized src[6] = 7
[16:28:13.017] [INFO] PE 1: Initialized src[7] = 8
[16:28:13.017] [INFO] PE 1: Initialized src[8] = 9
[16:28:13.017] [INFO] PE 1: Initialized src[9] = 10
[16:28:13.017] [INFO] Completed barrier synchronization
[16:28:13.017] [INFO] Completed barrier synchronization
[16:28:13.017] [INFO] PE 1: Beginning validation of received data
[16:28:13.017] [INFO] PE 1: dest[0] = 0 (valid)
[16:28:13.017] [INFO] PE 1: dest[1] = 1 (valid)
[16:28:13.017] [INFO] PE 1: dest[2] = 2 (valid)
[16:28:13.017] [INFO] PE 1: dest[3] = 3 (valid)
[16:28:13.017] [INFO] PE 1: dest[4] = 4 (valid)
[16:28:13.017] [INFO] PE 1: dest[5] = 5 (valid)
[16:28:13.017] [INFO] PE 1: dest[6] = 6 (valid)
[16:28:13.017] [INFO] PE 1: dest[7] = 7 (valid)
[16:28:13.017] [INFO] PE 1: dest[8] = 8 (valid)
[16:28:13.017] [INFO] PE 1: dest[9] = 9 (valid)
[16:28:13.017] [INFO] PE 1: All elements validated successfully
[16:28:13.017] ------ BEGIN TEST ROUTINE: shmem_put_nbi(int32_t)
[16:28:13.017] [INFO] Allocated static arrays: src at 0xaaaaab9408b0, dest at 0xaaaaab9408d8
[16:28:13.017] [INFO] Running on PE 1 of 2 total PEs
[16:28:13.017] [INFO] PE 1: Initialized src[0] = 1
[16:28:13.017] [INFO] PE 1: Initialized src[1] = 2
[16:28:13.017] [INFO] PE 1: Initialized src[2] = 3
[16:28:13.017] [INFO] PE 1: Initialized src[3] = 4
[16:28:13.017] [INFO] PE 1: Initialized src[4] = 5
[16:28:13.017] [INFO] PE 1: Initialized src[5] = 6
[16:28:13.017] [INFO] PE 1: Initialized src[6] = 7
[16:28:13.017] [INFO] PE 1: Initialized src[7] = 8
[16:28:13.017] [INFO] PE 1: Initialized src[8] = 9
[16:28:13.017] [INFO] PE 1: Initialized src[9] = 10
[16:28:13.017] [INFO] Completed barrier synchronization
[16:28:13.017] [INFO] Completed barrier synchronization
[16:28:13.017] [INFO] PE 1: Beginning validation of received data
[16:28:13.017] [INFO] PE 1: dest[0] = 0 (valid)
[16:28:13.017] [INFO] PE 1: dest[1] = 1 (valid)
[16:28:13.017] [INFO] PE 1: dest[2] = 2 (valid)
[16:28:13.017] [INFO] PE 1: dest[3] = 3 (valid)
[16:28:13.017] [INFO] PE 1: dest[4] = 4 (valid)
[16:28:13.017] [INFO] PE 1: dest[5] = 5 (valid)
[16:28:13.017] [INFO] PE 1: dest[6] = 6 (valid)
[16:28:13.017] [INFO] PE 1: dest[7] = 7 (valid)
[16:28:13.017] [INFO] PE 1: dest[8] = 8 (valid)
[16:28:13.017] [INFO] PE 1: dest[9] = 9 (valid)
[16:28:13.017] [INFO] PE 1: All elements validated successfully
[16:28:13.017] ------ BEGIN TEST ROUTINE: shmem_put_nbi(int64_t)
[16:28:13.017] [INFO] Allocated static arrays: src at 0xaaaaab940900, dest at 0xaaaaab940950
[16:28:13.017] [INFO] Running on PE 1 of 2 total PEs
[16:28:13.017] [INFO] PE 1: Initialized src[0] = 1
[16:28:13.017] [INFO] PE 1: Initialized src[1] = 2
[16:28:13.017] [INFO] PE 1: Initialized src[2] = 3
[16:28:13.017] [INFO] PE 1: Initialized src[3] = 4
[16:28:13.017] [INFO] PE 1: Initialized src[4] = 5
[16:28:13.017] [INFO] PE 1: Initialized src[5] = 6
[16:28:13.017] [INFO] PE 1: Initialized src[6] = 7
[16:28:13.017] [INFO] PE 1: Initialized src[7] = 8
[16:28:13.017] [INFO] PE 1: Initialized src[8] = 9
[16:28:13.017] [INFO] PE 1: Initialized src[9] = 10
[16:28:13.017] [INFO] Completed barrier synchronization
[16:28:13.017] [INFO] Completed barrier synchronization
[16:28:13.017] [INFO] PE 1: Beginning validation of received data
[16:28:13.017] [INFO] PE 1: dest[0] = 0 (valid)
[16:28:13.017] [INFO] PE 1: dest[1] = 1 (valid)
[16:28:13.017] [INFO] PE 1: dest[2] = 2 (valid)
[16:28:13.017] [INFO] PE 1: dest[3] = 3 (valid)
[16:28:13.017] [INFO] PE 1: dest[4] = 4 (valid)
[16:28:13.017] [INFO] PE 1: dest[5] = 5 (valid)
[16:28:13.017] [INFO] PE 1: dest[6] = 6 (valid)
[16:28:13.017] [INFO] PE 1: dest[7] = 7 (valid)
[16:28:13.017] [INFO] PE 1: dest[8] = 8 (valid)
[16:28:13.017] [INFO] PE 1: dest[9] = 9 (valid)
[16:28:13.017] [INFO] PE 1: All elements validated successfully
[16:28:13.017] ------ BEGIN TEST ROUTINE: shmem_put_nbi(uint8_t)
[16:28:13.017] [INFO] Allocated static arrays: src at 0xaaaaab9409a0, dest at 0xaaaaab9409b0
[16:28:13.017] [INFO] Running on PE 1 of 2 total PEs
[16:28:13.017] [INFO] PE 1: Initialized src[0] = 1
[16:28:13.017] [INFO] PE 1: Initialized src[1] = 2
[16:28:13.017] [INFO] PE 1: Initialized src[2] = 3
[16:28:13.017] [INFO] PE 1: Initialized src[3] = 4
[16:28:13.017] [INFO] PE 1: Initialized src[4] = 5
[16:28:13.017] [INFO] PE 1: Initialized src[5] = 6
[16:28:13.017] [INFO] PE 1: Initialized src[6] = 7
[16:28:13.017] [INFO] PE 1: Initialized src[7] = 8
[16:28:13.017] [INFO] PE 1: Initialized src[8] = 9
[16:28:13.017] [INFO] PE 1: Initialized src[9] = 10
[16:28:13.017] [INFO] Completed barrier synchronization
[16:28:13.017] [INFO] Completed barrier synchronization
[16:28:13.017] [INFO] PE 1: Beginning validation of received data
[16:28:13.017] [INFO] PE 1: dest[0] = 0 (valid)
[16:28:13.017] [INFO] PE 1: dest[1] = 1 (valid)
[16:28:13.017] [INFO] PE 1: dest[2] = 2 (valid)
[16:28:13.017] [INFO] PE 1: dest[3] = 3 (valid)
[16:28:13.017] [INFO] PE 1: dest[4] = 4 (valid)
[16:28:13.017] [INFO] PE 1: dest[5] = 5 (valid)
[16:28:13.017] [INFO] PE 1: dest[6] = 6 (valid)
[16:28:13.017] [INFO] PE 1: dest[7] = 7 (valid)
[16:28:13.017] [INFO] PE 1: dest[8] = 8 (valid)
[16:28:13.017] [INFO] PE 1: dest[9] = 9 (valid)
[16:28:13.017] [INFO] PE 1: All elements validated successfully
[16:28:13.017] ------ BEGIN TEST ROUTINE: shmem_put_nbi(uint16_t)
[16:28:13.017] [INFO] Allocated static arrays: src at 0xaaaaab9409c0, dest at 0xaaaaab9409d8
[16:28:13.017] [INFO] Running on PE 1 of 2 total PEs
[16:28:13.017] [INFO] PE 1: Initialized src[0] = 1
[16:28:13.017] [INFO] PE 1: Initialized src[1] = 2
[16:28:13.017] [INFO] PE 1: Initialized src[2] = 3
[16:28:13.017] [INFO] PE 1: Initialized src[3] = 4
[16:28:13.017] [INFO] PE 1: Initialized src[4] = 5
[16:28:13.017] [INFO] PE 1: Initialized src[5] = 6
[16:28:13.017] [INFO] PE 1: Initialized src[6] = 7
[16:28:13.017] [INFO] PE 1: Initialized src[7] = 8
[16:28:13.017] [INFO] PE 1: Initialized src[8] = 9
[16:28:13.017] [INFO] PE 1: Initialized src[9] = 10
[16:28:13.018] [INFO] Completed barrier synchronization
[16:28:13.018] [INFO] Completed barrier synchronization
[16:28:13.018] [INFO] PE 1: Beginning validation of received data
[16:28:13.018] [INFO] PE 1: dest[0] = 0 (valid)
[16:28:13.018] [INFO] PE 1: dest[1] = 1 (valid)
[16:28:13.018] [INFO] PE 1: dest[2] = 2 (valid)
[16:28:13.018] [INFO] PE 1: dest[3] = 3 (valid)
[16:28:13.018] [INFO] PE 1: dest[4] = 4 (valid)
[16:28:13.018] [INFO] PE 1: dest[5] = 5 (valid)
[16:28:13.018] [INFO] PE 1: dest[6] = 6 (valid)
[16:28:13.018] [INFO] PE 1: dest[7] = 7 (valid)
[16:28:13.018] [INFO] PE 1: dest[8] = 8 (valid)
[16:28:13.018] [INFO] PE 1: dest[9] = 9 (valid)
[16:28:13.018] [INFO] PE 1: All elements validated successfully
[16:28:13.018] ------ BEGIN TEST ROUTINE: shmem_put_nbi(uint32_t)
[16:28:13.018] [INFO] Allocated static arrays: src at 0xaaaaab9409f0, dest at 0xaaaaab940a18
[16:28:13.018] [INFO] Running on PE 1 of 2 total PEs
[16:28:13.018] [INFO] PE 1: Initialized src[0] = 1
[16:28:13.018] [INFO] PE 1: Initialized src[1] = 2
[16:28:13.018] [INFO] PE 1: Initialized src[2] = 3
[16:28:13.018] [INFO] PE 1: Initialized src[3] = 4
[16:28:13.018] [INFO] PE 1: Initialized src[4] = 5
[16:28:13.018] [INFO] PE 1: Initialized src[5] = 6
[16:28:13.018] [INFO] PE 1: Initialized src[6] = 7
[16:28:13.018] [INFO] PE 1: Initialized src[7] = 8
[16:28:13.018] [INFO] PE 1: Initialized src[8] = 9
[16:28:13.018] [INFO] PE 1: Initialized src[9] = 10
[16:28:13.018] [INFO] Completed barrier synchronization
[16:28:13.018] [INFO] Completed barrier synchronization
[16:28:13.018] [INFO] PE 1: Beginning validation of received data
[16:28:13.018] [INFO] PE 1: dest[0] = 0 (valid)
[16:28:13.018] [INFO] PE 1: dest[1] = 1 (valid)
[16:28:13.018] [INFO] PE 1: dest[2] = 2 (valid)
[16:28:13.018] [INFO] PE 1: dest[3] = 3 (valid)
[16:28:13.018] [INFO] PE 1: dest[4] = 4 (valid)
[16:28:13.018] [INFO] PE 1: dest[5] = 5 (valid)
[16:28:13.018] [INFO] PE 1: dest[6] = 6 (valid)
[16:28:13.018] [INFO] PE 1: dest[7] = 7 (valid)
[16:28:13.018] [INFO] PE 1: dest[8] = 8 (valid)
[16:28:13.018] [INFO] PE 1: dest[9] = 9 (valid)
[16:28:13.018] [INFO] PE 1: All elements validated successfully
[16:28:13.018] ------ BEGIN TEST ROUTINE: shmem_put_nbi(uint64_t)
[16:28:13.018] [INFO] Allocated static arrays: src at 0xaaaaab940a40, dest at 0xaaaaab940a90
[16:28:13.018] [INFO] Running on PE 1 of 2 total PEs
[16:28:13.018] [INFO] PE 1: Initialized src[0] = 1
[16:28:13.018] [INFO] PE 1: Initialized src[1] = 2
[16:28:13.018] [INFO] PE 1: Initialized src[2] = 3
[16:28:13.018] [INFO] PE 1: Initialized src[3] = 4
[16:28:13.018] [INFO] PE 1: Initialized src[4] = 5
[16:28:13.018] [INFO] PE 1: Initialized src[5] = 6
[16:28:13.018] [INFO] PE 1: Initialized src[6] = 7
[16:28:13.018] [INFO] PE 1: Initialized src[7] = 8
[16:28:13.018] [INFO] PE 1: Initialized src[8] = 9
[16:28:13.018] [INFO] PE 1: Initialized src[9] = 10
[16:28:13.018] [INFO] Completed barrier synchronization
[16:28:13.018] [INFO] Completed barrier synchronization
[16:28:13.018] [INFO] PE 1: Beginning validation of received data
[16:28:13.018] [INFO] PE 1: dest[0] = 0 (valid)
[16:28:13.018] [INFO] PE 1: dest[1] = 1 (valid)
[16:28:13.018] [INFO] PE 1: dest[2] = 2 (valid)
[16:28:13.018] [INFO] PE 1: dest[3] = 3 (valid)
[16:28:13.018] [INFO] PE 1: dest[4] = 4 (valid)
[16:28:13.018] [INFO] PE 1: dest[5] = 5 (valid)
[16:28:13.018] [INFO] PE 1: dest[6] = 6 (valid)
[16:28:13.018] [INFO] PE 1: dest[7] = 7 (valid)
[16:28:13.018] [INFO] PE 1: dest[8] = 8 (valid)
[16:28:13.018] [INFO] PE 1: dest[9] = 9 (valid)
[16:28:13.018] [INFO] PE 1: All elements validated successfully
[16:28:13.018] ------ BEGIN TEST ROUTINE: shmem_put_nbi(size_t)
[16:28:13.018] [INFO] Allocated static arrays: src at 0xaaaaab940ae0, dest at 0xaaaaab940b30
[16:28:13.018] [INFO] Running on PE 1 of 2 total PEs
[16:28:13.018] [INFO] PE 1: Initialized src[0] = 1
[16:28:13.018] [INFO] PE 1: Initialized src[1] = 2
[16:28:13.018] [INFO] PE 1: Initialized src[2] = 3
[16:28:13.018] [INFO] PE 1: Initialized src[3] = 4
[16:28:13.018] [INFO] PE 1: Initialized src[4] = 5
[16:28:13.018] [INFO] PE 1: Initialized src[5] = 6
[16:28:13.018] [INFO] PE 1: Initialized src[6] = 7
[16:28:13.018] [INFO] PE 1: Initialized src[7] = 8
[16:28:13.018] [INFO] PE 1: Initialized src[8] = 9
[16:28:13.018] [INFO] PE 1: Initialized src[9] = 10
[16:28:13.018] [INFO] Completed barrier synchronization
[16:28:13.018] [INFO] Completed barrier synchronization
[16:28:13.018] [INFO] PE 1: Beginning validation of received data
[16:28:13.018] [INFO] PE 1: dest[0] = 0 (valid)
[16:28:13.018] [INFO] PE 1: dest[1] = 1 (valid)
[16:28:13.018] [INFO] PE 1: dest[2] = 2 (valid)
[16:28:13.018] [INFO] PE 1: dest[3] = 3 (valid)
[16:28:13.018] [INFO] PE 1: dest[4] = 4 (valid)
[16:28:13.018] [INFO] PE 1: dest[5] = 5 (valid)
[16:28:13.018] [INFO] PE 1: dest[6] = 6 (valid)
[16:28:13.018] [INFO] PE 1: dest[7] = 7 (valid)
[16:28:13.018] [INFO] PE 1: dest[8] = 8 (valid)
[16:28:13.018] [INFO] PE 1: dest[9] = 9 (valid)
[16:28:13.018] [INFO] PE 1: All elements validated successfully
[16:28:13.018] ------ BEGIN TEST ROUTINE: shmem_put_nbi(ptrdiff_t)
[16:28:13.018] [INFO] Allocated static arrays: src at 0xaaaaab940b80, dest at 0xaaaaab940bd0
[16:28:13.018] [INFO] Running on PE 1 of 2 total PEs
[16:28:13.018] [INFO] PE 1: Initialized src[0] = 1
[16:28:13.018] [INFO] PE 1: Initialized src[1] = 2
[16:28:13.018] [INFO] PE 1: Initialized src[2] = 3
[16:28:13.018] [INFO] PE 1: Initialized src[3] = 4
[16:28:13.018] [INFO] PE 1: Initialized src[4] = 5
[16:28:13.018] [INFO] PE 1: Initialized src[5] = 6
[16:28:13.018] [INFO] PE 1: Initialized src[6] = 7
[16:28:13.018] [INFO] PE 1: Initialized src[7] = 8
[16:28:13.018] [INFO] PE 1: Initialized src[8] = 9
[16:28:13.018] [INFO] PE 1: Initialized src[9] = 10
[16:28:13.018] [INFO] Completed barrier synchronization
[16:28:13.019] [INFO] Completed barrier synchronization
[16:28:13.019] [INFO] PE 1: Beginning validation of received data
[16:28:13.019] [INFO] PE 1: dest[0] = 0 (valid)
[16:28:13.019] [INFO] PE 1: dest[1] = 1 (valid)
[16:28:13.019] [INFO] PE 1: dest[2] = 2 (valid)
[16:28:13.019] [INFO] PE 1: dest[3] = 3 (valid)
[16:28:13.019] [INFO] PE 1: dest[4] = 4 (valid)
[16:28:13.019] [INFO] PE 1: dest[5] = 5 (valid)
[16:28:13.019] [INFO] PE 1: dest[6] = 6 (valid)
[16:28:13.019] [INFO] PE 1: dest[7] = 7 (valid)
[16:28:13.019] [INFO] PE 1: dest[8] = 8 (valid)
[16:28:13.019] [INFO] PE 1: dest[9] = 9 (valid)
[16:28:13.019] [INFO] PE 1: All elements validated successfully
---------- END TEST: PASSED
