---------- BEGIN TEST: /root/lanl/vv/shmemvv_logs/src/unit/c/pt2pt_sync/c_shmem_wait_until_some.c
[14:26:45.120] ------ BEGIN TEST ROUTINE: shmem_wait_until_some(int)
[14:26:45.120] [INFO] Allocated flags array (16 bytes) at address 0xaaab40002250
[14:26:45.120] [INFO] Initialized all flags to 0
[14:26:45.120] [INFO] PE 0: Setting flags[1] and flags[3] to 1 on PE 1 (addresses: 0xaaab40002254, 0xaaab4000225c)
[14:26:45.121] [INFO] PE 0: Called shmem_quiet() after setting flags
[14:26:45.121] [INFO] Freeing allocated memory at 0xaaab40002250
[14:26:45.121] ------ BEGIN TEST ROUTINE: shmem_wait_until_some(long)
[14:26:45.121] [INFO] Allocated flags array (32 bytes) at address 0xaaab40002250
[14:26:45.121] [INFO] Initialized all flags to 0
[14:26:45.121] [INFO] PE 0: Setting flags[1] and flags[3] to 1 on PE 1 (addresses: 0xaaab40002258, 0xaaab40002268)
[14:26:45.121] [INFO] PE 0: Called shmem_quiet() after setting flags
[14:26:45.121] [INFO] Freeing allocated memory at 0xaaab40002250
[14:26:45.121] ------ BEGIN TEST ROUTINE: shmem_wait_until_some(long long)
[14:26:45.121] [INFO] Allocated flags array (32 bytes) at address 0xaaab40002250
[14:26:45.121] [INFO] Initialized all flags to 0
[14:26:45.121] [INFO] PE 0: Setting flags[1] and flags[3] to 1 on PE 1 (addresses: 0xaaab40002258, 0xaaab40002268)
[14:26:45.121] [INFO] PE 0: Called shmem_quiet() after setting flags
[14:26:45.122] [INFO] Freeing allocated memory at 0xaaab40002250
[14:26:45.122] ------ BEGIN TEST ROUTINE: shmem_wait_until_some(unsigned int)
[14:26:45.122] [INFO] Allocated flags array (16 bytes) at address 0xaaab40002250
[14:26:45.122] [INFO] Initialized all flags to 0
[14:26:45.122] [INFO] PE 0: Setting flags[1] and flags[3] to 1 on PE 1 (addresses: 0xaaab40002254, 0xaaab4000225c)
[14:26:45.122] [INFO] PE 0: Called shmem_quiet() after setting flags
[14:26:45.122] [INFO] Freeing allocated memory at 0xaaab40002250
[14:26:45.122] ------ BEGIN TEST ROUTINE: shmem_wait_until_some(unsigned long)
[14:26:45.122] [INFO] Allocated flags array (32 bytes) at address 0xaaab40002250
[14:26:45.122] [INFO] Initialized all flags to 0
[14:26:45.122] [INFO] PE 0: Setting flags[1] and flags[3] to 1 on PE 1 (addresses: 0xaaab40002258, 0xaaab40002268)
[14:26:45.122] [INFO] PE 0: Called shmem_quiet() after setting flags
[14:26:45.122] [INFO] Freeing allocated memory at 0xaaab40002250
[14:26:45.122] ------ BEGIN TEST ROUTINE: shmem_wait_until_some(unsigned long long)
[14:26:45.123] [INFO] Allocated flags array (32 bytes) at address 0xaaab40002250
[14:26:45.123] [INFO] Initialized all flags to 0
[14:26:45.123] [INFO] PE 0: Setting flags[1] and flags[3] to 1 on PE 1 (addresses: 0xaaab40002258, 0xaaab40002268)
[14:26:45.123] [INFO] PE 0: Called shmem_quiet() after setting flags
[14:26:45.123] [INFO] Freeing allocated memory at 0xaaab40002250
[14:26:45.123] ------ BEGIN TEST ROUTINE: shmem_wait_until_some(int32_t)
[14:26:45.123] [INFO] Allocated flags array (16 bytes) at address 0xaaab40002250
[14:26:45.123] [INFO] Initialized all flags to 0
[14:26:45.123] [INFO] PE 0: Setting flags[1] and flags[3] to 1 on PE 1 (addresses: 0xaaab40002254, 0xaaab4000225c)
[14:26:45.123] [INFO] PE 0: Called shmem_quiet() after setting flags
[14:26:45.123] [INFO] Freeing allocated memory at 0xaaab40002250
[14:26:45.123] ------ BEGIN TEST ROUTINE: shmem_wait_until_some(int64_t)
[14:26:45.124] [INFO] Allocated flags array (32 bytes) at address 0xaaab40002250
[14:26:45.124] [INFO] Initialized all flags to 0
[14:26:45.124] [INFO] PE 0: Setting flags[1] and flags[3] to 1 on PE 1 (addresses: 0xaaab40002258, 0xaaab40002268)
[14:26:45.124] [INFO] PE 0: Called shmem_quiet() after setting flags
[14:26:45.124] [INFO] Freeing allocated memory at 0xaaab40002250
[14:26:45.124] ------ BEGIN TEST ROUTINE: shmem_wait_until_some(uint32_t)
[14:26:45.124] [INFO] Allocated flags array (16 bytes) at address 0xaaab40002250
[14:26:45.124] [INFO] Initialized all flags to 0
[14:26:45.124] [INFO] PE 0: Setting flags[1] and flags[3] to 1 on PE 1 (addresses: 0xaaab40002254, 0xaaab4000225c)
[14:26:45.124] [INFO] PE 0: Called shmem_quiet() after setting flags
[14:26:45.124] [INFO] Freeing allocated memory at 0xaaab40002250
[14:26:45.124] ------ BEGIN TEST ROUTINE: shmem_wait_until_some(uint64_t)
[14:26:45.124] [INFO] Allocated flags array (32 bytes) at address 0xaaab40002250
[14:26:45.124] [INFO] Initialized all flags to 0
[14:26:45.125] [INFO] PE 0: Setting flags[1] and flags[3] to 1 on PE 1 (addresses: 0xaaab40002258, 0xaaab40002268)
[14:26:45.125] [INFO] PE 0: Called shmem_quiet() after setting flags
[14:26:45.125] [INFO] Freeing allocated memory at 0xaaab40002250
[14:26:45.125] ------ BEGIN TEST ROUTINE: shmem_wait_until_some(size_t)
[14:26:45.125] [INFO] Allocated flags array (32 bytes) at address 0xaaab40002250
[14:26:45.125] [INFO] Initialized all flags to 0
[14:26:45.125] [INFO] PE 0: Setting flags[1] and flags[3] to 1 on PE 1 (addresses: 0xaaab40002258, 0xaaab40002268)
[14:26:45.125] [INFO] PE 0: Called shmem_quiet() after setting flags
[14:26:45.125] [INFO] Freeing allocated memory at 0xaaab40002250
[14:26:45.125] ------ BEGIN TEST ROUTINE: shmem_wait_until_some(ptrdiff_t)
[14:26:45.125] [INFO] Allocated flags array (32 bytes) at address 0xaaab40002250
[14:26:45.125] [INFO] Initialized all flags to 0
[14:26:45.125] [INFO] PE 0: Setting flags[1] and flags[3] to 1 on PE 1 (addresses: 0xaaab40002258, 0xaaab40002268)
[14:26:45.125] [INFO] PE 0: Called shmem_quiet() after setting flags
[14:26:45.125] [INFO] Freeing allocated memory at 0xaaab40002250
---------- END TEST: PASSED
