---------- BEGIN TEST: /root/lanl/vv/shmemvv_logs/src/unit/c/atomics/c_shmem_atomic_swap_nbi.c
[11:36:32.104] ------ BEGIN TEST ROUTINE: shmem_int_atomic_swap_nbi
[11:36:32.104] [INFO] shmem_malloc'd 4 bytes at 0xaaab40002250
[11:36:32.104] [INFO] set 0xaaab40002250 to 42
[11:36:32.104] [INFO] executing atomic swap nbi: dest = 0xaaab40002250, new_val = 43
[11:36:32.104] [INFO] atomic swap nbi on a int at 0xaaab40002250 produced expected result (42 == 42 && 43 == 43)
[11:36:32.105] ------ BEGIN TEST ROUTINE: shmem_long_atomic_swap_nbi
[11:36:32.105] [INFO] shmem_malloc'd 8 bytes at 0xaaab40002250
[11:36:32.105] [INFO] set 0xaaab40002250 to 42
[11:36:32.105] [INFO] executing atomic swap nbi: dest = 0xaaab40002250, new_val = 43
[11:36:32.105] [INFO] atomic swap nbi on a long at 0xaaab40002250 produced expected result (42 == 42 && 43 == 43)
[11:36:32.105] ------ BEGIN TEST ROUTINE: shmem_longlong_atomic_swap_nbi
[11:36:32.105] [INFO] shmem_malloc'd 8 bytes at 0xaaab40002250
[11:36:32.105] [INFO] set 0xaaab40002250 to 42
[11:36:32.105] [INFO] executing atomic swap nbi: dest = 0xaaab40002250, new_val = 43
[11:36:32.105] [INFO] atomic swap nbi on a long long at 0xaaab40002250 produced expected result (42 == 42 && 43 == 43)
[11:36:32.106] ------ BEGIN TEST ROUTINE: shmem_uint_atomic_swap_nbi
[11:36:32.106] [INFO] shmem_malloc'd 4 bytes at 0xaaab40002250
[11:36:32.106] [INFO] set 0xaaab40002250 to 42
[11:36:32.106] [INFO] executing atomic swap nbi: dest = 0xaaab40002250, new_val = 43
[11:36:32.106] [INFO] atomic swap nbi on a unsigned int at 0xaaab40002250 produced expected result (42 == 42 && 43 == 43)
[11:36:32.106] ------ BEGIN TEST ROUTINE: shmem_ulong_atomic_swap_nbi
[11:36:32.106] [INFO] shmem_malloc'd 8 bytes at 0xaaab40002250
[11:36:32.106] [INFO] set 0xaaab40002250 to 42
[11:36:32.106] [INFO] executing atomic swap nbi: dest = 0xaaab40002250, new_val = 43
[11:36:32.106] [INFO] atomic swap nbi on a unsigned long at 0xaaab40002250 produced expected result (42 == 42 && 43 == 43)
[11:36:32.107] ------ BEGIN TEST ROUTINE: shmem_ulonglong_atomic_swap_nbi
[11:36:32.107] [INFO] shmem_malloc'd 8 bytes at 0xaaab40002250
[11:36:32.107] [INFO] set 0xaaab40002250 to 42
[11:36:32.107] [INFO] executing atomic swap nbi: dest = 0xaaab40002250, new_val = 43
[11:36:32.107] [INFO] atomic swap nbi on a unsigned long long at 0xaaab40002250 produced expected result (42 == 42 && 43 == 43)
[11:36:32.107] ------ BEGIN TEST ROUTINE: shmem_int32_atomic_swap_nbi
[11:36:32.107] [INFO] shmem_malloc'd 4 bytes at 0xaaab40002250
[11:36:32.107] [INFO] set 0xaaab40002250 to 42
[11:36:32.107] [INFO] executing atomic swap nbi: dest = 0xaaab40002250, new_val = 43
[11:36:32.107] [INFO] atomic swap nbi on a int32_t at 0xaaab40002250 produced expected result (42 == 42 && 43 == 43)
[11:36:32.107] ------ BEGIN TEST ROUTINE: shmem_int64_atomic_swap_nbi
[11:36:32.107] [INFO] shmem_malloc'd 8 bytes at 0xaaab40002250
[11:36:32.107] [INFO] set 0xaaab40002250 to 42
[11:36:32.108] [INFO] executing atomic swap nbi: dest = 0xaaab40002250, new_val = 43
[11:36:32.108] [INFO] atomic swap nbi on a int64_t at 0xaaab40002250 produced expected result (42 == 42 && 43 == 43)
[11:36:32.108] ------ BEGIN TEST ROUTINE: shmem_uint32_atomic_swap_nbi
[11:36:32.108] [INFO] shmem_malloc'd 4 bytes at 0xaaab40002250
[11:36:32.108] [INFO] set 0xaaab40002250 to 42
[11:36:32.108] [INFO] executing atomic swap nbi: dest = 0xaaab40002250, new_val = 43
[11:36:32.108] [INFO] atomic swap nbi on a uint32_t at 0xaaab40002250 produced expected result (42 == 42 && 43 == 43)
[11:36:32.108] ------ BEGIN TEST ROUTINE: shmem_uint64_atomic_swap_nbi
[11:36:32.108] [INFO] shmem_malloc'd 8 bytes at 0xaaab40002250
[11:36:32.108] [INFO] set 0xaaab40002250 to 42
[11:36:32.108] [INFO] executing atomic swap nbi: dest = 0xaaab40002250, new_val = 43
[11:36:32.108] [INFO] atomic swap nbi on a uint64_t at 0xaaab40002250 produced expected result (42 == 42 && 43 == 43)
[11:36:32.109] ------ BEGIN TEST ROUTINE: shmem_size_atomic_swap_nbi
[11:36:32.109] [INFO] shmem_malloc'd 8 bytes at 0xaaab40002250
[11:36:32.109] [INFO] set 0xaaab40002250 to 42
[11:36:32.109] [INFO] executing atomic swap nbi: dest = 0xaaab40002250, new_val = 43
[11:36:32.109] [INFO] atomic swap nbi on a size_t at 0xaaab40002250 produced expected result (42 == 42 && 43 == 43)
[11:36:32.109] ------ BEGIN TEST ROUTINE: shmem_ptrdiff_atomic_swap_nbi
[11:36:32.109] [INFO] shmem_malloc'd 8 bytes at 0xaaab40002250
[11:36:32.109] [INFO] set 0xaaab40002250 to 42
[11:36:32.109] [INFO] executing atomic swap nbi: dest = 0xaaab40002250, new_val = 43
[11:36:32.109] [INFO] atomic swap nbi on a ptrdiff_t at 0xaaab40002250 produced expected result (42 == 42 && 43 == 43)
---------- END TEST: PASSED
