---------- BEGIN TEST: /root/lanl/vv/shmemvv_logs/src/unit/c/pt2pt_sync/c_shmem_wait_until_any.c
[14:26:45.094] ------ BEGIN TEST ROUTINE: shmem_wait_until_any(short)
[14:26:45.095] [INFO] Allocated flags array (6 bytes) at address 0xaaab00002250
[14:26:45.095] [INFO] Initialized all flags to 0
[14:26:45.095] [INFO] PE 1: Starting wait_until_any (flags=0xaaab00002250, n=3, status=[SHMEM_CMP_EQ x3], target=1)
[14:26:45.095] [INFO] PE 1: wait_until_any completed with index=18446744073709551615
[14:26:45.095] [FAIL] PE 1: wait_until_any failed - returned SIZE_MAX
[14:26:45.095] [INFO] Freeing allocated memory at 0xaaab00002250
[14:26:45.095] ------ BEGIN TEST ROUTINE: shmem_wait_until_any(int)
[14:26:45.095] [INFO] Allocated flags array (12 bytes) at address 0xaaab00002250
[14:26:45.095] [INFO] Initialized all flags to 0
[14:26:45.095] [INFO] PE 1: Starting wait_until_any (flags=0xaaab00002250, n=3, status=[SHMEM_CMP_EQ x3], target=1)
[14:26:45.095] [INFO] PE 1: wait_until_any completed with index=18446744073709551615
[14:26:45.095] [FAIL] PE 1: wait_until_any failed - returned SIZE_MAX
[14:26:45.095] [INFO] Freeing allocated memory at 0xaaab00002250
[14:26:45.095] ------ BEGIN TEST ROUTINE: shmem_wait_until_any(long)
[14:26:45.095] [INFO] Allocated flags array (24 bytes) at address 0xaaab00002250
[14:26:45.095] [INFO] Initialized all flags to 0
[14:26:45.096] [INFO] PE 1: Starting wait_until_any (flags=0xaaab00002250, n=3, status=[SHMEM_CMP_EQ x3], target=1)
[14:26:45.096] [INFO] PE 1: wait_until_any completed with index=18446744073709551615
[14:26:45.096] [FAIL] PE 1: wait_until_any failed - returned SIZE_MAX
[14:26:45.096] [INFO] Freeing allocated memory at 0xaaab00002250
[14:26:45.096] ------ BEGIN TEST ROUTINE: shmem_wait_until_any(long long)
[14:26:45.096] [INFO] Allocated flags array (24 bytes) at address 0xaaab00002250
[14:26:45.096] [INFO] Initialized all flags to 0
[14:26:45.096] [INFO] PE 1: Starting wait_until_any (flags=0xaaab00002250, n=3, status=[SHMEM_CMP_EQ x3], target=1)
[14:26:45.096] [INFO] PE 1: wait_until_any completed with index=18446744073709551615
[14:26:45.096] [FAIL] PE 1: wait_until_any failed - returned SIZE_MAX
[14:26:45.096] [INFO] Freeing allocated memory at 0xaaab00002250
[14:26:45.096] ------ BEGIN TEST ROUTINE: shmem_wait_until_any(unsigned short)
[14:26:45.096] [INFO] Allocated flags array (6 bytes) at address 0xaaab00002250
[14:26:45.096] [INFO] Initialized all flags to 0
[14:26:45.096] [INFO] PE 1: Starting wait_until_any (flags=0xaaab00002250, n=3, status=[SHMEM_CMP_EQ x3], target=1)
[14:26:45.096] [INFO] PE 1: wait_until_any completed with index=18446744073709551615
[14:26:45.096] [FAIL] PE 1: wait_until_any failed - returned SIZE_MAX
[14:26:45.096] [INFO] Freeing allocated memory at 0xaaab00002250
[14:26:45.096] ------ BEGIN TEST ROUTINE: shmem_wait_until_any(unsigned int)
[14:26:45.097] [INFO] Allocated flags array (12 bytes) at address 0xaaab00002250
[14:26:45.097] [INFO] Initialized all flags to 0
[14:26:45.097] [INFO] PE 1: Starting wait_until_any (flags=0xaaab00002250, n=3, status=[SHMEM_CMP_EQ x3], target=1)
[14:26:45.097] [INFO] PE 1: wait_until_any completed with index=18446744073709551615
[14:26:45.097] [FAIL] PE 1: wait_until_any failed - returned SIZE_MAX
[14:26:45.097] [INFO] Freeing allocated memory at 0xaaab00002250
[14:26:45.097] ------ BEGIN TEST ROUTINE: shmem_wait_until_any(unsigned long)
[14:26:45.097] [INFO] Allocated flags array (24 bytes) at address 0xaaab00002250
[14:26:45.097] [INFO] Initialized all flags to 0
[14:26:45.097] [INFO] PE 1: Starting wait_until_any (flags=0xaaab00002250, n=3, status=[SHMEM_CMP_EQ x3], target=1)
[14:26:45.097] [INFO] PE 1: wait_until_any completed with index=18446744073709551615
[14:26:45.097] [FAIL] PE 1: wait_until_any failed - returned SIZE_MAX
[14:26:45.097] [INFO] Freeing allocated memory at 0xaaab00002250
[14:26:45.097] ------ BEGIN TEST ROUTINE: shmem_wait_until_any(unsigned long long)
[14:26:45.097] [INFO] Allocated flags array (24 bytes) at address 0xaaab00002250
[14:26:45.097] [INFO] Initialized all flags to 0
[14:26:45.098] [INFO] PE 1: Starting wait_until_any (flags=0xaaab00002250, n=3, status=[SHMEM_CMP_EQ x3], target=1)
[14:26:45.098] [INFO] PE 1: wait_until_any completed with index=18446744073709551615
[14:26:45.098] [FAIL] PE 1: wait_until_any failed - returned SIZE_MAX
[14:26:45.098] [INFO] Freeing allocated memory at 0xaaab00002250
[14:26:45.098] ------ BEGIN TEST ROUTINE: shmem_wait_until_any(int32_t)
[14:26:45.098] [INFO] Allocated flags array (12 bytes) at address 0xaaab00002250
[14:26:45.098] [INFO] Initialized all flags to 0
[14:26:45.098] [INFO] PE 1: Starting wait_until_any (flags=0xaaab00002250, n=3, status=[SHMEM_CMP_EQ x3], target=1)
[14:26:45.098] [INFO] PE 1: wait_until_any completed with index=18446744073709551615
[14:26:45.098] [FAIL] PE 1: wait_until_any failed - returned SIZE_MAX
[14:26:45.098] [INFO] Freeing allocated memory at 0xaaab00002250
[14:26:45.098] ------ BEGIN TEST ROUTINE: shmem_wait_until_any(int64_t)
[14:26:45.098] [INFO] Allocated flags array (24 bytes) at address 0xaaab00002250
[14:26:45.098] [INFO] Initialized all flags to 0
[14:26:45.099] [INFO] PE 1: Starting wait_until_any (flags=0xaaab00002250, n=3, status=[SHMEM_CMP_EQ x3], target=1)
[14:26:45.099] [INFO] PE 1: wait_until_any completed with index=18446744073709551615
[14:26:45.099] [FAIL] PE 1: wait_until_any failed - returned SIZE_MAX
[14:26:45.099] [INFO] Freeing allocated memory at 0xaaab00002250
[14:26:45.099] ------ BEGIN TEST ROUTINE: shmem_wait_until_any(uint32_t)
[14:26:45.099] [INFO] Allocated flags array (12 bytes) at address 0xaaab00002250
[14:26:45.099] [INFO] Initialized all flags to 0
[14:26:45.099] [INFO] PE 1: Starting wait_until_any (flags=0xaaab00002250, n=3, status=[SHMEM_CMP_EQ x3], target=1)
[14:26:45.099] [INFO] PE 1: wait_until_any completed with index=18446744073709551615
[14:26:45.099] [FAIL] PE 1: wait_until_any failed - returned SIZE_MAX
[14:26:45.099] [INFO] Freeing allocated memory at 0xaaab00002250
[14:26:45.099] ------ BEGIN TEST ROUTINE: shmem_wait_until_any(uint64_t)
[14:26:45.099] [INFO] Allocated flags array (24 bytes) at address 0xaaab00002250
[14:26:45.099] [INFO] Initialized all flags to 0
[14:26:45.099] [INFO] PE 1: Starting wait_until_any (flags=0xaaab00002250, n=3, status=[SHMEM_CMP_EQ x3], target=1)
[14:26:45.099] [INFO] PE 1: wait_until_any completed with index=18446744073709551615
[14:26:45.099] [FAIL] PE 1: wait_until_any failed - returned SIZE_MAX
[14:26:45.099] [INFO] Freeing allocated memory at 0xaaab00002250
[14:26:45.099] ------ BEGIN TEST ROUTINE: shmem_wait_until_any(size_t)
[14:26:45.100] [INFO] Allocated flags array (24 bytes) at address 0xaaab00002250
[14:26:45.100] [INFO] Initialized all flags to 0
[14:26:45.100] [INFO] PE 1: Starting wait_until_any (flags=0xaaab00002250, n=3, status=[SHMEM_CMP_EQ x3], target=1)
[14:26:45.100] [INFO] PE 1: wait_until_any completed with index=18446744073709551615
[14:26:45.100] [FAIL] PE 1: wait_until_any failed - returned SIZE_MAX
[14:26:45.100] [INFO] Freeing allocated memory at 0xaaab00002250
[14:26:45.100] ------ BEGIN TEST ROUTINE: shmem_wait_until_any(ptrdiff_t)
[14:26:45.100] [INFO] Allocated flags array (24 bytes) at address 0xaaab00002250
[14:26:45.100] [INFO] Initialized all flags to 0
[14:26:45.100] [INFO] PE 1: Starting wait_until_any (flags=0xaaab00002250, n=3, status=[SHMEM_CMP_EQ x3], target=1)
[14:26:45.100] [INFO] PE 1: wait_until_any completed with index=18446744073709551615
[14:26:45.100] [FAIL] PE 1: wait_until_any failed - returned SIZE_MAX
[14:26:45.100] [INFO] Freeing allocated memory at 0xaaab00002250
---------- END TEST: FAILED
