---------- BEGIN TEST: /root/lanl/vv/shmemvv_logs/src/unit/c/atomics/c_shmem_atomic_fetch_and_nbi.c
[11:36:31.968] ------ BEGIN TEST ROUTINE: shmem_uint_atomic_fetch_and_nbi
[11:36:31.968] [INFO] set 0xaaab40002250 to 42
[11:36:31.968] [INFO] executing atomic fetch and nbi: dest = 0xaaab40002250, and_val = 15
[11:36:31.968] [INFO] atomic fetch and nbi on a unsigned int at 0xaaab40002250 produced expected result (42 == 42 && 15 == 10)
[11:36:31.969] ------ BEGIN TEST ROUTINE: shmem_ulong_atomic_fetch_and_nbi
[11:36:31.969] [INFO] set 0xaaab40002250 to 42
[11:36:31.969] [INFO] executing atomic fetch and nbi: dest = 0xaaab40002250, and_val = 15
[11:36:31.969] [INFO] atomic fetch and nbi on a unsigned long at 0xaaab40002250 produced expected result (42 == 42 && 15 == 10)
[11:36:31.969] ------ BEGIN TEST ROUTINE: shmem_ulonglong_atomic_fetch_and_nbi
[11:36:31.969] [INFO] set 0xaaab40002250 to 42
[11:36:31.969] [INFO] executing atomic fetch and nbi: dest = 0xaaab40002250, and_val = 15
[11:36:31.969] [INFO] atomic fetch and nbi on a unsigned long long at 0xaaab40002250 produced expected result (42 == 42 && 15 == 10)
[11:36:31.970] ------ BEGIN TEST ROUTINE: shmem_int32_atomic_fetch_and_nbi
[11:36:31.970] [INFO] set 0xaaab40002250 to 42
[11:36:31.970] [INFO] executing atomic fetch and nbi: dest = 0xaaab40002250, and_val = 15
[11:36:31.970] [INFO] atomic fetch and nbi on a int32_t at 0xaaab40002250 produced expected result (42 == 42 && 15 == 10)
[11:36:31.970] ------ BEGIN TEST ROUTINE: shmem_int64_atomic_fetch_and_nbi
[11:36:31.970] [INFO] set 0xaaab40002250 to 42
[11:36:31.970] [INFO] executing atomic fetch and nbi: dest = 0xaaab40002250, and_val = 15
[11:36:31.971] [INFO] atomic fetch and nbi on a int64_t at 0xaaab40002250 produced expected result (42 == 42 && 15 == 10)
[11:36:31.971] ------ BEGIN TEST ROUTINE: shmem_uint32_atomic_fetch_and_nbi
[11:36:31.971] [INFO] set 0xaaab40002250 to 42
[11:36:31.971] [INFO] executing atomic fetch and nbi: dest = 0xaaab40002250, and_val = 15
[11:36:31.971] [INFO] atomic fetch and nbi on a uint32_t at 0xaaab40002250 produced expected result (42 == 42 && 15 == 10)
[11:36:31.971] ------ BEGIN TEST ROUTINE: shmem_uint64_atomic_fetch_and_nbi
[11:36:31.971] [INFO] set 0xaaab40002250 to 42
[11:36:31.971] [INFO] executing atomic fetch and nbi: dest = 0xaaab40002250, and_val = 15
[11:36:31.972] [INFO] atomic fetch and nbi on a uint64_t at 0xaaab40002250 produced expected result (42 == 42 && 15 == 10)
---------- END TEST: PASSED
