---------- BEGIN TEST: /root/lanl/vv/shmemvv_logs/src/unit/c/collectives/c_shmem_broadcast.c
[11:36:32.171] ------ BEGIN TEST ROUTINE: shmem_float_broadcast
[11:36:32.171] [INFO] shmem_malloc'd 16 bytes @ &src = 0xaaab00002250, 16 bytes @ &dest = 0xaaab00002270
[11:36:32.171] [INFO] set 0xaaab00002250..0xaaab0000225c to idx + 1
[11:36:32.171] [INFO] set 0xaaab00002270..0xaaab0000227c to -1
[11:36:32.171] [INFO] executing shmem_broadcast: dest = 0xaaab00002270, src = 0xaaab00002250
[11:36:32.171] [INFO] validating result...
[11:36:32.171] [INFO] shmem_broadcast on float produced expected result.
[11:36:32.172] ------ BEGIN TEST ROUTINE: shmem_double_broadcast
[11:36:32.172] [INFO] shmem_malloc'd 32 bytes @ &src = 0xaaab00002250, 32 bytes @ &dest = 0xaaab00002280
[11:36:32.172] [INFO] set 0xaaab00002250..0xaaab00002268 to idx + 1
[11:36:32.172] [INFO] set 0xaaab00002280..0xaaab00002298 to -1
[11:36:32.172] [INFO] executing shmem_broadcast: dest = 0xaaab00002280, src = 0xaaab00002250
[11:36:32.172] [INFO] validating result...
[11:36:32.172] [INFO] shmem_broadcast on double produced expected result.
[11:36:32.172] ------ BEGIN TEST ROUTINE: shmem_longdouble_broadcast
[11:36:32.173] [INFO] shmem_malloc'd 64 bytes @ &src = 0xaaab00002250, 64 bytes @ &dest = 0xaaab000022a0
[11:36:32.173] [INFO] set 0xaaab00002250..0xaaab00002280 to idx + 1
[11:36:32.173] [INFO] set 0xaaab000022a0..0xaaab000022d0 to -1
[11:36:32.173] [INFO] executing shmem_broadcast: dest = 0xaaab000022a0, src = 0xaaab00002250
[11:36:32.173] [INFO] validating result...
[11:36:32.173] [INFO] shmem_broadcast on long double produced expected result.
[11:36:32.173] ------ BEGIN TEST ROUTINE: shmem_char_broadcast
[11:36:32.173] [INFO] shmem_malloc'd 4 bytes @ &src = 0xaaab00002250, 4 bytes @ &dest = 0xaaab00002270
[11:36:32.173] [INFO] set 0xaaab00002250..0xaaab00002253 to idx + 1
[11:36:32.173] [INFO] set 0xaaab00002270..0xaaab00002273 to -1
[11:36:32.174] [INFO] executing shmem_broadcast: dest = 0xaaab00002270, src = 0xaaab00002250
[11:36:32.174] [INFO] validating result...
[11:36:32.174] [INFO] shmem_broadcast on char produced expected result.
[11:36:32.174] ------ BEGIN TEST ROUTINE: shmem_schar_broadcast
[11:36:32.174] [INFO] shmem_malloc'd 4 bytes @ &src = 0xaaab00002250, 4 bytes @ &dest = 0xaaab00002270
[11:36:32.174] [INFO] set 0xaaab00002250..0xaaab00002253 to idx + 1
[11:36:32.174] [INFO] set 0xaaab00002270..0xaaab00002273 to -1
[11:36:32.174] [INFO] executing shmem_broadcast: dest = 0xaaab00002270, src = 0xaaab00002250
[11:36:32.174] [INFO] validating result...
[11:36:32.174] [INFO] shmem_broadcast on signed char produced expected result.
[11:36:32.175] ------ BEGIN TEST ROUTINE: shmem_short_broadcast
[11:36:32.175] [INFO] shmem_malloc'd 8 bytes @ &src = 0xaaab00002250, 8 bytes @ &dest = 0xaaab00002270
[11:36:32.175] [INFO] set 0xaaab00002250..0xaaab00002256 to idx + 1
[11:36:32.175] [INFO] set 0xaaab00002270..0xaaab00002276 to -1
[11:36:32.175] [INFO] executing shmem_broadcast: dest = 0xaaab00002270, src = 0xaaab00002250
[11:36:32.175] [INFO] validating result...
[11:36:32.175] [INFO] shmem_broadcast on short produced expected result.
[11:36:32.175] ------ BEGIN TEST ROUTINE: shmem_int_broadcast
[11:36:32.176] [INFO] shmem_malloc'd 16 bytes @ &src = 0xaaab00002250, 16 bytes @ &dest = 0xaaab00002270
[11:36:32.176] [INFO] set 0xaaab00002250..0xaaab0000225c to idx + 1
[11:36:32.176] [INFO] set 0xaaab00002270..0xaaab0000227c to -1
[11:36:32.176] [INFO] executing shmem_broadcast: dest = 0xaaab00002270, src = 0xaaab00002250
[11:36:32.176] [INFO] validating result...
[11:36:32.176] [INFO] shmem_broadcast on int produced expected result.
[11:36:32.176] ------ BEGIN TEST ROUTINE: shmem_long_broadcast
[11:36:32.176] [INFO] shmem_malloc'd 32 bytes @ &src = 0xaaab00002250, 32 bytes @ &dest = 0xaaab00002280
[11:36:32.176] [INFO] set 0xaaab00002250..0xaaab00002268 to idx + 1
[11:36:32.176] [INFO] set 0xaaab00002280..0xaaab00002298 to -1
[11:36:32.177] [INFO] executing shmem_broadcast: dest = 0xaaab00002280, src = 0xaaab00002250
[11:36:32.177] [INFO] validating result...
[11:36:32.177] [INFO] shmem_broadcast on long produced expected result.
[11:36:32.177] ------ BEGIN TEST ROUTINE: shmem_longlong_broadcast
[11:36:32.177] [INFO] shmem_malloc'd 32 bytes @ &src = 0xaaab00002250, 32 bytes @ &dest = 0xaaab00002280
[11:36:32.177] [INFO] set 0xaaab00002250..0xaaab00002268 to idx + 1
[11:36:32.177] [INFO] set 0xaaab00002280..0xaaab00002298 to -1
[11:36:32.177] [INFO] executing shmem_broadcast: dest = 0xaaab00002280, src = 0xaaab00002250
[11:36:32.178] [INFO] validating result...
[11:36:32.178] [INFO] shmem_broadcast on long long produced expected result.
[11:36:32.178] ------ BEGIN TEST ROUTINE: shmem_uchar_broadcast
[11:36:32.178] [INFO] shmem_malloc'd 4 bytes @ &src = 0xaaab00002250, 4 bytes @ &dest = 0xaaab00002270
[11:36:32.178] [INFO] set 0xaaab00002250..0xaaab00002253 to idx + 1
[11:36:32.178] [INFO] set 0xaaab00002270..0xaaab00002273 to -1
[11:36:32.178] [INFO] executing shmem_broadcast: dest = 0xaaab00002270, src = 0xaaab00002250
[11:36:32.178] [INFO] validating result...
[11:36:32.178] [INFO] shmem_broadcast on unsigned char produced expected result.
[11:36:32.179] ------ BEGIN TEST ROUTINE: shmem_ushort_broadcast
[11:36:32.179] [INFO] shmem_malloc'd 8 bytes @ &src = 0xaaab00002250, 8 bytes @ &dest = 0xaaab00002270
[11:36:32.179] [INFO] set 0xaaab00002250..0xaaab00002256 to idx + 1
[11:36:32.179] [INFO] set 0xaaab00002270..0xaaab00002276 to -1
[11:36:32.179] [INFO] executing shmem_broadcast: dest = 0xaaab00002270, src = 0xaaab00002250
[11:36:32.179] [INFO] validating result...
[11:36:32.179] [INFO] shmem_broadcast on unsigned short produced expected result.
[11:36:32.180] ------ BEGIN TEST ROUTINE: shmem_uint_broadcast
[11:36:32.180] [INFO] shmem_malloc'd 16 bytes @ &src = 0xaaab00002250, 16 bytes @ &dest = 0xaaab00002270
[11:36:32.180] [INFO] set 0xaaab00002250..0xaaab0000225c to idx + 1
[11:36:32.180] [INFO] set 0xaaab00002270..0xaaab0000227c to -1
[11:36:32.180] [INFO] executing shmem_broadcast: dest = 0xaaab00002270, src = 0xaaab00002250
[11:36:32.180] [INFO] validating result...
[11:36:32.180] [INFO] shmem_broadcast on unsigned int produced expected result.
[11:36:32.180] ------ BEGIN TEST ROUTINE: shmem_ulong_broadcast
[11:36:32.180] [INFO] shmem_malloc'd 32 bytes @ &src = 0xaaab00002250, 32 bytes @ &dest = 0xaaab00002280
[11:36:32.180] [INFO] set 0xaaab00002250..0xaaab00002268 to idx + 1
[11:36:32.180] [INFO] set 0xaaab00002280..0xaaab00002298 to -1
[11:36:32.180] [INFO] executing shmem_broadcast: dest = 0xaaab00002280, src = 0xaaab00002250
[11:36:32.181] [INFO] validating result...
[11:36:32.181] [INFO] shmem_broadcast on unsigned long produced expected result.
[11:36:32.181] ------ BEGIN TEST ROUTINE: shmem_ulonglong_broadcast
[11:36:32.181] [INFO] shmem_malloc'd 32 bytes @ &src = 0xaaab00002250, 32 bytes @ &dest = 0xaaab00002280
[11:36:32.181] [INFO] set 0xaaab00002250..0xaaab00002268 to idx + 1
[11:36:32.181] [INFO] set 0xaaab00002280..0xaaab00002298 to -1
[11:36:32.181] [INFO] executing shmem_broadcast: dest = 0xaaab00002280, src = 0xaaab00002250
[11:36:32.181] [INFO] validating result...
[11:36:32.181] [INFO] shmem_broadcast on unsigned long long produced expected result.
[11:36:32.181] ------ BEGIN TEST ROUTINE: shmem_int8_broadcast
[11:36:32.182] [INFO] shmem_malloc'd 4 bytes @ &src = 0xaaab00002250, 4 bytes @ &dest = 0xaaab00002270
[11:36:32.182] [INFO] set 0xaaab00002250..0xaaab00002253 to idx + 1
[11:36:32.182] [INFO] set 0xaaab00002270..0xaaab00002273 to -1
[11:36:32.182] [INFO] executing shmem_broadcast: dest = 0xaaab00002270, src = 0xaaab00002250
[11:36:32.182] [INFO] validating result...
[11:36:32.182] [INFO] shmem_broadcast on int8_t produced expected result.
[11:36:32.182] ------ BEGIN TEST ROUTINE: shmem_int16_broadcast
[11:36:32.182] [INFO] shmem_malloc'd 8 bytes @ &src = 0xaaab00002250, 8 bytes @ &dest = 0xaaab00002270
[11:36:32.182] [INFO] set 0xaaab00002250..0xaaab00002256 to idx + 1
[11:36:32.182] [INFO] set 0xaaab00002270..0xaaab00002276 to -1
[11:36:32.182] [INFO] executing shmem_broadcast: dest = 0xaaab00002270, src = 0xaaab00002250
[11:36:32.183] [INFO] validating result...
[11:36:32.183] [INFO] shmem_broadcast on int16_t produced expected result.
[11:36:32.183] ------ BEGIN TEST ROUTINE: shmem_int32_broadcast
[11:36:32.183] [INFO] shmem_malloc'd 16 bytes @ &src = 0xaaab00002250, 16 bytes @ &dest = 0xaaab00002270
[11:36:32.183] [INFO] set 0xaaab00002250..0xaaab0000225c to idx + 1
[11:36:32.183] [INFO] set 0xaaab00002270..0xaaab0000227c to -1
[11:36:32.183] [INFO] executing shmem_broadcast: dest = 0xaaab00002270, src = 0xaaab00002250
[11:36:32.183] [INFO] validating result...
[11:36:32.183] [INFO] shmem_broadcast on int32_t produced expected result.
[11:36:32.183] ------ BEGIN TEST ROUTINE: shmem_int64_broadcast
[11:36:32.184] [INFO] shmem_malloc'd 32 bytes @ &src = 0xaaab00002250, 32 bytes @ &dest = 0xaaab00002280
[11:36:32.184] [INFO] set 0xaaab00002250..0xaaab00002268 to idx + 1
[11:36:32.184] [INFO] set 0xaaab00002280..0xaaab00002298 to -1
[11:36:32.184] [INFO] executing shmem_broadcast: dest = 0xaaab00002280, src = 0xaaab00002250
[11:36:32.184] [INFO] validating result...
[11:36:32.184] [INFO] shmem_broadcast on int64_t produced expected result.
[11:36:32.184] ------ BEGIN TEST ROUTINE: shmem_uint8_broadcast
[11:36:32.184] [INFO] shmem_malloc'd 4 bytes @ &src = 0xaaab00002250, 4 bytes @ &dest = 0xaaab00002270
[11:36:32.184] [INFO] set 0xaaab00002250..0xaaab00002253 to idx + 1
[11:36:32.184] [INFO] set 0xaaab00002270..0xaaab00002273 to -1
[11:36:32.184] [INFO] executing shmem_broadcast: dest = 0xaaab00002270, src = 0xaaab00002250
[11:36:32.184] [INFO] validating result...
[11:36:32.184] [INFO] shmem_broadcast on uint8_t produced expected result.
[11:36:32.185] ------ BEGIN TEST ROUTINE: shmem_uint16_broadcast
[11:36:32.185] [INFO] shmem_malloc'd 8 bytes @ &src = 0xaaab00002250, 8 bytes @ &dest = 0xaaab00002270
[11:36:32.185] [INFO] set 0xaaab00002250..0xaaab00002256 to idx + 1
[11:36:32.185] [INFO] set 0xaaab00002270..0xaaab00002276 to -1
[11:36:32.185] [INFO] executing shmem_broadcast: dest = 0xaaab00002270, src = 0xaaab00002250
[11:36:32.185] [INFO] validating result...
[11:36:32.185] [INFO] shmem_broadcast on uint16_t produced expected result.
[11:36:32.185] ------ BEGIN TEST ROUTINE: shmem_uint32_broadcast
[11:36:32.185] [INFO] shmem_malloc'd 16 bytes @ &src = 0xaaab00002250, 16 bytes @ &dest = 0xaaab00002270
[11:36:32.185] [INFO] set 0xaaab00002250..0xaaab0000225c to idx + 1
[11:36:32.185] [INFO] set 0xaaab00002270..0xaaab0000227c to -1
[11:36:32.185] [INFO] executing shmem_broadcast: dest = 0xaaab00002270, src = 0xaaab00002250
[11:36:32.186] [INFO] validating result...
[11:36:32.186] [INFO] shmem_broadcast on uint32_t produced expected result.
[11:36:32.186] ------ BEGIN TEST ROUTINE: shmem_uint64_broadcast
[11:36:32.186] [INFO] shmem_malloc'd 32 bytes @ &src = 0xaaab00002250, 32 bytes @ &dest = 0xaaab00002280
[11:36:32.186] [INFO] set 0xaaab00002250..0xaaab00002268 to idx + 1
[11:36:32.186] [INFO] set 0xaaab00002280..0xaaab00002298 to -1
[11:36:32.186] [INFO] executing shmem_broadcast: dest = 0xaaab00002280, src = 0xaaab00002250
[11:36:32.186] [INFO] validating result...
[11:36:32.186] [INFO] shmem_broadcast on uint64_t produced expected result.
[11:36:32.186] ------ BEGIN TEST ROUTINE: shmem_size_broadcast
[11:36:32.187] [INFO] shmem_malloc'd 32 bytes @ &src = 0xaaab00002250, 32 bytes @ &dest = 0xaaab00002280
[11:36:32.187] [INFO] set 0xaaab00002250..0xaaab00002268 to idx + 1
[11:36:32.187] [INFO] set 0xaaab00002280..0xaaab00002298 to -1
[11:36:32.187] [INFO] executing shmem_broadcast: dest = 0xaaab00002280, src = 0xaaab00002250
[11:36:32.187] [INFO] validating result...
[11:36:32.187] [INFO] shmem_broadcast on size_t produced expected result.
[11:36:32.187] ------ BEGIN TEST ROUTINE: shmem_ptrdiff_broadcast
[11:36:32.187] [INFO] shmem_malloc'd 32 bytes @ &src = 0xaaab00002250, 32 bytes @ &dest = 0xaaab00002280
[11:36:32.187] [INFO] set 0xaaab00002250..0xaaab00002268 to idx + 1
[11:36:32.187] [INFO] set 0xaaab00002280..0xaaab00002298 to -1
[11:36:32.187] [INFO] executing shmem_broadcast: dest = 0xaaab00002280, src = 0xaaab00002250
[11:36:32.187] [INFO] validating result...
[11:36:32.187] [INFO] shmem_broadcast on ptrdiff_t produced expected result.
---------- END TEST: PASSED
