---------- BEGIN TEST: /root/lanl/vv/shmemvv_logs/src/unit/c/atomics/c_shmem_atomic_fetch_add_nbi.c
[11:41:02.996] ------ BEGIN TEST ROUTINE: shmem_int_atomic_fetch_add_nbi
[11:41:02.997] [INFO] shmem_malloc'd 4 bytes at 0xaaab40002250
[11:41:02.997] [INFO] set 0xaaab40002250 to 42
[11:41:02.997] [INFO] executing atomic fetch add nbi: dest = 0xaaab40002250, add_val = 10
[11:41:02.997] [INFO] atomic fetch add nbi on a int at 0xaaab40002250 produced expected result (42 == 42 && 10 == 52)
[11:41:02.997] ------ BEGIN TEST ROUTINE: shmem_long_atomic_fetch_add_nbi
[11:41:02.997] [INFO] shmem_malloc'd 8 bytes at 0xaaab40002250
[11:41:02.997] [INFO] set 0xaaab40002250 to 42
[11:41:02.997] [INFO] executing atomic fetch add nbi: dest = 0xaaab40002250, add_val = 10
[11:41:02.998] [INFO] atomic fetch add nbi on a long at 0xaaab40002250 produced expected result (42 == 42 && 10 == 52)
[11:41:02.998] ------ BEGIN TEST ROUTINE: shmem_longlong_atomic_fetch_add_nbi
[11:41:02.998] [INFO] shmem_malloc'd 8 bytes at 0xaaab40002250
[11:41:02.998] [INFO] set 0xaaab40002250 to 42
[11:41:02.998] [INFO] executing atomic fetch add nbi: dest = 0xaaab40002250, add_val = 10
[11:41:02.998] [INFO] atomic fetch add nbi on a long long at 0xaaab40002250 produced expected result (42 == 42 && 10 == 52)
[11:41:02.998] ------ BEGIN TEST ROUTINE: shmem_uint_atomic_fetch_add_nbi
[11:41:02.998] [INFO] shmem_malloc'd 4 bytes at 0xaaab40002250
[11:41:02.998] [INFO] set 0xaaab40002250 to 42
[11:41:02.998] [INFO] executing atomic fetch add nbi: dest = 0xaaab40002250, add_val = 10
[11:41:02.999] [INFO] atomic fetch add nbi on a unsigned int at 0xaaab40002250 produced expected result (42 == 42 && 10 == 52)
[11:41:02.999] ------ BEGIN TEST ROUTINE: shmem_ulong_atomic_fetch_add_nbi
[11:41:02.999] [INFO] shmem_malloc'd 8 bytes at 0xaaab40002250
[11:41:02.999] [INFO] set 0xaaab40002250 to 42
[11:41:02.999] [INFO] executing atomic fetch add nbi: dest = 0xaaab40002250, add_val = 10
[11:41:02.999] [INFO] atomic fetch add nbi on a unsigned long at 0xaaab40002250 produced expected result (42 == 42 && 10 == 52)
[11:41:02.999] ------ BEGIN TEST ROUTINE: shmem_ulonglong_atomic_fetch_add_nbi
[11:41:02.999] [INFO] shmem_malloc'd 8 bytes at 0xaaab40002250
[11:41:02.999] [INFO] set 0xaaab40002250 to 42
[11:41:02.999] [INFO] executing atomic fetch add nbi: dest = 0xaaab40002250, add_val = 10
[11:41:02.000] [INFO] atomic fetch add nbi on a unsigned long long at 0xaaab40002250 produced expected result (42 == 42 && 10 == 52)
[11:41:02.000] ------ BEGIN TEST ROUTINE: shmem_int32_atomic_fetch_add_nbi
[11:41:02.000] [INFO] shmem_malloc'd 4 bytes at 0xaaab40002250
[11:41:02.000] [INFO] set 0xaaab40002250 to 42
[11:41:03.000] [INFO] executing atomic fetch add nbi: dest = 0xaaab40002250, add_val = 10
[11:41:03.000] [INFO] atomic fetch add nbi on a int32_t at 0xaaab40002250 produced expected result (42 == 42 && 10 == 52)
[11:41:03.000] ------ BEGIN TEST ROUTINE: shmem_int64_atomic_fetch_add_nbi
[11:41:03.000] [INFO] shmem_malloc'd 8 bytes at 0xaaab40002250
[11:41:03.000] [INFO] set 0xaaab40002250 to 42
[11:41:03.001] [INFO] executing atomic fetch add nbi: dest = 0xaaab40002250, add_val = 10
[11:41:03.001] [INFO] atomic fetch add nbi on a int64_t at 0xaaab40002250 produced expected result (42 == 42 && 10 == 52)
[11:41:03.001] ------ BEGIN TEST ROUTINE: shmem_uint32_atomic_fetch_add_nbi
[11:41:03.001] [INFO] shmem_malloc'd 4 bytes at 0xaaab40002250
[11:41:03.001] [INFO] set 0xaaab40002250 to 42
[11:41:03.001] [INFO] executing atomic fetch add nbi: dest = 0xaaab40002250, add_val = 10
[11:41:03.001] [INFO] atomic fetch add nbi on a uint32_t at 0xaaab40002250 produced expected result (42 == 42 && 10 == 52)
[11:41:03.001] ------ BEGIN TEST ROUTINE: shmem_uint64_atomic_fetch_add_nbi
[11:41:03.001] [INFO] shmem_malloc'd 8 bytes at 0xaaab40002250
[11:41:03.001] [INFO] set 0xaaab40002250 to 42
[11:41:03.002] [INFO] executing atomic fetch add nbi: dest = 0xaaab40002250, add_val = 10
[11:41:03.002] [INFO] atomic fetch add nbi on a uint64_t at 0xaaab40002250 produced expected result (42 == 42 && 10 == 52)
[11:41:03.002] ------ BEGIN TEST ROUTINE: shmem_size_atomic_fetch_add_nbi
[11:41:03.002] [INFO] shmem_malloc'd 8 bytes at 0xaaab40002250
[11:41:03.002] [INFO] set 0xaaab40002250 to 42
[11:41:03.002] [INFO] executing atomic fetch add nbi: dest = 0xaaab40002250, add_val = 10
[11:41:03.002] [INFO] atomic fetch add nbi on a size_t at 0xaaab40002250 produced expected result (42 == 42 && 10 == 52)
[11:41:03.002] ------ BEGIN TEST ROUTINE: shmem_ptrdiff_atomic_fetch_add_nbi
[11:41:03.002] [INFO] shmem_malloc'd 8 bytes at 0xaaab40002250
[11:41:03.002] [INFO] set 0xaaab40002250 to 42
[11:41:03.003] [INFO] executing atomic fetch add nbi: dest = 0xaaab40002250, add_val = 10
[11:41:03.003] [INFO] atomic fetch add nbi on a ptrdiff_t at 0xaaab40002250 produced expected result (42 == 42 && 10 == 52)
---------- END TEST: PASSED
