---------- BEGIN TEST: /root/lanl/vv/shmemvv_logs/src/unit/c/atomics/c_shmem_atomic_compare_swap_nbi.c
[11:36:31.907] ------ BEGIN TEST ROUTINE: shmem_int_atomic_compare_swap_nbi
[11:36:31.907] [INFO] shmem_malloc'd 4 bytes at 0xaaab00002250
[11:36:31.907] [INFO] set 0xaaab00002250 to 42
[11:36:31.907] [INFO] executing atomic compare swap nbi: dest = 0xaaab00002250, old = 42, new_val = 43
[11:36:31.908] [INFO] atomic compare swap nbi on a int at 0xaaab00002250 produced expected result (42 == 42 && 43 == 43)
[11:36:31.908] ------ BEGIN TEST ROUTINE: shmem_long_atomic_compare_swap_nbi
[11:36:31.908] [INFO] shmem_malloc'd 8 bytes at 0xaaab00002250
[11:36:31.908] [INFO] set 0xaaab00002250 to 42
[11:36:31.908] [INFO] executing atomic compare swap nbi: dest = 0xaaab00002250, old = 42, new_val = 43
[11:36:31.908] [INFO] atomic compare swap nbi on a long at 0xaaab00002250 produced expected result (42 == 42 && 43 == 43)
[11:36:31.908] ------ BEGIN TEST ROUTINE: shmem_longlong_atomic_compare_swap_nbi
[11:36:31.908] [INFO] shmem_malloc'd 8 bytes at 0xaaab00002250
[11:36:31.908] [INFO] set 0xaaab00002250 to 42
[11:36:31.908] [INFO] executing atomic compare swap nbi: dest = 0xaaab00002250, old = 42, new_val = 43
[11:36:31.908] [INFO] atomic compare swap nbi on a long long at 0xaaab00002250 produced expected result (42 == 42 && 43 == 43)
[11:36:31.908] ------ BEGIN TEST ROUTINE: shmem_uint_atomic_compare_swap_nbi
[11:36:31.908] [INFO] shmem_malloc'd 4 bytes at 0xaaab00002250
[11:36:31.908] [INFO] set 0xaaab00002250 to 42
[11:36:31.909] [INFO] executing atomic compare swap nbi: dest = 0xaaab00002250, old = 42, new_val = 43
[11:36:31.909] [INFO] atomic compare swap nbi on a unsigned int at 0xaaab00002250 produced expected result (42 == 42 && 43 == 43)
[11:36:31.909] ------ BEGIN TEST ROUTINE: shmem_ulong_atomic_compare_swap_nbi
[11:36:31.909] [INFO] shmem_malloc'd 8 bytes at 0xaaab00002250
[11:36:31.909] [INFO] set 0xaaab00002250 to 42
[11:36:31.909] [INFO] executing atomic compare swap nbi: dest = 0xaaab00002250, old = 42, new_val = 43
[11:36:31.909] [INFO] atomic compare swap nbi on a unsigned long at 0xaaab00002250 produced expected result (42 == 42 && 43 == 43)
[11:36:31.909] ------ BEGIN TEST ROUTINE: shmem_ulonglong_atomic_compare_swap_nbi
[11:36:31.909] [INFO] shmem_malloc'd 8 bytes at 0xaaab00002250
[11:36:31.909] [INFO] set 0xaaab00002250 to 42
[11:36:31.909] [INFO] executing atomic compare swap nbi: dest = 0xaaab00002250, old = 42, new_val = 43
[11:36:31.909] [INFO] atomic compare swap nbi on a unsigned long long at 0xaaab00002250 produced expected result (42 == 42 && 43 == 43)
[11:36:31.910] ------ BEGIN TEST ROUTINE: shmem_int32_atomic_compare_swap_nbi
[11:36:31.910] [INFO] shmem_malloc'd 4 bytes at 0xaaab00002250
[11:36:31.910] [INFO] set 0xaaab00002250 to 42
[11:36:31.910] [INFO] executing atomic compare swap nbi: dest = 0xaaab00002250, old = 42, new_val = 43
[11:36:31.910] [INFO] atomic compare swap nbi on a int32_t at 0xaaab00002250 produced expected result (42 == 42 && 43 == 43)
[11:36:31.910] ------ BEGIN TEST ROUTINE: shmem_int64_atomic_compare_swap_nbi
[11:36:31.910] [INFO] shmem_malloc'd 8 bytes at 0xaaab00002250
[11:36:31.910] [INFO] set 0xaaab00002250 to 42
[11:36:31.910] [INFO] executing atomic compare swap nbi: dest = 0xaaab00002250, old = 42, new_val = 43
[11:36:31.910] [INFO] atomic compare swap nbi on a int64_t at 0xaaab00002250 produced expected result (42 == 42 && 43 == 43)
[11:36:31.910] ------ BEGIN TEST ROUTINE: shmem_uint32_atomic_compare_swap_nbi
[11:36:31.910] [INFO] shmem_malloc'd 4 bytes at 0xaaab00002250
[11:36:31.910] [INFO] set 0xaaab00002250 to 42
[11:36:31.910] [INFO] executing atomic compare swap nbi: dest = 0xaaab00002250, old = 42, new_val = 43
[11:36:31.911] [INFO] atomic compare swap nbi on a uint32_t at 0xaaab00002250 produced expected result (42 == 42 && 43 == 43)
[11:36:31.911] ------ BEGIN TEST ROUTINE: shmem_uint64_atomic_compare_swap_nbi
[11:36:31.911] [INFO] shmem_malloc'd 8 bytes at 0xaaab00002250
[11:36:31.911] [INFO] set 0xaaab00002250 to 42
[11:36:31.911] [INFO] executing atomic compare swap nbi: dest = 0xaaab00002250, old = 42, new_val = 43
[11:36:31.911] [INFO] atomic compare swap nbi on a uint64_t at 0xaaab00002250 produced expected result (42 == 42 && 43 == 43)
[11:36:31.911] ------ BEGIN TEST ROUTINE: shmem_size_atomic_compare_swap_nbi
[11:36:31.911] [INFO] shmem_malloc'd 8 bytes at 0xaaab00002250
[11:36:31.911] [INFO] set 0xaaab00002250 to 42
[11:36:31.911] [INFO] executing atomic compare swap nbi: dest = 0xaaab00002250, old = 42, new_val = 43
[11:36:31.912] [INFO] atomic compare swap nbi on a size_t at 0xaaab00002250 produced expected result (42 == 42 && 43 == 43)
[11:36:31.912] ------ BEGIN TEST ROUTINE: shmem_ptrdiff_atomic_compare_swap_nbi
[11:36:31.912] [INFO] shmem_malloc'd 8 bytes at 0xaaab00002250
[11:36:31.912] [INFO] set 0xaaab00002250 to 42
[11:36:31.912] [INFO] executing atomic compare swap nbi: dest = 0xaaab00002250, old = 42, new_val = 43
[11:36:31.912] [INFO] atomic compare swap nbi on a ptrdiff_t at 0xaaab00002250 produced expected result (42 == 42 && 43 == 43)
---------- END TEST: PASSED
