---------- BEGIN TEST: /root/lanl/vv/shmemvv_logs/src/unit/c/atomics/c_shmem_atomic_fetch_nbi.c
[11:41:03.055] ------ BEGIN TEST ROUTINE: shmem_int_atomic_fetch_nbi
[11:41:03.056] [INFO] shmem_malloc'd 4 bytes at 0xaaab40002250
[11:41:03.056] [INFO] set 0xaaab40002250 to 42
[11:41:03.056] [INFO] executing atomic fetch nbi: dest = 0xaaab40002250
[11:41:03.056] [INFO] atomic fetch nbi on a int at 0xaaab40002250 produced expected result (42 == 42)
[11:41:03.056] ------ BEGIN TEST ROUTINE: shmem_long_atomic_fetch_nbi
[11:41:03.056] [INFO] shmem_malloc'd 8 bytes at 0xaaab40002250
[11:41:03.056] [INFO] set 0xaaab40002250 to 42
[11:41:03.056] [INFO] executing atomic fetch nbi: dest = 0xaaab40002250
[11:41:03.056] [INFO] atomic fetch nbi on a long at 0xaaab40002250 produced expected result (42 == 42)
[11:41:03.057] ------ BEGIN TEST ROUTINE: shmem_longlong_atomic_fetch_nbi
[11:41:03.057] [INFO] shmem_malloc'd 8 bytes at 0xaaab40002250
[11:41:03.057] [INFO] set 0xaaab40002250 to 42
[11:41:03.057] [INFO] executing atomic fetch nbi: dest = 0xaaab40002250
[11:41:03.057] [INFO] atomic fetch nbi on a long long at 0xaaab40002250 produced expected result (42 == 42)
[11:41:03.057] ------ BEGIN TEST ROUTINE: shmem_uint_atomic_fetch_nbi
[11:41:03.057] [INFO] shmem_malloc'd 4 bytes at 0xaaab40002250
[11:41:03.057] [INFO] set 0xaaab40002250 to 42
[11:41:03.057] [INFO] executing atomic fetch nbi: dest = 0xaaab40002250
[11:41:03.057] [INFO] atomic fetch nbi on a unsigned int at 0xaaab40002250 produced expected result (42 == 42)
[11:41:03.057] ------ BEGIN TEST ROUTINE: shmem_ulong_atomic_fetch_nbi
[11:41:03.057] [INFO] shmem_malloc'd 8 bytes at 0xaaab40002250
[11:41:03.057] [INFO] set 0xaaab40002250 to 42
[11:41:03.057] [INFO] executing atomic fetch nbi: dest = 0xaaab40002250
[11:41:03.058] [INFO] atomic fetch nbi on a unsigned long at 0xaaab40002250 produced expected result (42 == 42)
[11:41:03.058] ------ BEGIN TEST ROUTINE: shmem_ulonglong_atomic_fetch_nbi
[11:41:03.058] [INFO] shmem_malloc'd 8 bytes at 0xaaab40002250
[11:41:03.058] [INFO] set 0xaaab40002250 to 42
[11:41:03.058] [INFO] executing atomic fetch nbi: dest = 0xaaab40002250
[11:41:03.058] [INFO] atomic fetch nbi on a unsigned long long at 0xaaab40002250 produced expected result (42 == 42)
[11:41:03.058] ------ BEGIN TEST ROUTINE: shmem_int32_atomic_fetch_nbi
[11:41:03.058] [INFO] shmem_malloc'd 4 bytes at 0xaaab40002250
[11:41:03.058] [INFO] set 0xaaab40002250 to 42
[11:41:03.058] [INFO] executing atomic fetch nbi: dest = 0xaaab40002250
[11:41:03.058] [INFO] atomic fetch nbi on a int32_t at 0xaaab40002250 produced expected result (42 == 42)
[11:41:03.058] ------ BEGIN TEST ROUTINE: shmem_int64_atomic_fetch_nbi
[11:41:03.059] [INFO] shmem_malloc'd 8 bytes at 0xaaab40002250
[11:41:03.059] [INFO] set 0xaaab40002250 to 42
[11:41:03.059] [INFO] executing atomic fetch nbi: dest = 0xaaab40002250
[11:41:03.059] [INFO] atomic fetch nbi on a int64_t at 0xaaab40002250 produced expected result (42 == 42)
[11:41:03.059] ------ BEGIN TEST ROUTINE: shmem_uint32_atomic_fetch_nbi
[11:41:03.059] [INFO] shmem_malloc'd 4 bytes at 0xaaab40002250
[11:41:03.059] [INFO] set 0xaaab40002250 to 42
[11:41:03.059] [INFO] executing atomic fetch nbi: dest = 0xaaab40002250
[11:41:03.059] [INFO] atomic fetch nbi on a uint32_t at 0xaaab40002250 produced expected result (42 == 42)
[11:41:03.059] ------ BEGIN TEST ROUTINE: shmem_uint64_atomic_fetch_nbi
[11:41:03.059] [INFO] shmem_malloc'd 8 bytes at 0xaaab40002250
[11:41:03.059] [INFO] set 0xaaab40002250 to 42
[11:41:03.059] [INFO] executing atomic fetch nbi: dest = 0xaaab40002250
[11:41:03.059] [INFO] atomic fetch nbi on a uint64_t at 0xaaab40002250 produced expected result (42 == 42)
[11:41:03.060] ------ BEGIN TEST ROUTINE: shmem_size_atomic_fetch_nbi
[11:41:03.060] [INFO] shmem_malloc'd 8 bytes at 0xaaab40002250
[11:41:03.060] [INFO] set 0xaaab40002250 to 42
[11:41:03.060] [INFO] executing atomic fetch nbi: dest = 0xaaab40002250
[11:41:03.060] [INFO] atomic fetch nbi on a size_t at 0xaaab40002250 produced expected result (42 == 42)
[11:41:03.060] ------ BEGIN TEST ROUTINE: shmem_ptrdiff_atomic_fetch_nbi
[11:41:03.060] [INFO] shmem_malloc'd 8 bytes at 0xaaab40002250
[11:41:03.060] [INFO] set 0xaaab40002250 to 42
[11:41:03.060] [INFO] executing atomic fetch nbi: dest = 0xaaab40002250
[11:41:03.060] [INFO] atomic fetch nbi on a ptrdiff_t at 0xaaab40002250 produced expected result (42 == 42)
---------- END TEST: PASSED
