---------- BEGIN TEST: /root/lanl/vv/shmemvv_logs/src/unit/c/atomics/c_shmem_atomic_fetch_xor.c
[11:36:32.034] ------ BEGIN TEST ROUTINE: shmem_uint_atomic_fetch_xor
[11:36:32.034] [INFO] shmem_malloc'd 4 bytes at 0xaaab40002250
[11:36:32.034] [INFO] set 0xaaab40002250 to 42
[11:36:32.035] [INFO] executing atomic fetch xor: dest = 0xaaab40002250, xor_val = 15
[11:36:32.035] [INFO] atomic fetch xor on a unsigned int at 0xaaab40002250 produced expected result (42 == 42 && 37 == 42518)
[11:36:32.035] ------ BEGIN TEST ROUTINE: shmem_ulong_atomic_fetch_xor
[11:36:32.035] [INFO] shmem_malloc'd 8 bytes at 0xaaab40002250
[11:36:32.035] [INFO] set 0xaaab40002250 to 42
[11:36:32.035] [INFO] executing atomic fetch xor: dest = 0xaaab40002250, xor_val = 15
[11:36:32.035] [INFO] atomic fetch xor on a unsigned long at 0xaaab40002250 produced expected result (42 == 42 && 37 == 42518)
[11:36:32.036] ------ BEGIN TEST ROUTINE: shmem_ulonglong_atomic_fetch_xor
[11:36:32.036] [INFO] shmem_malloc'd 8 bytes at 0xaaab40002250
[11:36:32.036] [INFO] set 0xaaab40002250 to 42
[11:36:32.036] [INFO] executing atomic fetch xor: dest = 0xaaab40002250, xor_val = 15
[11:36:32.036] [INFO] atomic fetch xor on a unsigned long long at 0xaaab40002250 produced expected result (42 == 42 && 37 == 42518)
[11:36:32.036] ------ BEGIN TEST ROUTINE: shmem_int32_atomic_fetch_xor
[11:36:32.036] [INFO] shmem_malloc'd 4 bytes at 0xaaab40002250
[11:36:32.036] [INFO] set 0xaaab40002250 to 42
[11:36:32.036] [INFO] executing atomic fetch xor: dest = 0xaaab40002250, xor_val = 15
[11:36:32.036] [INFO] atomic fetch xor on a int32_t at 0xaaab40002250 produced expected result (42 == 42 && 37 == 42518)
[11:36:32.037] ------ BEGIN TEST ROUTINE: shmem_int64_atomic_fetch_xor
[11:36:32.037] [INFO] shmem_malloc'd 8 bytes at 0xaaab40002250
[11:36:32.037] [INFO] set 0xaaab40002250 to 42
[11:36:32.037] [INFO] executing atomic fetch xor: dest = 0xaaab40002250, xor_val = 15
[11:36:32.037] [INFO] atomic fetch xor on a int64_t at 0xaaab40002250 produced expected result (42 == 42 && 37 == 42518)
[11:36:32.037] ------ BEGIN TEST ROUTINE: shmem_uint32_atomic_fetch_xor
[11:36:32.037] [INFO] shmem_malloc'd 4 bytes at 0xaaab40002250
[11:36:32.037] [INFO] set 0xaaab40002250 to 42
[11:36:32.037] [INFO] executing atomic fetch xor: dest = 0xaaab40002250, xor_val = 15
[11:36:32.037] [INFO] atomic fetch xor on a uint32_t at 0xaaab40002250 produced expected result (42 == 42 && 37 == 42518)
[11:36:32.038] ------ BEGIN TEST ROUTINE: shmem_uint64_atomic_fetch_xor
[11:36:32.038] [INFO] shmem_malloc'd 8 bytes at 0xaaab40002250
[11:36:32.038] [INFO] set 0xaaab40002250 to 42
[11:36:32.038] [INFO] executing atomic fetch xor: dest = 0xaaab40002250, xor_val = 15
[11:36:32.038] [INFO] atomic fetch xor on a uint64_t at 0xaaab40002250 produced expected result (42 == 42 && 37 == 42518)
---------- END TEST: PASSED
