---------- BEGIN TEST: /root/lanl/vv/shmemvv_logs/src/unit/c/rma/c_shmem_p.c
[16:28:12.881] ------ BEGIN TEST ROUTINE: shmem_long_p()
[16:28:12.881] [INFO] Allocated static variables: src at 0xaaaae5ea0200, dest at 0xaaaae5ea0208
[16:28:12.881] [INFO] Running on PE 0 of 2 total PEs
[16:28:12.881] [INFO] PE 0: Initialized src with value 0
[16:28:12.881] [INFO] Completed barrier synchronization
[16:28:12.881] [INFO] PE 0: Starting put operation to PE 1
[16:28:12.881] [INFO] PE 0: dest=0xaaaae5ea0208, src=0
[16:28:12.881] [INFO] PE 0: Completed put operation
[16:28:12.881] [INFO] Completed barrier synchronization
[16:28:12.881] [INFO] PE 0: Waiting for PE 1 to complete validation
[16:28:12.881] ------ BEGIN TEST ROUTINE: shmem_double_p()
[16:28:12.881] [INFO] Allocated static variables: src at 0xaaaae5ea0210, dest at 0xaaaae5ea0218
[16:28:12.881] [INFO] Running on PE 0 of 2 total PEs
[16:28:12.881] [INFO] PE 0: Initialized src with value 0
[16:28:12.881] [INFO] Completed barrier synchronization
[16:28:12.881] [INFO] PE 0: Starting put operation to PE 1
[16:28:12.881] [INFO] PE 0: dest=0xaaaae5ea0218, src=0
[16:28:12.881] [INFO] PE 0: Completed put operation
[16:28:12.882] [INFO] Completed barrier synchronization
[16:28:12.882] [INFO] PE 0: Waiting for PE 1 to complete validation
[16:28:12.882] ------ BEGIN TEST ROUTINE: shmem_longdouble_p()
[16:28:12.882] [INFO] Allocated static variables: src at 0xaaaae5ea0220, dest at 0xaaaae5ea0230
[16:28:12.882] [INFO] Running on PE 0 of 2 total PEs
[16:28:12.882] [INFO] PE 0: Initialized src with value 0
[16:28:12.882] [INFO] Completed barrier synchronization
[16:28:12.882] [INFO] PE 0: Starting put operation to PE 1
[16:28:12.882] [INFO] PE 0: dest=0xaaaae5ea0230, src=0
[16:28:12.882] [INFO] PE 0: Completed put operation
[16:28:12.882] [INFO] Completed barrier synchronization
[16:28:12.882] [INFO] PE 0: Waiting for PE 1 to complete validation
[16:28:12.882] ------ BEGIN TEST ROUTINE: shmem_char_p()
[16:28:12.882] [INFO] Allocated static variables: src at 0xaaaae5ea0240, dest at 0xaaaae5ea0241
[16:28:12.882] [INFO] Running on PE 0 of 2 total PEs
[16:28:12.882] [INFO] PE 0: Initialized src with value 0
[16:28:12.882] [INFO] Completed barrier synchronization
[16:28:12.882] [INFO] PE 0: Starting put operation to PE 1
[16:28:12.882] [INFO] PE 0: dest=0xaaaae5ea0241, src=0
[16:28:12.882] [INFO] PE 0: Completed put operation
[16:28:12.882] [INFO] Completed barrier synchronization
[16:28:12.882] [INFO] PE 0: Waiting for PE 1 to complete validation
[16:28:12.882] ------ BEGIN TEST ROUTINE: shmem_schar_p()
[16:28:12.882] [INFO] Allocated static variables: src at 0xaaaae5ea0242, dest at 0xaaaae5ea0243
[16:28:12.882] [INFO] Running on PE 0 of 2 total PEs
[16:28:12.882] [INFO] PE 0: Initialized src with value 0
[16:28:12.882] [INFO] Completed barrier synchronization
[16:28:12.882] [INFO] PE 0: Starting put operation to PE 1
[16:28:12.882] [INFO] PE 0: dest=0xaaaae5ea0243, src=0
[16:28:12.882] [INFO] PE 0: Completed put operation
[16:28:12.882] [INFO] Completed barrier synchronization
[16:28:12.882] [INFO] PE 0: Waiting for PE 1 to complete validation
[16:28:12.882] ------ BEGIN TEST ROUTINE: shmem_short_p()
[16:28:12.882] [INFO] Allocated static variables: src at 0xaaaae5ea0244, dest at 0xaaaae5ea0246
[16:28:12.882] [INFO] Running on PE 0 of 2 total PEs
[16:28:12.882] [INFO] PE 0: Initialized src with value 0
[16:28:12.882] [INFO] Completed barrier synchronization
[16:28:12.882] [INFO] PE 0: Starting put operation to PE 1
[16:28:12.882] [INFO] PE 0: dest=0xaaaae5ea0246, src=0
[16:28:12.882] [INFO] PE 0: Completed put operation
[16:28:12.882] [INFO] Completed barrier synchronization
[16:28:12.882] [INFO] PE 0: Waiting for PE 1 to complete validation
[16:28:12.882] ------ BEGIN TEST ROUTINE: shmem_int_p()
[16:28:12.882] [INFO] Allocated static variables: src at 0xaaaae5ea0248, dest at 0xaaaae5ea024c
[16:28:12.882] [INFO] Running on PE 0 of 2 total PEs
[16:28:12.882] [INFO] PE 0: Initialized src with value 0
[16:28:12.882] [INFO] Completed barrier synchronization
[16:28:12.882] [INFO] PE 0: Starting put operation to PE 1
[16:28:12.882] [INFO] PE 0: dest=0xaaaae5ea024c, src=0
[16:28:12.882] [INFO] PE 0: Completed put operation
[16:28:12.882] [INFO] Completed barrier synchronization
[16:28:12.882] [INFO] PE 0: Waiting for PE 1 to complete validation
[16:28:12.882] ------ BEGIN TEST ROUTINE: shmem_long_p()
[16:28:12.882] [INFO] Allocated static variables: src at 0xaaaae5ea0250, dest at 0xaaaae5ea0258
[16:28:12.882] [INFO] Running on PE 0 of 2 total PEs
[16:28:12.882] [INFO] PE 0: Initialized src with value 0
[16:28:12.883] [INFO] Completed barrier synchronization
[16:28:12.883] [INFO] PE 0: Starting put operation to PE 1
[16:28:12.883] [INFO] PE 0: dest=0xaaaae5ea0258, src=0
[16:28:12.883] [INFO] PE 0: Completed put operation
[16:28:12.883] [INFO] Completed barrier synchronization
[16:28:12.883] [INFO] PE 0: Waiting for PE 1 to complete validation
[16:28:12.883] ------ BEGIN TEST ROUTINE: shmem_longlong_p()
[16:28:12.883] [INFO] Allocated static variables: src at 0xaaaae5ea0260, dest at 0xaaaae5ea0268
[16:28:12.883] [INFO] Running on PE 0 of 2 total PEs
[16:28:12.883] [INFO] PE 0: Initialized src with value 0
[16:28:12.883] [INFO] Completed barrier synchronization
[16:28:12.883] [INFO] PE 0: Starting put operation to PE 1
[16:28:12.883] [INFO] PE 0: dest=0xaaaae5ea0268, src=0
[16:28:12.883] [INFO] PE 0: Completed put operation
[16:28:12.883] [INFO] Completed barrier synchronization
[16:28:12.883] [INFO] PE 0: Waiting for PE 1 to complete validation
[16:28:12.883] ------ BEGIN TEST ROUTINE: shmem_uchar_p()
[16:28:12.883] [INFO] Allocated static variables: src at 0xaaaae5ea0270, dest at 0xaaaae5ea0271
[16:28:12.883] [INFO] Running on PE 0 of 2 total PEs
[16:28:12.883] [INFO] PE 0: Initialized src with value 0
[16:28:12.883] [INFO] Completed barrier synchronization
[16:28:12.883] [INFO] PE 0: Starting put operation to PE 1
[16:28:12.883] [INFO] PE 0: dest=0xaaaae5ea0271, src=0
[16:28:12.883] [INFO] PE 0: Completed put operation
[16:28:12.883] [INFO] Completed barrier synchronization
[16:28:12.883] [INFO] PE 0: Waiting for PE 1 to complete validation
[16:28:12.883] ------ BEGIN TEST ROUTINE: shmem_ushort_p()
[16:28:12.883] [INFO] Allocated static variables: src at 0xaaaae5ea0272, dest at 0xaaaae5ea0274
[16:28:12.883] [INFO] Running on PE 0 of 2 total PEs
[16:28:12.883] [INFO] PE 0: Initialized src with value 0
[16:28:12.883] [INFO] Completed barrier synchronization
[16:28:12.883] [INFO] PE 0: Starting put operation to PE 1
[16:28:12.883] [INFO] PE 0: dest=0xaaaae5ea0274, src=0
[16:28:12.883] [INFO] PE 0: Completed put operation
[16:28:12.883] [INFO] Completed barrier synchronization
[16:28:12.883] [INFO] PE 0: Waiting for PE 1 to complete validation
[16:28:12.883] ------ BEGIN TEST ROUTINE: shmem_uint_p()
[16:28:12.883] [INFO] Allocated static variables: src at 0xaaaae5ea0278, dest at 0xaaaae5ea027c
[16:28:12.883] [INFO] Running on PE 0 of 2 total PEs
[16:28:12.883] [INFO] PE 0: Initialized src with value 0
[16:28:12.883] [INFO] Completed barrier synchronization
[16:28:12.883] [INFO] PE 0: Starting put operation to PE 1
[16:28:12.883] [INFO] PE 0: dest=0xaaaae5ea027c, src=0
[16:28:12.883] [INFO] PE 0: Completed put operation
[16:28:12.884] [INFO] Completed barrier synchronization
[16:28:12.884] [INFO] PE 0: Waiting for PE 1 to complete validation
[16:28:12.884] ------ BEGIN TEST ROUTINE: shmem_ulong_p()
[16:28:12.884] [INFO] Allocated static variables: src at 0xaaaae5ea0280, dest at 0xaaaae5ea0288
[16:28:12.884] [INFO] Running on PE 0 of 2 total PEs
[16:28:12.884] [INFO] PE 0: Initialized src with value 0
[16:28:12.884] [INFO] Completed barrier synchronization
[16:28:12.884] [INFO] PE 0: Starting put operation to PE 1
[16:28:12.884] [INFO] PE 0: dest=0xaaaae5ea0288, src=0
[16:28:12.884] [INFO] PE 0: Completed put operation
[16:28:12.884] [INFO] Completed barrier synchronization
[16:28:12.884] [INFO] PE 0: Waiting for PE 1 to complete validation
[16:28:12.884] ------ BEGIN TEST ROUTINE: shmem_ulonglong_p()
[16:28:12.884] [INFO] Allocated static variables: src at 0xaaaae5ea0290, dest at 0xaaaae5ea0298
[16:28:12.884] [INFO] Running on PE 0 of 2 total PEs
[16:28:12.884] [INFO] PE 0: Initialized src with value 0
[16:28:12.884] [INFO] Completed barrier synchronization
[16:28:12.884] [INFO] PE 0: Starting put operation to PE 1
[16:28:12.884] [INFO] PE 0: dest=0xaaaae5ea0298, src=0
[16:28:12.884] [INFO] PE 0: Completed put operation
[16:28:12.884] [INFO] Completed barrier synchronization
[16:28:12.884] [INFO] PE 0: Waiting for PE 1 to complete validation
[16:28:12.884] ------ BEGIN TEST ROUTINE: shmem_int8_p()
[16:28:12.884] [INFO] Allocated static variables: src at 0xaaaae5ea02a0, dest at 0xaaaae5ea02a1
[16:28:12.884] [INFO] Running on PE 0 of 2 total PEs
[16:28:12.884] [INFO] PE 0: Initialized src with value 0
[16:28:12.884] [INFO] Completed barrier synchronization
[16:28:12.884] [INFO] PE 0: Starting put operation to PE 1
[16:28:12.884] [INFO] PE 0: dest=0xaaaae5ea02a1, src=0
[16:28:12.884] [INFO] PE 0: Completed put operation
[16:28:12.884] [INFO] Completed barrier synchronization
[16:28:12.884] [INFO] PE 0: Waiting for PE 1 to complete validation
[16:28:12.884] ------ BEGIN TEST ROUTINE: shmem_int16_p()
[16:28:12.884] [INFO] Allocated static variables: src at 0xaaaae5ea02a2, dest at 0xaaaae5ea02a4
[16:28:12.884] [INFO] Running on PE 0 of 2 total PEs
[16:28:12.884] [INFO] PE 0: Initialized src with value 0
[16:28:12.884] [INFO] Completed barrier synchronization
[16:28:12.884] [INFO] PE 0: Starting put operation to PE 1
[16:28:12.884] [INFO] PE 0: dest=0xaaaae5ea02a4, src=0
[16:28:12.884] [INFO] PE 0: Completed put operation
[16:28:12.884] [INFO] Completed barrier synchronization
[16:28:12.884] [INFO] PE 0: Waiting for PE 1 to complete validation
[16:28:12.884] ------ BEGIN TEST ROUTINE: shmem_int32_p()
[16:28:12.884] [INFO] Allocated static variables: src at 0xaaaae5ea02a8, dest at 0xaaaae5ea02ac
[16:28:12.884] [INFO] Running on PE 0 of 2 total PEs
[16:28:12.884] [INFO] PE 0: Initialized src with value 0
[16:28:12.884] [INFO] Completed barrier synchronization
[16:28:12.884] [INFO] PE 0: Starting put operation to PE 1
[16:28:12.884] [INFO] PE 0: dest=0xaaaae5ea02ac, src=0
[16:28:12.884] [INFO] PE 0: Completed put operation
[16:28:12.885] [INFO] Completed barrier synchronization
[16:28:12.885] [INFO] PE 0: Waiting for PE 1 to complete validation
[16:28:12.885] ------ BEGIN TEST ROUTINE: shmem_int64_p()
[16:28:12.885] [INFO] Allocated static variables: src at 0xaaaae5ea02b0, dest at 0xaaaae5ea02b8
[16:28:12.885] [INFO] Running on PE 0 of 2 total PEs
[16:28:12.885] [INFO] PE 0: Initialized src with value 0
[16:28:12.885] [INFO] Completed barrier synchronization
[16:28:12.885] [INFO] PE 0: Starting put operation to PE 1
[16:28:12.885] [INFO] PE 0: dest=0xaaaae5ea02b8, src=0
[16:28:12.885] [INFO] PE 0: Completed put operation
[16:28:12.885] [INFO] Completed barrier synchronization
[16:28:12.885] [INFO] PE 0: Waiting for PE 1 to complete validation
[16:28:12.885] ------ BEGIN TEST ROUTINE: shmem_uint8_p()
[16:28:12.885] [INFO] Allocated static variables: src at 0xaaaae5ea02c0, dest at 0xaaaae5ea02c1
[16:28:12.885] [INFO] Running on PE 0 of 2 total PEs
[16:28:12.885] [INFO] PE 0: Initialized src with value 0
[16:28:12.885] [INFO] Completed barrier synchronization
[16:28:12.885] [INFO] PE 0: Starting put operation to PE 1
[16:28:12.885] [INFO] PE 0: dest=0xaaaae5ea02c1, src=0
[16:28:12.885] [INFO] PE 0: Completed put operation
[16:28:12.885] [INFO] Completed barrier synchronization
[16:28:12.885] [INFO] PE 0: Waiting for PE 1 to complete validation
[16:28:12.885] ------ BEGIN TEST ROUTINE: shmem_uint16_p()
[16:28:12.885] [INFO] Allocated static variables: src at 0xaaaae5ea02c2, dest at 0xaaaae5ea02c4
[16:28:12.885] [INFO] Running on PE 0 of 2 total PEs
[16:28:12.885] [INFO] PE 0: Initialized src with value 0
[16:28:12.885] [INFO] Completed barrier synchronization
[16:28:12.885] [INFO] PE 0: Starting put operation to PE 1
[16:28:12.885] [INFO] PE 0: dest=0xaaaae5ea02c4, src=0
[16:28:12.885] [INFO] PE 0: Completed put operation
[16:28:12.885] [INFO] Completed barrier synchronization
[16:28:12.885] [INFO] PE 0: Waiting for PE 1 to complete validation
[16:28:12.885] ------ BEGIN TEST ROUTINE: shmem_uint32_p()
[16:28:12.885] [INFO] Allocated static variables: src at 0xaaaae5ea02c8, dest at 0xaaaae5ea02cc
[16:28:12.885] [INFO] Running on PE 0 of 2 total PEs
[16:28:12.885] [INFO] PE 0: Initialized src with value 0
[16:28:12.885] [INFO] Completed barrier synchronization
[16:28:12.885] [INFO] PE 0: Starting put operation to PE 1
[16:28:12.885] [INFO] PE 0: dest=0xaaaae5ea02cc, src=0
[16:28:12.885] [INFO] PE 0: Completed put operation
[16:28:12.886] [INFO] Completed barrier synchronization
[16:28:12.886] [INFO] PE 0: Waiting for PE 1 to complete validation
[16:28:12.886] ------ BEGIN TEST ROUTINE: shmem_uint64_p()
[16:28:12.886] [INFO] Allocated static variables: src at 0xaaaae5ea02d0, dest at 0xaaaae5ea02d8
[16:28:12.886] [INFO] Running on PE 0 of 2 total PEs
[16:28:12.886] [INFO] PE 0: Initialized src with value 0
[16:28:12.886] [INFO] Completed barrier synchronization
[16:28:12.886] [INFO] PE 0: Starting put operation to PE 1
[16:28:12.886] [INFO] PE 0: dest=0xaaaae5ea02d8, src=0
[16:28:12.886] [INFO] PE 0: Completed put operation
[16:28:12.886] [INFO] Completed barrier synchronization
[16:28:12.886] [INFO] PE 0: Waiting for PE 1 to complete validation
[16:28:12.886] ------ BEGIN TEST ROUTINE: shmem_size_p()
[16:28:12.886] [INFO] Allocated static variables: src at 0xaaaae5ea02e0, dest at 0xaaaae5ea02e8
[16:28:12.886] [INFO] Running on PE 0 of 2 total PEs
[16:28:12.886] [INFO] PE 0: Initialized src with value 0
[16:28:12.886] [INFO] Completed barrier synchronization
[16:28:12.886] [INFO] PE 0: Starting put operation to PE 1
[16:28:12.886] [INFO] PE 0: dest=0xaaaae5ea02e8, src=0
[16:28:12.886] [INFO] PE 0: Completed put operation
[16:28:12.886] [INFO] Completed barrier synchronization
[16:28:12.886] [INFO] PE 0: Waiting for PE 1 to complete validation
[16:28:12.886] ------ BEGIN TEST ROUTINE: shmem_ptrdiff_p()
[16:28:12.886] [INFO] Allocated static variables: src at 0xaaaae5ea02f0, dest at 0xaaaae5ea02f8
[16:28:12.886] [INFO] Running on PE 0 of 2 total PEs
[16:28:12.886] [INFO] PE 0: Initialized src with value 0
[16:28:12.886] [INFO] Completed barrier synchronization
[16:28:12.886] [INFO] PE 0: Starting put operation to PE 1
[16:28:12.886] [INFO] PE 0: dest=0xaaaae5ea02f8, src=0
[16:28:12.886] [INFO] PE 0: Completed put operation
[16:28:12.886] [INFO] Completed barrier synchronization
[16:28:12.886] [INFO] PE 0: Waiting for PE 1 to complete validation
---------- END TEST: PASSED
