---------- BEGIN TEST: /root/lanl/vv/shmemvv_logs/src/unit/c/collectives/c_shmem_alltoalls.c
[11:41:03.199] ------ BEGIN TEST ROUTINE: shmem_float_alltoalls
[11:41:03.200] [INFO] shmem_malloc'd 16 bytes @ &src = 0xaaab00002250, 16 bytes @ &dest = 0xaaab00002270
[11:41:03.200] [INFO] set 0xaaab00002250..0xaaab00002254 to 1 + idx * 2
[11:41:03.200] [INFO] executing shmem_alltoalls: dest = 0xaaab00002270, src = 0xaaab00002250
[11:41:03.200] [INFO] validating result...
[11:41:03.200] [INFO] index 0 of dest (0xaaab00002270) failed. expected 1, got 0
[11:41:03.200] [FAIL] at least one value was unexpected in result of shmem_alltoalls
[11:41:03.200] ------ BEGIN TEST ROUTINE: shmem_double_alltoalls
[11:41:03.200] [INFO] shmem_malloc'd 32 bytes @ &src = 0xaaab00002250, 32 bytes @ &dest = 0xaaab00002280
[11:41:03.200] [INFO] set 0xaaab00002250..0xaaab00002258 to 1 + idx * 2
[11:41:03.200] [INFO] executing shmem_alltoalls: dest = 0xaaab00002280, src = 0xaaab00002250
[11:41:03.201] [INFO] validating result...
[11:41:03.201] [INFO] index 0 of dest (0xaaab00002280) failed. expected 1, got 0
[11:41:03.201] [FAIL] at least one value was unexpected in result of shmem_alltoalls
[11:41:03.201] ------ BEGIN TEST ROUTINE: shmem_longdouble_alltoalls
[11:41:03.201] [INFO] shmem_malloc'd 64 bytes @ &src = 0xaaab00002250, 64 bytes @ &dest = 0xaaab000022a0
[11:41:03.201] [INFO] set 0xaaab00002250..0xaaab00002260 to 1 + idx * 2
[11:41:03.201] [INFO] executing shmem_alltoalls: dest = 0xaaab000022a0, src = 0xaaab00002250
[11:41:03.201] [INFO] validating result...
[11:41:03.201] [INFO] index 0 of dest (0xaaab000022a0) failed. expected 1, got 0
[11:41:03.201] [FAIL] at least one value was unexpected in result of shmem_alltoalls
[11:41:03.201] ------ BEGIN TEST ROUTINE: shmem_char_alltoalls
[11:41:03.202] [INFO] shmem_malloc'd 4 bytes @ &src = 0xaaab00002250, 4 bytes @ &dest = 0xaaab00002270
[11:41:03.202] [INFO] set 0xaaab00002250..0xaaab00002251 to 1 + idx * 2
[11:41:03.202] [INFO] executing shmem_alltoalls: dest = 0xaaab00002270, src = 0xaaab00002250
[11:41:03.202] [INFO] validating result...
[11:41:03.202] [INFO] index 0 of dest (0xaaab00002270) failed. expected 1, got 172
[11:41:03.202] [FAIL] at least one value was unexpected in result of shmem_alltoalls
[11:41:03.202] ------ BEGIN TEST ROUTINE: shmem_schar_alltoalls
[11:41:03.202] [INFO] shmem_malloc'd 4 bytes @ &src = 0xaaab00002250, 4 bytes @ &dest = 0xaaab00002270
[11:41:03.202] [INFO] set 0xaaab00002250..0xaaab00002251 to 1 + idx * 2
[11:41:03.202] [INFO] executing shmem_alltoalls: dest = 0xaaab00002270, src = 0xaaab00002250
[11:41:03.202] [INFO] validating result...
[11:41:03.202] [INFO] index 0 of dest (0xaaab00002270) failed. expected 1, got 172
[11:41:03.202] [FAIL] at least one value was unexpected in result of shmem_alltoalls
[11:41:03.202] ------ BEGIN TEST ROUTINE: shmem_short_alltoalls
[11:41:03.203] [INFO] shmem_malloc'd 8 bytes @ &src = 0xaaab00002250, 8 bytes @ &dest = 0xaaab00002270
[11:41:03.203] [INFO] set 0xaaab00002250..0xaaab00002252 to 1 + idx * 2
[11:41:03.203] [INFO] executing shmem_alltoalls: dest = 0xaaab00002270, src = 0xaaab00002250
[11:41:03.203] [INFO] validating result...
[11:41:03.203] [INFO] index 0 of dest (0xaaab00002270) failed. expected 1, got 255
[11:41:03.203] [FAIL] at least one value was unexpected in result of shmem_alltoalls
[11:41:03.203] ------ BEGIN TEST ROUTINE: shmem_int_alltoalls
[11:41:03.203] [INFO] shmem_malloc'd 16 bytes @ &src = 0xaaab00002250, 16 bytes @ &dest = 0xaaab00002270
[11:41:03.203] [INFO] set 0xaaab00002250..0xaaab00002254 to 1 + idx * 2
[11:41:03.203] [INFO] executing shmem_alltoalls: dest = 0xaaab00002270, src = 0xaaab00002250
[11:41:03.204] [INFO] validating result...
[11:41:03.204] [INFO] index 0 of dest (0xaaab00002270) failed. expected 1, got 104
[11:41:03.204] [FAIL] at least one value was unexpected in result of shmem_alltoalls
[11:41:03.204] ------ BEGIN TEST ROUTINE: shmem_long_alltoalls
[11:41:03.204] [INFO] shmem_malloc'd 32 bytes @ &src = 0xaaab00002250, 32 bytes @ &dest = 0xaaab00002280
[11:41:03.204] [INFO] set 0xaaab00002250..0xaaab00002258 to 1 + idx * 2
[11:41:03.204] [INFO] executing shmem_alltoalls: dest = 0xaaab00002280, src = 0xaaab00002250
[11:41:03.204] [INFO] validating result...
[11:41:03.204] [INFO] index 0 of dest (0xaaab00002280) failed. expected 1, got 32
[11:41:03.204] [FAIL] at least one value was unexpected in result of shmem_alltoalls
[11:41:03.205] ------ BEGIN TEST ROUTINE: shmem_longlong_alltoalls
[11:41:03.205] [INFO] shmem_malloc'd 32 bytes @ &src = 0xaaab00002250, 32 bytes @ &dest = 0xaaab00002280
[11:41:03.205] [INFO] set 0xaaab00002250..0xaaab00002258 to 1 + idx * 2
[11:41:03.205] [INFO] executing shmem_alltoalls: dest = 0xaaab00002280, src = 0xaaab00002250
[11:41:03.205] [INFO] validating result...
[11:41:03.205] [INFO] index 0 of dest (0xaaab00002280) failed. expected 1, got 32
[11:41:03.205] [FAIL] at least one value was unexpected in result of shmem_alltoalls
[11:41:03.205] ------ BEGIN TEST ROUTINE: shmem_uchar_alltoalls
[11:41:03.206] [INFO] shmem_malloc'd 4 bytes @ &src = 0xaaab00002250, 4 bytes @ &dest = 0xaaab00002270
[11:41:03.206] [INFO] set 0xaaab00002250..0xaaab00002251 to 1 + idx * 2
[11:41:03.206] [INFO] executing shmem_alltoalls: dest = 0xaaab00002270, src = 0xaaab00002250
[11:41:03.206] [INFO] validating result...
[11:41:03.206] [INFO] index 0 of dest (0xaaab00002270) failed. expected 1, got 172
[11:41:03.206] [FAIL] at least one value was unexpected in result of shmem_alltoalls
[11:41:03.206] ------ BEGIN TEST ROUTINE: shmem_ushort_alltoalls
[11:41:03.206] [INFO] shmem_malloc'd 8 bytes @ &src = 0xaaab00002250, 8 bytes @ &dest = 0xaaab00002270
[11:41:03.206] [INFO] set 0xaaab00002250..0xaaab00002252 to 1 + idx * 2
[11:41:03.206] [INFO] executing shmem_alltoalls: dest = 0xaaab00002270, src = 0xaaab00002250
[11:41:03.206] [INFO] validating result...
[11:41:03.206] [INFO] index 0 of dest (0xaaab00002270) failed. expected 1, got 255
[11:41:03.206] [FAIL] at least one value was unexpected in result of shmem_alltoalls
[11:41:03.206] ------ BEGIN TEST ROUTINE: shmem_uint_alltoalls
[11:41:03.207] [INFO] shmem_malloc'd 16 bytes @ &src = 0xaaab00002250, 16 bytes @ &dest = 0xaaab00002270
[11:41:03.207] [INFO] set 0xaaab00002250..0xaaab00002254 to 1 + idx * 2
[11:41:03.207] [INFO] executing shmem_alltoalls: dest = 0xaaab00002270, src = 0xaaab00002250
[11:41:03.207] [INFO] validating result...
[11:41:03.207] [INFO] index 0 of dest (0xaaab00002270) failed. expected 1, got 104
[11:41:03.207] [FAIL] at least one value was unexpected in result of shmem_alltoalls
[11:41:03.207] ------ BEGIN TEST ROUTINE: shmem_ulong_alltoalls
[11:41:03.207] [INFO] shmem_malloc'd 32 bytes @ &src = 0xaaab00002250, 32 bytes @ &dest = 0xaaab00002280
[11:41:03.207] [INFO] set 0xaaab00002250..0xaaab00002258 to 1 + idx * 2
[11:41:03.207] [INFO] executing shmem_alltoalls: dest = 0xaaab00002280, src = 0xaaab00002250
[11:41:03.207] [INFO] validating result...
[11:41:03.207] [INFO] index 0 of dest (0xaaab00002280) failed. expected 1, got 32
[11:41:03.207] [FAIL] at least one value was unexpected in result of shmem_alltoalls
[11:41:03.208] ------ BEGIN TEST ROUTINE: shmem_ulonglong_alltoalls
[11:41:03.208] [INFO] shmem_malloc'd 32 bytes @ &src = 0xaaab00002250, 32 bytes @ &dest = 0xaaab00002280
[11:41:03.208] [INFO] set 0xaaab00002250..0xaaab00002258 to 1 + idx * 2
[11:41:03.208] [INFO] executing shmem_alltoalls: dest = 0xaaab00002280, src = 0xaaab00002250
[11:41:03.208] [INFO] validating result...
[11:41:03.208] [INFO] index 0 of dest (0xaaab00002280) failed. expected 1, got 32
[11:41:03.208] [FAIL] at least one value was unexpected in result of shmem_alltoalls
[11:41:03.208] ------ BEGIN TEST ROUTINE: shmem_int8_alltoalls
[11:41:03.208] [INFO] shmem_malloc'd 4 bytes @ &src = 0xaaab00002250, 4 bytes @ &dest = 0xaaab00002270
[11:41:03.208] [INFO] set 0xaaab00002250..0xaaab00002251 to 1 + idx * 2
[11:41:03.208] [INFO] executing shmem_alltoalls: dest = 0xaaab00002270, src = 0xaaab00002250
[11:41:03.209] [INFO] validating result...
[11:41:03.209] [INFO] index 0 of dest (0xaaab00002270) failed. expected 1, got 172
[11:41:03.209] [FAIL] at least one value was unexpected in result of shmem_alltoalls
[11:41:03.209] ------ BEGIN TEST ROUTINE: shmem_int16_alltoalls
[11:41:03.209] [INFO] shmem_malloc'd 8 bytes @ &src = 0xaaab00002250, 8 bytes @ &dest = 0xaaab00002270
[11:41:03.209] [INFO] set 0xaaab00002250..0xaaab00002252 to 1 + idx * 2
[11:41:03.209] [INFO] executing shmem_alltoalls: dest = 0xaaab00002270, src = 0xaaab00002250
[11:41:03.209] [INFO] validating result...
[11:41:03.209] [INFO] index 0 of dest (0xaaab00002270) failed. expected 1, got 255
[11:41:03.209] [FAIL] at least one value was unexpected in result of shmem_alltoalls
[11:41:03.209] ------ BEGIN TEST ROUTINE: shmem_int32_alltoalls
[11:41:03.209] [INFO] shmem_malloc'd 16 bytes @ &src = 0xaaab00002250, 16 bytes @ &dest = 0xaaab00002270
[11:41:03.209] [INFO] set 0xaaab00002250..0xaaab00002254 to 1 + idx * 2
[11:41:03.209] [INFO] executing shmem_alltoalls: dest = 0xaaab00002270, src = 0xaaab00002250
[11:41:03.210] [INFO] validating result...
[11:41:03.210] [INFO] index 0 of dest (0xaaab00002270) failed. expected 1, got 104
[11:41:03.210] [FAIL] at least one value was unexpected in result of shmem_alltoalls
[11:41:03.210] ------ BEGIN TEST ROUTINE: shmem_int64_alltoalls
[11:41:03.210] [INFO] shmem_malloc'd 32 bytes @ &src = 0xaaab00002250, 32 bytes @ &dest = 0xaaab00002280
[11:41:03.210] [INFO] set 0xaaab00002250..0xaaab00002258 to 1 + idx * 2
[11:41:03.210] [INFO] executing shmem_alltoalls: dest = 0xaaab00002280, src = 0xaaab00002250
[11:41:03.210] [INFO] validating result...
[11:41:03.210] [INFO] index 0 of dest (0xaaab00002280) failed. expected 1, got 32
[11:41:03.210] [FAIL] at least one value was unexpected in result of shmem_alltoalls
[11:41:03.210] ------ BEGIN TEST ROUTINE: shmem_uint8_alltoalls
[11:41:03.211] [INFO] shmem_malloc'd 4 bytes @ &src = 0xaaab00002250, 4 bytes @ &dest = 0xaaab00002270
[11:41:03.211] [INFO] set 0xaaab00002250..0xaaab00002251 to 1 + idx * 2
[11:41:03.211] [INFO] executing shmem_alltoalls: dest = 0xaaab00002270, src = 0xaaab00002250
[11:41:03.211] [INFO] validating result...
[11:41:03.211] [INFO] index 0 of dest (0xaaab00002270) failed. expected 1, got 172
[11:41:03.211] [FAIL] at least one value was unexpected in result of shmem_alltoalls
[11:41:03.211] ------ BEGIN TEST ROUTINE: shmem_uint16_alltoalls
[11:41:03.211] [INFO] shmem_malloc'd 8 bytes @ &src = 0xaaab00002250, 8 bytes @ &dest = 0xaaab00002270
[11:41:03.211] [INFO] set 0xaaab00002250..0xaaab00002252 to 1 + idx * 2
[11:41:03.211] [INFO] executing shmem_alltoalls: dest = 0xaaab00002270, src = 0xaaab00002250
[11:41:03.211] [INFO] validating result...
[11:41:03.211] [INFO] index 0 of dest (0xaaab00002270) failed. expected 1, got 255
[11:41:03.211] [FAIL] at least one value was unexpected in result of shmem_alltoalls
[11:41:03.211] ------ BEGIN TEST ROUTINE: shmem_uint32_alltoalls
[11:41:03.212] [INFO] shmem_malloc'd 16 bytes @ &src = 0xaaab00002250, 16 bytes @ &dest = 0xaaab00002270
[11:41:03.212] [INFO] set 0xaaab00002250..0xaaab00002254 to 1 + idx * 2
[11:41:03.212] [INFO] executing shmem_alltoalls: dest = 0xaaab00002270, src = 0xaaab00002250
[11:41:03.212] [INFO] validating result...
[11:41:03.212] [INFO] index 0 of dest (0xaaab00002270) failed. expected 1, got 104
[11:41:03.212] [FAIL] at least one value was unexpected in result of shmem_alltoalls
[11:41:03.212] ------ BEGIN TEST ROUTINE: shmem_uint64_alltoalls
[11:41:03.212] [INFO] shmem_malloc'd 32 bytes @ &src = 0xaaab00002250, 32 bytes @ &dest = 0xaaab00002280
[11:41:03.212] [INFO] set 0xaaab00002250..0xaaab00002258 to 1 + idx * 2
[11:41:03.212] [INFO] executing shmem_alltoalls: dest = 0xaaab00002280, src = 0xaaab00002250
[11:41:03.212] [INFO] validating result...
[11:41:03.212] [INFO] index 0 of dest (0xaaab00002280) failed. expected 1, got 32
[11:41:03.212] [FAIL] at least one value was unexpected in result of shmem_alltoalls
[11:41:03.212] ------ BEGIN TEST ROUTINE: shmem_size_alltoalls
[11:41:03.213] [INFO] shmem_malloc'd 32 bytes @ &src = 0xaaab00002250, 32 bytes @ &dest = 0xaaab00002280
[11:41:03.213] [INFO] set 0xaaab00002250..0xaaab00002258 to 1 + idx * 2
[11:41:03.213] [INFO] executing shmem_alltoalls: dest = 0xaaab00002280, src = 0xaaab00002250
[11:41:03.213] [INFO] validating result...
[11:41:03.213] [INFO] index 0 of dest (0xaaab00002280) failed. expected 1, got 32
[11:41:03.213] [FAIL] at least one value was unexpected in result of shmem_alltoalls
[11:41:03.213] ------ BEGIN TEST ROUTINE: shmem_ptrdiff_alltoalls
[11:41:03.213] [INFO] shmem_malloc'd 32 bytes @ &src = 0xaaab00002250, 32 bytes @ &dest = 0xaaab00002280
[11:41:03.213] [INFO] set 0xaaab00002250..0xaaab00002258 to 1 + idx * 2
[11:41:03.213] [INFO] executing shmem_alltoalls: dest = 0xaaab00002280, src = 0xaaab00002250
[11:41:03.214] [INFO] validating result...
[11:41:03.214] [INFO] index 0 of dest (0xaaab00002280) failed. expected 1, got 32
[11:41:03.214] [FAIL] at least one value was unexpected in result of shmem_alltoalls
---------- END TEST: FAILED
