---------- BEGIN TEST: /root/lanl/vv/shmemvv_logs/src/unit/c/atomics/c_shmem_atomic_fetch.c
[11:41:02.971] ------ BEGIN TEST ROUTINE: shmem_int_atomic_fetch
[11:41:02.971] [INFO] shmem_malloc'd 4 bytes at 0xaaab40002250
[11:41:02.971] [INFO] set 0xaaab40002250 to 42
[11:41:02.971] [INFO] executing atomic fetch: dest = 0xaaab40002250
[11:41:02.971] [INFO] atomic fetch on a int at 0xaaab40002250 produced expected result (42 == 42)
[11:41:02.971] ------ BEGIN TEST ROUTINE: shmem_long_atomic_fetch
[11:41:02.971] [INFO] shmem_malloc'd 8 bytes at 0xaaab40002250
[11:41:02.971] [INFO] set 0xaaab40002250 to 42
[11:41:02.972] [INFO] executing atomic fetch: dest = 0xaaab40002250
[11:41:02.972] [INFO] atomic fetch on a long at 0xaaab40002250 produced expected result (42 == 42)
[11:41:02.972] ------ BEGIN TEST ROUTINE: shmem_longlong_atomic_fetch
[11:41:02.972] [INFO] shmem_malloc'd 8 bytes at 0xaaab40002250
[11:41:02.972] [INFO] set 0xaaab40002250 to 42
[11:41:02.972] [INFO] executing atomic fetch: dest = 0xaaab40002250
[11:41:02.972] [INFO] atomic fetch on a long long at 0xaaab40002250 produced expected result (42 == 42)
[11:41:02.972] ------ BEGIN TEST ROUTINE: shmem_uint_atomic_fetch
[11:41:02.973] [INFO] shmem_malloc'd 4 bytes at 0xaaab40002250
[11:41:02.973] [INFO] set 0xaaab40002250 to 42
[11:41:02.973] [INFO] executing atomic fetch: dest = 0xaaab40002250
[11:41:02.973] [INFO] atomic fetch on a unsigned int at 0xaaab40002250 produced expected result (42 == 42)
[11:41:02.973] ------ BEGIN TEST ROUTINE: shmem_ulong_atomic_fetch
[11:41:02.973] [INFO] shmem_malloc'd 8 bytes at 0xaaab40002250
[11:41:02.973] [INFO] set 0xaaab40002250 to 42
[11:41:02.973] [INFO] executing atomic fetch: dest = 0xaaab40002250
[11:41:02.973] [INFO] atomic fetch on a unsigned long at 0xaaab40002250 produced expected result (42 == 42)
[11:41:02.974] ------ BEGIN TEST ROUTINE: shmem_ulonglong_atomic_fetch
[11:41:02.974] [INFO] shmem_malloc'd 8 bytes at 0xaaab40002250
[11:41:02.974] [INFO] set 0xaaab40002250 to 42
[11:41:02.974] [INFO] executing atomic fetch: dest = 0xaaab40002250
[11:41:02.974] [INFO] atomic fetch on a unsigned long long at 0xaaab40002250 produced expected result (42 == 42)
[11:41:02.974] ------ BEGIN TEST ROUTINE: shmem_int32_atomic_fetch
[11:41:02.974] [INFO] shmem_malloc'd 4 bytes at 0xaaab40002250
[11:41:02.974] [INFO] set 0xaaab40002250 to 42
[11:41:02.974] [INFO] executing atomic fetch: dest = 0xaaab40002250
[11:41:02.974] [INFO] atomic fetch on a int32_t at 0xaaab40002250 produced expected result (42 == 42)
[11:41:02.975] ------ BEGIN TEST ROUTINE: shmem_int64_atomic_fetch
[11:41:02.975] [INFO] shmem_malloc'd 8 bytes at 0xaaab40002250
[11:41:02.975] [INFO] set 0xaaab40002250 to 42
[11:41:02.975] [INFO] executing atomic fetch: dest = 0xaaab40002250
[11:41:02.975] [INFO] atomic fetch on a int64_t at 0xaaab40002250 produced expected result (42 == 42)
[11:41:02.975] ------ BEGIN TEST ROUTINE: shmem_uint32_atomic_fetch
[11:41:02.975] [INFO] shmem_malloc'd 4 bytes at 0xaaab40002250
[11:41:02.975] [INFO] set 0xaaab40002250 to 42
[11:41:02.975] [INFO] executing atomic fetch: dest = 0xaaab40002250
[11:41:02.975] [INFO] atomic fetch on a uint32_t at 0xaaab40002250 produced expected result (42 == 42)
[11:41:02.976] ------ BEGIN TEST ROUTINE: shmem_uint64_atomic_fetch
[11:41:02.976] [INFO] shmem_malloc'd 8 bytes at 0xaaab40002250
[11:41:02.976] [INFO] set 0xaaab40002250 to 42
[11:41:02.976] [INFO] executing atomic fetch: dest = 0xaaab40002250
[11:41:02.976] [INFO] atomic fetch on a uint64_t at 0xaaab40002250 produced expected result (42 == 42)
[11:41:02.976] ------ BEGIN TEST ROUTINE: shmem_size_atomic_fetch
[11:41:02.976] [INFO] shmem_malloc'd 8 bytes at 0xaaab40002250
[11:41:02.976] [INFO] set 0xaaab40002250 to 42
[11:41:02.976] [INFO] executing atomic fetch: dest = 0xaaab40002250
[11:41:02.976] [INFO] atomic fetch on a size_t at 0xaaab40002250 produced expected result (42 == 42)
[11:41:02.976] ------ BEGIN TEST ROUTINE: shmem_ptrdiff_atomic_fetch
[11:41:02.977] [INFO] shmem_malloc'd 8 bytes at 0xaaab40002250
[11:41:02.977] [INFO] set 0xaaab40002250 to 42
[11:41:02.977] [INFO] executing atomic fetch: dest = 0xaaab40002250
[11:41:02.977] [INFO] atomic fetch on a ptrdiff_t at 0xaaab40002250 produced expected result (42 == 42)
---------- END TEST: PASSED
