---------- BEGIN TEST: /root/lanl/vv/shmemvv_logs/src/unit/c/collectives/c_shmem_prod_reduce.c
[11:41:03.304] ------ BEGIN TEST ROUTINE: shmem_float_prod_reduce
[11:41:03.304] [INFO] shmem_malloc'd 4 bytes @ &src = 0xaaab40002250, 4 bytes @ &dest = 0xaaab40002270
[11:41:03.304] [INFO] set 0xaaab40002250 (src) to 1
[11:41:03.304] [INFO] executing shmem_prod_reduce: dest = 0xaaab40002270, src = 0xaaab40002250
[11:41:03.305] [INFO] validating result...
[11:41:03.305] [INFO] shmem_float_prod_reduce produced expected result.
[11:41:03.305] ------ BEGIN TEST ROUTINE: shmem_double_prod_reduce
[11:41:03.305] [INFO] shmem_malloc'd 8 bytes @ &src = 0xaaab40002250, 8 bytes @ &dest = 0xaaab40002270
[11:41:03.305] [INFO] set 0xaaab40002250 (src) to 1
[11:41:03.305] [INFO] executing shmem_prod_reduce: dest = 0xaaab40002270, src = 0xaaab40002250
[11:41:03.305] [INFO] validating result...
[11:41:03.305] [INFO] shmem_double_prod_reduce produced expected result.
[11:41:03.305] ------ BEGIN TEST ROUTINE: shmem_longdouble_prod_reduce
[11:41:03.305] [INFO] shmem_malloc'd 16 bytes @ &src = 0xaaab40002250, 16 bytes @ &dest = 0xaaab40002270
[11:41:03.305] [INFO] set 0xaaab40002250 (src) to 1
[11:41:03.305] [INFO] executing shmem_prod_reduce: dest = 0xaaab40002270, src = 0xaaab40002250
[11:41:03.306] [INFO] validating result...
[11:41:03.306] [INFO] shmem_longdouble_prod_reduce produced expected result.
[11:41:03.306] ------ BEGIN TEST ROUTINE: shmem_char_prod_reduce
[11:41:03.306] [INFO] shmem_malloc'd 1 bytes @ &src = 0xaaab40002250, 1 bytes @ &dest = 0xaaab40002270
[11:41:03.306] [INFO] set 0xaaab40002250 (src) to 1
[11:41:03.306] [INFO] executing shmem_prod_reduce: dest = 0xaaab40002270, src = 0xaaab40002250
[11:41:03.306] [INFO] validating result...
[11:41:03.306] [INFO] shmem_char_prod_reduce produced expected result.
[11:41:03.306] ------ BEGIN TEST ROUTINE: shmem_schar_prod_reduce
[11:41:03.307] [INFO] shmem_malloc'd 1 bytes @ &src = 0xaaab40002250, 1 bytes @ &dest = 0xaaab40002270
[11:41:03.307] [INFO] set 0xaaab40002250 (src) to 1
[11:41:03.307] [INFO] executing shmem_prod_reduce: dest = 0xaaab40002270, src = 0xaaab40002250
[11:41:03.307] [INFO] validating result...
[11:41:03.307] [INFO] shmem_schar_prod_reduce produced expected result.
[11:41:03.307] ------ BEGIN TEST ROUTINE: shmem_short_prod_reduce
[11:41:03.307] [INFO] shmem_malloc'd 2 bytes @ &src = 0xaaab40002250, 2 bytes @ &dest = 0xaaab40002270
[11:41:03.307] [INFO] set 0xaaab40002250 (src) to 1
[11:41:03.307] [INFO] executing shmem_prod_reduce: dest = 0xaaab40002270, src = 0xaaab40002250
[11:41:03.307] [INFO] validating result...
[11:41:03.307] [INFO] shmem_short_prod_reduce produced expected result.
[11:41:03.308] ------ BEGIN TEST ROUTINE: shmem_int_prod_reduce
[11:41:03.308] [INFO] shmem_malloc'd 4 bytes @ &src = 0xaaab40002250, 4 bytes @ &dest = 0xaaab40002270
[11:41:03.308] [INFO] set 0xaaab40002250 (src) to 1
[11:41:03.308] [INFO] executing shmem_prod_reduce: dest = 0xaaab40002270, src = 0xaaab40002250
[11:41:03.308] [INFO] validating result...
[11:41:03.308] [INFO] shmem_int_prod_reduce produced expected result.
[11:41:03.308] ------ BEGIN TEST ROUTINE: shmem_long_prod_reduce
[11:41:03.308] [INFO] shmem_malloc'd 8 bytes @ &src = 0xaaab40002250, 8 bytes @ &dest = 0xaaab40002270
[11:41:03.308] [INFO] set 0xaaab40002250 (src) to 1
[11:41:03.308] [INFO] executing shmem_prod_reduce: dest = 0xaaab40002270, src = 0xaaab40002250
[11:41:03.309] [INFO] validating result...
[11:41:03.309] [INFO] shmem_long_prod_reduce produced expected result.
[11:41:03.309] ------ BEGIN TEST ROUTINE: shmem_longlong_prod_reduce
[11:41:03.309] [INFO] shmem_malloc'd 8 bytes @ &src = 0xaaab40002250, 8 bytes @ &dest = 0xaaab40002270
[11:41:03.309] [INFO] set 0xaaab40002250 (src) to 1
[11:41:03.309] [INFO] executing shmem_prod_reduce: dest = 0xaaab40002270, src = 0xaaab40002250
[11:41:03.309] [INFO] validating result...
[11:41:03.309] [INFO] shmem_longlong_prod_reduce produced expected result.
[11:41:03.309] ------ BEGIN TEST ROUTINE: shmem_uchar_prod_reduce
[11:41:03.309] [INFO] shmem_malloc'd 1 bytes @ &src = 0xaaab40002250, 1 bytes @ &dest = 0xaaab40002270
[11:41:03.309] [INFO] set 0xaaab40002250 (src) to 1
[11:41:03.309] [INFO] executing shmem_prod_reduce: dest = 0xaaab40002270, src = 0xaaab40002250
[11:41:03.310] [INFO] validating result...
[11:41:03.310] [INFO] shmem_uchar_prod_reduce produced expected result.
[11:41:03.310] ------ BEGIN TEST ROUTINE: shmem_ushort_prod_reduce
[11:41:03.310] [INFO] shmem_malloc'd 2 bytes @ &src = 0xaaab40002250, 2 bytes @ &dest = 0xaaab40002270
[11:41:03.310] [INFO] set 0xaaab40002250 (src) to 1
[11:41:03.310] [INFO] executing shmem_prod_reduce: dest = 0xaaab40002270, src = 0xaaab40002250
[11:41:03.310] [INFO] validating result...
[11:41:03.310] [INFO] shmem_ushort_prod_reduce produced expected result.
[11:41:03.310] ------ BEGIN TEST ROUTINE: shmem_uint_prod_reduce
[11:41:03.311] [INFO] shmem_malloc'd 4 bytes @ &src = 0xaaab40002250, 4 bytes @ &dest = 0xaaab40002270
[11:41:03.311] [INFO] set 0xaaab40002250 (src) to 1
[11:41:03.311] [INFO] executing shmem_prod_reduce: dest = 0xaaab40002270, src = 0xaaab40002250
[11:41:03.311] [INFO] validating result...
[11:41:03.311] [INFO] shmem_uint_prod_reduce produced expected result.
[11:41:03.311] ------ BEGIN TEST ROUTINE: shmem_ulong_prod_reduce
[11:41:03.311] [INFO] shmem_malloc'd 8 bytes @ &src = 0xaaab40002250, 8 bytes @ &dest = 0xaaab40002270
[11:41:03.311] [INFO] set 0xaaab40002250 (src) to 1
[11:41:03.311] [INFO] executing shmem_prod_reduce: dest = 0xaaab40002270, src = 0xaaab40002250
[11:41:03.311] [INFO] validating result...
[11:41:03.311] [INFO] shmem_ulong_prod_reduce produced expected result.
[11:41:03.312] ------ BEGIN TEST ROUTINE: shmem_ulonglong_prod_reduce
[11:41:03.312] [INFO] shmem_malloc'd 8 bytes @ &src = 0xaaab40002250, 8 bytes @ &dest = 0xaaab40002270
[11:41:03.312] [INFO] set 0xaaab40002250 (src) to 1
[11:41:03.312] [INFO] executing shmem_prod_reduce: dest = 0xaaab40002270, src = 0xaaab40002250
[11:41:03.312] [INFO] validating result...
[11:41:03.312] [INFO] shmem_ulonglong_prod_reduce produced expected result.
[11:41:03.312] ------ BEGIN TEST ROUTINE: shmem_int8_prod_reduce
[11:41:03.312] [INFO] shmem_malloc'd 1 bytes @ &src = 0xaaab40002250, 1 bytes @ &dest = 0xaaab40002270
[11:41:03.312] [INFO] set 0xaaab40002250 (src) to 1
[11:41:03.312] [INFO] executing shmem_prod_reduce: dest = 0xaaab40002270, src = 0xaaab40002250
[11:41:03.313] [INFO] validating result...
[11:41:03.313] [INFO] shmem_int8_prod_reduce produced expected result.
[11:41:03.313] ------ BEGIN TEST ROUTINE: shmem_int16_prod_reduce
[11:41:03.313] [INFO] shmem_malloc'd 2 bytes @ &src = 0xaaab40002250, 2 bytes @ &dest = 0xaaab40002270
[11:41:03.313] [INFO] set 0xaaab40002250 (src) to 1
[11:41:03.313] [INFO] executing shmem_prod_reduce: dest = 0xaaab40002270, src = 0xaaab40002250
[11:41:03.313] [INFO] validating result...
[11:41:03.313] [INFO] shmem_int16_prod_reduce produced expected result.
[11:41:03.313] ------ BEGIN TEST ROUTINE: shmem_int32_prod_reduce
[11:41:03.314] [INFO] shmem_malloc'd 4 bytes @ &src = 0xaaab40002250, 4 bytes @ &dest = 0xaaab40002270
[11:41:03.314] [INFO] set 0xaaab40002250 (src) to 1
[11:41:03.314] [INFO] executing shmem_prod_reduce: dest = 0xaaab40002270, src = 0xaaab40002250
[11:41:03.314] [INFO] validating result...
[11:41:03.314] [INFO] shmem_int32_prod_reduce produced expected result.
[11:41:03.314] ------ BEGIN TEST ROUTINE: shmem_int64_prod_reduce
[11:41:03.314] [INFO] shmem_malloc'd 8 bytes @ &src = 0xaaab40002250, 8 bytes @ &dest = 0xaaab40002270
[11:41:03.314] [INFO] set 0xaaab40002250 (src) to 1
[11:41:03.314] [INFO] executing shmem_prod_reduce: dest = 0xaaab40002270, src = 0xaaab40002250
[11:41:03.314] [INFO] validating result...
[11:41:03.314] [INFO] shmem_int64_prod_reduce produced expected result.
[11:41:03.314] ------ BEGIN TEST ROUTINE: shmem_uint8_prod_reduce
[11:41:03.315] [INFO] shmem_malloc'd 1 bytes @ &src = 0xaaab40002250, 1 bytes @ &dest = 0xaaab40002270
[11:41:03.315] [INFO] set 0xaaab40002250 (src) to 1
[11:41:03.315] [INFO] executing shmem_prod_reduce: dest = 0xaaab40002270, src = 0xaaab40002250
[11:41:03.315] [INFO] validating result...
[11:41:03.315] [INFO] shmem_uint8_prod_reduce produced expected result.
[11:41:03.315] ------ BEGIN TEST ROUTINE: shmem_uint16_prod_reduce
[11:41:03.315] [INFO] shmem_malloc'd 2 bytes @ &src = 0xaaab40002250, 2 bytes @ &dest = 0xaaab40002270
[11:41:03.315] [INFO] set 0xaaab40002250 (src) to 1
[11:41:03.315] [INFO] executing shmem_prod_reduce: dest = 0xaaab40002270, src = 0xaaab40002250
[11:41:03.315] [INFO] validating result...
[11:41:03.315] [INFO] shmem_uint16_prod_reduce produced expected result.
[11:41:03.316] ------ BEGIN TEST ROUTINE: shmem_uint32_prod_reduce
[11:41:03.316] [INFO] shmem_malloc'd 4 bytes @ &src = 0xaaab40002250, 4 bytes @ &dest = 0xaaab40002270
[11:41:03.316] [INFO] set 0xaaab40002250 (src) to 1
[11:41:03.316] [INFO] executing shmem_prod_reduce: dest = 0xaaab40002270, src = 0xaaab40002250
[11:41:03.316] [INFO] validating result...
[11:41:03.316] [INFO] shmem_uint32_prod_reduce produced expected result.
[11:41:03.316] ------ BEGIN TEST ROUTINE: shmem_uint64_prod_reduce
[11:41:03.316] [INFO] shmem_malloc'd 8 bytes @ &src = 0xaaab40002250, 8 bytes @ &dest = 0xaaab40002270
[11:41:03.316] [INFO] set 0xaaab40002250 (src) to 1
[11:41:03.316] [INFO] executing shmem_prod_reduce: dest = 0xaaab40002270, src = 0xaaab40002250
[11:41:03.317] [INFO] validating result...
[11:41:03.317] [INFO] shmem_uint64_prod_reduce produced expected result.
[11:41:03.317] ------ BEGIN TEST ROUTINE: shmem_size_prod_reduce
[11:41:03.317] [INFO] shmem_malloc'd 8 bytes @ &src = 0xaaab40002250, 8 bytes @ &dest = 0xaaab40002270
[11:41:03.317] [INFO] set 0xaaab40002250 (src) to 1
[11:41:03.317] [INFO] executing shmem_prod_reduce: dest = 0xaaab40002270, src = 0xaaab40002250
[11:41:03.317] [INFO] validating result...
[11:41:03.317] [INFO] shmem_size_prod_reduce produced expected result.
[11:41:03.317] ------ BEGIN TEST ROUTINE: shmem_ptrdiff_prod_reduce
[11:41:03.318] [INFO] shmem_malloc'd 8 bytes @ &src = 0xaaab40002250, 8 bytes @ &dest = 0xaaab40002270
[11:41:03.318] [INFO] set 0xaaab40002250 (src) to 1
[11:41:03.318] [INFO] executing shmem_prod_reduce: dest = 0xaaab40002270, src = 0xaaab40002250
[11:41:03.318] [INFO] validating result...
[11:41:03.318] [INFO] shmem_ptrdiff_prod_reduce produced expected result.
---------- END TEST: PASSED
