---------- BEGIN TEST: /root/lanl/vv/shmemvv_logs/src/unit/c/atomics/c_shmem_atomic_set.c
[11:41:03.130] ------ BEGIN TEST ROUTINE: shmem_int_atomic_set
[11:41:03.130] [INFO] shmem_malloc'd 4 bytes at 0xaaab40002250
[11:41:03.130] [INFO] set 0xaaab40002250 to 42
[11:41:03.130] [INFO] executing atomic set: dest = 0xaaab40002250, value = 42
[11:41:03.130] [INFO] atomic set on a int at 0xaaab40002250 produced expected result (42 == 42)
[11:41:03.130] ------ BEGIN TEST ROUTINE: shmem_long_atomic_set
[11:41:03.131] [INFO] shmem_malloc'd 8 bytes at 0xaaab40002250
[11:41:03.131] [INFO] set 0xaaab40002250 to 42
[11:41:03.131] [INFO] executing atomic set: dest = 0xaaab40002250, value = 42
[11:41:03.131] [INFO] atomic set on a long at 0xaaab40002250 produced expected result (42 == 42)
[11:41:03.131] ------ BEGIN TEST ROUTINE: shmem_longlong_atomic_set
[11:41:03.131] [INFO] shmem_malloc'd 8 bytes at 0xaaab40002250
[11:41:03.131] [INFO] set 0xaaab40002250 to 42
[11:41:03.131] [INFO] executing atomic set: dest = 0xaaab40002250, value = 42
[11:41:03.131] [INFO] atomic set on a long long at 0xaaab40002250 produced expected result (42 == 42)
[11:41:03.131] ------ BEGIN TEST ROUTINE: shmem_uint_atomic_set
[11:41:03.132] [INFO] shmem_malloc'd 4 bytes at 0xaaab40002250
[11:41:03.132] [INFO] set 0xaaab40002250 to 42
[11:41:03.132] [INFO] executing atomic set: dest = 0xaaab40002250, value = 42
[11:41:03.132] [INFO] atomic set on a unsigned int at 0xaaab40002250 produced expected result (42 == 42)
[11:41:03.132] ------ BEGIN TEST ROUTINE: shmem_ulong_atomic_set
[11:41:03.132] [INFO] shmem_malloc'd 8 bytes at 0xaaab40002250
[11:41:03.132] [INFO] set 0xaaab40002250 to 42
[11:41:03.132] [INFO] executing atomic set: dest = 0xaaab40002250, value = 42
[11:41:03.132] [INFO] atomic set on a unsigned long at 0xaaab40002250 produced expected result (42 == 42)
[11:41:03.132] ------ BEGIN TEST ROUTINE: shmem_ulonglong_atomic_set
[11:41:03.133] [INFO] shmem_malloc'd 8 bytes at 0xaaab40002250
[11:41:03.133] [INFO] set 0xaaab40002250 to 42
[11:41:03.133] [INFO] executing atomic set: dest = 0xaaab40002250, value = 42
[11:41:03.133] [INFO] atomic set on a unsigned long long at 0xaaab40002250 produced expected result (42 == 42)
[11:41:03.133] ------ BEGIN TEST ROUTINE: shmem_int32_atomic_set
[11:41:03.133] [INFO] shmem_malloc'd 4 bytes at 0xaaab40002250
[11:41:03.133] [INFO] set 0xaaab40002250 to 42
[11:41:03.133] [INFO] executing atomic set: dest = 0xaaab40002250, value = 42
[11:41:03.133] [INFO] atomic set on a int32_t at 0xaaab40002250 produced expected result (42 == 42)
[11:41:03.134] ------ BEGIN TEST ROUTINE: shmem_int64_atomic_set
[11:41:03.134] [INFO] shmem_malloc'd 8 bytes at 0xaaab40002250
[11:41:03.134] [INFO] set 0xaaab40002250 to 42
[11:41:03.134] [INFO] executing atomic set: dest = 0xaaab40002250, value = 42
[11:41:03.134] [INFO] atomic set on a int64_t at 0xaaab40002250 produced expected result (42 == 42)
[11:41:03.134] ------ BEGIN TEST ROUTINE: shmem_uint32_atomic_set
[11:41:03.134] [INFO] shmem_malloc'd 4 bytes at 0xaaab40002250
[11:41:03.134] [INFO] set 0xaaab40002250 to 42
[11:41:03.134] [INFO] executing atomic set: dest = 0xaaab40002250, value = 42
[11:41:03.134] [INFO] atomic set on a uint32_t at 0xaaab40002250 produced expected result (42 == 42)
[11:41:03.135] ------ BEGIN TEST ROUTINE: shmem_uint64_atomic_set
[11:41:03.135] [INFO] shmem_malloc'd 8 bytes at 0xaaab40002250
[11:41:03.135] [INFO] set 0xaaab40002250 to 42
[11:41:03.135] [INFO] executing atomic set: dest = 0xaaab40002250, value = 42
[11:41:03.135] [INFO] atomic set on a uint64_t at 0xaaab40002250 produced expected result (42 == 42)
[11:41:03.135] ------ BEGIN TEST ROUTINE: shmem_size_atomic_set
[11:41:03.135] [INFO] shmem_malloc'd 8 bytes at 0xaaab40002250
[11:41:03.135] [INFO] set 0xaaab40002250 to 42
[11:41:03.135] [INFO] executing atomic set: dest = 0xaaab40002250, value = 42
[11:41:03.135] [INFO] atomic set on a size_t at 0xaaab40002250 produced expected result (42 == 42)
[11:41:03.136] ------ BEGIN TEST ROUTINE: shmem_ptrdiff_atomic_set
[11:41:03.136] [INFO] shmem_malloc'd 8 bytes at 0xaaab40002250
[11:41:03.136] [INFO] set 0xaaab40002250 to 42
[11:41:03.136] [INFO] executing atomic set: dest = 0xaaab40002250, value = 42
[11:41:03.136] [INFO] atomic set on a ptrdiff_t at 0xaaab40002250 produced expected result (42 == 42)
---------- END TEST: PASSED
