---------- BEGIN TEST: /root/lanl/vv/shmemvv_logs/src/unit/c/atomics/c_shmem_atomic_add.c
[11:41:02.920] ------ BEGIN TEST ROUTINE: shmem_int_atomic_add
[11:41:02.921] [INFO] shmem_malloc'd 4 bytes at 0xaaab40002250
[11:41:02.921] [INFO] set 0xaaab40002250 to 42
[11:41:02.921] [INFO] executing atomic add: dest = 0xaaab40002250, add_val = 10
[11:41:02.921] [INFO] atomic add on a int at 0xaaab40002250 produced expected result (42 + 10 = 52)
[11:41:02.921] ------ BEGIN TEST ROUTINE: shmem_long_atomic_add
[11:41:02.921] [INFO] shmem_malloc'd 8 bytes at 0xaaab40002250
[11:41:02.921] [INFO] set 0xaaab40002250 to 42
[11:41:02.921] [INFO] executing atomic add: dest = 0xaaab40002250, add_val = 10
[11:41:02.921] [INFO] atomic add on a long at 0xaaab40002250 produced expected result (42 + 10 = 52)
[11:41:02.922] ------ BEGIN TEST ROUTINE: shmem_longlong_atomic_add
[11:41:02.922] [INFO] shmem_malloc'd 8 bytes at 0xaaab40002250
[11:41:02.922] [INFO] set 0xaaab40002250 to 42
[11:41:02.922] [INFO] executing atomic add: dest = 0xaaab40002250, add_val = 10
[11:41:02.922] [INFO] atomic add on a long long at 0xaaab40002250 produced expected result (42 + 10 = 52)
[11:41:02.922] ------ BEGIN TEST ROUTINE: shmem_uint_atomic_add
[11:41:02.922] [INFO] shmem_malloc'd 4 bytes at 0xaaab40002250
[11:41:02.922] [INFO] set 0xaaab40002250 to 42
[11:41:02.922] [INFO] executing atomic add: dest = 0xaaab40002250, add_val = 10
[11:41:02.922] [INFO] atomic add on a unsigned int at 0xaaab40002250 produced expected result (42 + 10 = 52)
[11:41:02.922] ------ BEGIN TEST ROUTINE: shmem_ulong_atomic_add
[11:41:02.923] [INFO] shmem_malloc'd 8 bytes at 0xaaab40002250
[11:41:02.923] [INFO] set 0xaaab40002250 to 42
[11:41:02.923] [INFO] executing atomic add: dest = 0xaaab40002250, add_val = 10
[11:41:02.923] [INFO] atomic add on a unsigned long at 0xaaab40002250 produced expected result (42 + 10 = 52)
[11:41:02.923] ------ BEGIN TEST ROUTINE: shmem_ulonglong_atomic_add
[11:41:02.923] [INFO] shmem_malloc'd 8 bytes at 0xaaab40002250
[11:41:02.923] [INFO] set 0xaaab40002250 to 42
[11:41:02.923] [INFO] executing atomic add: dest = 0xaaab40002250, add_val = 10
[11:41:02.923] [INFO] atomic add on a unsigned long long at 0xaaab40002250 produced expected result (42 + 10 = 52)
[11:41:02.924] ------ BEGIN TEST ROUTINE: shmem_int32_atomic_add
[11:41:02.924] [INFO] shmem_malloc'd 4 bytes at 0xaaab40002250
[11:41:02.924] [INFO] set 0xaaab40002250 to 42
[11:41:02.924] [INFO] executing atomic add: dest = 0xaaab40002250, add_val = 10
[11:41:02.924] [INFO] atomic add on a int32_t at 0xaaab40002250 produced expected result (42 + 10 = 52)
[11:41:02.924] ------ BEGIN TEST ROUTINE: shmem_int64_atomic_add
[11:41:02.924] [INFO] shmem_malloc'd 8 bytes at 0xaaab40002250
[11:41:02.924] [INFO] set 0xaaab40002250 to 42
[11:41:02.924] [INFO] executing atomic add: dest = 0xaaab40002250, add_val = 10
[11:41:02.924] [INFO] atomic add on a int64_t at 0xaaab40002250 produced expected result (42 + 10 = 52)
[11:41:02.924] ------ BEGIN TEST ROUTINE: shmem_uint32_atomic_add
[11:41:02.925] [INFO] shmem_malloc'd 4 bytes at 0xaaab40002250
[11:41:02.925] [INFO] set 0xaaab40002250 to 42
[11:41:02.925] [INFO] executing atomic add: dest = 0xaaab40002250, add_val = 10
[11:41:02.925] [INFO] atomic add on a uint32_t at 0xaaab40002250 produced expected result (42 + 10 = 52)
[11:41:02.925] ------ BEGIN TEST ROUTINE: shmem_uint64_atomic_add
[11:41:02.925] [INFO] shmem_malloc'd 8 bytes at 0xaaab40002250
[11:41:02.925] [INFO] set 0xaaab40002250 to 42
[11:41:02.925] [INFO] executing atomic add: dest = 0xaaab40002250, add_val = 10
[11:41:02.925] [INFO] atomic add on a uint64_t at 0xaaab40002250 produced expected result (42 + 10 = 52)
[11:41:02.925] ------ BEGIN TEST ROUTINE: shmem_size_atomic_add
[11:41:02.926] [INFO] shmem_malloc'd 8 bytes at 0xaaab40002250
[11:41:02.926] [INFO] set 0xaaab40002250 to 42
[11:41:02.926] [INFO] executing atomic add: dest = 0xaaab40002250, add_val = 10
[11:41:02.926] [INFO] atomic add on a size_t at 0xaaab40002250 produced expected result (42 + 10 = 52)
[11:41:02.926] ------ BEGIN TEST ROUTINE: shmem_ptrdiff_atomic_add
[11:41:02.926] [INFO] shmem_malloc'd 8 bytes at 0xaaab40002250
[11:41:02.926] [INFO] set 0xaaab40002250 to 42
[11:41:02.926] [INFO] executing atomic add: dest = 0xaaab40002250, add_val = 10
[11:41:02.926] [INFO] atomic add on a ptrdiff_t at 0xaaab40002250 produced expected result (42 + 10 = 52)
---------- END TEST: PASSED
