---------- BEGIN TEST: /root/lanl/vv/shmemvv_logs/src/unit/c/atomics/c_shmem_atomic_fetch_xor.c
[11:41:03.088] ------ BEGIN TEST ROUTINE: shmem_uint_atomic_fetch_xor
[11:41:03.088] [INFO] shmem_malloc'd 4 bytes at 0xaaab40002250
[11:41:03.088] [INFO] set 0xaaab40002250 to 42
[11:41:03.088] [INFO] executing atomic fetch xor: dest = 0xaaab40002250, xor_val = 15
[11:41:03.088] [INFO] atomic fetch xor on a unsigned int at 0xaaab40002250 produced expected result (42 == 42 && 37 == 1)
[11:41:03.089] ------ BEGIN TEST ROUTINE: shmem_ulong_atomic_fetch_xor
[11:41:03.089] [INFO] shmem_malloc'd 8 bytes at 0xaaab40002250
[11:41:03.089] [INFO] set 0xaaab40002250 to 42
[11:41:03.089] [INFO] executing atomic fetch xor: dest = 0xaaab40002250, xor_val = 15
[11:41:03.089] [INFO] atomic fetch xor on a unsigned long at 0xaaab40002250 produced expected result (42 == 42 && 37 == 1)
[11:41:03.089] ------ BEGIN TEST ROUTINE: shmem_ulonglong_atomic_fetch_xor
[11:41:03.089] [INFO] shmem_malloc'd 8 bytes at 0xaaab40002250
[11:41:03.089] [INFO] set 0xaaab40002250 to 42
[11:41:03.089] [INFO] executing atomic fetch xor: dest = 0xaaab40002250, xor_val = 15
[11:41:03.089] [INFO] atomic fetch xor on a unsigned long long at 0xaaab40002250 produced expected result (42 == 42 && 37 == 1)
[11:41:03.089] ------ BEGIN TEST ROUTINE: shmem_int32_atomic_fetch_xor
[11:41:03.089] [INFO] shmem_malloc'd 4 bytes at 0xaaab40002250
[11:41:03.089] [INFO] set 0xaaab40002250 to 42
[11:41:03.089] [INFO] executing atomic fetch xor: dest = 0xaaab40002250, xor_val = 15
[11:41:03.090] [INFO] atomic fetch xor on a int32_t at 0xaaab40002250 produced expected result (42 == 42 && 37 == 1)
[11:41:03.090] ------ BEGIN TEST ROUTINE: shmem_int64_atomic_fetch_xor
[11:41:03.090] [INFO] shmem_malloc'd 8 bytes at 0xaaab40002250
[11:41:03.090] [INFO] set 0xaaab40002250 to 42
[11:41:03.090] [INFO] executing atomic fetch xor: dest = 0xaaab40002250, xor_val = 15
[11:41:03.090] [INFO] atomic fetch xor on a int64_t at 0xaaab40002250 produced expected result (42 == 42 && 37 == 1)
[11:41:03.090] ------ BEGIN TEST ROUTINE: shmem_uint32_atomic_fetch_xor
[11:41:03.090] [INFO] shmem_malloc'd 4 bytes at 0xaaab40002250
[11:41:03.090] [INFO] set 0xaaab40002250 to 42
[11:41:03.090] [INFO] executing atomic fetch xor: dest = 0xaaab40002250, xor_val = 15
[11:41:03.090] [INFO] atomic fetch xor on a uint32_t at 0xaaab40002250 produced expected result (42 == 42 && 37 == 1)
[11:41:03.091] ------ BEGIN TEST ROUTINE: shmem_uint64_atomic_fetch_xor
[11:41:03.091] [INFO] shmem_malloc'd 8 bytes at 0xaaab40002250
[11:41:03.091] [INFO] set 0xaaab40002250 to 42
[11:41:03.091] [INFO] executing atomic fetch xor: dest = 0xaaab40002250, xor_val = 15
[11:41:03.091] [INFO] atomic fetch xor on a uint64_t at 0xaaab40002250 produced expected result (42 == 42 && 37 == 1)
---------- END TEST: PASSED
