---------- BEGIN TEST: /root/lanl/vv/shmemvv_logs/src/unit/c/rma/c_shmem_put.c
[14:59:26.604] ------ BEGIN TEST ROUTINE: shmem_float_put()
[14:59:26.604] [INFO] Allocated static arrays: src at 0xaaaae12b0200, dest at 0xaaaae12b0228
[14:59:26.604] [INFO] Running on PE 1 of 2 total PEs
[14:59:26.604] [INFO] PE 1: Initialized src[0] = 1
[14:59:26.604] [INFO] PE 1: Initialized src[1] = 2
[14:59:26.604] [INFO] PE 1: Initialized src[2] = 3
[14:59:26.604] [INFO] PE 1: Initialized src[3] = 4
[14:59:26.604] [INFO] PE 1: Initialized src[4] = 5
[14:59:26.604] [INFO] PE 1: Initialized src[5] = 6
[14:59:26.604] [INFO] PE 1: Initialized src[6] = 7
[14:59:26.604] [INFO] PE 1: Initialized src[7] = 8
[14:59:26.604] [INFO] PE 1: Initialized src[8] = 9
[14:59:26.604] [INFO] PE 1: Initialized src[9] = 10
[14:59:26.604] [INFO] Completed barrier synchronization
[14:59:26.605] [INFO] Completed barrier synchronization
[14:59:26.605] [INFO] PE 1: Beginning validation of received data
[14:59:26.605] [INFO] PE 1: dest[0] = 0 (valid)
[14:59:26.605] [INFO] PE 1: dest[1] = 1 (valid)
[14:59:26.605] [INFO] PE 1: dest[2] = 2 (valid)
[14:59:26.605] [INFO] PE 1: dest[3] = 3 (valid)
[14:59:26.605] [INFO] PE 1: dest[4] = 4 (valid)
[14:59:26.605] [INFO] PE 1: dest[5] = 5 (valid)
[14:59:26.605] [INFO] PE 1: dest[6] = 6 (valid)
[14:59:26.605] [INFO] PE 1: dest[7] = 7 (valid)
[14:59:26.605] [INFO] PE 1: dest[8] = 8 (valid)
[14:59:26.605] [INFO] PE 1: dest[9] = 9 (valid)
[14:59:26.605] [INFO] PE 1: All elements validated successfully
[14:59:26.605] ------ BEGIN TEST ROUTINE: shmem_double_put()
[14:59:26.605] [INFO] Allocated static arrays: src at 0xaaaae12b0250, dest at 0xaaaae12b02a0
[14:59:26.605] [INFO] Running on PE 1 of 2 total PEs
[14:59:26.605] [INFO] PE 1: Initialized src[0] = 1
[14:59:26.605] [INFO] PE 1: Initialized src[1] = 2
[14:59:26.605] [INFO] PE 1: Initialized src[2] = 3
[14:59:26.605] [INFO] PE 1: Initialized src[3] = 4
[14:59:26.605] [INFO] PE 1: Initialized src[4] = 5
[14:59:26.605] [INFO] PE 1: Initialized src[5] = 6
[14:59:26.605] [INFO] PE 1: Initialized src[6] = 7
[14:59:26.605] [INFO] PE 1: Initialized src[7] = 8
[14:59:26.605] [INFO] PE 1: Initialized src[8] = 9
[14:59:26.605] [INFO] PE 1: Initialized src[9] = 10
[14:59:26.605] [INFO] Completed barrier synchronization
[14:59:26.605] [INFO] Completed barrier synchronization
[14:59:26.605] [INFO] PE 1: Beginning validation of received data
[14:59:26.605] [INFO] PE 1: dest[0] = 0 (valid)
[14:59:26.605] [INFO] PE 1: dest[1] = 1 (valid)
[14:59:26.605] [INFO] PE 1: dest[2] = 2 (valid)
[14:59:26.605] [INFO] PE 1: dest[3] = 3 (valid)
[14:59:26.605] [INFO] PE 1: dest[4] = 4 (valid)
[14:59:26.605] [INFO] PE 1: dest[5] = 5 (valid)
[14:59:26.605] [INFO] PE 1: dest[6] = 6 (valid)
[14:59:26.605] [INFO] PE 1: dest[7] = 7 (valid)
[14:59:26.605] [INFO] PE 1: dest[8] = 8 (valid)
[14:59:26.605] [INFO] PE 1: dest[9] = 9 (valid)
[14:59:26.605] [INFO] PE 1: All elements validated successfully
[14:59:26.605] ------ BEGIN TEST ROUTINE: shmem_longdouble_put()
[14:59:26.605] [INFO] Allocated static arrays: src at 0xaaaae12b02f0, dest at 0xaaaae12b0390
[14:59:26.605] [INFO] Running on PE 1 of 2 total PEs
[14:59:26.605] [INFO] PE 1: Initialized src[0] = 1
[14:59:26.605] [INFO] PE 1: Initialized src[1] = 2
[14:59:26.605] [INFO] PE 1: Initialized src[2] = 3
[14:59:26.605] [INFO] PE 1: Initialized src[3] = 4
[14:59:26.605] [INFO] PE 1: Initialized src[4] = 5
[14:59:26.605] [INFO] PE 1: Initialized src[5] = 6
[14:59:26.605] [INFO] PE 1: Initialized src[6] = 7
[14:59:26.605] [INFO] PE 1: Initialized src[7] = 8
[14:59:26.605] [INFO] PE 1: Initialized src[8] = 9
[14:59:26.605] [INFO] PE 1: Initialized src[9] = 10
[14:59:26.605] [INFO] Completed barrier synchronization
[14:59:26.605] [INFO] Completed barrier synchronization
[14:59:26.605] [INFO] PE 1: Beginning validation of received data
[14:59:26.605] [INFO] PE 1: dest[0] = 0 (valid)
[14:59:26.605] [INFO] PE 1: dest[1] = 1 (valid)
[14:59:26.605] [INFO] PE 1: dest[2] = 2 (valid)
[14:59:26.605] [INFO] PE 1: dest[3] = 3 (valid)
[14:59:26.605] [INFO] PE 1: dest[4] = 4 (valid)
[14:59:26.605] [INFO] PE 1: dest[5] = 5 (valid)
[14:59:26.605] [INFO] PE 1: dest[6] = 6 (valid)
[14:59:26.605] [INFO] PE 1: dest[7] = 7 (valid)
[14:59:26.605] [INFO] PE 1: dest[8] = 8 (valid)
[14:59:26.605] [INFO] PE 1: dest[9] = 9 (valid)
[14:59:26.605] [INFO] PE 1: All elements validated successfully
[14:59:26.605] ------ BEGIN TEST ROUTINE: shmem_char_put()
[14:59:26.605] [INFO] Allocated static arrays: src at 0xaaaae12b0430, dest at 0xaaaae12b0440
[14:59:26.605] [INFO] Running on PE 1 of 2 total PEs
[14:59:26.605] [INFO] PE 1: Initialized src[0] = 1
[14:59:26.605] [INFO] PE 1: Initialized src[1] = 2
[14:59:26.605] [INFO] PE 1: Initialized src[2] = 3
[14:59:26.605] [INFO] PE 1: Initialized src[3] = 4
[14:59:26.605] [INFO] PE 1: Initialized src[4] = 5
[14:59:26.605] [INFO] PE 1: Initialized src[5] = 6
[14:59:26.605] [INFO] PE 1: Initialized src[6] = 7
[14:59:26.605] [INFO] PE 1: Initialized src[7] = 8
[14:59:26.605] [INFO] PE 1: Initialized src[8] = 9
[14:59:26.605] [INFO] PE 1: Initialized src[9] = 10
[14:59:26.605] [INFO] Completed barrier synchronization
[14:59:26.605] [INFO] Completed barrier synchronization
[14:59:26.605] [INFO] PE 1: Beginning validation of received data
[14:59:26.605] [INFO] PE 1: dest[0] = 0 (valid)
[14:59:26.605] [INFO] PE 1: dest[1] = 1 (valid)
[14:59:26.605] [INFO] PE 1: dest[2] = 2 (valid)
[14:59:26.605] [INFO] PE 1: dest[3] = 3 (valid)
[14:59:26.605] [INFO] PE 1: dest[4] = 4 (valid)
[14:59:26.605] [INFO] PE 1: dest[5] = 5 (valid)
[14:59:26.605] [INFO] PE 1: dest[6] = 6 (valid)
[14:59:26.605] [INFO] PE 1: dest[7] = 7 (valid)
[14:59:26.605] [INFO] PE 1: dest[8] = 8 (valid)
[14:59:26.605] [INFO] PE 1: dest[9] = 9 (valid)
[14:59:26.605] [INFO] PE 1: All elements validated successfully
[14:59:26.605] ------ BEGIN TEST ROUTINE: shmem_schar_put()
[14:59:26.605] [INFO] Allocated static arrays: src at 0xaaaae12b0450, dest at 0xaaaae12b0460
[14:59:26.605] [INFO] Running on PE 1 of 2 total PEs
[14:59:26.605] [INFO] PE 1: Initialized src[0] = 1
[14:59:26.605] [INFO] PE 1: Initialized src[1] = 2
[14:59:26.605] [INFO] PE 1: Initialized src[2] = 3
[14:59:26.605] [INFO] PE 1: Initialized src[3] = 4
[14:59:26.605] [INFO] PE 1: Initialized src[4] = 5
[14:59:26.605] [INFO] PE 1: Initialized src[5] = 6
[14:59:26.605] [INFO] PE 1: Initialized src[6] = 7
[14:59:26.605] [INFO] PE 1: Initialized src[7] = 8
[14:59:26.605] [INFO] PE 1: Initialized src[8] = 9
[14:59:26.605] [INFO] PE 1: Initialized src[9] = 10
[14:59:26.605] [INFO] Completed barrier synchronization
[14:59:26.605] [INFO] Completed barrier synchronization
[14:59:26.605] [INFO] PE 1: Beginning validation of received data
[14:59:26.605] [INFO] PE 1: dest[0] = 0 (valid)
[14:59:26.605] [INFO] PE 1: dest[1] = 1 (valid)
[14:59:26.605] [INFO] PE 1: dest[2] = 2 (valid)
[14:59:26.605] [INFO] PE 1: dest[3] = 3 (valid)
[14:59:26.605] [INFO] PE 1: dest[4] = 4 (valid)
[14:59:26.605] [INFO] PE 1: dest[5] = 5 (valid)
[14:59:26.605] [INFO] PE 1: dest[6] = 6 (valid)
[14:59:26.605] [INFO] PE 1: dest[7] = 7 (valid)
[14:59:26.605] [INFO] PE 1: dest[8] = 8 (valid)
[14:59:26.605] [INFO] PE 1: dest[9] = 9 (valid)
[14:59:26.605] [INFO] PE 1: All elements validated successfully
[14:59:26.605] ------ BEGIN TEST ROUTINE: shmem_short_put()
[14:59:26.605] [INFO] Allocated static arrays: src at 0xaaaae12b0470, dest at 0xaaaae12b0488
[14:59:26.605] [INFO] Running on PE 1 of 2 total PEs
[14:59:26.605] [INFO] PE 1: Initialized src[0] = 1
[14:59:26.605] [INFO] PE 1: Initialized src[1] = 2
[14:59:26.605] [INFO] PE 1: Initialized src[2] = 3
[14:59:26.605] [INFO] PE 1: Initialized src[3] = 4
[14:59:26.605] [INFO] PE 1: Initialized src[4] = 5
[14:59:26.605] [INFO] PE 1: Initialized src[5] = 6
[14:59:26.605] [INFO] PE 1: Initialized src[6] = 7
[14:59:26.605] [INFO] PE 1: Initialized src[7] = 8
[14:59:26.605] [INFO] PE 1: Initialized src[8] = 9
[14:59:26.605] [INFO] PE 1: Initialized src[9] = 10
[14:59:26.606] [INFO] Completed barrier synchronization
[14:59:26.606] [INFO] Completed barrier synchronization
[14:59:26.606] [INFO] PE 1: Beginning validation of received data
[14:59:26.606] [INFO] PE 1: dest[0] = 0 (valid)
[14:59:26.606] [INFO] PE 1: dest[1] = 1 (valid)
[14:59:26.606] [INFO] PE 1: dest[2] = 2 (valid)
[14:59:26.606] [INFO] PE 1: dest[3] = 3 (valid)
[14:59:26.606] [INFO] PE 1: dest[4] = 4 (valid)
[14:59:26.606] [INFO] PE 1: dest[5] = 5 (valid)
[14:59:26.606] [INFO] PE 1: dest[6] = 6 (valid)
[14:59:26.606] [INFO] PE 1: dest[7] = 7 (valid)
[14:59:26.606] [INFO] PE 1: dest[8] = 8 (valid)
[14:59:26.606] [INFO] PE 1: dest[9] = 9 (valid)
[14:59:26.606] [INFO] PE 1: All elements validated successfully
[14:59:26.606] ------ BEGIN TEST ROUTINE: shmem_int_put()
[14:59:26.606] [INFO] Allocated static arrays: src at 0xaaaae12b04a0, dest at 0xaaaae12b04c8
[14:59:26.606] [INFO] Running on PE 1 of 2 total PEs
[14:59:26.606] [INFO] PE 1: Initialized src[0] = 1
[14:59:26.606] [INFO] PE 1: Initialized src[1] = 2
[14:59:26.606] [INFO] PE 1: Initialized src[2] = 3
[14:59:26.606] [INFO] PE 1: Initialized src[3] = 4
[14:59:26.606] [INFO] PE 1: Initialized src[4] = 5
[14:59:26.606] [INFO] PE 1: Initialized src[5] = 6
[14:59:26.606] [INFO] PE 1: Initialized src[6] = 7
[14:59:26.606] [INFO] PE 1: Initialized src[7] = 8
[14:59:26.606] [INFO] PE 1: Initialized src[8] = 9
[14:59:26.606] [INFO] PE 1: Initialized src[9] = 10
[14:59:26.606] [INFO] Completed barrier synchronization
[14:59:26.606] [INFO] Completed barrier synchronization
[14:59:26.606] [INFO] PE 1: Beginning validation of received data
[14:59:26.606] [INFO] PE 1: dest[0] = 0 (valid)
[14:59:26.606] [INFO] PE 1: dest[1] = 1 (valid)
[14:59:26.606] [INFO] PE 1: dest[2] = 2 (valid)
[14:59:26.606] [INFO] PE 1: dest[3] = 3 (valid)
[14:59:26.606] [INFO] PE 1: dest[4] = 4 (valid)
[14:59:26.606] [INFO] PE 1: dest[5] = 5 (valid)
[14:59:26.606] [INFO] PE 1: dest[6] = 6 (valid)
[14:59:26.606] [INFO] PE 1: dest[7] = 7 (valid)
[14:59:26.606] [INFO] PE 1: dest[8] = 8 (valid)
[14:59:26.606] [INFO] PE 1: dest[9] = 9 (valid)
[14:59:26.606] [INFO] PE 1: All elements validated successfully
[14:59:26.606] ------ BEGIN TEST ROUTINE: shmem_long_put()
[14:59:26.606] [INFO] Allocated static arrays: src at 0xaaaae12b04f0, dest at 0xaaaae12b0540
[14:59:26.606] [INFO] Running on PE 1 of 2 total PEs
[14:59:26.606] [INFO] PE 1: Initialized src[0] = 1
[14:59:26.606] [INFO] PE 1: Initialized src[1] = 2
[14:59:26.606] [INFO] PE 1: Initialized src[2] = 3
[14:59:26.606] [INFO] PE 1: Initialized src[3] = 4
[14:59:26.606] [INFO] PE 1: Initialized src[4] = 5
[14:59:26.606] [INFO] PE 1: Initialized src[5] = 6
[14:59:26.606] [INFO] PE 1: Initialized src[6] = 7
[14:59:26.606] [INFO] PE 1: Initialized src[7] = 8
[14:59:26.606] [INFO] PE 1: Initialized src[8] = 9
[14:59:26.606] [INFO] PE 1: Initialized src[9] = 10
[14:59:26.606] [INFO] Completed barrier synchronization
[14:59:26.606] [INFO] Completed barrier synchronization
[14:59:26.606] [INFO] PE 1: Beginning validation of received data
[14:59:26.606] [INFO] PE 1: dest[0] = 0 (valid)
[14:59:26.606] [INFO] PE 1: dest[1] = 1 (valid)
[14:59:26.606] [INFO] PE 1: dest[2] = 2 (valid)
[14:59:26.606] [INFO] PE 1: dest[3] = 3 (valid)
[14:59:26.606] [INFO] PE 1: dest[4] = 4 (valid)
[14:59:26.606] [INFO] PE 1: dest[5] = 5 (valid)
[14:59:26.606] [INFO] PE 1: dest[6] = 6 (valid)
[14:59:26.606] [INFO] PE 1: dest[7] = 7 (valid)
[14:59:26.606] [INFO] PE 1: dest[8] = 8 (valid)
[14:59:26.606] [INFO] PE 1: dest[9] = 9 (valid)
[14:59:26.606] [INFO] PE 1: All elements validated successfully
[14:59:26.606] ------ BEGIN TEST ROUTINE: shmem_longlong_put()
[14:59:26.606] [INFO] Allocated static arrays: src at 0xaaaae12b0590, dest at 0xaaaae12b05e0
[14:59:26.606] [INFO] Running on PE 1 of 2 total PEs
[14:59:26.606] [INFO] PE 1: Initialized src[0] = 1
[14:59:26.606] [INFO] PE 1: Initialized src[1] = 2
[14:59:26.606] [INFO] PE 1: Initialized src[2] = 3
[14:59:26.606] [INFO] PE 1: Initialized src[3] = 4
[14:59:26.606] [INFO] PE 1: Initialized src[4] = 5
[14:59:26.606] [INFO] PE 1: Initialized src[5] = 6
[14:59:26.606] [INFO] PE 1: Initialized src[6] = 7
[14:59:26.606] [INFO] PE 1: Initialized src[7] = 8
[14:59:26.606] [INFO] PE 1: Initialized src[8] = 9
[14:59:26.606] [INFO] PE 1: Initialized src[9] = 10
[14:59:26.606] [INFO] Completed barrier synchronization
[14:59:26.606] [INFO] Completed barrier synchronization
[14:59:26.606] [INFO] PE 1: Beginning validation of received data
[14:59:26.606] [INFO] PE 1: dest[0] = 0 (valid)
[14:59:26.606] [INFO] PE 1: dest[1] = 1 (valid)
[14:59:26.606] [INFO] PE 1: dest[2] = 2 (valid)
[14:59:26.606] [INFO] PE 1: dest[3] = 3 (valid)
[14:59:26.606] [INFO] PE 1: dest[4] = 4 (valid)
[14:59:26.606] [INFO] PE 1: dest[5] = 5 (valid)
[14:59:26.606] [INFO] PE 1: dest[6] = 6 (valid)
[14:59:26.606] [INFO] PE 1: dest[7] = 7 (valid)
[14:59:26.606] [INFO] PE 1: dest[8] = 8 (valid)
[14:59:26.606] [INFO] PE 1: dest[9] = 9 (valid)
[14:59:26.606] [INFO] PE 1: All elements validated successfully
[14:59:26.606] ------ BEGIN TEST ROUTINE: shmem_uchar_put()
[14:59:26.606] [INFO] Allocated static arrays: src at 0xaaaae12b0630, dest at 0xaaaae12b0640
[14:59:26.606] [INFO] Running on PE 1 of 2 total PEs
[14:59:26.606] [INFO] PE 1: Initialized src[0] = 1
[14:59:26.606] [INFO] PE 1: Initialized src[1] = 2
[14:59:26.606] [INFO] PE 1: Initialized src[2] = 3
[14:59:26.606] [INFO] PE 1: Initialized src[3] = 4
[14:59:26.606] [INFO] PE 1: Initialized src[4] = 5
[14:59:26.606] [INFO] PE 1: Initialized src[5] = 6
[14:59:26.606] [INFO] PE 1: Initialized src[6] = 7
[14:59:26.606] [INFO] PE 1: Initialized src[7] = 8
[14:59:26.606] [INFO] PE 1: Initialized src[8] = 9
[14:59:26.606] [INFO] PE 1: Initialized src[9] = 10
[14:59:26.607] [INFO] Completed barrier synchronization
[14:59:26.607] [INFO] Completed barrier synchronization
[14:59:26.607] [INFO] PE 1: Beginning validation of received data
[14:59:26.607] [INFO] PE 1: dest[0] = 0 (valid)
[14:59:26.607] [INFO] PE 1: dest[1] = 1 (valid)
[14:59:26.607] [INFO] PE 1: dest[2] = 2 (valid)
[14:59:26.607] [INFO] PE 1: dest[3] = 3 (valid)
[14:59:26.607] [INFO] PE 1: dest[4] = 4 (valid)
[14:59:26.607] [INFO] PE 1: dest[5] = 5 (valid)
[14:59:26.607] [INFO] PE 1: dest[6] = 6 (valid)
[14:59:26.607] [INFO] PE 1: dest[7] = 7 (valid)
[14:59:26.607] [INFO] PE 1: dest[8] = 8 (valid)
[14:59:26.607] [INFO] PE 1: dest[9] = 9 (valid)
[14:59:26.607] [INFO] PE 1: All elements validated successfully
[14:59:26.607] ------ BEGIN TEST ROUTINE: shmem_ushort_put()
[14:59:26.607] [INFO] Allocated static arrays: src at 0xaaaae12b0650, dest at 0xaaaae12b0668
[14:59:26.607] [INFO] Running on PE 1 of 2 total PEs
[14:59:26.607] [INFO] PE 1: Initialized src[0] = 1
[14:59:26.607] [INFO] PE 1: Initialized src[1] = 2
[14:59:26.607] [INFO] PE 1: Initialized src[2] = 3
[14:59:26.607] [INFO] PE 1: Initialized src[3] = 4
[14:59:26.607] [INFO] PE 1: Initialized src[4] = 5
[14:59:26.607] [INFO] PE 1: Initialized src[5] = 6
[14:59:26.607] [INFO] PE 1: Initialized src[6] = 7
[14:59:26.607] [INFO] PE 1: Initialized src[7] = 8
[14:59:26.607] [INFO] PE 1: Initialized src[8] = 9
[14:59:26.607] [INFO] PE 1: Initialized src[9] = 10
[14:59:26.607] [INFO] Completed barrier synchronization
[14:59:26.607] [INFO] Completed barrier synchronization
[14:59:26.607] [INFO] PE 1: Beginning validation of received data
[14:59:26.607] [INFO] PE 1: dest[0] = 0 (valid)
[14:59:26.607] [INFO] PE 1: dest[1] = 1 (valid)
[14:59:26.607] [INFO] PE 1: dest[2] = 2 (valid)
[14:59:26.607] [INFO] PE 1: dest[3] = 3 (valid)
[14:59:26.607] [INFO] PE 1: dest[4] = 4 (valid)
[14:59:26.607] [INFO] PE 1: dest[5] = 5 (valid)
[14:59:26.607] [INFO] PE 1: dest[6] = 6 (valid)
[14:59:26.607] [INFO] PE 1: dest[7] = 7 (valid)
[14:59:26.607] [INFO] PE 1: dest[8] = 8 (valid)
[14:59:26.607] [INFO] PE 1: dest[9] = 9 (valid)
[14:59:26.607] [INFO] PE 1: All elements validated successfully
[14:59:26.607] ------ BEGIN TEST ROUTINE: shmem_uint_put()
[14:59:26.607] [INFO] Allocated static arrays: src at 0xaaaae12b0680, dest at 0xaaaae12b06a8
[14:59:26.607] [INFO] Running on PE 1 of 2 total PEs
[14:59:26.607] [INFO] PE 1: Initialized src[0] = 1
[14:59:26.607] [INFO] PE 1: Initialized src[1] = 2
[14:59:26.607] [INFO] PE 1: Initialized src[2] = 3
[14:59:26.607] [INFO] PE 1: Initialized src[3] = 4
[14:59:26.607] [INFO] PE 1: Initialized src[4] = 5
[14:59:26.607] [INFO] PE 1: Initialized src[5] = 6
[14:59:26.607] [INFO] PE 1: Initialized src[6] = 7
[14:59:26.607] [INFO] PE 1: Initialized src[7] = 8
[14:59:26.607] [INFO] PE 1: Initialized src[8] = 9
[14:59:26.607] [INFO] PE 1: Initialized src[9] = 10
[14:59:26.607] [INFO] Completed barrier synchronization
[14:59:26.607] [INFO] Completed barrier synchronization
[14:59:26.607] [INFO] PE 1: Beginning validation of received data
[14:59:26.607] [INFO] PE 1: dest[0] = 0 (valid)
[14:59:26.607] [INFO] PE 1: dest[1] = 1 (valid)
[14:59:26.607] [INFO] PE 1: dest[2] = 2 (valid)
[14:59:26.607] [INFO] PE 1: dest[3] = 3 (valid)
[14:59:26.607] [INFO] PE 1: dest[4] = 4 (valid)
[14:59:26.607] [INFO] PE 1: dest[5] = 5 (valid)
[14:59:26.607] [INFO] PE 1: dest[6] = 6 (valid)
[14:59:26.607] [INFO] PE 1: dest[7] = 7 (valid)
[14:59:26.607] [INFO] PE 1: dest[8] = 8 (valid)
[14:59:26.607] [INFO] PE 1: dest[9] = 9 (valid)
[14:59:26.607] [INFO] PE 1: All elements validated successfully
[14:59:26.607] ------ BEGIN TEST ROUTINE: shmem_ulong_put()
[14:59:26.607] [INFO] Allocated static arrays: src at 0xaaaae12b06d0, dest at 0xaaaae12b0720
[14:59:26.607] [INFO] Running on PE 1 of 2 total PEs
[14:59:26.607] [INFO] PE 1: Initialized src[0] = 1
[14:59:26.607] [INFO] PE 1: Initialized src[1] = 2
[14:59:26.607] [INFO] PE 1: Initialized src[2] = 3
[14:59:26.607] [INFO] PE 1: Initialized src[3] = 4
[14:59:26.607] [INFO] PE 1: Initialized src[4] = 5
[14:59:26.607] [INFO] PE 1: Initialized src[5] = 6
[14:59:26.607] [INFO] PE 1: Initialized src[6] = 7
[14:59:26.607] [INFO] PE 1: Initialized src[7] = 8
[14:59:26.607] [INFO] PE 1: Initialized src[8] = 9
[14:59:26.607] [INFO] PE 1: Initialized src[9] = 10
[14:59:26.607] [INFO] Completed barrier synchronization
[14:59:26.607] [INFO] Completed barrier synchronization
[14:59:26.607] [INFO] PE 1: Beginning validation of received data
[14:59:26.607] [INFO] PE 1: dest[0] = 0 (valid)
[14:59:26.607] [INFO] PE 1: dest[1] = 1 (valid)
[14:59:26.607] [INFO] PE 1: dest[2] = 2 (valid)
[14:59:26.607] [INFO] PE 1: dest[3] = 3 (valid)
[14:59:26.607] [INFO] PE 1: dest[4] = 4 (valid)
[14:59:26.607] [INFO] PE 1: dest[5] = 5 (valid)
[14:59:26.607] [INFO] PE 1: dest[6] = 6 (valid)
[14:59:26.607] [INFO] PE 1: dest[7] = 7 (valid)
[14:59:26.607] [INFO] PE 1: dest[8] = 8 (valid)
[14:59:26.607] [INFO] PE 1: dest[9] = 9 (valid)
[14:59:26.607] [INFO] PE 1: All elements validated successfully
[14:59:26.607] ------ BEGIN TEST ROUTINE: shmem_ulonglong_put()
[14:59:26.607] [INFO] Allocated static arrays: src at 0xaaaae12b0770, dest at 0xaaaae12b07c0
[14:59:26.607] [INFO] Running on PE 1 of 2 total PEs
[14:59:26.607] [INFO] PE 1: Initialized src[0] = 1
[14:59:26.607] [INFO] PE 1: Initialized src[1] = 2
[14:59:26.607] [INFO] PE 1: Initialized src[2] = 3
[14:59:26.607] [INFO] PE 1: Initialized src[3] = 4
[14:59:26.607] [INFO] PE 1: Initialized src[4] = 5
[14:59:26.607] [INFO] PE 1: Initialized src[5] = 6
[14:59:26.607] [INFO] PE 1: Initialized src[6] = 7
[14:59:26.607] [INFO] PE 1: Initialized src[7] = 8
[14:59:26.607] [INFO] PE 1: Initialized src[8] = 9
[14:59:26.607] [INFO] PE 1: Initialized src[9] = 10
[14:59:26.608] [INFO] Completed barrier synchronization
[14:59:26.608] [INFO] Completed barrier synchronization
[14:59:26.608] [INFO] PE 1: Beginning validation of received data
[14:59:26.608] [INFO] PE 1: dest[0] = 0 (valid)
[14:59:26.608] [INFO] PE 1: dest[1] = 1 (valid)
[14:59:26.608] [INFO] PE 1: dest[2] = 2 (valid)
[14:59:26.608] [INFO] PE 1: dest[3] = 3 (valid)
[14:59:26.608] [INFO] PE 1: dest[4] = 4 (valid)
[14:59:26.608] [INFO] PE 1: dest[5] = 5 (valid)
[14:59:26.608] [INFO] PE 1: dest[6] = 6 (valid)
[14:59:26.608] [INFO] PE 1: dest[7] = 7 (valid)
[14:59:26.608] [INFO] PE 1: dest[8] = 8 (valid)
[14:59:26.608] [INFO] PE 1: dest[9] = 9 (valid)
[14:59:26.608] [INFO] PE 1: All elements validated successfully
[14:59:26.608] ------ BEGIN TEST ROUTINE: shmem_int8_put()
[14:59:26.608] [INFO] Allocated static arrays: src at 0xaaaae12b0810, dest at 0xaaaae12b0820
[14:59:26.608] [INFO] Running on PE 1 of 2 total PEs
[14:59:26.608] [INFO] PE 1: Initialized src[0] = 1
[14:59:26.608] [INFO] PE 1: Initialized src[1] = 2
[14:59:26.608] [INFO] PE 1: Initialized src[2] = 3
[14:59:26.608] [INFO] PE 1: Initialized src[3] = 4
[14:59:26.608] [INFO] PE 1: Initialized src[4] = 5
[14:59:26.608] [INFO] PE 1: Initialized src[5] = 6
[14:59:26.608] [INFO] PE 1: Initialized src[6] = 7
[14:59:26.608] [INFO] PE 1: Initialized src[7] = 8
[14:59:26.608] [INFO] PE 1: Initialized src[8] = 9
[14:59:26.608] [INFO] PE 1: Initialized src[9] = 10
[14:59:26.608] [INFO] Completed barrier synchronization
[14:59:26.608] [INFO] Completed barrier synchronization
[14:59:26.608] [INFO] PE 1: Beginning validation of received data
[14:59:26.608] [INFO] PE 1: dest[0] = 0 (valid)
[14:59:26.608] [INFO] PE 1: dest[1] = 1 (valid)
[14:59:26.608] [INFO] PE 1: dest[2] = 2 (valid)
[14:59:26.608] [INFO] PE 1: dest[3] = 3 (valid)
[14:59:26.608] [INFO] PE 1: dest[4] = 4 (valid)
[14:59:26.608] [INFO] PE 1: dest[5] = 5 (valid)
[14:59:26.608] [INFO] PE 1: dest[6] = 6 (valid)
[14:59:26.608] [INFO] PE 1: dest[7] = 7 (valid)
[14:59:26.608] [INFO] PE 1: dest[8] = 8 (valid)
[14:59:26.608] [INFO] PE 1: dest[9] = 9 (valid)
[14:59:26.608] [INFO] PE 1: All elements validated successfully
[14:59:26.608] ------ BEGIN TEST ROUTINE: shmem_int16_put()
[14:59:26.608] [INFO] Allocated static arrays: src at 0xaaaae12b0830, dest at 0xaaaae12b0848
[14:59:26.608] [INFO] Running on PE 1 of 2 total PEs
[14:59:26.608] [INFO] PE 1: Initialized src[0] = 1
[14:59:26.608] [INFO] PE 1: Initialized src[1] = 2
[14:59:26.608] [INFO] PE 1: Initialized src[2] = 3
[14:59:26.608] [INFO] PE 1: Initialized src[3] = 4
[14:59:26.608] [INFO] PE 1: Initialized src[4] = 5
[14:59:26.608] [INFO] PE 1: Initialized src[5] = 6
[14:59:26.608] [INFO] PE 1: Initialized src[6] = 7
[14:59:26.608] [INFO] PE 1: Initialized src[7] = 8
[14:59:26.608] [INFO] PE 1: Initialized src[8] = 9
[14:59:26.608] [INFO] PE 1: Initialized src[9] = 10
[14:59:26.608] [INFO] Completed barrier synchronization
[14:59:26.608] [INFO] Completed barrier synchronization
[14:59:26.608] [INFO] PE 1: Beginning validation of received data
[14:59:26.608] [INFO] PE 1: dest[0] = 0 (valid)
[14:59:26.608] [INFO] PE 1: dest[1] = 1 (valid)
[14:59:26.608] [INFO] PE 1: dest[2] = 2 (valid)
[14:59:26.608] [INFO] PE 1: dest[3] = 3 (valid)
[14:59:26.608] [INFO] PE 1: dest[4] = 4 (valid)
[14:59:26.608] [INFO] PE 1: dest[5] = 5 (valid)
[14:59:26.608] [INFO] PE 1: dest[6] = 6 (valid)
[14:59:26.608] [INFO] PE 1: dest[7] = 7 (valid)
[14:59:26.608] [INFO] PE 1: dest[8] = 8 (valid)
[14:59:26.608] [INFO] PE 1: dest[9] = 9 (valid)
[14:59:26.608] [INFO] PE 1: All elements validated successfully
[14:59:26.608] ------ BEGIN TEST ROUTINE: shmem_int32_put()
[14:59:26.608] [INFO] Allocated static arrays: src at 0xaaaae12b0860, dest at 0xaaaae12b0888
[14:59:26.608] [INFO] Running on PE 1 of 2 total PEs
[14:59:26.608] [INFO] PE 1: Initialized src[0] = 1
[14:59:26.608] [INFO] PE 1: Initialized src[1] = 2
[14:59:26.608] [INFO] PE 1: Initialized src[2] = 3
[14:59:26.608] [INFO] PE 1: Initialized src[3] = 4
[14:59:26.608] [INFO] PE 1: Initialized src[4] = 5
[14:59:26.608] [INFO] PE 1: Initialized src[5] = 6
[14:59:26.608] [INFO] PE 1: Initialized src[6] = 7
[14:59:26.608] [INFO] PE 1: Initialized src[7] = 8
[14:59:26.608] [INFO] PE 1: Initialized src[8] = 9
[14:59:26.608] [INFO] PE 1: Initialized src[9] = 10
[14:59:26.608] [INFO] Completed barrier synchronization
[14:59:26.609] [INFO] Completed barrier synchronization
[14:59:26.609] [INFO] PE 1: Beginning validation of received data
[14:59:26.609] [INFO] PE 1: dest[0] = 0 (valid)
[14:59:26.609] [INFO] PE 1: dest[1] = 1 (valid)
[14:59:26.609] [INFO] PE 1: dest[2] = 2 (valid)
[14:59:26.609] [INFO] PE 1: dest[3] = 3 (valid)
[14:59:26.609] [INFO] PE 1: dest[4] = 4 (valid)
[14:59:26.609] [INFO] PE 1: dest[5] = 5 (valid)
[14:59:26.609] [INFO] PE 1: dest[6] = 6 (valid)
[14:59:26.609] [INFO] PE 1: dest[7] = 7 (valid)
[14:59:26.609] [INFO] PE 1: dest[8] = 8 (valid)
[14:59:26.609] [INFO] PE 1: dest[9] = 9 (valid)
[14:59:26.609] [INFO] PE 1: All elements validated successfully
[14:59:26.609] ------ BEGIN TEST ROUTINE: shmem_int64_put()
[14:59:26.609] [INFO] Allocated static arrays: src at 0xaaaae12b08b0, dest at 0xaaaae12b0900
[14:59:26.609] [INFO] Running on PE 1 of 2 total PEs
[14:59:26.609] [INFO] PE 1: Initialized src[0] = 1
[14:59:26.609] [INFO] PE 1: Initialized src[1] = 2
[14:59:26.609] [INFO] PE 1: Initialized src[2] = 3
[14:59:26.609] [INFO] PE 1: Initialized src[3] = 4
[14:59:26.609] [INFO] PE 1: Initialized src[4] = 5
[14:59:26.609] [INFO] PE 1: Initialized src[5] = 6
[14:59:26.609] [INFO] PE 1: Initialized src[6] = 7
[14:59:26.609] [INFO] PE 1: Initialized src[7] = 8
[14:59:26.609] [INFO] PE 1: Initialized src[8] = 9
[14:59:26.609] [INFO] PE 1: Initialized src[9] = 10
[14:59:26.609] [INFO] Completed barrier synchronization
[14:59:26.609] [INFO] Completed barrier synchronization
[14:59:26.609] [INFO] PE 1: Beginning validation of received data
[14:59:26.609] [INFO] PE 1: dest[0] = 0 (valid)
[14:59:26.609] [INFO] PE 1: dest[1] = 1 (valid)
[14:59:26.609] [INFO] PE 1: dest[2] = 2 (valid)
[14:59:26.609] [INFO] PE 1: dest[3] = 3 (valid)
[14:59:26.609] [INFO] PE 1: dest[4] = 4 (valid)
[14:59:26.609] [INFO] PE 1: dest[5] = 5 (valid)
[14:59:26.609] [INFO] PE 1: dest[6] = 6 (valid)
[14:59:26.609] [INFO] PE 1: dest[7] = 7 (valid)
[14:59:26.609] [INFO] PE 1: dest[8] = 8 (valid)
[14:59:26.609] [INFO] PE 1: dest[9] = 9 (valid)
[14:59:26.609] [INFO] PE 1: All elements validated successfully
[14:59:26.609] ------ BEGIN TEST ROUTINE: shmem_uint8_put()
[14:59:26.609] [INFO] Allocated static arrays: src at 0xaaaae12b0950, dest at 0xaaaae12b0960
[14:59:26.609] [INFO] Running on PE 1 of 2 total PEs
[14:59:26.609] [INFO] PE 1: Initialized src[0] = 1
[14:59:26.609] [INFO] PE 1: Initialized src[1] = 2
[14:59:26.609] [INFO] PE 1: Initialized src[2] = 3
[14:59:26.609] [INFO] PE 1: Initialized src[3] = 4
[14:59:26.609] [INFO] PE 1: Initialized src[4] = 5
[14:59:26.609] [INFO] PE 1: Initialized src[5] = 6
[14:59:26.609] [INFO] PE 1: Initialized src[6] = 7
[14:59:26.609] [INFO] PE 1: Initialized src[7] = 8
[14:59:26.609] [INFO] PE 1: Initialized src[8] = 9
[14:59:26.609] [INFO] PE 1: Initialized src[9] = 10
[14:59:26.609] [INFO] Completed barrier synchronization
[14:59:26.609] [INFO] Completed barrier synchronization
[14:59:26.609] [INFO] PE 1: Beginning validation of received data
[14:59:26.609] [INFO] PE 1: dest[0] = 0 (valid)
[14:59:26.609] [INFO] PE 1: dest[1] = 1 (valid)
[14:59:26.609] [INFO] PE 1: dest[2] = 2 (valid)
[14:59:26.609] [INFO] PE 1: dest[3] = 3 (valid)
[14:59:26.609] [INFO] PE 1: dest[4] = 4 (valid)
[14:59:26.609] [INFO] PE 1: dest[5] = 5 (valid)
[14:59:26.609] [INFO] PE 1: dest[6] = 6 (valid)
[14:59:26.609] [INFO] PE 1: dest[7] = 7 (valid)
[14:59:26.609] [INFO] PE 1: dest[8] = 8 (valid)
[14:59:26.609] [INFO] PE 1: dest[9] = 9 (valid)
[14:59:26.609] [INFO] PE 1: All elements validated successfully
[14:59:26.609] ------ BEGIN TEST ROUTINE: shmem_uint16_put()
[14:59:26.609] [INFO] Allocated static arrays: src at 0xaaaae12b0970, dest at 0xaaaae12b0988
[14:59:26.609] [INFO] Running on PE 1 of 2 total PEs
[14:59:26.609] [INFO] PE 1: Initialized src[0] = 1
[14:59:26.609] [INFO] PE 1: Initialized src[1] = 2
[14:59:26.609] [INFO] PE 1: Initialized src[2] = 3
[14:59:26.609] [INFO] PE 1: Initialized src[3] = 4
[14:59:26.609] [INFO] PE 1: Initialized src[4] = 5
[14:59:26.609] [INFO] PE 1: Initialized src[5] = 6
[14:59:26.609] [INFO] PE 1: Initialized src[6] = 7
[14:59:26.609] [INFO] PE 1: Initialized src[7] = 8
[14:59:26.609] [INFO] PE 1: Initialized src[8] = 9
[14:59:26.609] [INFO] PE 1: Initialized src[9] = 10
[14:59:26.609] [INFO] Completed barrier synchronization
[14:59:26.609] [INFO] Completed barrier synchronization
[14:59:26.609] [INFO] PE 1: Beginning validation of received data
[14:59:26.609] [INFO] PE 1: dest[0] = 0 (valid)
[14:59:26.609] [INFO] PE 1: dest[1] = 1 (valid)
[14:59:26.609] [INFO] PE 1: dest[2] = 2 (valid)
[14:59:26.609] [INFO] PE 1: dest[3] = 3 (valid)
[14:59:26.609] [INFO] PE 1: dest[4] = 4 (valid)
[14:59:26.609] [INFO] PE 1: dest[5] = 5 (valid)
[14:59:26.609] [INFO] PE 1: dest[6] = 6 (valid)
[14:59:26.609] [INFO] PE 1: dest[7] = 7 (valid)
[14:59:26.609] [INFO] PE 1: dest[8] = 8 (valid)
[14:59:26.609] [INFO] PE 1: dest[9] = 9 (valid)
[14:59:26.609] [INFO] PE 1: All elements validated successfully
[14:59:26.609] ------ BEGIN TEST ROUTINE: shmem_uint32_put()
[14:59:26.609] [INFO] Allocated static arrays: src at 0xaaaae12b09a0, dest at 0xaaaae12b09c8
[14:59:26.609] [INFO] Running on PE 1 of 2 total PEs
[14:59:26.609] [INFO] PE 1: Initialized src[0] = 1
[14:59:26.609] [INFO] PE 1: Initialized src[1] = 2
[14:59:26.609] [INFO] PE 1: Initialized src[2] = 3
[14:59:26.609] [INFO] PE 1: Initialized src[3] = 4
[14:59:26.609] [INFO] PE 1: Initialized src[4] = 5
[14:59:26.609] [INFO] PE 1: Initialized src[5] = 6
[14:59:26.609] [INFO] PE 1: Initialized src[6] = 7
[14:59:26.609] [INFO] PE 1: Initialized src[7] = 8
[14:59:26.609] [INFO] PE 1: Initialized src[8] = 9
[14:59:26.609] [INFO] PE 1: Initialized src[9] = 10
[14:59:26.610] [INFO] Completed barrier synchronization
[14:59:26.610] [INFO] Completed barrier synchronization
[14:59:26.610] [INFO] PE 1: Beginning validation of received data
[14:59:26.610] [INFO] PE 1: dest[0] = 0 (valid)
[14:59:26.610] [INFO] PE 1: dest[1] = 1 (valid)
[14:59:26.610] [INFO] PE 1: dest[2] = 2 (valid)
[14:59:26.610] [INFO] PE 1: dest[3] = 3 (valid)
[14:59:26.610] [INFO] PE 1: dest[4] = 4 (valid)
[14:59:26.610] [INFO] PE 1: dest[5] = 5 (valid)
[14:59:26.610] [INFO] PE 1: dest[6] = 6 (valid)
[14:59:26.610] [INFO] PE 1: dest[7] = 7 (valid)
[14:59:26.610] [INFO] PE 1: dest[8] = 8 (valid)
[14:59:26.610] [INFO] PE 1: dest[9] = 9 (valid)
[14:59:26.610] [INFO] PE 1: All elements validated successfully
[14:59:26.610] ------ BEGIN TEST ROUTINE: shmem_uint64_put()
[14:59:26.610] [INFO] Allocated static arrays: src at 0xaaaae12b09f0, dest at 0xaaaae12b0a40
[14:59:26.610] [INFO] Running on PE 1 of 2 total PEs
[14:59:26.610] [INFO] PE 1: Initialized src[0] = 1
[14:59:26.610] [INFO] PE 1: Initialized src[1] = 2
[14:59:26.610] [INFO] PE 1: Initialized src[2] = 3
[14:59:26.610] [INFO] PE 1: Initialized src[3] = 4
[14:59:26.610] [INFO] PE 1: Initialized src[4] = 5
[14:59:26.610] [INFO] PE 1: Initialized src[5] = 6
[14:59:26.610] [INFO] PE 1: Initialized src[6] = 7
[14:59:26.610] [INFO] PE 1: Initialized src[7] = 8
[14:59:26.610] [INFO] PE 1: Initialized src[8] = 9
[14:59:26.610] [INFO] PE 1: Initialized src[9] = 10
[14:59:26.610] [INFO] Completed barrier synchronization
[14:59:26.610] [INFO] Completed barrier synchronization
[14:59:26.610] [INFO] PE 1: Beginning validation of received data
[14:59:26.610] [INFO] PE 1: dest[0] = 0 (valid)
[14:59:26.610] [INFO] PE 1: dest[1] = 1 (valid)
[14:59:26.610] [INFO] PE 1: dest[2] = 2 (valid)
[14:59:26.610] [INFO] PE 1: dest[3] = 3 (valid)
[14:59:26.610] [INFO] PE 1: dest[4] = 4 (valid)
[14:59:26.610] [INFO] PE 1: dest[5] = 5 (valid)
[14:59:26.610] [INFO] PE 1: dest[6] = 6 (valid)
[14:59:26.610] [INFO] PE 1: dest[7] = 7 (valid)
[14:59:26.610] [INFO] PE 1: dest[8] = 8 (valid)
[14:59:26.610] [INFO] PE 1: dest[9] = 9 (valid)
[14:59:26.610] [INFO] PE 1: All elements validated successfully
[14:59:26.610] ------ BEGIN TEST ROUTINE: shmem_size_put()
[14:59:26.610] [INFO] Allocated static arrays: src at 0xaaaae12b0a90, dest at 0xaaaae12b0ae0
[14:59:26.610] [INFO] Running on PE 1 of 2 total PEs
[14:59:26.610] [INFO] PE 1: Initialized src[0] = 1
[14:59:26.610] [INFO] PE 1: Initialized src[1] = 2
[14:59:26.610] [INFO] PE 1: Initialized src[2] = 3
[14:59:26.610] [INFO] PE 1: Initialized src[3] = 4
[14:59:26.610] [INFO] PE 1: Initialized src[4] = 5
[14:59:26.610] [INFO] PE 1: Initialized src[5] = 6
[14:59:26.610] [INFO] PE 1: Initialized src[6] = 7
[14:59:26.610] [INFO] PE 1: Initialized src[7] = 8
[14:59:26.610] [INFO] PE 1: Initialized src[8] = 9
[14:59:26.610] [INFO] PE 1: Initialized src[9] = 10
[14:59:26.610] [INFO] Completed barrier synchronization
[14:59:26.610] [INFO] Completed barrier synchronization
[14:59:26.610] [INFO] PE 1: Beginning validation of received data
[14:59:26.610] [INFO] PE 1: dest[0] = 0 (valid)
[14:59:26.610] [INFO] PE 1: dest[1] = 1 (valid)
[14:59:26.610] [INFO] PE 1: dest[2] = 2 (valid)
[14:59:26.610] [INFO] PE 1: dest[3] = 3 (valid)
[14:59:26.610] [INFO] PE 1: dest[4] = 4 (valid)
[14:59:26.610] [INFO] PE 1: dest[5] = 5 (valid)
[14:59:26.610] [INFO] PE 1: dest[6] = 6 (valid)
[14:59:26.610] [INFO] PE 1: dest[7] = 7 (valid)
[14:59:26.610] [INFO] PE 1: dest[8] = 8 (valid)
[14:59:26.610] [INFO] PE 1: dest[9] = 9 (valid)
[14:59:26.610] [INFO] PE 1: All elements validated successfully
[14:59:26.610] ------ BEGIN TEST ROUTINE: shmem_ptrdiff_put()
[14:59:26.610] [INFO] Allocated static arrays: src at 0xaaaae12b0b30, dest at 0xaaaae12b0b80
[14:59:26.610] [INFO] Running on PE 1 of 2 total PEs
[14:59:26.610] [INFO] PE 1: Initialized src[0] = 1
[14:59:26.610] [INFO] PE 1: Initialized src[1] = 2
[14:59:26.610] [INFO] PE 1: Initialized src[2] = 3
[14:59:26.610] [INFO] PE 1: Initialized src[3] = 4
[14:59:26.610] [INFO] PE 1: Initialized src[4] = 5
[14:59:26.610] [INFO] PE 1: Initialized src[5] = 6
[14:59:26.610] [INFO] PE 1: Initialized src[6] = 7
[14:59:26.610] [INFO] PE 1: Initialized src[7] = 8
[14:59:26.610] [INFO] PE 1: Initialized src[8] = 9
[14:59:26.610] [INFO] PE 1: Initialized src[9] = 10
[14:59:26.610] [INFO] Completed barrier synchronization
[14:59:26.610] [INFO] Completed barrier synchronization
[14:59:26.610] [INFO] PE 1: Beginning validation of received data
[14:59:26.610] [INFO] PE 1: dest[0] = 0 (valid)
[14:59:26.610] [INFO] PE 1: dest[1] = 1 (valid)
[14:59:26.610] [INFO] PE 1: dest[2] = 2 (valid)
[14:59:26.610] [INFO] PE 1: dest[3] = 3 (valid)
[14:59:26.610] [INFO] PE 1: dest[4] = 4 (valid)
[14:59:26.610] [INFO] PE 1: dest[5] = 5 (valid)
[14:59:26.610] [INFO] PE 1: dest[6] = 6 (valid)
[14:59:26.610] [INFO] PE 1: dest[7] = 7 (valid)
[14:59:26.610] [INFO] PE 1: dest[8] = 8 (valid)
[14:59:26.610] [INFO] PE 1: dest[9] = 9 (valid)
[14:59:26.610] [INFO] PE 1: All elements validated successfully
---------- END TEST: PASSED
