---------- BEGIN TEST: /root/lanl/vv/shmemvv_logs/src/unit/c/atomics/c_shmem_atomic_fetch_xor_nbi.c
[11:41:03.098] ------ BEGIN TEST ROUTINE: shmem_uint_atomic_fetch_xor_nbi
[11:41:03.098] [INFO] shmem_malloc'd 4 bytes at 0xaaab00002250
[11:41:03.098] [INFO] set 0xaaab00002250 to 42
[11:41:03.098] [INFO] executing atomic fetch xor nbi: dest = 0xaaab00002250, xor_val = 15
[11:41:03.098] [INFO] atomic fetch xor nbi on a unsigned int at 0xaaab00002250 produced expected result (42 == 42 && 37 == 1)
[11:41:03.098] ------ BEGIN TEST ROUTINE: shmem_ulong_atomic_fetch_xor_nbi
[11:41:03.098] [INFO] shmem_malloc'd 8 bytes at 0xaaab00002250
[11:41:03.098] [INFO] set 0xaaab00002250 to 42
[11:41:03.099] [INFO] executing atomic fetch xor nbi: dest = 0xaaab00002250, xor_val = 15
[11:41:03.099] [INFO] atomic fetch xor nbi on a unsigned long at 0xaaab00002250 produced expected result (42 == 42 && 37 == 1)
[11:41:03.099] ------ BEGIN TEST ROUTINE: shmem_ulonglong_atomic_fetch_xor_nbi
[11:41:03.099] [INFO] shmem_malloc'd 8 bytes at 0xaaab00002250
[11:41:03.099] [INFO] set 0xaaab00002250 to 42
[11:41:03.099] [INFO] executing atomic fetch xor nbi: dest = 0xaaab00002250, xor_val = 15
[11:41:03.099] [INFO] atomic fetch xor nbi on a unsigned long long at 0xaaab00002250 produced expected result (42 == 42 && 37 == 1)
[11:41:03.099] ------ BEGIN TEST ROUTINE: shmem_int32_atomic_fetch_xor_nbi
[11:41:03.099] [INFO] shmem_malloc'd 4 bytes at 0xaaab00002250
[11:41:03.099] [INFO] set 0xaaab00002250 to 42
[11:41:03.100] [INFO] executing atomic fetch xor nbi: dest = 0xaaab00002250, xor_val = 15
[11:41:03.100] [INFO] atomic fetch xor nbi on a int32_t at 0xaaab00002250 produced expected result (42 == 42 && 37 == 1)
[11:41:03.100] ------ BEGIN TEST ROUTINE: shmem_int64_atomic_fetch_xor_nbi
[11:41:03.100] [INFO] shmem_malloc'd 8 bytes at 0xaaab00002250
[11:41:03.100] [INFO] set 0xaaab00002250 to 42
[11:41:03.100] [INFO] executing atomic fetch xor nbi: dest = 0xaaab00002250, xor_val = 15
[11:41:03.100] [INFO] atomic fetch xor nbi on a int64_t at 0xaaab00002250 produced expected result (42 == 42 && 37 == 1)
[11:41:03.100] ------ BEGIN TEST ROUTINE: shmem_uint32_atomic_fetch_xor_nbi
[11:41:03.100] [INFO] shmem_malloc'd 4 bytes at 0xaaab00002250
[11:41:03.100] [INFO] set 0xaaab00002250 to 42
[11:41:03.100] [INFO] executing atomic fetch xor nbi: dest = 0xaaab00002250, xor_val = 15
[11:41:03.101] [INFO] atomic fetch xor nbi on a uint32_t at 0xaaab00002250 produced expected result (42 == 42 && 37 == 1)
[11:41:03.101] ------ BEGIN TEST ROUTINE: shmem_uint64_atomic_fetch_xor_nbi
[11:41:03.101] [INFO] shmem_malloc'd 8 bytes at 0xaaab00002250
[11:41:03.101] [INFO] set 0xaaab00002250 to 42
[11:41:03.101] [INFO] executing atomic fetch xor nbi: dest = 0xaaab00002250, xor_val = 15
[11:41:03.101] [INFO] atomic fetch xor nbi on a uint64_t at 0xaaab00002250 produced expected result (42 == 42 && 37 == 1)
---------- END TEST: PASSED
