---------- BEGIN TEST: /root/lanl/vv/shmemvv_logs/src/unit/c/atomics/c_shmem_atomic_compare_swap.c
[11:41:02.943] ------ BEGIN TEST ROUTINE: shmem_int_atomic_compare_swap
[11:41:02.944] [INFO] set 0xaaab40002250 to 42
[11:41:02.944] [INFO] executing atomic compare swap: dest = 0xaaab40002250, old = 42, new_val = 43
[11:41:02.944] [INFO] atomic compare swap on a int at 0xaaab40002250 produced expected result (42 == 42 && 43 == 43)
[11:41:02.944] ------ BEGIN TEST ROUTINE: shmem_long_atomic_compare_swap
[11:41:02.944] [INFO] set 0xaaab40002250 to 42
[11:41:02.944] [INFO] executing atomic compare swap: dest = 0xaaab40002250, old = 42, new_val = 43
[11:41:02.945] [INFO] atomic compare swap on a long at 0xaaab40002250 produced expected result (42 == 42 && 43 == 43)
[11:41:02.945] ------ BEGIN TEST ROUTINE: shmem_longlong_atomic_compare_swap
[11:41:02.945] [INFO] set 0xaaab40002250 to 42
[11:41:02.945] [INFO] executing atomic compare swap: dest = 0xaaab40002250, old = 42, new_val = 43
[11:41:02.945] [INFO] atomic compare swap on a long long at 0xaaab40002250 produced expected result (42 == 42 && 43 == 43)
[11:41:02.945] ------ BEGIN TEST ROUTINE: shmem_uint_atomic_compare_swap
[11:41:02.945] [INFO] set 0xaaab40002250 to 42
[11:41:02.946] [INFO] executing atomic compare swap: dest = 0xaaab40002250, old = 42, new_val = 43
[11:41:02.946] [INFO] atomic compare swap on a unsigned int at 0xaaab40002250 produced expected result (42 == 42 && 43 == 43)
[11:41:02.946] ------ BEGIN TEST ROUTINE: shmem_ulong_atomic_compare_swap
[11:41:02.946] [INFO] set 0xaaab40002250 to 42
[11:41:02.946] [INFO] executing atomic compare swap: dest = 0xaaab40002250, old = 42, new_val = 43
[11:41:02.947] [INFO] atomic compare swap on a unsigned long at 0xaaab40002250 produced expected result (42 == 42 && 43 == 43)
[11:41:02.947] ------ BEGIN TEST ROUTINE: shmem_ulonglong_atomic_compare_swap
[11:41:02.947] [INFO] set 0xaaab40002250 to 42
[11:41:02.947] [INFO] executing atomic compare swap: dest = 0xaaab40002250, old = 42, new_val = 43
[11:41:02.947] [INFO] atomic compare swap on a unsigned long long at 0xaaab40002250 produced expected result (42 == 42 && 43 == 43)
[11:41:02.947] ------ BEGIN TEST ROUTINE: shmem_int32_atomic_compare_swap
[11:41:02.947] [INFO] set 0xaaab40002250 to 42
[11:41:02.948] [INFO] executing atomic compare swap: dest = 0xaaab40002250, old = 42, new_val = 43
[11:41:02.948] [INFO] atomic compare swap on a int32_t at 0xaaab40002250 produced expected result (42 == 42 && 43 == 43)
[11:41:02.948] ------ BEGIN TEST ROUTINE: shmem_int64_atomic_compare_swap
[11:41:02.948] [INFO] set 0xaaab40002250 to 42
[11:41:02.948] [INFO] executing atomic compare swap: dest = 0xaaab40002250, old = 42, new_val = 43
[11:41:02.948] [INFO] atomic compare swap on a int64_t at 0xaaab40002250 produced expected result (42 == 42 && 43 == 43)
[11:41:02.949] ------ BEGIN TEST ROUTINE: shmem_uint32_atomic_compare_swap
[11:41:02.949] [INFO] set 0xaaab40002250 to 42
[11:41:02.949] [INFO] executing atomic compare swap: dest = 0xaaab40002250, old = 42, new_val = 43
[11:41:02.949] [INFO] atomic compare swap on a uint32_t at 0xaaab40002250 produced expected result (42 == 42 && 43 == 43)
[11:41:02.949] ------ BEGIN TEST ROUTINE: shmem_uint64_atomic_compare_swap
[11:41:02.949] [INFO] set 0xaaab40002250 to 42
[11:41:02.949] [INFO] executing atomic compare swap: dest = 0xaaab40002250, old = 42, new_val = 43
[11:41:02.949] [INFO] atomic compare swap on a uint64_t at 0xaaab40002250 produced expected result (42 == 42 && 43 == 43)
[11:41:02.949] ------ BEGIN TEST ROUTINE: shmem_size_atomic_compare_swap
[11:41:02.950] [INFO] set 0xaaab40002250 to 42
[11:41:02.950] [INFO] executing atomic compare swap: dest = 0xaaab40002250, old = 42, new_val = 43
[11:41:02.950] [INFO] atomic compare swap on a size_t at 0xaaab40002250 produced expected result (42 == 42 && 43 == 43)
[11:41:02.950] ------ BEGIN TEST ROUTINE: shmem_ptrdiff_atomic_compare_swap
[11:41:02.950] [INFO] set 0xaaab40002250 to 42
[11:41:02.950] [INFO] executing atomic compare swap: dest = 0xaaab40002250, old = 42, new_val = 43
[11:41:02.950] [INFO] atomic compare swap on a ptrdiff_t at 0xaaab40002250 produced expected result (42 == 42 && 43 == 43)
---------- END TEST: PASSED
