---------- BEGIN TEST: /root/lanl/vv/shmemvv_logs/src/unit/c/pt2pt_sync/c_shmem_wait_until_any_vector.c
[14:26:45.107] ------ BEGIN TEST ROUTINE: shmem_wait_until_any_vector(int)
[14:26:45.107] [INFO] Allocated flags array (16 bytes) at address 0xaaab00002250
[14:26:45.107] [INFO] Initialized all flags to 0
[14:26:45.108] [INFO] PE 0: Setting flags[2] to 1 on PE 1 (address: 0xaaab00002258)
[14:26:45.108] [INFO] PE 0: Called shmem_quiet() after setting flag
[14:26:45.108] [INFO] Freeing allocated memory at 0xaaab00002250
[14:26:45.108] ------ BEGIN TEST ROUTINE: shmem_wait_until_any_vector(long)
[14:26:45.108] [INFO] Allocated flags array (32 bytes) at address 0xaaab00002250
[14:26:45.108] [INFO] Initialized all flags to 0
[14:26:45.108] [INFO] PE 0: Setting flags[2] to 1 on PE 1 (address: 0xaaab00002260)
[14:26:45.108] [INFO] PE 0: Called shmem_quiet() after setting flag
[14:26:45.108] [INFO] Freeing allocated memory at 0xaaab00002250
[14:26:45.108] ------ BEGIN TEST ROUTINE: shmem_wait_until_any_vector(long long)
[14:26:45.108] [INFO] Allocated flags array (32 bytes) at address 0xaaab00002250
[14:26:45.108] [INFO] Initialized all flags to 0
[14:26:45.108] [INFO] PE 0: Setting flags[2] to 1 on PE 1 (address: 0xaaab00002260)
[14:26:45.109] [INFO] PE 0: Called shmem_quiet() after setting flag
[14:26:45.109] [INFO] Freeing allocated memory at 0xaaab00002250
[14:26:45.109] ------ BEGIN TEST ROUTINE: shmem_wait_until_any_vector(unsigned int)
[14:26:45.109] [INFO] Allocated flags array (16 bytes) at address 0xaaab00002250
[14:26:45.109] [INFO] Initialized all flags to 0
[14:26:45.109] [INFO] PE 0: Setting flags[2] to 1 on PE 1 (address: 0xaaab00002258)
[14:26:45.109] [INFO] PE 0: Called shmem_quiet() after setting flag
[14:26:45.109] [INFO] Freeing allocated memory at 0xaaab00002250
[14:26:45.109] ------ BEGIN TEST ROUTINE: shmem_wait_until_any_vector(unsigned long)
[14:26:45.109] [INFO] Allocated flags array (32 bytes) at address 0xaaab00002250
[14:26:45.109] [INFO] Initialized all flags to 0
[14:26:45.109] [INFO] PE 0: Setting flags[2] to 1 on PE 1 (address: 0xaaab00002260)
[14:26:45.109] [INFO] PE 0: Called shmem_quiet() after setting flag
[14:26:45.110] [INFO] Freeing allocated memory at 0xaaab00002250
[14:26:45.110] ------ BEGIN TEST ROUTINE: shmem_wait_until_any_vector(unsigned long long)
[14:26:45.110] [INFO] Allocated flags array (32 bytes) at address 0xaaab00002250
[14:26:45.110] [INFO] Initialized all flags to 0
[14:26:45.110] [INFO] PE 0: Setting flags[2] to 1 on PE 1 (address: 0xaaab00002260)
[14:26:45.110] [INFO] PE 0: Called shmem_quiet() after setting flag
[14:26:45.110] [INFO] Freeing allocated memory at 0xaaab00002250
[14:26:45.110] ------ BEGIN TEST ROUTINE: shmem_wait_until_any_vector(int32_t)
[14:26:45.110] [INFO] Allocated flags array (16 bytes) at address 0xaaab00002250
[14:26:45.110] [INFO] Initialized all flags to 0
[14:26:45.110] [INFO] PE 0: Setting flags[2] to 1 on PE 1 (address: 0xaaab00002258)
[14:26:45.110] [INFO] PE 0: Called shmem_quiet() after setting flag
[14:26:45.110] [INFO] Freeing allocated memory at 0xaaab00002250
[14:26:45.111] ------ BEGIN TEST ROUTINE: shmem_wait_until_any_vector(int64_t)
[14:26:45.111] [INFO] Allocated flags array (32 bytes) at address 0xaaab00002250
[14:26:45.111] [INFO] Initialized all flags to 0
[14:26:45.111] [INFO] PE 0: Setting flags[2] to 1 on PE 1 (address: 0xaaab00002260)
[14:26:45.111] [INFO] PE 0: Called shmem_quiet() after setting flag
[14:26:45.111] [INFO] Freeing allocated memory at 0xaaab00002250
[14:26:45.111] ------ BEGIN TEST ROUTINE: shmem_wait_until_any_vector(uint32_t)
[14:26:45.111] [INFO] Allocated flags array (16 bytes) at address 0xaaab00002250
[14:26:45.111] [INFO] Initialized all flags to 0
[14:26:45.111] [INFO] PE 0: Setting flags[2] to 1 on PE 1 (address: 0xaaab00002258)
[14:26:45.111] [INFO] PE 0: Called shmem_quiet() after setting flag
[14:26:45.111] [INFO] Freeing allocated memory at 0xaaab00002250
[14:26:45.112] ------ BEGIN TEST ROUTINE: shmem_wait_until_any_vector(uint64_t)
[14:26:45.112] [INFO] Allocated flags array (32 bytes) at address 0xaaab00002250
[14:26:45.112] [INFO] Initialized all flags to 0
[14:26:45.112] [INFO] PE 0: Setting flags[2] to 1 on PE 1 (address: 0xaaab00002260)
[14:26:45.112] [INFO] PE 0: Called shmem_quiet() after setting flag
[14:26:45.112] [INFO] Freeing allocated memory at 0xaaab00002250
[14:26:45.112] ------ BEGIN TEST ROUTINE: shmem_wait_until_any_vector(size_t)
[14:26:45.112] [INFO] Allocated flags array (32 bytes) at address 0xaaab00002250
[14:26:45.112] [INFO] Initialized all flags to 0
[14:26:45.112] [INFO] PE 0: Setting flags[2] to 1 on PE 1 (address: 0xaaab00002260)
[14:26:45.112] [INFO] PE 0: Called shmem_quiet() after setting flag
[14:26:45.113] [INFO] Freeing allocated memory at 0xaaab00002250
[14:26:45.113] ------ BEGIN TEST ROUTINE: shmem_wait_until_any_vector(ptrdiff_t)
[14:26:45.113] [INFO] Allocated flags array (32 bytes) at address 0xaaab00002250
[14:26:45.113] [INFO] Initialized all flags to 0
[14:26:45.113] [INFO] PE 0: Setting flags[2] to 1 on PE 1 (address: 0xaaab00002260)
[14:26:45.113] [INFO] PE 0: Called shmem_quiet() after setting flag
[14:26:45.113] [INFO] Freeing allocated memory at 0xaaab00002250
---------- END TEST: PASSED
