---------- BEGIN TEST: /root/lanl/vv/shmemvv_logs/src/unit/c/collectives/c_shmem_fcollect.c
[11:41:03.265] ------ BEGIN TEST ROUTINE: shmem_float_fcollect
[11:41:03.266] [INFO] shmem_malloc'd 4 bytes @ &src = 0xaaab00002250, 8 bytes @ &dest = 0xaaab00002270
[11:41:03.266] [INFO] set 0xaaab00002250 (src[0]) to 0
[11:41:03.266] [INFO] executing shmem_fcollect: dest = 0xaaab00002270, src = 0xaaab00002250
[11:41:03.266] [INFO] validating result...
[11:41:03.266] [INFO] shmem_float_fcollect produced expected result.
[11:41:03.266] ------ BEGIN TEST ROUTINE: shmem_double_fcollect
[11:41:03.266] [INFO] shmem_malloc'd 8 bytes @ &src = 0xaaab00002250, 16 bytes @ &dest = 0xaaab00002270
[11:41:03.266] [INFO] set 0xaaab00002250 (src[0]) to 0
[11:41:03.266] [INFO] executing shmem_fcollect: dest = 0xaaab00002270, src = 0xaaab00002250
[11:41:03.266] [INFO] validating result...
[11:41:03.266] [INFO] shmem_double_fcollect produced expected result.
[11:41:03.266] ------ BEGIN TEST ROUTINE: shmem_longdouble_fcollect
[11:41:03.266] [INFO] shmem_malloc'd 16 bytes @ &src = 0xaaab00002250, 32 bytes @ &dest = 0xaaab00002270
[11:41:03.266] [INFO] set 0xaaab00002250 (src[0]) to 0
[11:41:03.266] [INFO] executing shmem_fcollect: dest = 0xaaab00002270, src = 0xaaab00002250
[11:41:03.267] [INFO] validating result...
[11:41:03.267] [INFO] shmem_longdouble_fcollect produced expected result.
[11:41:03.267] ------ BEGIN TEST ROUTINE: shmem_char_fcollect
[11:41:03.267] [INFO] shmem_malloc'd 1 bytes @ &src = 0xaaab00002250, 2 bytes @ &dest = 0xaaab00002270
[11:41:03.267] [INFO] set 0xaaab00002250 (src[0]) to 0
[11:41:03.267] [INFO] executing shmem_fcollect: dest = 0xaaab00002270, src = 0xaaab00002250
[11:41:03.267] [INFO] validating result...
[11:41:03.267] [INFO] shmem_char_fcollect produced expected result.
[11:41:03.267] ------ BEGIN TEST ROUTINE: shmem_schar_fcollect
[11:41:03.267] [INFO] shmem_malloc'd 1 bytes @ &src = 0xaaab00002250, 2 bytes @ &dest = 0xaaab00002270
[11:41:03.267] [INFO] set 0xaaab00002250 (src[0]) to 0
[11:41:03.267] [INFO] executing shmem_fcollect: dest = 0xaaab00002270, src = 0xaaab00002250
[11:41:03.267] [INFO] validating result...
[11:41:03.268] [INFO] shmem_schar_fcollect produced expected result.
[11:41:03.268] ------ BEGIN TEST ROUTINE: shmem_short_fcollect
[11:41:03.268] [INFO] shmem_malloc'd 2 bytes @ &src = 0xaaab00002250, 4 bytes @ &dest = 0xaaab00002270
[11:41:03.268] [INFO] set 0xaaab00002250 (src[0]) to 0
[11:41:03.268] [INFO] executing shmem_fcollect: dest = 0xaaab00002270, src = 0xaaab00002250
[11:41:03.268] [INFO] validating result...
[11:41:03.268] [INFO] shmem_short_fcollect produced expected result.
[11:41:03.268] ------ BEGIN TEST ROUTINE: shmem_int_fcollect
[11:41:03.268] [INFO] shmem_malloc'd 4 bytes @ &src = 0xaaab00002250, 8 bytes @ &dest = 0xaaab00002270
[11:41:03.268] [INFO] set 0xaaab00002250 (src[0]) to 0
[11:41:03.268] [INFO] executing shmem_fcollect: dest = 0xaaab00002270, src = 0xaaab00002250
[11:41:03.268] [INFO] validating result...
[11:41:03.268] [INFO] shmem_int_fcollect produced expected result.
[11:41:03.269] ------ BEGIN TEST ROUTINE: shmem_long_fcollect
[11:41:03.269] [INFO] shmem_malloc'd 8 bytes @ &src = 0xaaab00002250, 16 bytes @ &dest = 0xaaab00002270
[11:41:03.269] [INFO] set 0xaaab00002250 (src[0]) to 0
[11:41:03.269] [INFO] executing shmem_fcollect: dest = 0xaaab00002270, src = 0xaaab00002250
[11:41:03.269] [INFO] validating result...
[11:41:03.269] [INFO] shmem_long_fcollect produced expected result.
[11:41:03.269] ------ BEGIN TEST ROUTINE: shmem_longlong_fcollect
[11:41:03.269] [INFO] shmem_malloc'd 8 bytes @ &src = 0xaaab00002250, 16 bytes @ &dest = 0xaaab00002270
[11:41:03.269] [INFO] set 0xaaab00002250 (src[0]) to 0
[11:41:03.269] [INFO] executing shmem_fcollect: dest = 0xaaab00002270, src = 0xaaab00002250
[11:41:03.269] [INFO] validating result...
[11:41:03.269] [INFO] shmem_longlong_fcollect produced expected result.
[11:41:03.269] ------ BEGIN TEST ROUTINE: shmem_uchar_fcollect
[11:41:03.270] [INFO] shmem_malloc'd 1 bytes @ &src = 0xaaab00002250, 2 bytes @ &dest = 0xaaab00002270
[11:41:03.270] [INFO] set 0xaaab00002250 (src[0]) to 0
[11:41:03.270] [INFO] executing shmem_fcollect: dest = 0xaaab00002270, src = 0xaaab00002250
[11:41:03.270] [INFO] validating result...
[11:41:03.270] [INFO] shmem_uchar_fcollect produced expected result.
[11:41:03.270] ------ BEGIN TEST ROUTINE: shmem_ushort_fcollect
[11:41:03.270] [INFO] shmem_malloc'd 2 bytes @ &src = 0xaaab00002250, 4 bytes @ &dest = 0xaaab00002270
[11:41:03.270] [INFO] set 0xaaab00002250 (src[0]) to 0
[11:41:03.270] [INFO] executing shmem_fcollect: dest = 0xaaab00002270, src = 0xaaab00002250
[11:41:03.270] [INFO] validating result...
[11:41:03.270] [INFO] shmem_ushort_fcollect produced expected result.
[11:41:03.270] ------ BEGIN TEST ROUTINE: shmem_uint_fcollect
[11:41:03.271] [INFO] shmem_malloc'd 4 bytes @ &src = 0xaaab00002250, 8 bytes @ &dest = 0xaaab00002270
[11:41:03.271] [INFO] set 0xaaab00002250 (src[0]) to 0
[11:41:03.271] [INFO] executing shmem_fcollect: dest = 0xaaab00002270, src = 0xaaab00002250
[11:41:03.271] [INFO] validating result...
[11:41:03.271] [INFO] shmem_uint_fcollect produced expected result.
[11:41:03.271] ------ BEGIN TEST ROUTINE: shmem_ulong_fcollect
[11:41:03.271] [INFO] shmem_malloc'd 8 bytes @ &src = 0xaaab00002250, 16 bytes @ &dest = 0xaaab00002270
[11:41:03.271] [INFO] set 0xaaab00002250 (src[0]) to 0
[11:41:03.271] [INFO] executing shmem_fcollect: dest = 0xaaab00002270, src = 0xaaab00002250
[11:41:03.271] [INFO] validating result...
[11:41:03.271] [INFO] shmem_ulong_fcollect produced expected result.
[11:41:03.271] ------ BEGIN TEST ROUTINE: shmem_ulonglong_fcollect
[11:41:03.272] [INFO] shmem_malloc'd 8 bytes @ &src = 0xaaab00002250, 16 bytes @ &dest = 0xaaab00002270
[11:41:03.272] [INFO] set 0xaaab00002250 (src[0]) to 0
[11:41:03.272] [INFO] executing shmem_fcollect: dest = 0xaaab00002270, src = 0xaaab00002250
[11:41:03.272] [INFO] validating result...
[11:41:03.272] [INFO] shmem_ulonglong_fcollect produced expected result.
[11:41:03.272] ------ BEGIN TEST ROUTINE: shmem_int8_fcollect
[11:41:03.272] [INFO] shmem_malloc'd 1 bytes @ &src = 0xaaab00002250, 2 bytes @ &dest = 0xaaab00002270
[11:41:03.272] [INFO] set 0xaaab00002250 (src[0]) to 0
[11:41:03.272] [INFO] executing shmem_fcollect: dest = 0xaaab00002270, src = 0xaaab00002250
[11:41:03.272] [INFO] validating result...
[11:41:03.272] [INFO] shmem_int8_fcollect produced expected result.
[11:41:03.272] ------ BEGIN TEST ROUTINE: shmem_int16_fcollect
[11:41:03.272] [INFO] shmem_malloc'd 2 bytes @ &src = 0xaaab00002250, 4 bytes @ &dest = 0xaaab00002270
[11:41:03.272] [INFO] set 0xaaab00002250 (src[0]) to 0
[11:41:03.272] [INFO] executing shmem_fcollect: dest = 0xaaab00002270, src = 0xaaab00002250
[11:41:03.273] [INFO] validating result...
[11:41:03.273] [INFO] shmem_int16_fcollect produced expected result.
[11:41:03.273] ------ BEGIN TEST ROUTINE: shmem_int32_fcollect
[11:41:03.273] [INFO] shmem_malloc'd 4 bytes @ &src = 0xaaab00002250, 8 bytes @ &dest = 0xaaab00002270
[11:41:03.273] [INFO] set 0xaaab00002250 (src[0]) to 0
[11:41:03.273] [INFO] executing shmem_fcollect: dest = 0xaaab00002270, src = 0xaaab00002250
[11:41:03.273] [INFO] validating result...
[11:41:03.273] [INFO] shmem_int32_fcollect produced expected result.
[11:41:03.273] ------ BEGIN TEST ROUTINE: shmem_int64_fcollect
[11:41:03.273] [INFO] shmem_malloc'd 8 bytes @ &src = 0xaaab00002250, 16 bytes @ &dest = 0xaaab00002270
[11:41:03.273] [INFO] set 0xaaab00002250 (src[0]) to 0
[11:41:03.273] [INFO] executing shmem_fcollect: dest = 0xaaab00002270, src = 0xaaab00002250
[11:41:03.274] [INFO] validating result...
[11:41:03.274] [INFO] shmem_int64_fcollect produced expected result.
[11:41:03.274] ------ BEGIN TEST ROUTINE: shmem_uint8_fcollect
[11:41:03.274] [INFO] shmem_malloc'd 1 bytes @ &src = 0xaaab00002250, 2 bytes @ &dest = 0xaaab00002270
[11:41:03.274] [INFO] set 0xaaab00002250 (src[0]) to 0
[11:41:03.274] [INFO] executing shmem_fcollect: dest = 0xaaab00002270, src = 0xaaab00002250
[11:41:03.274] [INFO] validating result...
[11:41:03.274] [INFO] shmem_uint8_fcollect produced expected result.
[11:41:03.274] ------ BEGIN TEST ROUTINE: shmem_uint16_fcollect
[11:41:03.274] [INFO] shmem_malloc'd 2 bytes @ &src = 0xaaab00002250, 4 bytes @ &dest = 0xaaab00002270
[11:41:03.274] [INFO] set 0xaaab00002250 (src[0]) to 0
[11:41:03.274] [INFO] executing shmem_fcollect: dest = 0xaaab00002270, src = 0xaaab00002250
[11:41:03.274] [INFO] validating result...
[11:41:03.274] [INFO] shmem_uint16_fcollect produced expected result.
[11:41:03.275] ------ BEGIN TEST ROUTINE: shmem_uint32_fcollect
[11:41:03.275] [INFO] shmem_malloc'd 4 bytes @ &src = 0xaaab00002250, 8 bytes @ &dest = 0xaaab00002270
[11:41:03.275] [INFO] set 0xaaab00002250 (src[0]) to 0
[11:41:03.275] [INFO] executing shmem_fcollect: dest = 0xaaab00002270, src = 0xaaab00002250
[11:41:03.275] [INFO] validating result...
[11:41:03.275] [INFO] shmem_uint32_fcollect produced expected result.
[11:41:03.275] ------ BEGIN TEST ROUTINE: shmem_uint64_fcollect
[11:41:03.275] [INFO] shmem_malloc'd 8 bytes @ &src = 0xaaab00002250, 16 bytes @ &dest = 0xaaab00002270
[11:41:03.275] [INFO] set 0xaaab00002250 (src[0]) to 0
[11:41:03.275] [INFO] executing shmem_fcollect: dest = 0xaaab00002270, src = 0xaaab00002250
[11:41:03.276] [INFO] validating result...
[11:41:03.276] [INFO] shmem_uint64_fcollect produced expected result.
[11:41:03.276] ------ BEGIN TEST ROUTINE: shmem_size_fcollect
[11:41:03.276] [INFO] shmem_malloc'd 8 bytes @ &src = 0xaaab00002250, 16 bytes @ &dest = 0xaaab00002270
[11:41:03.276] [INFO] set 0xaaab00002250 (src[0]) to 0
[11:41:03.276] [INFO] executing shmem_fcollect: dest = 0xaaab00002270, src = 0xaaab00002250
[11:41:03.276] [INFO] validating result...
[11:41:03.276] [INFO] shmem_size_fcollect produced expected result.
[11:41:03.276] ------ BEGIN TEST ROUTINE: shmem_ptrdiff_fcollect
[11:41:03.277] [INFO] shmem_malloc'd 8 bytes @ &src = 0xaaab00002250, 16 bytes @ &dest = 0xaaab00002270
[11:41:03.277] [INFO] set 0xaaab00002250 (src[0]) to 0
[11:41:03.277] [INFO] executing shmem_fcollect: dest = 0xaaab00002270, src = 0xaaab00002250
[11:41:03.277] [INFO] validating result...
[11:41:03.277] [INFO] shmem_ptrdiff_fcollect produced expected result.
---------- END TEST: PASSED
