---------- BEGIN TEST: /root/lanl/vv/shmemvv_logs/src/unit/c/rma/c_shmem_get.c
[16:28:12.827] ------ BEGIN TEST ROUTINE: shmem_long_get()
[16:28:12.827] [INFO] Allocated static arrays: src at 0xaaaad0560200, dest at 0xaaaad0560250
[16:28:12.827] [INFO] Running on PE 1 of 2 total PEs
[16:28:12.827] [INFO] Completed barrier synchronization
[16:28:12.827] [INFO] PE 1: Starting get of 10 elements from PE 0
[16:28:12.827] [INFO] PE 1: Completed get operation
[16:28:12.827] [INFO] Completed barrier synchronization
[16:28:12.827] [INFO] PE 1: Beginning validation of received data
[16:28:12.827] [INFO] PE 1: Validation successful - all elements match expected values
[16:28:12.827] ------ BEGIN TEST ROUTINE: shmem_double_get()
[16:28:12.827] [INFO] Allocated static arrays: src at 0xaaaad05602a0, dest at 0xaaaad05602f0
[16:28:12.827] [INFO] Running on PE 1 of 2 total PEs
[16:28:12.828] [INFO] Completed barrier synchronization
[16:28:12.828] [INFO] PE 1: Starting get of 10 elements from PE 0
[16:28:12.828] [INFO] PE 1: Completed get operation
[16:28:12.828] [INFO] Completed barrier synchronization
[16:28:12.828] [INFO] PE 1: Beginning validation of received data
[16:28:12.828] [INFO] PE 1: Validation successful - all elements match expected values
[16:28:12.828] ------ BEGIN TEST ROUTINE: shmem_longdouble_get()
[16:28:12.828] [INFO] Allocated static arrays: src at 0xaaaad0560340, dest at 0xaaaad05603e0
[16:28:12.828] [INFO] Running on PE 1 of 2 total PEs
[16:28:12.828] [INFO] Completed barrier synchronization
[16:28:12.828] [INFO] PE 1: Starting get of 10 elements from PE 0
[16:28:12.828] [INFO] PE 1: Completed get operation
[16:28:12.828] [INFO] Completed barrier synchronization
[16:28:12.828] [INFO] PE 1: Beginning validation of received data
[16:28:12.828] [INFO] PE 1: Validation successful - all elements match expected values
[16:28:12.828] ------ BEGIN TEST ROUTINE: shmem_char_get()
[16:28:12.828] [INFO] Allocated static arrays: src at 0xaaaad0560480, dest at 0xaaaad0560490
[16:28:12.828] [INFO] Running on PE 1 of 2 total PEs
[16:28:12.828] [INFO] Completed barrier synchronization
[16:28:12.828] [INFO] PE 1: Starting get of 10 elements from PE 0
[16:28:12.828] [INFO] PE 1: Completed get operation
[16:28:12.828] [INFO] Completed barrier synchronization
[16:28:12.828] [INFO] PE 1: Beginning validation of received data
[16:28:12.828] [INFO] PE 1: Validation successful - all elements match expected values
[16:28:12.828] ------ BEGIN TEST ROUTINE: shmem_schar_get()
[16:28:12.828] [INFO] Allocated static arrays: src at 0xaaaad05604a0, dest at 0xaaaad05604b0
[16:28:12.828] [INFO] Running on PE 1 of 2 total PEs
[16:28:12.828] [INFO] Completed barrier synchronization
[16:28:12.828] [INFO] PE 1: Starting get of 10 elements from PE 0
[16:28:12.828] [INFO] PE 1: Completed get operation
[16:28:12.828] [INFO] Completed barrier synchronization
[16:28:12.828] [INFO] PE 1: Beginning validation of received data
[16:28:12.828] [INFO] PE 1: Validation successful - all elements match expected values
[16:28:12.828] ------ BEGIN TEST ROUTINE: shmem_short_get()
[16:28:12.828] [INFO] Allocated static arrays: src at 0xaaaad05604c0, dest at 0xaaaad05604d8
[16:28:12.828] [INFO] Running on PE 1 of 2 total PEs
[16:28:12.828] [INFO] Completed barrier synchronization
[16:28:12.828] [INFO] PE 1: Starting get of 10 elements from PE 0
[16:28:12.828] [INFO] PE 1: Completed get operation
[16:28:12.829] [INFO] Completed barrier synchronization
[16:28:12.829] [INFO] PE 1: Beginning validation of received data
[16:28:12.829] [INFO] PE 1: Validation successful - all elements match expected values
[16:28:12.829] ------ BEGIN TEST ROUTINE: shmem_int_get()
[16:28:12.829] [INFO] Allocated static arrays: src at 0xaaaad05604f0, dest at 0xaaaad0560518
[16:28:12.829] [INFO] Running on PE 1 of 2 total PEs
[16:28:12.829] [INFO] Completed barrier synchronization
[16:28:12.829] [INFO] PE 1: Starting get of 10 elements from PE 0
[16:28:12.829] [INFO] PE 1: Completed get operation
[16:28:12.829] [INFO] Completed barrier synchronization
[16:28:12.829] [INFO] PE 1: Beginning validation of received data
[16:28:12.829] [INFO] PE 1: Validation successful - all elements match expected values
[16:28:12.829] ------ BEGIN TEST ROUTINE: shmem_long_get()
[16:28:12.829] [INFO] Allocated static arrays: src at 0xaaaad0560540, dest at 0xaaaad0560590
[16:28:12.829] [INFO] Running on PE 1 of 2 total PEs
[16:28:12.829] [INFO] Completed barrier synchronization
[16:28:12.829] [INFO] PE 1: Starting get of 10 elements from PE 0
[16:28:12.829] [INFO] PE 1: Completed get operation
[16:28:12.829] [INFO] Completed barrier synchronization
[16:28:12.829] [INFO] PE 1: Beginning validation of received data
[16:28:12.829] [INFO] PE 1: Validation successful - all elements match expected values
[16:28:12.829] ------ BEGIN TEST ROUTINE: shmem_longlong_get()
[16:28:12.829] [INFO] Allocated static arrays: src at 0xaaaad05605e0, dest at 0xaaaad0560630
[16:28:12.829] [INFO] Running on PE 1 of 2 total PEs
[16:28:12.829] [INFO] Completed barrier synchronization
[16:28:12.829] [INFO] PE 1: Starting get of 10 elements from PE 0
[16:28:12.829] [INFO] PE 1: Completed get operation
[16:28:12.829] [INFO] Completed barrier synchronization
[16:28:12.829] [INFO] PE 1: Beginning validation of received data
[16:28:12.829] [INFO] PE 1: Validation successful - all elements match expected values
[16:28:12.829] ------ BEGIN TEST ROUTINE: shmem_uchar_get()
[16:28:12.829] [INFO] Allocated static arrays: src at 0xaaaad0560680, dest at 0xaaaad0560690
[16:28:12.829] [INFO] Running on PE 1 of 2 total PEs
[16:28:12.829] [INFO] Completed barrier synchronization
[16:28:12.829] [INFO] PE 1: Starting get of 10 elements from PE 0
[16:28:12.829] [INFO] PE 1: Completed get operation
[16:28:12.829] [INFO] Completed barrier synchronization
[16:28:12.829] [INFO] PE 1: Beginning validation of received data
[16:28:12.829] [INFO] PE 1: Validation successful - all elements match expected values
[16:28:12.829] ------ BEGIN TEST ROUTINE: shmem_ushort_get()
[16:28:12.829] [INFO] Allocated static arrays: src at 0xaaaad05606a0, dest at 0xaaaad05606b8
[16:28:12.829] [INFO] Running on PE 1 of 2 total PEs
[16:28:12.829] [INFO] Completed barrier synchronization
[16:28:12.829] [INFO] PE 1: Starting get of 10 elements from PE 0
[16:28:12.830] [INFO] PE 1: Completed get operation
[16:28:12.830] [INFO] Completed barrier synchronization
[16:28:12.830] [INFO] PE 1: Beginning validation of received data
[16:28:12.830] [INFO] PE 1: Validation successful - all elements match expected values
[16:28:12.830] ------ BEGIN TEST ROUTINE: shmem_uint_get()
[16:28:12.830] [INFO] Allocated static arrays: src at 0xaaaad05606d0, dest at 0xaaaad05606f8
[16:28:12.830] [INFO] Running on PE 1 of 2 total PEs
[16:28:12.830] [INFO] Completed barrier synchronization
[16:28:12.830] [INFO] PE 1: Starting get of 10 elements from PE 0
[16:28:12.830] [INFO] PE 1: Completed get operation
[16:28:12.830] [INFO] Completed barrier synchronization
[16:28:12.830] [INFO] PE 1: Beginning validation of received data
[16:28:12.830] [INFO] PE 1: Validation successful - all elements match expected values
[16:28:12.830] ------ BEGIN TEST ROUTINE: shmem_ulong_get()
[16:28:12.830] [INFO] Allocated static arrays: src at 0xaaaad0560720, dest at 0xaaaad0560770
[16:28:12.830] [INFO] Running on PE 1 of 2 total PEs
[16:28:12.830] [INFO] Completed barrier synchronization
[16:28:12.830] [INFO] PE 1: Starting get of 10 elements from PE 0
[16:28:12.830] [INFO] PE 1: Completed get operation
[16:28:12.830] [INFO] Completed barrier synchronization
[16:28:12.830] [INFO] PE 1: Beginning validation of received data
[16:28:12.830] [INFO] PE 1: Validation successful - all elements match expected values
[16:28:12.830] ------ BEGIN TEST ROUTINE: shmem_ulonglong_get()
[16:28:12.830] [INFO] Allocated static arrays: src at 0xaaaad05607c0, dest at 0xaaaad0560810
[16:28:12.830] [INFO] Running on PE 1 of 2 total PEs
[16:28:12.830] [INFO] Completed barrier synchronization
[16:28:12.830] [INFO] PE 1: Starting get of 10 elements from PE 0
[16:28:12.830] [INFO] PE 1: Completed get operation
[16:28:12.830] [INFO] Completed barrier synchronization
[16:28:12.830] [INFO] PE 1: Beginning validation of received data
[16:28:12.830] [INFO] PE 1: Validation successful - all elements match expected values
[16:28:12.830] ------ BEGIN TEST ROUTINE: shmem_int8_get()
[16:28:12.830] [INFO] Allocated static arrays: src at 0xaaaad0560860, dest at 0xaaaad0560870
[16:28:12.830] [INFO] Running on PE 1 of 2 total PEs
[16:28:12.830] [INFO] Completed barrier synchronization
[16:28:12.830] [INFO] PE 1: Starting get of 10 elements from PE 0
[16:28:12.830] [INFO] PE 1: Completed get operation
[16:28:12.830] [INFO] Completed barrier synchronization
[16:28:12.830] [INFO] PE 1: Beginning validation of received data
[16:28:12.830] [INFO] PE 1: Validation successful - all elements match expected values
[16:28:12.830] ------ BEGIN TEST ROUTINE: shmem_int16_get()
[16:28:12.830] [INFO] Allocated static arrays: src at 0xaaaad0560880, dest at 0xaaaad0560898
[16:28:12.830] [INFO] Running on PE 1 of 2 total PEs
[16:28:12.831] [INFO] Completed barrier synchronization
[16:28:12.831] [INFO] PE 1: Starting get of 10 elements from PE 0
[16:28:12.831] [INFO] PE 1: Completed get operation
[16:28:12.831] [INFO] Completed barrier synchronization
[16:28:12.831] [INFO] PE 1: Beginning validation of received data
[16:28:12.831] [INFO] PE 1: Validation successful - all elements match expected values
[16:28:12.831] ------ BEGIN TEST ROUTINE: shmem_int32_get()
[16:28:12.831] [INFO] Allocated static arrays: src at 0xaaaad05608b0, dest at 0xaaaad05608d8
[16:28:12.831] [INFO] Running on PE 1 of 2 total PEs
[16:28:12.831] [INFO] Completed barrier synchronization
[16:28:12.831] [INFO] PE 1: Starting get of 10 elements from PE 0
[16:28:12.831] [INFO] PE 1: Completed get operation
[16:28:12.831] [INFO] Completed barrier synchronization
[16:28:12.831] [INFO] PE 1: Beginning validation of received data
[16:28:12.831] [INFO] PE 1: Validation successful - all elements match expected values
[16:28:12.831] ------ BEGIN TEST ROUTINE: shmem_int64_get()
[16:28:12.831] [INFO] Allocated static arrays: src at 0xaaaad0560900, dest at 0xaaaad0560950
[16:28:12.831] [INFO] Running on PE 1 of 2 total PEs
[16:28:12.831] [INFO] Completed barrier synchronization
[16:28:12.831] [INFO] PE 1: Starting get of 10 elements from PE 0
[16:28:12.831] [INFO] PE 1: Completed get operation
[16:28:12.831] [INFO] Completed barrier synchronization
[16:28:12.831] [INFO] PE 1: Beginning validation of received data
[16:28:12.831] [INFO] PE 1: Validation successful - all elements match expected values
[16:28:12.831] ------ BEGIN TEST ROUTINE: shmem_uint8_get()
[16:28:12.831] [INFO] Allocated static arrays: src at 0xaaaad05609a0, dest at 0xaaaad05609b0
[16:28:12.831] [INFO] Running on PE 1 of 2 total PEs
[16:28:12.831] [INFO] Completed barrier synchronization
[16:28:12.831] [INFO] PE 1: Starting get of 10 elements from PE 0
[16:28:12.831] [INFO] PE 1: Completed get operation
[16:28:12.832] [INFO] Completed barrier synchronization
[16:28:12.832] [INFO] PE 1: Beginning validation of received data
[16:28:12.832] [INFO] PE 1: Validation successful - all elements match expected values
[16:28:12.832] ------ BEGIN TEST ROUTINE: shmem_uint16_get()
[16:28:12.832] [INFO] Allocated static arrays: src at 0xaaaad05609c0, dest at 0xaaaad05609d8
[16:28:12.832] [INFO] Running on PE 1 of 2 total PEs
[16:28:12.832] [INFO] Completed barrier synchronization
[16:28:12.832] [INFO] PE 1: Starting get of 10 elements from PE 0
[16:28:12.832] [INFO] PE 1: Completed get operation
[16:28:12.832] [INFO] Completed barrier synchronization
[16:28:12.832] [INFO] PE 1: Beginning validation of received data
[16:28:12.832] [INFO] PE 1: Validation successful - all elements match expected values
[16:28:12.832] ------ BEGIN TEST ROUTINE: shmem_uint32_get()
[16:28:12.832] [INFO] Allocated static arrays: src at 0xaaaad05609f0, dest at 0xaaaad0560a18
[16:28:12.832] [INFO] Running on PE 1 of 2 total PEs
[16:28:12.832] [INFO] Completed barrier synchronization
[16:28:12.832] [INFO] PE 1: Starting get of 10 elements from PE 0
[16:28:12.832] [INFO] PE 1: Completed get operation
[16:28:12.832] [INFO] Completed barrier synchronization
[16:28:12.832] [INFO] PE 1: Beginning validation of received data
[16:28:12.832] [INFO] PE 1: Validation successful - all elements match expected values
[16:28:12.832] ------ BEGIN TEST ROUTINE: shmem_uint64_get()
[16:28:12.832] [INFO] Allocated static arrays: src at 0xaaaad0560a40, dest at 0xaaaad0560a90
[16:28:12.832] [INFO] Running on PE 1 of 2 total PEs
[16:28:12.832] [INFO] Completed barrier synchronization
[16:28:12.832] [INFO] PE 1: Starting get of 10 elements from PE 0
[16:28:12.832] [INFO] PE 1: Completed get operation
[16:28:12.832] [INFO] Completed barrier synchronization
[16:28:12.832] [INFO] PE 1: Beginning validation of received data
[16:28:12.832] [INFO] PE 1: Validation successful - all elements match expected values
[16:28:12.832] ------ BEGIN TEST ROUTINE: shmem_size_get()
[16:28:12.832] [INFO] Allocated static arrays: src at 0xaaaad0560ae0, dest at 0xaaaad0560b30
[16:28:12.832] [INFO] Running on PE 1 of 2 total PEs
[16:28:12.833] [INFO] Completed barrier synchronization
[16:28:12.833] [INFO] PE 1: Starting get of 10 elements from PE 0
[16:28:12.833] [INFO] PE 1: Completed get operation
[16:28:12.833] [INFO] Completed barrier synchronization
[16:28:12.833] [INFO] PE 1: Beginning validation of received data
[16:28:12.833] [INFO] PE 1: Validation successful - all elements match expected values
[16:28:12.833] ------ BEGIN TEST ROUTINE: shmem_ptrdiff_get()
[16:28:12.833] [INFO] Allocated static arrays: src at 0xaaaad0560b80, dest at 0xaaaad0560bd0
[16:28:12.833] [INFO] Running on PE 1 of 2 total PEs
[16:28:12.833] [INFO] Completed barrier synchronization
[16:28:12.833] [INFO] PE 1: Starting get of 10 elements from PE 0
[16:28:12.833] [INFO] PE 1: Completed get operation
[16:28:12.833] [INFO] Completed barrier synchronization
[16:28:12.833] [INFO] PE 1: Beginning validation of received data
[16:28:12.833] [INFO] PE 1: Validation successful - all elements match expected values
---------- END TEST: PASSED
