---------- BEGIN TEST: /root/lanl/vv/shmemvv_logs/src/unit/c/rma/c_shmem_iget.c
[16:28:12.853] ------ BEGIN TEST ROUTINE: shmem_long_iget()
[16:28:12.853] [INFO] Allocated static arrays: src at 0xaaaadd660200, dest at 0xaaaadd660250
[16:28:12.853] [INFO] Running on PE 0 of 2 total PEs
[16:28:12.853] [INFO] PE 0: Initialized src[0] = 0
[16:28:12.853] [INFO] PE 0: Initialized src[1] = 1
[16:28:12.853] [INFO] PE 0: Initialized src[2] = 2
[16:28:12.853] [INFO] PE 0: Initialized src[3] = 3
[16:28:12.853] [INFO] PE 0: Initialized src[4] = 4
[16:28:12.853] [INFO] PE 0: Initialized src[5] = 5
[16:28:12.853] [INFO] PE 0: Initialized src[6] = 6
[16:28:12.853] [INFO] PE 0: Initialized src[7] = 7
[16:28:12.853] [INFO] PE 0: Initialized src[8] = 8
[16:28:12.853] [INFO] PE 0: Initialized src[9] = 9
[16:28:12.853] [INFO] Completed barrier synchronization
[16:28:12.853] [INFO] Completed barrier synchronization
[16:28:12.853] [INFO] PE 0: Waiting for PE 1 to complete validation
[16:28:12.853] ------ BEGIN TEST ROUTINE: shmem_double_iget()
[16:28:12.853] [INFO] Allocated static arrays: src at 0xaaaadd6602a0, dest at 0xaaaadd6602f0
[16:28:12.853] [INFO] Running on PE 0 of 2 total PEs
[16:28:12.853] [INFO] PE 0: Initialized src[0] = 0
[16:28:12.853] [INFO] PE 0: Initialized src[1] = 1
[16:28:12.853] [INFO] PE 0: Initialized src[2] = 2
[16:28:12.853] [INFO] PE 0: Initialized src[3] = 3
[16:28:12.853] [INFO] PE 0: Initialized src[4] = 4
[16:28:12.853] [INFO] PE 0: Initialized src[5] = 5
[16:28:12.853] [INFO] PE 0: Initialized src[6] = 6
[16:28:12.853] [INFO] PE 0: Initialized src[7] = 7
[16:28:12.853] [INFO] PE 0: Initialized src[8] = 8
[16:28:12.853] [INFO] PE 0: Initialized src[9] = 9
[16:28:12.853] [INFO] Completed barrier synchronization
[16:28:12.853] [INFO] Completed barrier synchronization
[16:28:12.853] [INFO] PE 0: Waiting for PE 1 to complete validation
[16:28:12.853] ------ BEGIN TEST ROUTINE: shmem_longdouble_iget()
[16:28:12.853] [INFO] Allocated static arrays: src at 0xaaaadd660340, dest at 0xaaaadd6603e0
[16:28:12.853] [INFO] Running on PE 0 of 2 total PEs
[16:28:12.853] [INFO] PE 0: Initialized src[0] = 0
[16:28:12.853] [INFO] PE 0: Initialized src[1] = 1
[16:28:12.853] [INFO] PE 0: Initialized src[2] = 2
[16:28:12.853] [INFO] PE 0: Initialized src[3] = 3
[16:28:12.853] [INFO] PE 0: Initialized src[4] = 4
[16:28:12.853] [INFO] PE 0: Initialized src[5] = 5
[16:28:12.853] [INFO] PE 0: Initialized src[6] = 6
[16:28:12.853] [INFO] PE 0: Initialized src[7] = 7
[16:28:12.853] [INFO] PE 0: Initialized src[8] = 8
[16:28:12.853] [INFO] PE 0: Initialized src[9] = 9
[16:28:12.854] [INFO] Completed barrier synchronization
[16:28:12.854] [INFO] Completed barrier synchronization
[16:28:12.854] [INFO] PE 0: Waiting for PE 1 to complete validation
[16:28:12.854] ------ BEGIN TEST ROUTINE: shmem_char_iget()
[16:28:12.854] [INFO] Allocated static arrays: src at 0xaaaadd660480, dest at 0xaaaadd660490
[16:28:12.854] [INFO] Running on PE 0 of 2 total PEs
[16:28:12.854] [INFO] PE 0: Initialized src[0] = 0
[16:28:12.854] [INFO] PE 0: Initialized src[1] = 1
[16:28:12.854] [INFO] PE 0: Initialized src[2] = 2
[16:28:12.854] [INFO] PE 0: Initialized src[3] = 3
[16:28:12.854] [INFO] PE 0: Initialized src[4] = 4
[16:28:12.854] [INFO] PE 0: Initialized src[5] = 5
[16:28:12.854] [INFO] PE 0: Initialized src[6] = 6
[16:28:12.854] [INFO] PE 0: Initialized src[7] = 7
[16:28:12.854] [INFO] PE 0: Initialized src[8] = 8
[16:28:12.854] [INFO] PE 0: Initialized src[9] = 9
[16:28:12.854] [INFO] Completed barrier synchronization
[16:28:12.854] [INFO] Completed barrier synchronization
[16:28:12.854] [INFO] PE 0: Waiting for PE 1 to complete validation
[16:28:12.854] ------ BEGIN TEST ROUTINE: shmem_schar_iget()
[16:28:12.854] [INFO] Allocated static arrays: src at 0xaaaadd6604a0, dest at 0xaaaadd6604b0
[16:28:12.854] [INFO] Running on PE 0 of 2 total PEs
[16:28:12.854] [INFO] PE 0: Initialized src[0] = 0
[16:28:12.854] [INFO] PE 0: Initialized src[1] = 1
[16:28:12.854] [INFO] PE 0: Initialized src[2] = 2
[16:28:12.854] [INFO] PE 0: Initialized src[3] = 3
[16:28:12.854] [INFO] PE 0: Initialized src[4] = 4
[16:28:12.854] [INFO] PE 0: Initialized src[5] = 5
[16:28:12.854] [INFO] PE 0: Initialized src[6] = 6
[16:28:12.854] [INFO] PE 0: Initialized src[7] = 7
[16:28:12.854] [INFO] PE 0: Initialized src[8] = 8
[16:28:12.854] [INFO] PE 0: Initialized src[9] = 9
[16:28:12.854] [INFO] Completed barrier synchronization
[16:28:12.855] [INFO] Completed barrier synchronization
[16:28:12.855] [INFO] PE 0: Waiting for PE 1 to complete validation
[16:28:12.855] ------ BEGIN TEST ROUTINE: shmem_short_iget()
[16:28:12.855] [INFO] Allocated static arrays: src at 0xaaaadd6604c0, dest at 0xaaaadd6604d8
[16:28:12.855] [INFO] Running on PE 0 of 2 total PEs
[16:28:12.855] [INFO] PE 0: Initialized src[0] = 0
[16:28:12.855] [INFO] PE 0: Initialized src[1] = 1
[16:28:12.855] [INFO] PE 0: Initialized src[2] = 2
[16:28:12.855] [INFO] PE 0: Initialized src[3] = 3
[16:28:12.855] [INFO] PE 0: Initialized src[4] = 4
[16:28:12.855] [INFO] PE 0: Initialized src[5] = 5
[16:28:12.855] [INFO] PE 0: Initialized src[6] = 6
[16:28:12.855] [INFO] PE 0: Initialized src[7] = 7
[16:28:12.855] [INFO] PE 0: Initialized src[8] = 8
[16:28:12.855] [INFO] PE 0: Initialized src[9] = 9
[16:28:12.855] [INFO] Completed barrier synchronization
[16:28:12.855] [INFO] Completed barrier synchronization
[16:28:12.855] [INFO] PE 0: Waiting for PE 1 to complete validation
[16:28:12.855] ------ BEGIN TEST ROUTINE: shmem_int_iget()
[16:28:12.855] [INFO] Allocated static arrays: src at 0xaaaadd6604f0, dest at 0xaaaadd660518
[16:28:12.855] [INFO] Running on PE 0 of 2 total PEs
[16:28:12.855] [INFO] PE 0: Initialized src[0] = 0
[16:28:12.855] [INFO] PE 0: Initialized src[1] = 1
[16:28:12.855] [INFO] PE 0: Initialized src[2] = 2
[16:28:12.855] [INFO] PE 0: Initialized src[3] = 3
[16:28:12.855] [INFO] PE 0: Initialized src[4] = 4
[16:28:12.855] [INFO] PE 0: Initialized src[5] = 5
[16:28:12.855] [INFO] PE 0: Initialized src[6] = 6
[16:28:12.855] [INFO] PE 0: Initialized src[7] = 7
[16:28:12.855] [INFO] PE 0: Initialized src[8] = 8
[16:28:12.855] [INFO] PE 0: Initialized src[9] = 9
[16:28:12.855] [INFO] Completed barrier synchronization
[16:28:12.855] [INFO] Completed barrier synchronization
[16:28:12.855] [INFO] PE 0: Waiting for PE 1 to complete validation
[16:28:12.855] ------ BEGIN TEST ROUTINE: shmem_long_iget()
[16:28:12.855] [INFO] Allocated static arrays: src at 0xaaaadd660540, dest at 0xaaaadd660590
[16:28:12.855] [INFO] Running on PE 0 of 2 total PEs
[16:28:12.855] [INFO] PE 0: Initialized src[0] = 0
[16:28:12.855] [INFO] PE 0: Initialized src[1] = 1
[16:28:12.855] [INFO] PE 0: Initialized src[2] = 2
[16:28:12.855] [INFO] PE 0: Initialized src[3] = 3
[16:28:12.855] [INFO] PE 0: Initialized src[4] = 4
[16:28:12.855] [INFO] PE 0: Initialized src[5] = 5
[16:28:12.855] [INFO] PE 0: Initialized src[6] = 6
[16:28:12.855] [INFO] PE 0: Initialized src[7] = 7
[16:28:12.855] [INFO] PE 0: Initialized src[8] = 8
[16:28:12.855] [INFO] PE 0: Initialized src[9] = 9
[16:28:12.855] [INFO] Completed barrier synchronization
[16:28:12.856] [INFO] Completed barrier synchronization
[16:28:12.856] [INFO] PE 0: Waiting for PE 1 to complete validation
[16:28:12.856] ------ BEGIN TEST ROUTINE: shmem_longlong_iget()
[16:28:12.856] [INFO] Allocated static arrays: src at 0xaaaadd6605e0, dest at 0xaaaadd660630
[16:28:12.856] [INFO] Running on PE 0 of 2 total PEs
[16:28:12.856] [INFO] PE 0: Initialized src[0] = 0
[16:28:12.856] [INFO] PE 0: Initialized src[1] = 1
[16:28:12.856] [INFO] PE 0: Initialized src[2] = 2
[16:28:12.856] [INFO] PE 0: Initialized src[3] = 3
[16:28:12.856] [INFO] PE 0: Initialized src[4] = 4
[16:28:12.856] [INFO] PE 0: Initialized src[5] = 5
[16:28:12.856] [INFO] PE 0: Initialized src[6] = 6
[16:28:12.856] [INFO] PE 0: Initialized src[7] = 7
[16:28:12.856] [INFO] PE 0: Initialized src[8] = 8
[16:28:12.856] [INFO] PE 0: Initialized src[9] = 9
[16:28:12.856] [INFO] Completed barrier synchronization
[16:28:12.856] [INFO] Completed barrier synchronization
[16:28:12.856] [INFO] PE 0: Waiting for PE 1 to complete validation
[16:28:12.856] ------ BEGIN TEST ROUTINE: shmem_uchar_iget()
[16:28:12.856] [INFO] Allocated static arrays: src at 0xaaaadd660680, dest at 0xaaaadd660690
[16:28:12.856] [INFO] Running on PE 0 of 2 total PEs
[16:28:12.856] [INFO] PE 0: Initialized src[0] = 0
[16:28:12.856] [INFO] PE 0: Initialized src[1] = 1
[16:28:12.856] [INFO] PE 0: Initialized src[2] = 2
[16:28:12.856] [INFO] PE 0: Initialized src[3] = 3
[16:28:12.856] [INFO] PE 0: Initialized src[4] = 4
[16:28:12.856] [INFO] PE 0: Initialized src[5] = 5
[16:28:12.856] [INFO] PE 0: Initialized src[6] = 6
[16:28:12.856] [INFO] PE 0: Initialized src[7] = 7
[16:28:12.856] [INFO] PE 0: Initialized src[8] = 8
[16:28:12.856] [INFO] PE 0: Initialized src[9] = 9
[16:28:12.856] [INFO] Completed barrier synchronization
[16:28:12.856] [INFO] Completed barrier synchronization
[16:28:12.856] [INFO] PE 0: Waiting for PE 1 to complete validation
[16:28:12.856] ------ BEGIN TEST ROUTINE: shmem_ushort_iget()
[16:28:12.856] [INFO] Allocated static arrays: src at 0xaaaadd6606a0, dest at 0xaaaadd6606b8
[16:28:12.856] [INFO] Running on PE 0 of 2 total PEs
[16:28:12.856] [INFO] PE 0: Initialized src[0] = 0
[16:28:12.856] [INFO] PE 0: Initialized src[1] = 1
[16:28:12.856] [INFO] PE 0: Initialized src[2] = 2
[16:28:12.856] [INFO] PE 0: Initialized src[3] = 3
[16:28:12.856] [INFO] PE 0: Initialized src[4] = 4
[16:28:12.856] [INFO] PE 0: Initialized src[5] = 5
[16:28:12.856] [INFO] PE 0: Initialized src[6] = 6
[16:28:12.856] [INFO] PE 0: Initialized src[7] = 7
[16:28:12.856] [INFO] PE 0: Initialized src[8] = 8
[16:28:12.856] [INFO] PE 0: Initialized src[9] = 9
[16:28:12.856] [INFO] Completed barrier synchronization
[16:28:12.857] [INFO] Completed barrier synchronization
[16:28:12.857] [INFO] PE 0: Waiting for PE 1 to complete validation
[16:28:12.857] ------ BEGIN TEST ROUTINE: shmem_uint_iget()
[16:28:12.857] [INFO] Allocated static arrays: src at 0xaaaadd6606d0, dest at 0xaaaadd6606f8
[16:28:12.857] [INFO] Running on PE 0 of 2 total PEs
[16:28:12.857] [INFO] PE 0: Initialized src[0] = 0
[16:28:12.857] [INFO] PE 0: Initialized src[1] = 1
[16:28:12.857] [INFO] PE 0: Initialized src[2] = 2
[16:28:12.857] [INFO] PE 0: Initialized src[3] = 3
[16:28:12.857] [INFO] PE 0: Initialized src[4] = 4
[16:28:12.857] [INFO] PE 0: Initialized src[5] = 5
[16:28:12.857] [INFO] PE 0: Initialized src[6] = 6
[16:28:12.857] [INFO] PE 0: Initialized src[7] = 7
[16:28:12.857] [INFO] PE 0: Initialized src[8] = 8
[16:28:12.857] [INFO] PE 0: Initialized src[9] = 9
[16:28:12.857] [INFO] Completed barrier synchronization
[16:28:12.857] [INFO] Completed barrier synchronization
[16:28:12.857] [INFO] PE 0: Waiting for PE 1 to complete validation
[16:28:12.857] ------ BEGIN TEST ROUTINE: shmem_ulong_iget()
[16:28:12.857] [INFO] Allocated static arrays: src at 0xaaaadd660720, dest at 0xaaaadd660770
[16:28:12.857] [INFO] Running on PE 0 of 2 total PEs
[16:28:12.857] [INFO] PE 0: Initialized src[0] = 0
[16:28:12.857] [INFO] PE 0: Initialized src[1] = 1
[16:28:12.857] [INFO] PE 0: Initialized src[2] = 2
[16:28:12.857] [INFO] PE 0: Initialized src[3] = 3
[16:28:12.857] [INFO] PE 0: Initialized src[4] = 4
[16:28:12.857] [INFO] PE 0: Initialized src[5] = 5
[16:28:12.857] [INFO] PE 0: Initialized src[6] = 6
[16:28:12.857] [INFO] PE 0: Initialized src[7] = 7
[16:28:12.857] [INFO] PE 0: Initialized src[8] = 8
[16:28:12.857] [INFO] PE 0: Initialized src[9] = 9
[16:28:12.857] [INFO] Completed barrier synchronization
[16:28:12.857] [INFO] Completed barrier synchronization
[16:28:12.857] [INFO] PE 0: Waiting for PE 1 to complete validation
[16:28:12.857] ------ BEGIN TEST ROUTINE: shmem_ulonglong_iget()
[16:28:12.857] [INFO] Allocated static arrays: src at 0xaaaadd6607c0, dest at 0xaaaadd660810
[16:28:12.857] [INFO] Running on PE 0 of 2 total PEs
[16:28:12.857] [INFO] PE 0: Initialized src[0] = 0
[16:28:12.857] [INFO] PE 0: Initialized src[1] = 1
[16:28:12.857] [INFO] PE 0: Initialized src[2] = 2
[16:28:12.857] [INFO] PE 0: Initialized src[3] = 3
[16:28:12.857] [INFO] PE 0: Initialized src[4] = 4
[16:28:12.857] [INFO] PE 0: Initialized src[5] = 5
[16:28:12.857] [INFO] PE 0: Initialized src[6] = 6
[16:28:12.857] [INFO] PE 0: Initialized src[7] = 7
[16:28:12.857] [INFO] PE 0: Initialized src[8] = 8
[16:28:12.857] [INFO] PE 0: Initialized src[9] = 9
[16:28:12.857] [INFO] Completed barrier synchronization
[16:28:12.858] [INFO] Completed barrier synchronization
[16:28:12.858] [INFO] PE 0: Waiting for PE 1 to complete validation
[16:28:12.858] ------ BEGIN TEST ROUTINE: shmem_int8_iget()
[16:28:12.858] [INFO] Allocated static arrays: src at 0xaaaadd660860, dest at 0xaaaadd660870
[16:28:12.858] [INFO] Running on PE 0 of 2 total PEs
[16:28:12.858] [INFO] PE 0: Initialized src[0] = 0
[16:28:12.858] [INFO] PE 0: Initialized src[1] = 1
[16:28:12.858] [INFO] PE 0: Initialized src[2] = 2
[16:28:12.858] [INFO] PE 0: Initialized src[3] = 3
[16:28:12.858] [INFO] PE 0: Initialized src[4] = 4
[16:28:12.858] [INFO] PE 0: Initialized src[5] = 5
[16:28:12.858] [INFO] PE 0: Initialized src[6] = 6
[16:28:12.858] [INFO] PE 0: Initialized src[7] = 7
[16:28:12.858] [INFO] PE 0: Initialized src[8] = 8
[16:28:12.858] [INFO] PE 0: Initialized src[9] = 9
[16:28:12.858] [INFO] Completed barrier synchronization
[16:28:12.858] [INFO] Completed barrier synchronization
[16:28:12.858] [INFO] PE 0: Waiting for PE 1 to complete validation
[16:28:12.858] ------ BEGIN TEST ROUTINE: shmem_int16_iget()
[16:28:12.858] [INFO] Allocated static arrays: src at 0xaaaadd660880, dest at 0xaaaadd660898
[16:28:12.858] [INFO] Running on PE 0 of 2 total PEs
[16:28:12.858] [INFO] PE 0: Initialized src[0] = 0
[16:28:12.858] [INFO] PE 0: Initialized src[1] = 1
[16:28:12.858] [INFO] PE 0: Initialized src[2] = 2
[16:28:12.858] [INFO] PE 0: Initialized src[3] = 3
[16:28:12.858] [INFO] PE 0: Initialized src[4] = 4
[16:28:12.858] [INFO] PE 0: Initialized src[5] = 5
[16:28:12.858] [INFO] PE 0: Initialized src[6] = 6
[16:28:12.858] [INFO] PE 0: Initialized src[7] = 7
[16:28:12.858] [INFO] PE 0: Initialized src[8] = 8
[16:28:12.858] [INFO] PE 0: Initialized src[9] = 9
[16:28:12.858] [INFO] Completed barrier synchronization
[16:28:12.858] [INFO] Completed barrier synchronization
[16:28:12.858] [INFO] PE 0: Waiting for PE 1 to complete validation
[16:28:12.858] ------ BEGIN TEST ROUTINE: shmem_int32_iget()
[16:28:12.858] [INFO] Allocated static arrays: src at 0xaaaadd6608b0, dest at 0xaaaadd6608d8
[16:28:12.858] [INFO] Running on PE 0 of 2 total PEs
[16:28:12.858] [INFO] PE 0: Initialized src[0] = 0
[16:28:12.858] [INFO] PE 0: Initialized src[1] = 1
[16:28:12.858] [INFO] PE 0: Initialized src[2] = 2
[16:28:12.858] [INFO] PE 0: Initialized src[3] = 3
[16:28:12.858] [INFO] PE 0: Initialized src[4] = 4
[16:28:12.858] [INFO] PE 0: Initialized src[5] = 5
[16:28:12.858] [INFO] PE 0: Initialized src[6] = 6
[16:28:12.858] [INFO] PE 0: Initialized src[7] = 7
[16:28:12.858] [INFO] PE 0: Initialized src[8] = 8
[16:28:12.858] [INFO] PE 0: Initialized src[9] = 9
[16:28:12.858] [INFO] Completed barrier synchronization
[16:28:12.859] [INFO] Completed barrier synchronization
[16:28:12.859] [INFO] PE 0: Waiting for PE 1 to complete validation
[16:28:12.859] ------ BEGIN TEST ROUTINE: shmem_int64_iget()
[16:28:12.859] [INFO] Allocated static arrays: src at 0xaaaadd660900, dest at 0xaaaadd660950
[16:28:12.859] [INFO] Running on PE 0 of 2 total PEs
[16:28:12.859] [INFO] PE 0: Initialized src[0] = 0
[16:28:12.859] [INFO] PE 0: Initialized src[1] = 1
[16:28:12.859] [INFO] PE 0: Initialized src[2] = 2
[16:28:12.859] [INFO] PE 0: Initialized src[3] = 3
[16:28:12.859] [INFO] PE 0: Initialized src[4] = 4
[16:28:12.859] [INFO] PE 0: Initialized src[5] = 5
[16:28:12.859] [INFO] PE 0: Initialized src[6] = 6
[16:28:12.859] [INFO] PE 0: Initialized src[7] = 7
[16:28:12.859] [INFO] PE 0: Initialized src[8] = 8
[16:28:12.859] [INFO] PE 0: Initialized src[9] = 9
[16:28:12.859] [INFO] Completed barrier synchronization
[16:28:12.859] [INFO] Completed barrier synchronization
[16:28:12.859] [INFO] PE 0: Waiting for PE 1 to complete validation
[16:28:12.859] ------ BEGIN TEST ROUTINE: shmem_uint8_iget()
[16:28:12.859] [INFO] Allocated static arrays: src at 0xaaaadd6609a0, dest at 0xaaaadd6609b0
[16:28:12.859] [INFO] Running on PE 0 of 2 total PEs
[16:28:12.859] [INFO] PE 0: Initialized src[0] = 0
[16:28:12.859] [INFO] PE 0: Initialized src[1] = 1
[16:28:12.859] [INFO] PE 0: Initialized src[2] = 2
[16:28:12.859] [INFO] PE 0: Initialized src[3] = 3
[16:28:12.859] [INFO] PE 0: Initialized src[4] = 4
[16:28:12.859] [INFO] PE 0: Initialized src[5] = 5
[16:28:12.859] [INFO] PE 0: Initialized src[6] = 6
[16:28:12.859] [INFO] PE 0: Initialized src[7] = 7
[16:28:12.859] [INFO] PE 0: Initialized src[8] = 8
[16:28:12.859] [INFO] PE 0: Initialized src[9] = 9
[16:28:12.859] [INFO] Completed barrier synchronization
[16:28:12.859] [INFO] Completed barrier synchronization
[16:28:12.859] [INFO] PE 0: Waiting for PE 1 to complete validation
[16:28:12.859] ------ BEGIN TEST ROUTINE: shmem_uint16_iget()
[16:28:12.859] [INFO] Allocated static arrays: src at 0xaaaadd6609c0, dest at 0xaaaadd6609d8
[16:28:12.859] [INFO] Running on PE 0 of 2 total PEs
[16:28:12.859] [INFO] PE 0: Initialized src[0] = 0
[16:28:12.859] [INFO] PE 0: Initialized src[1] = 1
[16:28:12.859] [INFO] PE 0: Initialized src[2] = 2
[16:28:12.859] [INFO] PE 0: Initialized src[3] = 3
[16:28:12.859] [INFO] PE 0: Initialized src[4] = 4
[16:28:12.859] [INFO] PE 0: Initialized src[5] = 5
[16:28:12.859] [INFO] PE 0: Initialized src[6] = 6
[16:28:12.859] [INFO] PE 0: Initialized src[7] = 7
[16:28:12.859] [INFO] PE 0: Initialized src[8] = 8
[16:28:12.859] [INFO] PE 0: Initialized src[9] = 9
[16:28:12.859] [INFO] Completed barrier synchronization
[16:28:12.859] [INFO] Completed barrier synchronization
[16:28:12.859] [INFO] PE 0: Waiting for PE 1 to complete validation
[16:28:12.859] ------ BEGIN TEST ROUTINE: shmem_uint32_iget()
[16:28:12.859] [INFO] Allocated static arrays: src at 0xaaaadd6609f0, dest at 0xaaaadd660a18
[16:28:12.859] [INFO] Running on PE 0 of 2 total PEs
[16:28:12.859] [INFO] PE 0: Initialized src[0] = 0
[16:28:12.859] [INFO] PE 0: Initialized src[1] = 1
[16:28:12.859] [INFO] PE 0: Initialized src[2] = 2
[16:28:12.859] [INFO] PE 0: Initialized src[3] = 3
[16:28:12.859] [INFO] PE 0: Initialized src[4] = 4
[16:28:12.859] [INFO] PE 0: Initialized src[5] = 5
[16:28:12.859] [INFO] PE 0: Initialized src[6] = 6
[16:28:12.860] [INFO] PE 0: Initialized src[7] = 7
[16:28:12.860] [INFO] PE 0: Initialized src[8] = 8
[16:28:12.860] [INFO] PE 0: Initialized src[9] = 9
[16:28:12.860] [INFO] Completed barrier synchronization
[16:28:12.860] [INFO] Completed barrier synchronization
[16:28:12.860] [INFO] PE 0: Waiting for PE 1 to complete validation
[16:28:12.860] ------ BEGIN TEST ROUTINE: shmem_uint64_iget()
[16:28:12.860] [INFO] Allocated static arrays: src at 0xaaaadd660a40, dest at 0xaaaadd660a90
[16:28:12.860] [INFO] Running on PE 0 of 2 total PEs
[16:28:12.860] [INFO] PE 0: Initialized src[0] = 0
[16:28:12.860] [INFO] PE 0: Initialized src[1] = 1
[16:28:12.860] [INFO] PE 0: Initialized src[2] = 2
[16:28:12.860] [INFO] PE 0: Initialized src[3] = 3
[16:28:12.860] [INFO] PE 0: Initialized src[4] = 4
[16:28:12.860] [INFO] PE 0: Initialized src[5] = 5
[16:28:12.860] [INFO] PE 0: Initialized src[6] = 6
[16:28:12.860] [INFO] PE 0: Initialized src[7] = 7
[16:28:12.860] [INFO] PE 0: Initialized src[8] = 8
[16:28:12.860] [INFO] PE 0: Initialized src[9] = 9
[16:28:12.860] [INFO] Completed barrier synchronization
[16:28:12.860] [INFO] Completed barrier synchronization
[16:28:12.860] [INFO] PE 0: Waiting for PE 1 to complete validation
[16:28:12.860] ------ BEGIN TEST ROUTINE: shmem_size_iget()
[16:28:12.860] [INFO] Allocated static arrays: src at 0xaaaadd660ae0, dest at 0xaaaadd660b30
[16:28:12.860] [INFO] Running on PE 0 of 2 total PEs
[16:28:12.860] [INFO] PE 0: Initialized src[0] = 0
[16:28:12.860] [INFO] PE 0: Initialized src[1] = 1
[16:28:12.860] [INFO] PE 0: Initialized src[2] = 2
[16:28:12.860] [INFO] PE 0: Initialized src[3] = 3
[16:28:12.860] [INFO] PE 0: Initialized src[4] = 4
[16:28:12.860] [INFO] PE 0: Initialized src[5] = 5
[16:28:12.860] [INFO] PE 0: Initialized src[6] = 6
[16:28:12.860] [INFO] PE 0: Initialized src[7] = 7
[16:28:12.860] [INFO] PE 0: Initialized src[8] = 8
[16:28:12.860] [INFO] PE 0: Initialized src[9] = 9
[16:28:12.860] [INFO] Completed barrier synchronization
[16:28:12.860] [INFO] Completed barrier synchronization
[16:28:12.860] [INFO] PE 0: Waiting for PE 1 to complete validation
[16:28:12.860] ------ BEGIN TEST ROUTINE: shmem_ptrdiff_iget()
[16:28:12.860] [INFO] Allocated static arrays: src at 0xaaaadd660b80, dest at 0xaaaadd660bd0
[16:28:12.860] [INFO] Running on PE 0 of 2 total PEs
[16:28:12.860] [INFO] PE 0: Initialized src[0] = 0
[16:28:12.860] [INFO] PE 0: Initialized src[1] = 1
[16:28:12.860] [INFO] PE 0: Initialized src[2] = 2
[16:28:12.860] [INFO] PE 0: Initialized src[3] = 3
[16:28:12.860] [INFO] PE 0: Initialized src[4] = 4
[16:28:12.860] [INFO] PE 0: Initialized src[5] = 5
[16:28:12.860] [INFO] PE 0: Initialized src[6] = 6
[16:28:12.860] [INFO] PE 0: Initialized src[7] = 7
[16:28:12.860] [INFO] PE 0: Initialized src[8] = 8
[16:28:12.860] [INFO] PE 0: Initialized src[9] = 9
[16:28:12.861] [INFO] Completed barrier synchronization
[16:28:12.861] [INFO] Completed barrier synchronization
[16:28:12.861] [INFO] PE 0: Waiting for PE 1 to complete validation
---------- END TEST: PASSED
