---------- BEGIN TEST: /root/lanl/vv/shmemvv_logs/src/unit/c/atomics/c_shmem_atomic_inc.c
[11:41:03.108] ------ BEGIN TEST ROUTINE: shmem_int_atomic_inc
[11:41:03.108] [INFO] shmem_malloc'd 4 bytes at 0xaaab00002250
[11:41:03.108] [INFO] executing atomic inc: dest = 0xaaab00002250
[11:41:03.108] [INFO] atomic inc on a int at 0xaaab00002250 produced expected result (42 + 1 = 43)
[11:41:03.108] ------ BEGIN TEST ROUTINE: shmem_long_atomic_inc
[11:41:03.108] [INFO] shmem_malloc'd 8 bytes at 0xaaab00002250
[11:41:03.109] [INFO] executing atomic inc: dest = 0xaaab00002250
[11:41:03.109] [INFO] atomic inc on a long at 0xaaab00002250 produced expected result (42 + 1 = 43)
[11:41:03.109] ------ BEGIN TEST ROUTINE: shmem_longlong_atomic_inc
[11:41:03.109] [INFO] shmem_malloc'd 8 bytes at 0xaaab00002250
[11:41:03.109] [INFO] executing atomic inc: dest = 0xaaab00002250
[11:41:03.109] [INFO] atomic inc on a long long at 0xaaab00002250 produced expected result (42 + 1 = 43)
[11:41:03.109] ------ BEGIN TEST ROUTINE: shmem_uint_atomic_inc
[11:41:03.109] [INFO] shmem_malloc'd 4 bytes at 0xaaab00002250
[11:41:03.110] [INFO] executing atomic inc: dest = 0xaaab00002250
[11:41:03.110] [INFO] atomic inc on a unsigned int at 0xaaab00002250 produced expected result (42 + 1 = 43)
[11:41:03.110] ------ BEGIN TEST ROUTINE: shmem_ulong_atomic_inc
[11:41:03.110] [INFO] shmem_malloc'd 8 bytes at 0xaaab00002250
[11:41:03.110] [INFO] executing atomic inc: dest = 0xaaab00002250
[11:41:03.110] [INFO] atomic inc on a unsigned long at 0xaaab00002250 produced expected result (42 + 1 = 43)
[11:41:03.110] ------ BEGIN TEST ROUTINE: shmem_ulonglong_atomic_inc
[11:41:03.110] [INFO] shmem_malloc'd 8 bytes at 0xaaab00002250
[11:41:03.110] [INFO] executing atomic inc: dest = 0xaaab00002250
[11:41:03.111] [INFO] atomic inc on a unsigned long long at 0xaaab00002250 produced expected result (42 + 1 = 43)
[11:41:03.111] ------ BEGIN TEST ROUTINE: shmem_int32_atomic_inc
[11:41:03.111] [INFO] shmem_malloc'd 4 bytes at 0xaaab00002250
[11:41:03.111] [INFO] executing atomic inc: dest = 0xaaab00002250
[11:41:03.111] [INFO] atomic inc on a int32_t at 0xaaab00002250 produced expected result (42 + 1 = 43)
[11:41:03.111] ------ BEGIN TEST ROUTINE: shmem_int64_atomic_inc
[11:41:03.111] [INFO] shmem_malloc'd 8 bytes at 0xaaab00002250
[11:41:03.111] [INFO] executing atomic inc: dest = 0xaaab00002250
[11:41:03.111] [INFO] atomic inc on a int64_t at 0xaaab00002250 produced expected result (42 + 1 = 43)
[11:41:03.111] ------ BEGIN TEST ROUTINE: shmem_uint32_atomic_inc
[11:41:03.112] [INFO] shmem_malloc'd 4 bytes at 0xaaab00002250
[11:41:03.112] [INFO] executing atomic inc: dest = 0xaaab00002250
[11:41:03.112] [INFO] atomic inc on a uint32_t at 0xaaab00002250 produced expected result (42 + 1 = 43)
[11:41:03.112] ------ BEGIN TEST ROUTINE: shmem_uint64_atomic_inc
[11:41:03.112] [INFO] shmem_malloc'd 8 bytes at 0xaaab00002250
[11:41:03.112] [INFO] executing atomic inc: dest = 0xaaab00002250
[11:41:03.112] [INFO] atomic inc on a uint64_t at 0xaaab00002250 produced expected result (42 + 1 = 43)
[11:41:03.112] ------ BEGIN TEST ROUTINE: shmem_size_atomic_inc
[11:41:03.112] [INFO] shmem_malloc'd 8 bytes at 0xaaab00002250
[11:41:03.112] [INFO] executing atomic inc: dest = 0xaaab00002250
[11:41:03.113] [INFO] atomic inc on a size_t at 0xaaab00002250 produced expected result (42 + 1 = 43)
[11:41:03.113] ------ BEGIN TEST ROUTINE: shmem_ptrdiff_atomic_inc
[11:41:03.113] [INFO] shmem_malloc'd 8 bytes at 0xaaab00002250
[11:41:03.113] [INFO] executing atomic inc: dest = 0xaaab00002250
[11:41:03.113] [INFO] atomic inc on a ptrdiff_t at 0xaaab00002250 produced expected result (42 + 1 = 43)
---------- END TEST: PASSED
