---------- BEGIN TEST: /root/lanl/vv/shmemvv_logs/src/unit/c/atomics/c_shmem_atomic_swap.c
[11:41:03.143] ------ BEGIN TEST ROUTINE: shmem_int_atomic_swap
[11:41:03.143] [INFO] shmem_malloc'd 4 bytes at 0xaaab40002250
[11:41:03.143] [INFO] executing atomic swap: dest = 0xaaab40002250, new_val = 43
[11:41:03.143] [INFO] atomic swap on a int at 0xaaab40002250 produced expected result (42 == 42 && 43 == 43)
[11:41:03.143] ------ BEGIN TEST ROUTINE: shmem_long_atomic_swap
[11:41:03.144] [INFO] shmem_malloc'd 8 bytes at 0xaaab40002250
[11:41:03.144] [INFO] executing atomic swap: dest = 0xaaab40002250, new_val = 43
[11:41:03.144] [INFO] atomic swap on a long at 0xaaab40002250 produced expected result (42 == 42 && 43 == 43)
[11:41:03.144] ------ BEGIN TEST ROUTINE: shmem_longlong_atomic_swap
[11:41:03.144] [INFO] shmem_malloc'd 8 bytes at 0xaaab40002250
[11:41:03.144] [INFO] executing atomic swap: dest = 0xaaab40002250, new_val = 43
[11:41:03.144] [INFO] atomic swap on a long long at 0xaaab40002250 produced expected result (42 == 42 && 43 == 43)
[11:41:03.144] ------ BEGIN TEST ROUTINE: shmem_uint_atomic_swap
[11:41:03.145] [INFO] shmem_malloc'd 4 bytes at 0xaaab40002250
[11:41:03.145] [INFO] executing atomic swap: dest = 0xaaab40002250, new_val = 43
[11:41:03.145] [INFO] atomic swap on a unsigned int at 0xaaab40002250 produced expected result (42 == 42 && 43 == 43)
[11:41:03.145] ------ BEGIN TEST ROUTINE: shmem_ulong_atomic_swap
[11:41:03.145] [INFO] shmem_malloc'd 8 bytes at 0xaaab40002250
[11:41:03.145] [INFO] executing atomic swap: dest = 0xaaab40002250, new_val = 43
[11:41:03.145] [INFO] atomic swap on a unsigned long at 0xaaab40002250 produced expected result (42 == 42 && 43 == 43)
[11:41:03.145] ------ BEGIN TEST ROUTINE: shmem_ulonglong_atomic_swap
[11:41:03.146] [INFO] shmem_malloc'd 8 bytes at 0xaaab40002250
[11:41:03.146] [INFO] executing atomic swap: dest = 0xaaab40002250, new_val = 43
[11:41:03.146] [INFO] atomic swap on a unsigned long long at 0xaaab40002250 produced expected result (42 == 42 && 43 == 43)
[11:41:03.146] ------ BEGIN TEST ROUTINE: shmem_int32_atomic_swap
[11:41:03.146] [INFO] shmem_malloc'd 4 bytes at 0xaaab40002250
[11:41:03.146] [INFO] executing atomic swap: dest = 0xaaab40002250, new_val = 43
[11:41:03.146] [INFO] atomic swap on a int32_t at 0xaaab40002250 produced expected result (42 == 42 && 43 == 43)
[11:41:03.146] ------ BEGIN TEST ROUTINE: shmem_int64_atomic_swap
[11:41:03.146] [INFO] shmem_malloc'd 8 bytes at 0xaaab40002250
[11:41:03.146] [INFO] executing atomic swap: dest = 0xaaab40002250, new_val = 43
[11:41:03.146] [INFO] atomic swap on a int64_t at 0xaaab40002250 produced expected result (42 == 42 && 43 == 43)
[11:41:03.147] ------ BEGIN TEST ROUTINE: shmem_uint32_atomic_swap
[11:41:03.147] [INFO] shmem_malloc'd 4 bytes at 0xaaab40002250
[11:41:03.147] [INFO] executing atomic swap: dest = 0xaaab40002250, new_val = 43
[11:41:03.147] [INFO] atomic swap on a uint32_t at 0xaaab40002250 produced expected result (42 == 42 && 43 == 43)
[11:41:03.147] ------ BEGIN TEST ROUTINE: shmem_uint64_atomic_swap
[11:41:03.147] [INFO] shmem_malloc'd 8 bytes at 0xaaab40002250
[11:41:03.147] [INFO] executing atomic swap: dest = 0xaaab40002250, new_val = 43
[11:41:03.147] [INFO] atomic swap on a uint64_t at 0xaaab40002250 produced expected result (42 == 42 && 43 == 43)
[11:41:03.147] ------ BEGIN TEST ROUTINE: shmem_size_atomic_swap
[11:41:03.147] [INFO] shmem_malloc'd 8 bytes at 0xaaab40002250
[11:41:03.147] [INFO] executing atomic swap: dest = 0xaaab40002250, new_val = 43
[11:41:03.148] [INFO] atomic swap on a size_t at 0xaaab40002250 produced expected result (42 == 42 && 43 == 43)
[11:41:03.148] ------ BEGIN TEST ROUTINE: shmem_ptrdiff_atomic_swap
[11:41:03.148] [INFO] shmem_malloc'd 8 bytes at 0xaaab40002250
[11:41:03.148] [INFO] executing atomic swap: dest = 0xaaab40002250, new_val = 43
[11:41:03.148] [INFO] atomic swap on a ptrdiff_t at 0xaaab40002250 produced expected result (42 == 42 && 43 == 43)
---------- END TEST: PASSED
