---------- BEGIN TEST: /root/lanl/vv/shmemvv_logs/src/unit/c/pt2pt_sync/c_shmem_wait_until_any_vector.c
[14:26:45.107] ------ BEGIN TEST ROUTINE: shmem_wait_until_any_vector(int)
[14:26:45.107] [INFO] Allocated flags array (16 bytes) at address 0xaaab00002250
[14:26:45.107] [INFO] Initialized all flags to 0
[14:26:45.108] [INFO] PE 1: Starting wait_until_any_vector (flags=0xaaab00002250, n=4, status=[SHMEM_CMP_EQ x4], cmp_values=[1 x4])
[14:26:45.108] [INFO] PE 1: wait_until_any_vector completed with index=18446744073709551615
[14:26:45.108] [FAIL] PE 1: wait_until_any_vector failed - returned SIZE_MAX
[14:26:45.108] [INFO] Freeing allocated memory at 0xaaab00002250
[14:26:45.108] ------ BEGIN TEST ROUTINE: shmem_wait_until_any_vector(long)
[14:26:45.108] [INFO] Allocated flags array (32 bytes) at address 0xaaab00002250
[14:26:45.108] [INFO] Initialized all flags to 0
[14:26:45.108] [INFO] PE 1: Starting wait_until_any_vector (flags=0xaaab00002250, n=4, status=[SHMEM_CMP_EQ x4], cmp_values=[1 x4])
[14:26:45.108] [INFO] PE 1: wait_until_any_vector completed with index=18446744073709551615
[14:26:45.108] [FAIL] PE 1: wait_until_any_vector failed - returned SIZE_MAX
[14:26:45.108] [INFO] Freeing allocated memory at 0xaaab00002250
[14:26:45.108] ------ BEGIN TEST ROUTINE: shmem_wait_until_any_vector(long long)
[14:26:45.108] [INFO] Allocated flags array (32 bytes) at address 0xaaab00002250
[14:26:45.108] [INFO] Initialized all flags to 0
[14:26:45.109] [INFO] PE 1: Starting wait_until_any_vector (flags=0xaaab00002250, n=4, status=[SHMEM_CMP_EQ x4], cmp_values=[1 x4])
[14:26:45.109] [INFO] PE 1: wait_until_any_vector completed with index=18446744073709551615
[14:26:45.109] [FAIL] PE 1: wait_until_any_vector failed - returned SIZE_MAX
[14:26:45.109] [INFO] Freeing allocated memory at 0xaaab00002250
[14:26:45.109] ------ BEGIN TEST ROUTINE: shmem_wait_until_any_vector(unsigned int)
[14:26:45.109] [INFO] Allocated flags array (16 bytes) at address 0xaaab00002250
[14:26:45.109] [INFO] Initialized all flags to 0
[14:26:45.109] [INFO] PE 1: Starting wait_until_any_vector (flags=0xaaab00002250, n=4, status=[SHMEM_CMP_EQ x4], cmp_values=[1 x4])
[14:26:45.109] [INFO] PE 1: wait_until_any_vector completed with index=18446744073709551615
[14:26:45.109] [FAIL] PE 1: wait_until_any_vector failed - returned SIZE_MAX
[14:26:45.109] [INFO] Freeing allocated memory at 0xaaab00002250
[14:26:45.109] ------ BEGIN TEST ROUTINE: shmem_wait_until_any_vector(unsigned long)
[14:26:45.109] [INFO] Allocated flags array (32 bytes) at address 0xaaab00002250
[14:26:45.109] [INFO] Initialized all flags to 0
[14:26:45.110] [INFO] PE 1: Starting wait_until_any_vector (flags=0xaaab00002250, n=4, status=[SHMEM_CMP_EQ x4], cmp_values=[1 x4])
[14:26:45.110] [INFO] PE 1: wait_until_any_vector completed with index=18446744073709551615
[14:26:45.110] [FAIL] PE 1: wait_until_any_vector failed - returned SIZE_MAX
[14:26:45.110] [INFO] Freeing allocated memory at 0xaaab00002250
[14:26:45.110] ------ BEGIN TEST ROUTINE: shmem_wait_until_any_vector(unsigned long long)
[14:26:45.110] [INFO] Allocated flags array (32 bytes) at address 0xaaab00002250
[14:26:45.110] [INFO] Initialized all flags to 0
[14:26:45.110] [INFO] PE 1: Starting wait_until_any_vector (flags=0xaaab00002250, n=4, status=[SHMEM_CMP_EQ x4], cmp_values=[1 x4])
[14:26:45.110] [INFO] PE 1: wait_until_any_vector completed with index=18446744073709551615
[14:26:45.110] [FAIL] PE 1: wait_until_any_vector failed - returned SIZE_MAX
[14:26:45.110] [INFO] Freeing allocated memory at 0xaaab00002250
[14:26:45.110] ------ BEGIN TEST ROUTINE: shmem_wait_until_any_vector(int32_t)
[14:26:45.110] [INFO] Allocated flags array (16 bytes) at address 0xaaab00002250
[14:26:45.110] [INFO] Initialized all flags to 0
[14:26:45.111] [INFO] PE 1: Starting wait_until_any_vector (flags=0xaaab00002250, n=4, status=[SHMEM_CMP_EQ x4], cmp_values=[1 x4])
[14:26:45.111] [INFO] PE 1: wait_until_any_vector completed with index=18446744073709551615
[14:26:45.111] [FAIL] PE 1: wait_until_any_vector failed - returned SIZE_MAX
[14:26:45.111] [INFO] Freeing allocated memory at 0xaaab00002250
[14:26:45.111] ------ BEGIN TEST ROUTINE: shmem_wait_until_any_vector(int64_t)
[14:26:45.111] [INFO] Allocated flags array (32 bytes) at address 0xaaab00002250
[14:26:45.111] [INFO] Initialized all flags to 0
[14:26:45.111] [INFO] PE 1: Starting wait_until_any_vector (flags=0xaaab00002250, n=4, status=[SHMEM_CMP_EQ x4], cmp_values=[1 x4])
[14:26:45.111] [INFO] PE 1: wait_until_any_vector completed with index=18446744073709551615
[14:26:45.111] [FAIL] PE 1: wait_until_any_vector failed - returned SIZE_MAX
[14:26:45.111] [INFO] Freeing allocated memory at 0xaaab00002250
[14:26:45.111] ------ BEGIN TEST ROUTINE: shmem_wait_until_any_vector(uint32_t)
[14:26:45.111] [INFO] Allocated flags array (16 bytes) at address 0xaaab00002250
[14:26:45.111] [INFO] Initialized all flags to 0
[14:26:45.112] [INFO] PE 1: Starting wait_until_any_vector (flags=0xaaab00002250, n=4, status=[SHMEM_CMP_EQ x4], cmp_values=[1 x4])
[14:26:45.112] [INFO] PE 1: wait_until_any_vector completed with index=18446744073709551615
[14:26:45.112] [FAIL] PE 1: wait_until_any_vector failed - returned SIZE_MAX
[14:26:45.112] [INFO] Freeing allocated memory at 0xaaab00002250
[14:26:45.112] ------ BEGIN TEST ROUTINE: shmem_wait_until_any_vector(uint64_t)
[14:26:45.112] [INFO] Allocated flags array (32 bytes) at address 0xaaab00002250
[14:26:45.112] [INFO] Initialized all flags to 0
[14:26:45.112] [INFO] PE 1: Starting wait_until_any_vector (flags=0xaaab00002250, n=4, status=[SHMEM_CMP_EQ x4], cmp_values=[1 x4])
[14:26:45.112] [INFO] PE 1: wait_until_any_vector completed with index=18446744073709551615
[14:26:45.112] [FAIL] PE 1: wait_until_any_vector failed - returned SIZE_MAX
[14:26:45.112] [INFO] Freeing allocated memory at 0xaaab00002250
[14:26:45.112] ------ BEGIN TEST ROUTINE: shmem_wait_until_any_vector(size_t)
[14:26:45.112] [INFO] Allocated flags array (32 bytes) at address 0xaaab00002250
[14:26:45.112] [INFO] Initialized all flags to 0
[14:26:45.113] [INFO] PE 1: Starting wait_until_any_vector (flags=0xaaab00002250, n=4, status=[SHMEM_CMP_EQ x4], cmp_values=[1 x4])
[14:26:45.113] [INFO] PE 1: wait_until_any_vector completed with index=18446744073709551615
[14:26:45.113] [FAIL] PE 1: wait_until_any_vector failed - returned SIZE_MAX
[14:26:45.113] [INFO] Freeing allocated memory at 0xaaab00002250
[14:26:45.113] ------ BEGIN TEST ROUTINE: shmem_wait_until_any_vector(ptrdiff_t)
[14:26:45.113] [INFO] Allocated flags array (32 bytes) at address 0xaaab00002250
[14:26:45.113] [INFO] Initialized all flags to 0
[14:26:45.113] [INFO] PE 1: Starting wait_until_any_vector (flags=0xaaab00002250, n=4, status=[SHMEM_CMP_EQ x4], cmp_values=[1 x4])
[14:26:45.113] [INFO] PE 1: wait_until_any_vector completed with index=18446744073709551615
[14:26:45.113] [FAIL] PE 1: wait_until_any_vector failed - returned SIZE_MAX
[14:26:45.113] [INFO] Freeing allocated memory at 0xaaab00002250
---------- END TEST: FAILED
