---------- BEGIN TEST: /root/lanl/vv/shmemvv_logs/src/unit/c/rma/c_shmem_iput.c
[16:28:12.868] ------ BEGIN TEST ROUTINE: shmem_long_iput()
[16:28:12.868] [INFO] Allocated static arrays: src at 0xaaaac89d0200, dest at 0xaaaac89d0250
[16:28:12.868] [INFO] Running on PE 0 of 2 total PEs
[16:28:12.868] [INFO] PE 0: Initialized src array with values [0..9]
[16:28:12.868] [INFO] Completed barrier synchronization
[16:28:12.868] [INFO] PE 0: Starting strided put to PE 1
[16:28:12.868] [INFO] PE 0: dest=0xaaaac89d0250, src=0xaaaac89d0200, dest_stride=2, src_stride=2, nelems=5
[16:28:12.868] [INFO] PE 0: Completed strided put operation
[16:28:12.868] [INFO] Completed barrier synchronization
[16:28:12.868] [INFO] PE 0: Waiting for PE 1 to complete validation
[16:28:12.868] ------ BEGIN TEST ROUTINE: shmem_double_iput()
[16:28:12.868] [INFO] Allocated static arrays: src at 0xaaaac89d02a0, dest at 0xaaaac89d02f0
[16:28:12.868] [INFO] Running on PE 0 of 2 total PEs
[16:28:12.868] [INFO] PE 0: Initialized src array with values [0..9]
[16:28:12.868] [INFO] Completed barrier synchronization
[16:28:12.868] [INFO] PE 0: Starting strided put to PE 1
[16:28:12.868] [INFO] PE 0: dest=0xaaaac89d02f0, src=0xaaaac89d02a0, dest_stride=2, src_stride=2, nelems=5
[16:28:12.868] [INFO] PE 0: Completed strided put operation
[16:28:12.869] [INFO] Completed barrier synchronization
[16:28:12.869] [INFO] PE 0: Waiting for PE 1 to complete validation
[16:28:12.869] ------ BEGIN TEST ROUTINE: shmem_longdouble_iput()
[16:28:12.869] [INFO] Allocated static arrays: src at 0xaaaac89d0340, dest at 0xaaaac89d03e0
[16:28:12.869] [INFO] Running on PE 0 of 2 total PEs
[16:28:12.869] [INFO] PE 0: Initialized src array with values [0..9]
[16:28:12.869] [INFO] Completed barrier synchronization
[16:28:12.869] [INFO] PE 0: Starting strided put to PE 1
[16:28:12.869] [INFO] PE 0: dest=0xaaaac89d03e0, src=0xaaaac89d0340, dest_stride=2, src_stride=2, nelems=5
[16:28:12.869] [INFO] PE 0: Completed strided put operation
[16:28:12.869] [INFO] Completed barrier synchronization
[16:28:12.869] [INFO] PE 0: Waiting for PE 1 to complete validation
[16:28:12.869] ------ BEGIN TEST ROUTINE: shmem_char_iput()
[16:28:12.869] [INFO] Allocated static arrays: src at 0xaaaac89d0480, dest at 0xaaaac89d0490
[16:28:12.869] [INFO] Running on PE 0 of 2 total PEs
[16:28:12.869] [INFO] PE 0: Initialized src array with values [0..9]
[16:28:12.869] [INFO] Completed barrier synchronization
[16:28:12.869] [INFO] PE 0: Starting strided put to PE 1
[16:28:12.869] [INFO] PE 0: dest=0xaaaac89d0490, src=0xaaaac89d0480, dest_stride=2, src_stride=2, nelems=5
[16:28:12.869] [INFO] PE 0: Completed strided put operation
[16:28:12.869] [INFO] Completed barrier synchronization
[16:28:12.869] [INFO] PE 0: Waiting for PE 1 to complete validation
[16:28:12.869] ------ BEGIN TEST ROUTINE: shmem_schar_iput()
[16:28:12.869] [INFO] Allocated static arrays: src at 0xaaaac89d04a0, dest at 0xaaaac89d04b0
[16:28:12.869] [INFO] Running on PE 0 of 2 total PEs
[16:28:12.869] [INFO] PE 0: Initialized src array with values [0..9]
[16:28:12.869] [INFO] Completed barrier synchronization
[16:28:12.869] [INFO] PE 0: Starting strided put to PE 1
[16:28:12.869] [INFO] PE 0: dest=0xaaaac89d04b0, src=0xaaaac89d04a0, dest_stride=2, src_stride=2, nelems=5
[16:28:12.869] [INFO] PE 0: Completed strided put operation
[16:28:12.869] [INFO] Completed barrier synchronization
[16:28:12.869] [INFO] PE 0: Waiting for PE 1 to complete validation
[16:28:12.869] ------ BEGIN TEST ROUTINE: shmem_short_iput()
[16:28:12.869] [INFO] Allocated static arrays: src at 0xaaaac89d04c0, dest at 0xaaaac89d04d8
[16:28:12.869] [INFO] Running on PE 0 of 2 total PEs
[16:28:12.869] [INFO] PE 0: Initialized src array with values [0..9]
[16:28:12.870] [INFO] Completed barrier synchronization
[16:28:12.870] [INFO] PE 0: Starting strided put to PE 1
[16:28:12.870] [INFO] PE 0: dest=0xaaaac89d04d8, src=0xaaaac89d04c0, dest_stride=2, src_stride=2, nelems=5
[16:28:12.870] [INFO] PE 0: Completed strided put operation
[16:28:12.870] [INFO] Completed barrier synchronization
[16:28:12.870] [INFO] PE 0: Waiting for PE 1 to complete validation
[16:28:12.870] ------ BEGIN TEST ROUTINE: shmem_int_iput()
[16:28:12.870] [INFO] Allocated static arrays: src at 0xaaaac89d04f0, dest at 0xaaaac89d0518
[16:28:12.870] [INFO] Running on PE 0 of 2 total PEs
[16:28:12.870] [INFO] PE 0: Initialized src array with values [0..9]
[16:28:12.870] [INFO] Completed barrier synchronization
[16:28:12.870] [INFO] PE 0: Starting strided put to PE 1
[16:28:12.870] [INFO] PE 0: dest=0xaaaac89d0518, src=0xaaaac89d04f0, dest_stride=2, src_stride=2, nelems=5
[16:28:12.870] [INFO] PE 0: Completed strided put operation
[16:28:12.870] [INFO] Completed barrier synchronization
[16:28:12.870] [INFO] PE 0: Waiting for PE 1 to complete validation
[16:28:12.870] ------ BEGIN TEST ROUTINE: shmem_long_iput()
[16:28:12.870] [INFO] Allocated static arrays: src at 0xaaaac89d0540, dest at 0xaaaac89d0590
[16:28:12.870] [INFO] Running on PE 0 of 2 total PEs
[16:28:12.870] [INFO] PE 0: Initialized src array with values [0..9]
[16:28:12.870] [INFO] Completed barrier synchronization
[16:28:12.870] [INFO] PE 0: Starting strided put to PE 1
[16:28:12.870] [INFO] PE 0: dest=0xaaaac89d0590, src=0xaaaac89d0540, dest_stride=2, src_stride=2, nelems=5
[16:28:12.870] [INFO] PE 0: Completed strided put operation
[16:28:12.870] [INFO] Completed barrier synchronization
[16:28:12.870] [INFO] PE 0: Waiting for PE 1 to complete validation
[16:28:12.870] ------ BEGIN TEST ROUTINE: shmem_longlong_iput()
[16:28:12.870] [INFO] Allocated static arrays: src at 0xaaaac89d05e0, dest at 0xaaaac89d0630
[16:28:12.870] [INFO] Running on PE 0 of 2 total PEs
[16:28:12.870] [INFO] PE 0: Initialized src array with values [0..9]
[16:28:12.870] [INFO] Completed barrier synchronization
[16:28:12.870] [INFO] PE 0: Starting strided put to PE 1
[16:28:12.870] [INFO] PE 0: dest=0xaaaac89d0630, src=0xaaaac89d05e0, dest_stride=2, src_stride=2, nelems=5
[16:28:12.870] [INFO] PE 0: Completed strided put operation
[16:28:12.870] [INFO] Completed barrier synchronization
[16:28:12.870] [INFO] PE 0: Waiting for PE 1 to complete validation
[16:28:12.870] ------ BEGIN TEST ROUTINE: shmem_uchar_iput()
[16:28:12.870] [INFO] Allocated static arrays: src at 0xaaaac89d0680, dest at 0xaaaac89d0690
[16:28:12.870] [INFO] Running on PE 0 of 2 total PEs
[16:28:12.870] [INFO] PE 0: Initialized src array with values [0..9]
[16:28:12.871] [INFO] Completed barrier synchronization
[16:28:12.871] [INFO] PE 0: Starting strided put to PE 1
[16:28:12.871] [INFO] PE 0: dest=0xaaaac89d0690, src=0xaaaac89d0680, dest_stride=2, src_stride=2, nelems=5
[16:28:12.871] [INFO] PE 0: Completed strided put operation
[16:28:12.871] [INFO] Completed barrier synchronization
[16:28:12.871] [INFO] PE 0: Waiting for PE 1 to complete validation
[16:28:12.871] ------ BEGIN TEST ROUTINE: shmem_ushort_iput()
[16:28:12.871] [INFO] Allocated static arrays: src at 0xaaaac89d06a0, dest at 0xaaaac89d06b8
[16:28:12.871] [INFO] Running on PE 0 of 2 total PEs
[16:28:12.871] [INFO] PE 0: Initialized src array with values [0..9]
[16:28:12.871] [INFO] Completed barrier synchronization
[16:28:12.871] [INFO] PE 0: Starting strided put to PE 1
[16:28:12.871] [INFO] PE 0: dest=0xaaaac89d06b8, src=0xaaaac89d06a0, dest_stride=2, src_stride=2, nelems=5
[16:28:12.871] [INFO] PE 0: Completed strided put operation
[16:28:12.871] [INFO] Completed barrier synchronization
[16:28:12.871] [INFO] PE 0: Waiting for PE 1 to complete validation
[16:28:12.871] ------ BEGIN TEST ROUTINE: shmem_uint_iput()
[16:28:12.871] [INFO] Allocated static arrays: src at 0xaaaac89d06d0, dest at 0xaaaac89d06f8
[16:28:12.871] [INFO] Running on PE 0 of 2 total PEs
[16:28:12.871] [INFO] PE 0: Initialized src array with values [0..9]
[16:28:12.871] [INFO] Completed barrier synchronization
[16:28:12.871] [INFO] PE 0: Starting strided put to PE 1
[16:28:12.871] [INFO] PE 0: dest=0xaaaac89d06f8, src=0xaaaac89d06d0, dest_stride=2, src_stride=2, nelems=5
[16:28:12.871] [INFO] PE 0: Completed strided put operation
[16:28:12.871] [INFO] Completed barrier synchronization
[16:28:12.871] [INFO] PE 0: Waiting for PE 1 to complete validation
[16:28:12.871] ------ BEGIN TEST ROUTINE: shmem_ulong_iput()
[16:28:12.871] [INFO] Allocated static arrays: src at 0xaaaac89d0720, dest at 0xaaaac89d0770
[16:28:12.871] [INFO] Running on PE 0 of 2 total PEs
[16:28:12.871] [INFO] PE 0: Initialized src array with values [0..9]
[16:28:12.871] [INFO] Completed barrier synchronization
[16:28:12.871] [INFO] PE 0: Starting strided put to PE 1
[16:28:12.871] [INFO] PE 0: dest=0xaaaac89d0770, src=0xaaaac89d0720, dest_stride=2, src_stride=2, nelems=5
[16:28:12.871] [INFO] PE 0: Completed strided put operation
[16:28:12.871] [INFO] Completed barrier synchronization
[16:28:12.871] [INFO] PE 0: Waiting for PE 1 to complete validation
[16:28:12.871] ------ BEGIN TEST ROUTINE: shmem_ulonglong_iput()
[16:28:12.871] [INFO] Allocated static arrays: src at 0xaaaac89d07c0, dest at 0xaaaac89d0810
[16:28:12.871] [INFO] Running on PE 0 of 2 total PEs
[16:28:12.871] [INFO] PE 0: Initialized src array with values [0..9]
[16:28:12.871] [INFO] Completed barrier synchronization
[16:28:12.871] [INFO] PE 0: Starting strided put to PE 1
[16:28:12.871] [INFO] PE 0: dest=0xaaaac89d0810, src=0xaaaac89d07c0, dest_stride=2, src_stride=2, nelems=5
[16:28:12.872] [INFO] PE 0: Completed strided put operation
[16:28:12.872] [INFO] Completed barrier synchronization
[16:28:12.872] [INFO] PE 0: Waiting for PE 1 to complete validation
[16:28:12.872] ------ BEGIN TEST ROUTINE: shmem_int8_iput()
[16:28:12.872] [INFO] Allocated static arrays: src at 0xaaaac89d0860, dest at 0xaaaac89d0870
[16:28:12.872] [INFO] Running on PE 0 of 2 total PEs
[16:28:12.872] [INFO] PE 0: Initialized src array with values [0..9]
[16:28:12.872] [INFO] Completed barrier synchronization
[16:28:12.872] [INFO] PE 0: Starting strided put to PE 1
[16:28:12.872] [INFO] PE 0: dest=0xaaaac89d0870, src=0xaaaac89d0860, dest_stride=2, src_stride=2, nelems=5
[16:28:12.872] [INFO] PE 0: Completed strided put operation
[16:28:12.872] [INFO] Completed barrier synchronization
[16:28:12.872] [INFO] PE 0: Waiting for PE 1 to complete validation
[16:28:12.872] ------ BEGIN TEST ROUTINE: shmem_int16_iput()
[16:28:12.872] [INFO] Allocated static arrays: src at 0xaaaac89d0880, dest at 0xaaaac89d0898
[16:28:12.872] [INFO] Running on PE 0 of 2 total PEs
[16:28:12.872] [INFO] PE 0: Initialized src array with values [0..9]
[16:28:12.872] [INFO] Completed barrier synchronization
[16:28:12.872] [INFO] PE 0: Starting strided put to PE 1
[16:28:12.872] [INFO] PE 0: dest=0xaaaac89d0898, src=0xaaaac89d0880, dest_stride=2, src_stride=2, nelems=5
[16:28:12.872] [INFO] PE 0: Completed strided put operation
[16:28:12.872] [INFO] Completed barrier synchronization
[16:28:12.872] [INFO] PE 0: Waiting for PE 1 to complete validation
[16:28:12.872] ------ BEGIN TEST ROUTINE: shmem_int32_iput()
[16:28:12.872] [INFO] Allocated static arrays: src at 0xaaaac89d08b0, dest at 0xaaaac89d08d8
[16:28:12.872] [INFO] Running on PE 0 of 2 total PEs
[16:28:12.872] [INFO] PE 0: Initialized src array with values [0..9]
[16:28:12.872] [INFO] Completed barrier synchronization
[16:28:12.872] [INFO] PE 0: Starting strided put to PE 1
[16:28:12.872] [INFO] PE 0: dest=0xaaaac89d08d8, src=0xaaaac89d08b0, dest_stride=2, src_stride=2, nelems=5
[16:28:12.872] [INFO] PE 0: Completed strided put operation
[16:28:12.872] [INFO] Completed barrier synchronization
[16:28:12.872] [INFO] PE 0: Waiting for PE 1 to complete validation
[16:28:12.872] ------ BEGIN TEST ROUTINE: shmem_int64_iput()
[16:28:12.872] [INFO] Allocated static arrays: src at 0xaaaac89d0900, dest at 0xaaaac89d0950
[16:28:12.872] [INFO] Running on PE 0 of 2 total PEs
[16:28:12.872] [INFO] PE 0: Initialized src array with values [0..9]
[16:28:12.872] [INFO] Completed barrier synchronization
[16:28:12.872] [INFO] PE 0: Starting strided put to PE 1
[16:28:12.872] [INFO] PE 0: dest=0xaaaac89d0950, src=0xaaaac89d0900, dest_stride=2, src_stride=2, nelems=5
[16:28:12.872] [INFO] PE 0: Completed strided put operation
[16:28:12.872] [INFO] Completed barrier synchronization
[16:28:12.872] [INFO] PE 0: Waiting for PE 1 to complete validation
[16:28:12.872] ------ BEGIN TEST ROUTINE: shmem_uint8_iput()
[16:28:12.872] [INFO] Allocated static arrays: src at 0xaaaac89d09a0, dest at 0xaaaac89d09b0
[16:28:12.872] [INFO] Running on PE 0 of 2 total PEs
[16:28:12.872] [INFO] PE 0: Initialized src array with values [0..9]
[16:28:12.873] [INFO] Completed barrier synchronization
[16:28:12.873] [INFO] PE 0: Starting strided put to PE 1
[16:28:12.873] [INFO] PE 0: dest=0xaaaac89d09b0, src=0xaaaac89d09a0, dest_stride=2, src_stride=2, nelems=5
[16:28:12.873] [INFO] PE 0: Completed strided put operation
[16:28:12.873] [INFO] Completed barrier synchronization
[16:28:12.873] [INFO] PE 0: Waiting for PE 1 to complete validation
[16:28:12.873] ------ BEGIN TEST ROUTINE: shmem_uint16_iput()
[16:28:12.873] [INFO] Allocated static arrays: src at 0xaaaac89d09c0, dest at 0xaaaac89d09d8
[16:28:12.873] [INFO] Running on PE 0 of 2 total PEs
[16:28:12.873] [INFO] PE 0: Initialized src array with values [0..9]
[16:28:12.873] [INFO] Completed barrier synchronization
[16:28:12.873] [INFO] PE 0: Starting strided put to PE 1
[16:28:12.873] [INFO] PE 0: dest=0xaaaac89d09d8, src=0xaaaac89d09c0, dest_stride=2, src_stride=2, nelems=5
[16:28:12.873] [INFO] PE 0: Completed strided put operation
[16:28:12.873] [INFO] Completed barrier synchronization
[16:28:12.873] [INFO] PE 0: Waiting for PE 1 to complete validation
[16:28:12.873] ------ BEGIN TEST ROUTINE: shmem_uint32_iput()
[16:28:12.873] [INFO] Allocated static arrays: src at 0xaaaac89d09f0, dest at 0xaaaac89d0a18
[16:28:12.873] [INFO] Running on PE 0 of 2 total PEs
[16:28:12.873] [INFO] PE 0: Initialized src array with values [0..9]
[16:28:12.873] [INFO] Completed barrier synchronization
[16:28:12.873] [INFO] PE 0: Starting strided put to PE 1
[16:28:12.873] [INFO] PE 0: dest=0xaaaac89d0a18, src=0xaaaac89d09f0, dest_stride=2, src_stride=2, nelems=5
[16:28:12.873] [INFO] PE 0: Completed strided put operation
[16:28:12.873] [INFO] Completed barrier synchronization
[16:28:12.873] [INFO] PE 0: Waiting for PE 1 to complete validation
[16:28:12.873] ------ BEGIN TEST ROUTINE: shmem_uint64_iput()
[16:28:12.873] [INFO] Allocated static arrays: src at 0xaaaac89d0a40, dest at 0xaaaac89d0a90
[16:28:12.873] [INFO] Running on PE 0 of 2 total PEs
[16:28:12.873] [INFO] PE 0: Initialized src array with values [0..9]
[16:28:12.873] [INFO] Completed barrier synchronization
[16:28:12.873] [INFO] PE 0: Starting strided put to PE 1
[16:28:12.873] [INFO] PE 0: dest=0xaaaac89d0a90, src=0xaaaac89d0a40, dest_stride=2, src_stride=2, nelems=5
[16:28:12.873] [INFO] PE 0: Completed strided put operation
[16:28:12.873] [INFO] Completed barrier synchronization
[16:28:12.873] [INFO] PE 0: Waiting for PE 1 to complete validation
[16:28:12.873] ------ BEGIN TEST ROUTINE: shmem_size_iput()
[16:28:12.873] [INFO] Allocated static arrays: src at 0xaaaac89d0ae0, dest at 0xaaaac89d0b30
[16:28:12.873] [INFO] Running on PE 0 of 2 total PEs
[16:28:12.873] [INFO] PE 0: Initialized src array with values [0..9]
[16:28:12.873] [INFO] Completed barrier synchronization
[16:28:12.873] [INFO] PE 0: Starting strided put to PE 1
[16:28:12.873] [INFO] PE 0: dest=0xaaaac89d0b30, src=0xaaaac89d0ae0, dest_stride=2, src_stride=2, nelems=5
[16:28:12.873] [INFO] PE 0: Completed strided put operation
[16:28:12.873] [INFO] Completed barrier synchronization
[16:28:12.873] [INFO] PE 0: Waiting for PE 1 to complete validation
[16:28:12.873] ------ BEGIN TEST ROUTINE: shmem_ptrdiff_iput()
[16:28:12.873] [INFO] Allocated static arrays: src at 0xaaaac89d0b80, dest at 0xaaaac89d0bd0
[16:28:12.873] [INFO] Running on PE 0 of 2 total PEs
[16:28:12.873] [INFO] PE 0: Initialized src array with values [0..9]
[16:28:12.874] [INFO] Completed barrier synchronization
[16:28:12.874] [INFO] PE 0: Starting strided put to PE 1
[16:28:12.874] [INFO] PE 0: dest=0xaaaac89d0bd0, src=0xaaaac89d0b80, dest_stride=2, src_stride=2, nelems=5
[16:28:12.874] [INFO] PE 0: Completed strided put operation
[16:28:12.874] [INFO] Completed barrier synchronization
[16:28:12.874] [INFO] PE 0: Waiting for PE 1 to complete validation
---------- END TEST: PASSED
