---------- BEGIN TEST: /root/lanl/vv/shmemvv_logs/src/unit/c/atomics/c_shmem_atomic_compare_swap_nbi.c
[11:41:02.957] ------ BEGIN TEST ROUTINE: shmem_int_atomic_compare_swap_nbi
[11:41:02.958] [INFO] shmem_malloc'd 4 bytes at 0xaaab40002250
[11:41:02.958] [INFO] set 0xaaab40002250 to 42
[11:41:02.958] [INFO] executing atomic compare swap nbi: dest = 0xaaab40002250, old = 42, new_val = 43
[11:41:02.958] [INFO] atomic compare swap nbi on a int at 0xaaab40002250 produced expected result (42 == 42 && 43 == 43)
[11:41:02.958] ------ BEGIN TEST ROUTINE: shmem_long_atomic_compare_swap_nbi
[11:41:02.958] [INFO] shmem_malloc'd 8 bytes at 0xaaab40002250
[11:41:02.958] [INFO] set 0xaaab40002250 to 42
[11:41:02.958] [INFO] executing atomic compare swap nbi: dest = 0xaaab40002250, old = 42, new_val = 43
[11:41:02.959] [INFO] atomic compare swap nbi on a long at 0xaaab40002250 produced expected result (42 == 42 && 43 == 43)
[11:41:02.959] ------ BEGIN TEST ROUTINE: shmem_longlong_atomic_compare_swap_nbi
[11:41:02.959] [INFO] shmem_malloc'd 8 bytes at 0xaaab40002250
[11:41:02.959] [INFO] set 0xaaab40002250 to 42
[11:41:02.959] [INFO] executing atomic compare swap nbi: dest = 0xaaab40002250, old = 42, new_val = 43
[11:41:02.959] [INFO] atomic compare swap nbi on a long long at 0xaaab40002250 produced expected result (42 == 42 && 43 == 43)
[11:41:02.959] ------ BEGIN TEST ROUTINE: shmem_uint_atomic_compare_swap_nbi
[11:41:02.959] [INFO] shmem_malloc'd 4 bytes at 0xaaab40002250
[11:41:02.959] [INFO] set 0xaaab40002250 to 42
[11:41:02.959] [INFO] executing atomic compare swap nbi: dest = 0xaaab40002250, old = 42, new_val = 43
[11:41:02.960] [INFO] atomic compare swap nbi on a unsigned int at 0xaaab40002250 produced expected result (42 == 42 && 43 == 43)
[11:41:02.960] ------ BEGIN TEST ROUTINE: shmem_ulong_atomic_compare_swap_nbi
[11:41:02.960] [INFO] shmem_malloc'd 8 bytes at 0xaaab40002250
[11:41:02.960] [INFO] set 0xaaab40002250 to 42
[11:41:02.960] [INFO] executing atomic compare swap nbi: dest = 0xaaab40002250, old = 42, new_val = 43
[11:41:02.960] [INFO] atomic compare swap nbi on a unsigned long at 0xaaab40002250 produced expected result (42 == 42 && 43 == 43)
[11:41:02.960] ------ BEGIN TEST ROUTINE: shmem_ulonglong_atomic_compare_swap_nbi
[11:41:02.960] [INFO] shmem_malloc'd 8 bytes at 0xaaab40002250
[11:41:02.960] [INFO] set 0xaaab40002250 to 42
[11:41:02.960] [INFO] executing atomic compare swap nbi: dest = 0xaaab40002250, old = 42, new_val = 43
[11:41:02.961] [INFO] atomic compare swap nbi on a unsigned long long at 0xaaab40002250 produced expected result (42 == 42 && 43 == 43)
[11:41:02.961] ------ BEGIN TEST ROUTINE: shmem_int32_atomic_compare_swap_nbi
[11:41:02.961] [INFO] shmem_malloc'd 4 bytes at 0xaaab40002250
[11:41:02.961] [INFO] set 0xaaab40002250 to 42
[11:41:02.961] [INFO] executing atomic compare swap nbi: dest = 0xaaab40002250, old = 42, new_val = 43
[11:41:02.961] [INFO] atomic compare swap nbi on a int32_t at 0xaaab40002250 produced expected result (42 == 42 && 43 == 43)
[11:41:02.961] ------ BEGIN TEST ROUTINE: shmem_int64_atomic_compare_swap_nbi
[11:41:02.961] [INFO] shmem_malloc'd 8 bytes at 0xaaab40002250
[11:41:02.961] [INFO] set 0xaaab40002250 to 42
[11:41:02.961] [INFO] executing atomic compare swap nbi: dest = 0xaaab40002250, old = 42, new_val = 43
[11:41:02.962] [INFO] atomic compare swap nbi on a int64_t at 0xaaab40002250 produced expected result (42 == 42 && 43 == 43)
[11:41:02.962] ------ BEGIN TEST ROUTINE: shmem_uint32_atomic_compare_swap_nbi
[11:41:02.962] [INFO] shmem_malloc'd 4 bytes at 0xaaab40002250
[11:41:02.962] [INFO] set 0xaaab40002250 to 42
[11:41:02.962] [INFO] executing atomic compare swap nbi: dest = 0xaaab40002250, old = 42, new_val = 43
[11:41:02.962] [INFO] atomic compare swap nbi on a uint32_t at 0xaaab40002250 produced expected result (42 == 42 && 43 == 43)
[11:41:02.962] ------ BEGIN TEST ROUTINE: shmem_uint64_atomic_compare_swap_nbi
[11:41:02.962] [INFO] shmem_malloc'd 8 bytes at 0xaaab40002250
[11:41:02.962] [INFO] set 0xaaab40002250 to 42
[11:41:02.962] [INFO] executing atomic compare swap nbi: dest = 0xaaab40002250, old = 42, new_val = 43
[11:41:02.963] [INFO] atomic compare swap nbi on a uint64_t at 0xaaab40002250 produced expected result (42 == 42 && 43 == 43)
[11:41:02.963] ------ BEGIN TEST ROUTINE: shmem_size_atomic_compare_swap_nbi
[11:41:02.963] [INFO] shmem_malloc'd 8 bytes at 0xaaab40002250
[11:41:02.963] [INFO] set 0xaaab40002250 to 42
[11:41:02.963] [INFO] executing atomic compare swap nbi: dest = 0xaaab40002250, old = 42, new_val = 43
[11:41:02.963] [INFO] atomic compare swap nbi on a size_t at 0xaaab40002250 produced expected result (42 == 42 && 43 == 43)
[11:41:02.963] ------ BEGIN TEST ROUTINE: shmem_ptrdiff_atomic_compare_swap_nbi
[11:41:02.963] [INFO] shmem_malloc'd 8 bytes at 0xaaab40002250
[11:41:02.963] [INFO] set 0xaaab40002250 to 42
[11:41:02.963] [INFO] executing atomic compare swap nbi: dest = 0xaaab40002250, old = 42, new_val = 43
[11:41:02.964] [INFO] atomic compare swap nbi on a ptrdiff_t at 0xaaab40002250 produced expected result (42 == 42 && 43 == 43)
---------- END TEST: PASSED
