---------- BEGIN TEST: /root/lanl/vv/shmemvv_logs/src/unit/c/atomics/c_shmem_atomic_inc.c
[11:36:32.055] ------ BEGIN TEST ROUTINE: shmem_int_atomic_inc
[11:36:32.056] [INFO] shmem_malloc'd 4 bytes at 0xaaab40002250
[11:36:32.056] [INFO] executing atomic inc: dest = 0xaaab40002250
[11:36:32.056] [INFO] atomic inc on a int at 0xaaab40002250 produced expected result (42 + 1 = 43)
[11:36:32.056] ------ BEGIN TEST ROUTINE: shmem_long_atomic_inc
[11:36:32.056] [INFO] shmem_malloc'd 8 bytes at 0xaaab40002250
[11:36:32.056] [INFO] executing atomic inc: dest = 0xaaab40002250
[11:36:32.056] [INFO] atomic inc on a long at 0xaaab40002250 produced expected result (42 + 1 = 43)
[11:36:32.057] ------ BEGIN TEST ROUTINE: shmem_longlong_atomic_inc
[11:36:32.057] [INFO] shmem_malloc'd 8 bytes at 0xaaab40002250
[11:36:32.057] [INFO] executing atomic inc: dest = 0xaaab40002250
[11:36:32.057] [INFO] atomic inc on a long long at 0xaaab40002250 produced expected result (42 + 1 = 43)
[11:36:32.057] ------ BEGIN TEST ROUTINE: shmem_uint_atomic_inc
[11:36:32.057] [INFO] shmem_malloc'd 4 bytes at 0xaaab40002250
[11:36:32.057] [INFO] executing atomic inc: dest = 0xaaab40002250
[11:36:32.057] [INFO] atomic inc on a unsigned int at 0xaaab40002250 produced expected result (42 + 1 = 43)
[11:36:32.057] ------ BEGIN TEST ROUTINE: shmem_ulong_atomic_inc
[11:36:32.057] [INFO] shmem_malloc'd 8 bytes at 0xaaab40002250
[11:36:32.057] [INFO] executing atomic inc: dest = 0xaaab40002250
[11:36:32.057] [INFO] atomic inc on a unsigned long at 0xaaab40002250 produced expected result (42 + 1 = 43)
[11:36:32.058] ------ BEGIN TEST ROUTINE: shmem_ulonglong_atomic_inc
[11:36:32.058] [INFO] shmem_malloc'd 8 bytes at 0xaaab40002250
[11:36:32.058] [INFO] executing atomic inc: dest = 0xaaab40002250
[11:36:32.058] [INFO] atomic inc on a unsigned long long at 0xaaab40002250 produced expected result (42 + 1 = 43)
[11:36:32.058] ------ BEGIN TEST ROUTINE: shmem_int32_atomic_inc
[11:36:32.058] [INFO] shmem_malloc'd 4 bytes at 0xaaab40002250
[11:36:32.058] [INFO] executing atomic inc: dest = 0xaaab40002250
[11:36:32.058] [INFO] atomic inc on a int32_t at 0xaaab40002250 produced expected result (42 + 1 = 43)
[11:36:32.058] ------ BEGIN TEST ROUTINE: shmem_int64_atomic_inc
[11:36:32.058] [INFO] shmem_malloc'd 8 bytes at 0xaaab40002250
[11:36:32.059] [INFO] executing atomic inc: dest = 0xaaab40002250
[11:36:32.059] [INFO] atomic inc on a int64_t at 0xaaab40002250 produced expected result (42 + 1 = 43)
[11:36:32.059] ------ BEGIN TEST ROUTINE: shmem_uint32_atomic_inc
[11:36:32.059] [INFO] shmem_malloc'd 4 bytes at 0xaaab40002250
[11:36:32.059] [INFO] executing atomic inc: dest = 0xaaab40002250
[11:36:32.059] [INFO] atomic inc on a uint32_t at 0xaaab40002250 produced expected result (42 + 1 = 43)
[11:36:32.059] ------ BEGIN TEST ROUTINE: shmem_uint64_atomic_inc
[11:36:32.060] [INFO] shmem_malloc'd 8 bytes at 0xaaab40002250
[11:36:32.060] [INFO] executing atomic inc: dest = 0xaaab40002250
[11:36:32.060] [INFO] atomic inc on a uint64_t at 0xaaab40002250 produced expected result (42 + 1 = 43)
[11:36:32.060] ------ BEGIN TEST ROUTINE: shmem_size_atomic_inc
[11:36:32.060] [INFO] shmem_malloc'd 8 bytes at 0xaaab40002250
[11:36:32.060] [INFO] executing atomic inc: dest = 0xaaab40002250
[11:36:32.060] [INFO] atomic inc on a size_t at 0xaaab40002250 produced expected result (42 + 1 = 43)
[11:36:32.061] ------ BEGIN TEST ROUTINE: shmem_ptrdiff_atomic_inc
[11:36:32.061] [INFO] shmem_malloc'd 8 bytes at 0xaaab40002250
[11:36:32.061] [INFO] executing atomic inc: dest = 0xaaab40002250
[11:36:32.061] [INFO] atomic inc on a ptrdiff_t at 0xaaab40002250 produced expected result (42 + 1 = 43)
---------- END TEST: PASSED
