---------- BEGIN TEST: /root/lanl/vv/shmemvv_logs/src/unit/c/rma/c_shmem_g.c
[16:28:12.813] ------ BEGIN TEST ROUTINE: shmem_long_g()
[16:28:12.813] [INFO] Allocated static variables: src at 0xaaaab1050200, dest at 0xaaaab1050208
[16:28:12.813] [INFO] Running on PE 1 of 2 total PEs
[16:28:12.813] [INFO] Completed barrier synchronization
[16:28:12.813] [INFO] PE 1: Fetching remote value from PE 0
[16:28:12.813] [INFO] PE 1: Fetched value dest = 10
[16:28:12.813] [INFO] Completed barrier synchronization
[16:28:12.813] [INFO] PE 1: Beginning validation
[16:28:12.813] [INFO] PE 1: Validation successful - dest=10 as expected
[16:28:12.813] ------ BEGIN TEST ROUTINE: shmem_double_g()
[16:28:12.813] [INFO] Allocated static variables: src at 0xaaaab1050210, dest at 0xaaaab1050218
[16:28:12.813] [INFO] Running on PE 1 of 2 total PEs
[16:28:12.813] [INFO] Completed barrier synchronization
[16:28:12.813] [INFO] PE 1: Fetching remote value from PE 0
[16:28:12.813] [INFO] PE 1: Fetched value dest = 10
[16:28:12.814] [INFO] Completed barrier synchronization
[16:28:12.814] [INFO] PE 1: Beginning validation
[16:28:12.814] [INFO] PE 1: Validation successful - dest=10 as expected
[16:28:12.814] ------ BEGIN TEST ROUTINE: shmem_longdouble_g()
[16:28:12.814] [INFO] Allocated static variables: src at 0xaaaab1050220, dest at 0xaaaab1050230
[16:28:12.814] [INFO] Running on PE 1 of 2 total PEs
[16:28:12.814] [INFO] Completed barrier synchronization
[16:28:12.814] [INFO] PE 1: Fetching remote value from PE 0
[16:28:12.814] [INFO] PE 1: Fetched value dest = 10
[16:28:12.814] [INFO] Completed barrier synchronization
[16:28:12.814] [INFO] PE 1: Beginning validation
[16:28:12.814] [INFO] PE 1: Validation successful - dest=10 as expected
[16:28:12.814] ------ BEGIN TEST ROUTINE: shmem_char_g()
[16:28:12.814] [INFO] Allocated static variables: src at 0xaaaab1050240, dest at 0xaaaab1050241
[16:28:12.814] [INFO] Running on PE 1 of 2 total PEs
[16:28:12.814] [INFO] Completed barrier synchronization
[16:28:12.814] [INFO] PE 1: Fetching remote value from PE 0
[16:28:12.814] [INFO] PE 1: Fetched value dest = 10
[16:28:12.814] [INFO] Completed barrier synchronization
[16:28:12.814] [INFO] PE 1: Beginning validation
[16:28:12.814] [INFO] PE 1: Validation successful - dest=10 as expected
[16:28:12.814] ------ BEGIN TEST ROUTINE: shmem_schar_g()
[16:28:12.814] [INFO] Allocated static variables: src at 0xaaaab1050242, dest at 0xaaaab1050243
[16:28:12.814] [INFO] Running on PE 1 of 2 total PEs
[16:28:12.814] [INFO] Completed barrier synchronization
[16:28:12.814] [INFO] PE 1: Fetching remote value from PE 0
[16:28:12.814] [INFO] PE 1: Fetched value dest = 10
[16:28:12.814] [INFO] Completed barrier synchronization
[16:28:12.814] [INFO] PE 1: Beginning validation
[16:28:12.814] [INFO] PE 1: Validation successful - dest=10 as expected
[16:28:12.814] ------ BEGIN TEST ROUTINE: shmem_short_g()
[16:28:12.814] [INFO] Allocated static variables: src at 0xaaaab1050244, dest at 0xaaaab1050246
[16:28:12.814] [INFO] Running on PE 1 of 2 total PEs
[16:28:12.814] [INFO] Completed barrier synchronization
[16:28:12.814] [INFO] PE 1: Fetching remote value from PE 0
[16:28:12.814] [INFO] PE 1: Fetched value dest = 10
[16:28:12.815] [INFO] Completed barrier synchronization
[16:28:12.815] [INFO] PE 1: Beginning validation
[16:28:12.815] [INFO] PE 1: Validation successful - dest=10 as expected
[16:28:12.815] ------ BEGIN TEST ROUTINE: shmem_int_g()
[16:28:12.815] [INFO] Allocated static variables: src at 0xaaaab1050248, dest at 0xaaaab105024c
[16:28:12.815] [INFO] Running on PE 1 of 2 total PEs
[16:28:12.815] [INFO] Completed barrier synchronization
[16:28:12.815] [INFO] PE 1: Fetching remote value from PE 0
[16:28:12.815] [INFO] PE 1: Fetched value dest = 10
[16:28:12.815] [INFO] Completed barrier synchronization
[16:28:12.815] [INFO] PE 1: Beginning validation
[16:28:12.815] [INFO] PE 1: Validation successful - dest=10 as expected
[16:28:12.815] ------ BEGIN TEST ROUTINE: shmem_long_g()
[16:28:12.815] [INFO] Allocated static variables: src at 0xaaaab1050250, dest at 0xaaaab1050258
[16:28:12.815] [INFO] Running on PE 1 of 2 total PEs
[16:28:12.815] [INFO] Completed barrier synchronization
[16:28:12.815] [INFO] PE 1: Fetching remote value from PE 0
[16:28:12.815] [INFO] PE 1: Fetched value dest = 10
[16:28:12.815] [INFO] Completed barrier synchronization
[16:28:12.815] [INFO] PE 1: Beginning validation
[16:28:12.815] [INFO] PE 1: Validation successful - dest=10 as expected
[16:28:12.815] ------ BEGIN TEST ROUTINE: shmem_longlong_g()
[16:28:12.815] [INFO] Allocated static variables: src at 0xaaaab1050260, dest at 0xaaaab1050268
[16:28:12.815] [INFO] Running on PE 1 of 2 total PEs
[16:28:12.815] [INFO] Completed barrier synchronization
[16:28:12.815] [INFO] PE 1: Fetching remote value from PE 0
[16:28:12.815] [INFO] PE 1: Fetched value dest = 10
[16:28:12.815] [INFO] Completed barrier synchronization
[16:28:12.815] [INFO] PE 1: Beginning validation
[16:28:12.815] [INFO] PE 1: Validation successful - dest=10 as expected
[16:28:12.815] ------ BEGIN TEST ROUTINE: shmem_uchar_g()
[16:28:12.815] [INFO] Allocated static variables: src at 0xaaaab1050270, dest at 0xaaaab1050271
[16:28:12.815] [INFO] Running on PE 1 of 2 total PEs
[16:28:12.815] [INFO] Completed barrier synchronization
[16:28:12.815] [INFO] PE 1: Fetching remote value from PE 0
[16:28:12.816] [INFO] PE 1: Fetched value dest = 10
[16:28:12.816] [INFO] Completed barrier synchronization
[16:28:12.816] [INFO] PE 1: Beginning validation
[16:28:12.816] [INFO] PE 1: Validation successful - dest=10 as expected
[16:28:12.816] ------ BEGIN TEST ROUTINE: shmem_ushort_g()
[16:28:12.816] [INFO] Allocated static variables: src at 0xaaaab1050272, dest at 0xaaaab1050274
[16:28:12.816] [INFO] Running on PE 1 of 2 total PEs
[16:28:12.816] [INFO] Completed barrier synchronization
[16:28:12.816] [INFO] PE 1: Fetching remote value from PE 0
[16:28:12.816] [INFO] PE 1: Fetched value dest = 10
[16:28:12.816] [INFO] Completed barrier synchronization
[16:28:12.816] [INFO] PE 1: Beginning validation
[16:28:12.816] [INFO] PE 1: Validation successful - dest=10 as expected
[16:28:12.816] ------ BEGIN TEST ROUTINE: shmem_uint_g()
[16:28:12.816] [INFO] Allocated static variables: src at 0xaaaab1050278, dest at 0xaaaab105027c
[16:28:12.816] [INFO] Running on PE 1 of 2 total PEs
[16:28:12.816] [INFO] Completed barrier synchronization
[16:28:12.816] [INFO] PE 1: Fetching remote value from PE 0
[16:28:12.816] [INFO] PE 1: Fetched value dest = 10
[16:28:12.816] [INFO] Completed barrier synchronization
[16:28:12.816] [INFO] PE 1: Beginning validation
[16:28:12.816] [INFO] PE 1: Validation successful - dest=10 as expected
[16:28:12.816] ------ BEGIN TEST ROUTINE: shmem_ulong_g()
[16:28:12.816] [INFO] Allocated static variables: src at 0xaaaab1050280, dest at 0xaaaab1050288
[16:28:12.816] [INFO] Running on PE 1 of 2 total PEs
[16:28:12.816] [INFO] Completed barrier synchronization
[16:28:12.816] [INFO] PE 1: Fetching remote value from PE 0
[16:28:12.816] [INFO] PE 1: Fetched value dest = 10
[16:28:12.816] [INFO] Completed barrier synchronization
[16:28:12.816] [INFO] PE 1: Beginning validation
[16:28:12.816] [INFO] PE 1: Validation successful - dest=10 as expected
[16:28:12.816] ------ BEGIN TEST ROUTINE: shmem_ulonglong_g()
[16:28:12.816] [INFO] Allocated static variables: src at 0xaaaab1050290, dest at 0xaaaab1050298
[16:28:12.816] [INFO] Running on PE 1 of 2 total PEs
[16:28:12.817] [INFO] Completed barrier synchronization
[16:28:12.817] [INFO] PE 1: Fetching remote value from PE 0
[16:28:12.817] [INFO] PE 1: Fetched value dest = 10
[16:28:12.817] [INFO] Completed barrier synchronization
[16:28:12.817] [INFO] PE 1: Beginning validation
[16:28:12.817] [INFO] PE 1: Validation successful - dest=10 as expected
[16:28:12.817] ------ BEGIN TEST ROUTINE: shmem_int8_g()
[16:28:12.817] [INFO] Allocated static variables: src at 0xaaaab10502a0, dest at 0xaaaab10502a1
[16:28:12.817] [INFO] Running on PE 1 of 2 total PEs
[16:28:12.817] [INFO] Completed barrier synchronization
[16:28:12.817] [INFO] PE 1: Fetching remote value from PE 0
[16:28:12.817] [INFO] PE 1: Fetched value dest = 10
[16:28:12.817] [INFO] Completed barrier synchronization
[16:28:12.817] [INFO] PE 1: Beginning validation
[16:28:12.817] [INFO] PE 1: Validation successful - dest=10 as expected
[16:28:12.817] ------ BEGIN TEST ROUTINE: shmem_int16_g()
[16:28:12.817] [INFO] Allocated static variables: src at 0xaaaab10502a2, dest at 0xaaaab10502a4
[16:28:12.817] [INFO] Running on PE 1 of 2 total PEs
[16:28:12.817] [INFO] Completed barrier synchronization
[16:28:12.817] [INFO] PE 1: Fetching remote value from PE 0
[16:28:12.817] [INFO] PE 1: Fetched value dest = 10
[16:28:12.817] [INFO] Completed barrier synchronization
[16:28:12.817] [INFO] PE 1: Beginning validation
[16:28:12.817] [INFO] PE 1: Validation successful - dest=10 as expected
[16:28:12.817] ------ BEGIN TEST ROUTINE: shmem_int32_g()
[16:28:12.817] [INFO] Allocated static variables: src at 0xaaaab10502a8, dest at 0xaaaab10502ac
[16:28:12.817] [INFO] Running on PE 1 of 2 total PEs
[16:28:12.817] [INFO] Completed barrier synchronization
[16:28:12.817] [INFO] PE 1: Fetching remote value from PE 0
[16:28:12.817] [INFO] PE 1: Fetched value dest = 10
[16:28:12.818] [INFO] Completed barrier synchronization
[16:28:12.818] [INFO] PE 1: Beginning validation
[16:28:12.818] [INFO] PE 1: Validation successful - dest=10 as expected
[16:28:12.818] ------ BEGIN TEST ROUTINE: shmem_int64_g()
[16:28:12.818] [INFO] Allocated static variables: src at 0xaaaab10502b0, dest at 0xaaaab10502b8
[16:28:12.818] [INFO] Running on PE 1 of 2 total PEs
[16:28:12.818] [INFO] Completed barrier synchronization
[16:28:12.818] [INFO] PE 1: Fetching remote value from PE 0
[16:28:12.818] [INFO] PE 1: Fetched value dest = 10
[16:28:12.818] [INFO] Completed barrier synchronization
[16:28:12.818] [INFO] PE 1: Beginning validation
[16:28:12.818] [INFO] PE 1: Validation successful - dest=10 as expected
[16:28:12.818] ------ BEGIN TEST ROUTINE: shmem_uint8_g()
[16:28:12.818] [INFO] Allocated static variables: src at 0xaaaab10502c0, dest at 0xaaaab10502c1
[16:28:12.818] [INFO] Running on PE 1 of 2 total PEs
[16:28:12.818] [INFO] Completed barrier synchronization
[16:28:12.818] [INFO] PE 1: Fetching remote value from PE 0
[16:28:12.818] [INFO] PE 1: Fetched value dest = 10
[16:28:12.818] [INFO] Completed barrier synchronization
[16:28:12.818] [INFO] PE 1: Beginning validation
[16:28:12.818] [INFO] PE 1: Validation successful - dest=10 as expected
[16:28:12.818] ------ BEGIN TEST ROUTINE: shmem_uint16_g()
[16:28:12.818] [INFO] Allocated static variables: src at 0xaaaab10502c2, dest at 0xaaaab10502c4
[16:28:12.818] [INFO] Running on PE 1 of 2 total PEs
[16:28:12.818] [INFO] Completed barrier synchronization
[16:28:12.818] [INFO] PE 1: Fetching remote value from PE 0
[16:28:12.818] [INFO] PE 1: Fetched value dest = 10
[16:28:12.818] [INFO] Completed barrier synchronization
[16:28:12.818] [INFO] PE 1: Beginning validation
[16:28:12.818] [INFO] PE 1: Validation successful - dest=10 as expected
[16:28:12.818] ------ BEGIN TEST ROUTINE: shmem_uint32_g()
[16:28:12.818] [INFO] Allocated static variables: src at 0xaaaab10502c8, dest at 0xaaaab10502cc
[16:28:12.818] [INFO] Running on PE 1 of 2 total PEs
[16:28:12.819] [INFO] Completed barrier synchronization
[16:28:12.819] [INFO] PE 1: Fetching remote value from PE 0
[16:28:12.819] [INFO] PE 1: Fetched value dest = 10
[16:28:12.819] [INFO] Completed barrier synchronization
[16:28:12.819] [INFO] PE 1: Beginning validation
[16:28:12.819] [INFO] PE 1: Validation successful - dest=10 as expected
[16:28:12.819] ------ BEGIN TEST ROUTINE: shmem_uint64_g()
[16:28:12.819] [INFO] Allocated static variables: src at 0xaaaab10502d0, dest at 0xaaaab10502d8
[16:28:12.819] [INFO] Running on PE 1 of 2 total PEs
[16:28:12.819] [INFO] Completed barrier synchronization
[16:28:12.819] [INFO] PE 1: Fetching remote value from PE 0
[16:28:12.819] [INFO] PE 1: Fetched value dest = 10
[16:28:12.819] [INFO] Completed barrier synchronization
[16:28:12.819] [INFO] PE 1: Beginning validation
[16:28:12.819] [INFO] PE 1: Validation successful - dest=10 as expected
[16:28:12.819] ------ BEGIN TEST ROUTINE: shmem_size_g()
[16:28:12.819] [INFO] Allocated static variables: src at 0xaaaab10502e0, dest at 0xaaaab10502e8
[16:28:12.819] [INFO] Running on PE 1 of 2 total PEs
[16:28:12.819] [INFO] Completed barrier synchronization
[16:28:12.819] [INFO] PE 1: Fetching remote value from PE 0
[16:28:12.819] [INFO] PE 1: Fetched value dest = 10
[16:28:12.819] [INFO] Completed barrier synchronization
[16:28:12.819] [INFO] PE 1: Beginning validation
[16:28:12.819] [INFO] PE 1: Validation successful - dest=10 as expected
[16:28:12.819] ------ BEGIN TEST ROUTINE: shmem_ptrdiff_g()
[16:28:12.819] [INFO] Allocated static variables: src at 0xaaaab10502f0, dest at 0xaaaab10502f8
[16:28:12.819] [INFO] Running on PE 1 of 2 total PEs
[16:28:12.819] [INFO] Completed barrier synchronization
[16:28:12.819] [INFO] PE 1: Fetching remote value from PE 0
[16:28:12.820] [INFO] PE 1: Fetched value dest = 10
[16:28:12.820] [INFO] Completed barrier synchronization
[16:28:12.820] [INFO] PE 1: Beginning validation
[16:28:12.820] [INFO] PE 1: Validation successful - dest=10 as expected
---------- END TEST: PASSED
