---------- BEGIN TEST: /root/lanl/vv/shmemvv_logs/src/unit/c/collectives/c_shmem_sum_reduce.c
[11:41:03.325] ------ BEGIN TEST ROUTINE: shmem_float_sum_reduce
[11:41:03.325] [INFO] shmem_malloc'd 4 bytes @ &src = 0xaaab40002250, 4 bytes @ &dest = 0xaaab40002270
[11:41:03.325] [INFO] set 0xaaab40002250 (src) to 1
[11:41:03.325] [INFO] executing shmem_sum_reduce: dest = 0xaaab40002270, src = 0xaaab40002250
[11:41:03.325] [INFO] validating result...
[11:41:03.325] [INFO] shmem_float_sum_reduce produced expected result.
[11:41:03.326] ------ BEGIN TEST ROUTINE: shmem_double_sum_reduce
[11:41:03.326] [INFO] shmem_malloc'd 8 bytes @ &src = 0xaaab40002250, 8 bytes @ &dest = 0xaaab40002270
[11:41:03.326] [INFO] set 0xaaab40002250 (src) to 1
[11:41:03.326] [INFO] executing shmem_sum_reduce: dest = 0xaaab40002270, src = 0xaaab40002250
[11:41:03.326] [INFO] validating result...
[11:41:03.326] [INFO] shmem_double_sum_reduce produced expected result.
[11:41:03.326] ------ BEGIN TEST ROUTINE: shmem_longdouble_sum_reduce
[11:41:03.326] [INFO] shmem_malloc'd 16 bytes @ &src = 0xaaab40002250, 16 bytes @ &dest = 0xaaab40002270
[11:41:03.326] [INFO] set 0xaaab40002250 (src) to 1
[11:41:03.326] [INFO] executing shmem_sum_reduce: dest = 0xaaab40002270, src = 0xaaab40002250
[11:41:03.326] [INFO] validating result...
[11:41:03.326] [INFO] shmem_longdouble_sum_reduce produced expected result.
[11:41:03.327] ------ BEGIN TEST ROUTINE: shmem_char_sum_reduce
[11:41:03.327] [INFO] shmem_malloc'd 1 bytes @ &src = 0xaaab40002250, 1 bytes @ &dest = 0xaaab40002270
[11:41:03.327] [INFO] set 0xaaab40002250 (src) to 1
[11:41:03.327] [INFO] executing shmem_sum_reduce: dest = 0xaaab40002270, src = 0xaaab40002250
[11:41:03.327] [INFO] validating result...
[11:41:03.327] [INFO] shmem_char_sum_reduce produced expected result.
[11:41:03.327] ------ BEGIN TEST ROUTINE: shmem_schar_sum_reduce
[11:41:03.327] [INFO] shmem_malloc'd 1 bytes @ &src = 0xaaab40002250, 1 bytes @ &dest = 0xaaab40002270
[11:41:03.327] [INFO] set 0xaaab40002250 (src) to 1
[11:41:03.327] [INFO] executing shmem_sum_reduce: dest = 0xaaab40002270, src = 0xaaab40002250
[11:41:03.328] [INFO] validating result...
[11:41:03.328] [INFO] shmem_schar_sum_reduce produced expected result.
[11:41:03.328] ------ BEGIN TEST ROUTINE: shmem_short_sum_reduce
[11:41:03.328] [INFO] shmem_malloc'd 2 bytes @ &src = 0xaaab40002250, 2 bytes @ &dest = 0xaaab40002270
[11:41:03.328] [INFO] set 0xaaab40002250 (src) to 1
[11:41:03.328] [INFO] executing shmem_sum_reduce: dest = 0xaaab40002270, src = 0xaaab40002250
[11:41:03.328] [INFO] validating result...
[11:41:03.328] [INFO] shmem_short_sum_reduce produced expected result.
[11:41:03.328] ------ BEGIN TEST ROUTINE: shmem_int_sum_reduce
[11:41:03.329] [INFO] shmem_malloc'd 4 bytes @ &src = 0xaaab40002250, 4 bytes @ &dest = 0xaaab40002270
[11:41:03.329] [INFO] set 0xaaab40002250 (src) to 1
[11:41:03.329] [INFO] executing shmem_sum_reduce: dest = 0xaaab40002270, src = 0xaaab40002250
[11:41:03.329] [INFO] validating result...
[11:41:03.329] [INFO] shmem_int_sum_reduce produced expected result.
[11:41:03.329] ------ BEGIN TEST ROUTINE: shmem_long_sum_reduce
[11:41:03.329] [INFO] shmem_malloc'd 8 bytes @ &src = 0xaaab40002250, 8 bytes @ &dest = 0xaaab40002270
[11:41:03.329] [INFO] set 0xaaab40002250 (src) to 1
[11:41:03.329] [INFO] executing shmem_sum_reduce: dest = 0xaaab40002270, src = 0xaaab40002250
[11:41:03.330] [INFO] validating result...
[11:41:03.330] [INFO] shmem_long_sum_reduce produced expected result.
[11:41:03.330] ------ BEGIN TEST ROUTINE: shmem_longlong_sum_reduce
[11:41:03.330] [INFO] shmem_malloc'd 8 bytes @ &src = 0xaaab40002250, 8 bytes @ &dest = 0xaaab40002270
[11:41:03.330] [INFO] set 0xaaab40002250 (src) to 1
[11:41:03.330] [INFO] executing shmem_sum_reduce: dest = 0xaaab40002270, src = 0xaaab40002250
[11:41:03.330] [INFO] validating result...
[11:41:03.330] [INFO] shmem_longlong_sum_reduce produced expected result.
[11:41:03.330] ------ BEGIN TEST ROUTINE: shmem_uchar_sum_reduce
[11:41:03.330] [INFO] shmem_malloc'd 1 bytes @ &src = 0xaaab40002250, 1 bytes @ &dest = 0xaaab40002270
[11:41:03.330] [INFO] set 0xaaab40002250 (src) to 1
[11:41:03.330] [INFO] executing shmem_sum_reduce: dest = 0xaaab40002270, src = 0xaaab40002250
[11:41:03.331] [INFO] validating result...
[11:41:03.331] [INFO] shmem_uchar_sum_reduce produced expected result.
[11:41:03.331] ------ BEGIN TEST ROUTINE: shmem_ushort_sum_reduce
[11:41:03.331] [INFO] shmem_malloc'd 2 bytes @ &src = 0xaaab40002250, 2 bytes @ &dest = 0xaaab40002270
[11:41:03.331] [INFO] set 0xaaab40002250 (src) to 1
[11:41:03.331] [INFO] executing shmem_sum_reduce: dest = 0xaaab40002270, src = 0xaaab40002250
[11:41:03.331] [INFO] validating result...
[11:41:03.331] [INFO] shmem_ushort_sum_reduce produced expected result.
[11:41:03.331] ------ BEGIN TEST ROUTINE: shmem_uint_sum_reduce
[11:41:03.332] [INFO] shmem_malloc'd 4 bytes @ &src = 0xaaab40002250, 4 bytes @ &dest = 0xaaab40002270
[11:41:03.332] [INFO] set 0xaaab40002250 (src) to 1
[11:41:03.332] [INFO] executing shmem_sum_reduce: dest = 0xaaab40002270, src = 0xaaab40002250
[11:41:03.332] [INFO] validating result...
[11:41:03.332] [INFO] shmem_uint_sum_reduce produced expected result.
[11:41:03.332] ------ BEGIN TEST ROUTINE: shmem_ulong_sum_reduce
[11:41:03.332] [INFO] shmem_malloc'd 8 bytes @ &src = 0xaaab40002250, 8 bytes @ &dest = 0xaaab40002270
[11:41:03.332] [INFO] set 0xaaab40002250 (src) to 1
[11:41:03.332] [INFO] executing shmem_sum_reduce: dest = 0xaaab40002270, src = 0xaaab40002250
[11:41:03.332] [INFO] validating result...
[11:41:03.332] [INFO] shmem_ulong_sum_reduce produced expected result.
[11:41:03.332] ------ BEGIN TEST ROUTINE: shmem_ulonglong_sum_reduce
[11:41:03.333] [INFO] shmem_malloc'd 8 bytes @ &src = 0xaaab40002250, 8 bytes @ &dest = 0xaaab40002270
[11:41:03.333] [INFO] set 0xaaab40002250 (src) to 1
[11:41:03.333] [INFO] executing shmem_sum_reduce: dest = 0xaaab40002270, src = 0xaaab40002250
[11:41:03.333] [INFO] validating result...
[11:41:03.333] [INFO] shmem_ulonglong_sum_reduce produced expected result.
[11:41:03.333] ------ BEGIN TEST ROUTINE: shmem_int8_sum_reduce
[11:41:03.333] [INFO] shmem_malloc'd 1 bytes @ &src = 0xaaab40002250, 1 bytes @ &dest = 0xaaab40002270
[11:41:03.333] [INFO] set 0xaaab40002250 (src) to 1
[11:41:03.333] [INFO] executing shmem_sum_reduce: dest = 0xaaab40002270, src = 0xaaab40002250
[11:41:03.333] [INFO] validating result...
[11:41:03.333] [INFO] shmem_int8_sum_reduce produced expected result.
[11:41:03.334] ------ BEGIN TEST ROUTINE: shmem_int16_sum_reduce
[11:41:03.334] [INFO] shmem_malloc'd 2 bytes @ &src = 0xaaab40002250, 2 bytes @ &dest = 0xaaab40002270
[11:41:03.334] [INFO] set 0xaaab40002250 (src) to 1
[11:41:03.334] [INFO] executing shmem_sum_reduce: dest = 0xaaab40002270, src = 0xaaab40002250
[11:41:03.334] [INFO] validating result...
[11:41:03.334] [INFO] shmem_int16_sum_reduce produced expected result.
[11:41:03.334] ------ BEGIN TEST ROUTINE: shmem_int32_sum_reduce
[11:41:03.334] [INFO] shmem_malloc'd 4 bytes @ &src = 0xaaab40002250, 4 bytes @ &dest = 0xaaab40002270
[11:41:03.334] [INFO] set 0xaaab40002250 (src) to 1
[11:41:03.334] [INFO] executing shmem_sum_reduce: dest = 0xaaab40002270, src = 0xaaab40002250
[11:41:03.335] [INFO] validating result...
[11:41:03.335] [INFO] shmem_int32_sum_reduce produced expected result.
[11:41:03.335] ------ BEGIN TEST ROUTINE: shmem_int64_sum_reduce
[11:41:03.335] [INFO] shmem_malloc'd 8 bytes @ &src = 0xaaab40002250, 8 bytes @ &dest = 0xaaab40002270
[11:41:03.335] [INFO] set 0xaaab40002250 (src) to 1
[11:41:03.335] [INFO] executing shmem_sum_reduce: dest = 0xaaab40002270, src = 0xaaab40002250
[11:41:03.335] [INFO] validating result...
[11:41:03.335] [INFO] shmem_int64_sum_reduce produced expected result.
[11:41:03.335] ------ BEGIN TEST ROUTINE: shmem_uint8_sum_reduce
[11:41:03.335] [INFO] shmem_malloc'd 1 bytes @ &src = 0xaaab40002250, 1 bytes @ &dest = 0xaaab40002270
[11:41:03.335] [INFO] set 0xaaab40002250 (src) to 1
[11:41:03.335] [INFO] executing shmem_sum_reduce: dest = 0xaaab40002270, src = 0xaaab40002250
[11:41:03.336] [INFO] validating result...
[11:41:03.336] [INFO] shmem_uint8_sum_reduce produced expected result.
[11:41:03.336] ------ BEGIN TEST ROUTINE: shmem_uint16_sum_reduce
[11:41:03.336] [INFO] shmem_malloc'd 2 bytes @ &src = 0xaaab40002250, 2 bytes @ &dest = 0xaaab40002270
[11:41:03.336] [INFO] set 0xaaab40002250 (src) to 1
[11:41:03.336] [INFO] executing shmem_sum_reduce: dest = 0xaaab40002270, src = 0xaaab40002250
[11:41:03.336] [INFO] validating result...
[11:41:03.336] [INFO] shmem_uint16_sum_reduce produced expected result.
[11:41:03.337] ------ BEGIN TEST ROUTINE: shmem_uint32_sum_reduce
[11:41:03.337] [INFO] shmem_malloc'd 4 bytes @ &src = 0xaaab40002250, 4 bytes @ &dest = 0xaaab40002270
[11:41:03.337] [INFO] set 0xaaab40002250 (src) to 1
[11:41:03.337] [INFO] executing shmem_sum_reduce: dest = 0xaaab40002270, src = 0xaaab40002250
[11:41:03.337] [INFO] validating result...
[11:41:03.337] [INFO] shmem_uint32_sum_reduce produced expected result.
[11:41:03.337] ------ BEGIN TEST ROUTINE: shmem_uint64_sum_reduce
[11:41:03.338] [INFO] shmem_malloc'd 8 bytes @ &src = 0xaaab40002250, 8 bytes @ &dest = 0xaaab40002270
[11:41:03.338] [INFO] set 0xaaab40002250 (src) to 1
[11:41:03.338] [INFO] executing shmem_sum_reduce: dest = 0xaaab40002270, src = 0xaaab40002250
[11:41:03.338] [INFO] validating result...
[11:41:03.338] [INFO] shmem_uint64_sum_reduce produced expected result.
[11:41:03.338] ------ BEGIN TEST ROUTINE: shmem_size_sum_reduce
[11:41:03.338] [INFO] shmem_malloc'd 8 bytes @ &src = 0xaaab40002250, 8 bytes @ &dest = 0xaaab40002270
[11:41:03.338] [INFO] set 0xaaab40002250 (src) to 1
[11:41:03.338] [INFO] executing shmem_sum_reduce: dest = 0xaaab40002270, src = 0xaaab40002250
[11:41:03.338] [INFO] validating result...
[11:41:03.338] [INFO] shmem_size_sum_reduce produced expected result.
[11:41:03.339] ------ BEGIN TEST ROUTINE: shmem_ptrdiff_sum_reduce
[11:41:03.339] [INFO] shmem_malloc'd 8 bytes @ &src = 0xaaab40002250, 8 bytes @ &dest = 0xaaab40002270
[11:41:03.339] [INFO] set 0xaaab40002250 (src) to 1
[11:41:03.339] [INFO] executing shmem_sum_reduce: dest = 0xaaab40002270, src = 0xaaab40002250
[11:41:03.339] [INFO] validating result...
[11:41:03.339] [INFO] shmem_ptrdiff_sum_reduce produced expected result.
---------- END TEST: PASSED
