---------- BEGIN TEST: /root/lanl/vv/shmemvv_logs/src/unit/c/rma/c_shmem_get_nbi.c
[16:28:12.840] ------ BEGIN TEST ROUTINE: shmem_long_get_nbi()
[16:28:12.840] [INFO] Allocated static arrays: src at 0xaaaac7580200, dest at 0xaaaac7580250
[16:28:12.840] [INFO] Running on PE 1 of 2 total PEs
[16:28:12.840] [INFO] Completed barrier synchronization
[16:28:12.840] [INFO] PE 1: Starting non-blocking get of 10 elements from PE 0
[16:28:12.840] [INFO] PE 1: Calling quiet to ensure completion
[16:28:12.840] [INFO] Completed barrier synchronization
[16:28:12.840] [INFO] PE 1: Beginning validation of received data
[16:28:12.840] [INFO] PE 1: Validation successful - all elements match expected values
[16:28:12.840] ------ BEGIN TEST ROUTINE: shmem_double_get_nbi()
[16:28:12.840] [INFO] Allocated static arrays: src at 0xaaaac75802a0, dest at 0xaaaac75802f0
[16:28:12.840] [INFO] Running on PE 1 of 2 total PEs
[16:28:12.840] [INFO] Completed barrier synchronization
[16:28:12.840] [INFO] PE 1: Starting non-blocking get of 10 elements from PE 0
[16:28:12.840] [INFO] PE 1: Calling quiet to ensure completion
[16:28:12.841] [INFO] Completed barrier synchronization
[16:28:12.841] [INFO] PE 1: Beginning validation of received data
[16:28:12.841] [INFO] PE 1: Validation successful - all elements match expected values
[16:28:12.841] ------ BEGIN TEST ROUTINE: shmem_longdouble_get_nbi()
[16:28:12.841] [INFO] Allocated static arrays: src at 0xaaaac7580340, dest at 0xaaaac75803e0
[16:28:12.841] [INFO] Running on PE 1 of 2 total PEs
[16:28:12.841] [INFO] Completed barrier synchronization
[16:28:12.841] [INFO] PE 1: Starting non-blocking get of 10 elements from PE 0
[16:28:12.841] [INFO] PE 1: Calling quiet to ensure completion
[16:28:12.841] [INFO] Completed barrier synchronization
[16:28:12.841] [INFO] PE 1: Beginning validation of received data
[16:28:12.841] [INFO] PE 1: Validation successful - all elements match expected values
[16:28:12.841] ------ BEGIN TEST ROUTINE: shmem_char_get_nbi()
[16:28:12.841] [INFO] Allocated static arrays: src at 0xaaaac7580480, dest at 0xaaaac7580490
[16:28:12.841] [INFO] Running on PE 1 of 2 total PEs
[16:28:12.841] [INFO] Completed barrier synchronization
[16:28:12.841] [INFO] PE 1: Starting non-blocking get of 10 elements from PE 0
[16:28:12.841] [INFO] PE 1: Calling quiet to ensure completion
[16:28:12.841] [INFO] Completed barrier synchronization
[16:28:12.841] [INFO] PE 1: Beginning validation of received data
[16:28:12.841] [INFO] PE 1: Validation successful - all elements match expected values
[16:28:12.841] ------ BEGIN TEST ROUTINE: shmem_schar_get_nbi()
[16:28:12.841] [INFO] Allocated static arrays: src at 0xaaaac75804a0, dest at 0xaaaac75804b0
[16:28:12.841] [INFO] Running on PE 1 of 2 total PEs
[16:28:12.841] [INFO] Completed barrier synchronization
[16:28:12.841] [INFO] PE 1: Starting non-blocking get of 10 elements from PE 0
[16:28:12.841] [INFO] PE 1: Calling quiet to ensure completion
[16:28:12.841] [INFO] Completed barrier synchronization
[16:28:12.841] [INFO] PE 1: Beginning validation of received data
[16:28:12.841] [INFO] PE 1: Validation successful - all elements match expected values
[16:28:12.841] ------ BEGIN TEST ROUTINE: shmem_short_get_nbi()
[16:28:12.841] [INFO] Allocated static arrays: src at 0xaaaac75804c0, dest at 0xaaaac75804d8
[16:28:12.841] [INFO] Running on PE 1 of 2 total PEs
[16:28:12.841] [INFO] Completed barrier synchronization
[16:28:12.841] [INFO] PE 1: Starting non-blocking get of 10 elements from PE 0
[16:28:12.841] [INFO] PE 1: Calling quiet to ensure completion
[16:28:12.841] [INFO] Completed barrier synchronization
[16:28:12.841] [INFO] PE 1: Beginning validation of received data
[16:28:12.841] [INFO] PE 1: Validation successful - all elements match expected values
[16:28:12.841] ------ BEGIN TEST ROUTINE: shmem_int_get_nbi()
[16:28:12.841] [INFO] Allocated static arrays: src at 0xaaaac75804f0, dest at 0xaaaac7580518
[16:28:12.841] [INFO] Running on PE 1 of 2 total PEs
[16:28:12.841] [INFO] Completed barrier synchronization
[16:28:12.841] [INFO] PE 1: Starting non-blocking get of 10 elements from PE 0
[16:28:12.841] [INFO] PE 1: Calling quiet to ensure completion
[16:28:12.842] [INFO] Completed barrier synchronization
[16:28:12.842] [INFO] PE 1: Beginning validation of received data
[16:28:12.842] [INFO] PE 1: Validation successful - all elements match expected values
[16:28:12.842] ------ BEGIN TEST ROUTINE: shmem_long_get_nbi()
[16:28:12.842] [INFO] Allocated static arrays: src at 0xaaaac7580540, dest at 0xaaaac7580590
[16:28:12.842] [INFO] Running on PE 1 of 2 total PEs
[16:28:12.842] [INFO] Completed barrier synchronization
[16:28:12.842] [INFO] PE 1: Starting non-blocking get of 10 elements from PE 0
[16:28:12.842] [INFO] PE 1: Calling quiet to ensure completion
[16:28:12.842] [INFO] Completed barrier synchronization
[16:28:12.842] [INFO] PE 1: Beginning validation of received data
[16:28:12.842] [INFO] PE 1: Validation successful - all elements match expected values
[16:28:12.842] ------ BEGIN TEST ROUTINE: shmem_longlong_get_nbi()
[16:28:12.842] [INFO] Allocated static arrays: src at 0xaaaac75805e0, dest at 0xaaaac7580630
[16:28:12.842] [INFO] Running on PE 1 of 2 total PEs
[16:28:12.842] [INFO] Completed barrier synchronization
[16:28:12.842] [INFO] PE 1: Starting non-blocking get of 10 elements from PE 0
[16:28:12.842] [INFO] PE 1: Calling quiet to ensure completion
[16:28:12.842] [INFO] Completed barrier synchronization
[16:28:12.842] [INFO] PE 1: Beginning validation of received data
[16:28:12.842] [INFO] PE 1: Validation successful - all elements match expected values
[16:28:12.842] ------ BEGIN TEST ROUTINE: shmem_uchar_get_nbi()
[16:28:12.842] [INFO] Allocated static arrays: src at 0xaaaac7580680, dest at 0xaaaac7580690
[16:28:12.842] [INFO] Running on PE 1 of 2 total PEs
[16:28:12.842] [INFO] Completed barrier synchronization
[16:28:12.842] [INFO] PE 1: Starting non-blocking get of 10 elements from PE 0
[16:28:12.842] [INFO] PE 1: Calling quiet to ensure completion
[16:28:12.842] [INFO] Completed barrier synchronization
[16:28:12.842] [INFO] PE 1: Beginning validation of received data
[16:28:12.842] [INFO] PE 1: Validation successful - all elements match expected values
[16:28:12.842] ------ BEGIN TEST ROUTINE: shmem_ushort_get_nbi()
[16:28:12.842] [INFO] Allocated static arrays: src at 0xaaaac75806a0, dest at 0xaaaac75806b8
[16:28:12.842] [INFO] Running on PE 1 of 2 total PEs
[16:28:12.842] [INFO] Completed barrier synchronization
[16:28:12.842] [INFO] PE 1: Starting non-blocking get of 10 elements from PE 0
[16:28:12.842] [INFO] PE 1: Calling quiet to ensure completion
[16:28:12.842] [INFO] Completed barrier synchronization
[16:28:12.842] [INFO] PE 1: Beginning validation of received data
[16:28:12.842] [INFO] PE 1: Validation successful - all elements match expected values
[16:28:12.842] ------ BEGIN TEST ROUTINE: shmem_uint_get_nbi()
[16:28:12.842] [INFO] Allocated static arrays: src at 0xaaaac75806d0, dest at 0xaaaac75806f8
[16:28:12.842] [INFO] Running on PE 1 of 2 total PEs
[16:28:12.843] [INFO] Completed barrier synchronization
[16:28:12.843] [INFO] PE 1: Starting non-blocking get of 10 elements from PE 0
[16:28:12.843] [INFO] PE 1: Calling quiet to ensure completion
[16:28:12.843] [INFO] Completed barrier synchronization
[16:28:12.843] [INFO] PE 1: Beginning validation of received data
[16:28:12.843] [INFO] PE 1: Validation successful - all elements match expected values
[16:28:12.843] ------ BEGIN TEST ROUTINE: shmem_ulong_get_nbi()
[16:28:12.843] [INFO] Allocated static arrays: src at 0xaaaac7580720, dest at 0xaaaac7580770
[16:28:12.843] [INFO] Running on PE 1 of 2 total PEs
[16:28:12.843] [INFO] Completed barrier synchronization
[16:28:12.843] [INFO] PE 1: Starting non-blocking get of 10 elements from PE 0
[16:28:12.843] [INFO] PE 1: Calling quiet to ensure completion
[16:28:12.843] [INFO] Completed barrier synchronization
[16:28:12.843] [INFO] PE 1: Beginning validation of received data
[16:28:12.843] [INFO] PE 1: Validation successful - all elements match expected values
[16:28:12.843] ------ BEGIN TEST ROUTINE: shmem_ulonglong_get_nbi()
[16:28:12.843] [INFO] Allocated static arrays: src at 0xaaaac75807c0, dest at 0xaaaac7580810
[16:28:12.843] [INFO] Running on PE 1 of 2 total PEs
[16:28:12.843] [INFO] Completed barrier synchronization
[16:28:12.843] [INFO] PE 1: Starting non-blocking get of 10 elements from PE 0
[16:28:12.843] [INFO] PE 1: Calling quiet to ensure completion
[16:28:12.843] [INFO] Completed barrier synchronization
[16:28:12.843] [INFO] PE 1: Beginning validation of received data
[16:28:12.843] [INFO] PE 1: Validation successful - all elements match expected values
[16:28:12.843] ------ BEGIN TEST ROUTINE: shmem_int8_get_nbi()
[16:28:12.843] [INFO] Allocated static arrays: src at 0xaaaac7580860, dest at 0xaaaac7580870
[16:28:12.843] [INFO] Running on PE 1 of 2 total PEs
[16:28:12.843] [INFO] Completed barrier synchronization
[16:28:12.843] [INFO] PE 1: Starting non-blocking get of 10 elements from PE 0
[16:28:12.843] [INFO] PE 1: Calling quiet to ensure completion
[16:28:12.844] [INFO] Completed barrier synchronization
[16:28:12.844] [INFO] PE 1: Beginning validation of received data
[16:28:12.844] [INFO] PE 1: Validation successful - all elements match expected values
[16:28:12.844] ------ BEGIN TEST ROUTINE: shmem_int16_get_nbi()
[16:28:12.844] [INFO] Allocated static arrays: src at 0xaaaac7580880, dest at 0xaaaac7580898
[16:28:12.844] [INFO] Running on PE 1 of 2 total PEs
[16:28:12.844] [INFO] Completed barrier synchronization
[16:28:12.844] [INFO] PE 1: Starting non-blocking get of 10 elements from PE 0
[16:28:12.844] [INFO] PE 1: Calling quiet to ensure completion
[16:28:12.844] [INFO] Completed barrier synchronization
[16:28:12.844] [INFO] PE 1: Beginning validation of received data
[16:28:12.844] [INFO] PE 1: Validation successful - all elements match expected values
[16:28:12.844] ------ BEGIN TEST ROUTINE: shmem_int32_get_nbi()
[16:28:12.844] [INFO] Allocated static arrays: src at 0xaaaac75808b0, dest at 0xaaaac75808d8
[16:28:12.844] [INFO] Running on PE 1 of 2 total PEs
[16:28:12.844] [INFO] Completed barrier synchronization
[16:28:12.844] [INFO] PE 1: Starting non-blocking get of 10 elements from PE 0
[16:28:12.844] [INFO] PE 1: Calling quiet to ensure completion
[16:28:12.844] [INFO] Completed barrier synchronization
[16:28:12.844] [INFO] PE 1: Beginning validation of received data
[16:28:12.844] [INFO] PE 1: Validation successful - all elements match expected values
[16:28:12.844] ------ BEGIN TEST ROUTINE: shmem_int64_get_nbi()
[16:28:12.844] [INFO] Allocated static arrays: src at 0xaaaac7580900, dest at 0xaaaac7580950
[16:28:12.844] [INFO] Running on PE 1 of 2 total PEs
[16:28:12.844] [INFO] Completed barrier synchronization
[16:28:12.844] [INFO] PE 1: Starting non-blocking get of 10 elements from PE 0
[16:28:12.844] [INFO] PE 1: Calling quiet to ensure completion
[16:28:12.845] [INFO] Completed barrier synchronization
[16:28:12.845] [INFO] PE 1: Beginning validation of received data
[16:28:12.845] [INFO] PE 1: Validation successful - all elements match expected values
[16:28:12.845] ------ BEGIN TEST ROUTINE: shmem_uint8_get_nbi()
[16:28:12.845] [INFO] Allocated static arrays: src at 0xaaaac75809a0, dest at 0xaaaac75809b0
[16:28:12.845] [INFO] Running on PE 1 of 2 total PEs
[16:28:12.845] [INFO] Completed barrier synchronization
[16:28:12.845] [INFO] PE 1: Starting non-blocking get of 10 elements from PE 0
[16:28:12.845] [INFO] PE 1: Calling quiet to ensure completion
[16:28:12.845] [INFO] Completed barrier synchronization
[16:28:12.845] [INFO] PE 1: Beginning validation of received data
[16:28:12.845] [INFO] PE 1: Validation successful - all elements match expected values
[16:28:12.845] ------ BEGIN TEST ROUTINE: shmem_uint16_get_nbi()
[16:28:12.845] [INFO] Allocated static arrays: src at 0xaaaac75809c0, dest at 0xaaaac75809d8
[16:28:12.845] [INFO] Running on PE 1 of 2 total PEs
[16:28:12.845] [INFO] Completed barrier synchronization
[16:28:12.845] [INFO] PE 1: Starting non-blocking get of 10 elements from PE 0
[16:28:12.845] [INFO] PE 1: Calling quiet to ensure completion
[16:28:12.845] [INFO] Completed barrier synchronization
[16:28:12.845] [INFO] PE 1: Beginning validation of received data
[16:28:12.845] [INFO] PE 1: Validation successful - all elements match expected values
[16:28:12.845] ------ BEGIN TEST ROUTINE: shmem_uint32_get_nbi()
[16:28:12.845] [INFO] Allocated static arrays: src at 0xaaaac75809f0, dest at 0xaaaac7580a18
[16:28:12.845] [INFO] Running on PE 1 of 2 total PEs
[16:28:12.845] [INFO] Completed barrier synchronization
[16:28:12.845] [INFO] PE 1: Starting non-blocking get of 10 elements from PE 0
[16:28:12.845] [INFO] PE 1: Calling quiet to ensure completion
[16:28:12.845] [INFO] Completed barrier synchronization
[16:28:12.845] [INFO] PE 1: Beginning validation of received data
[16:28:12.845] [INFO] PE 1: Validation successful - all elements match expected values
[16:28:12.845] ------ BEGIN TEST ROUTINE: shmem_uint64_get_nbi()
[16:28:12.845] [INFO] Allocated static arrays: src at 0xaaaac7580a40, dest at 0xaaaac7580a90
[16:28:12.845] [INFO] Running on PE 1 of 2 total PEs
[16:28:12.845] [INFO] Completed barrier synchronization
[16:28:12.845] [INFO] PE 1: Starting non-blocking get of 10 elements from PE 0
[16:28:12.845] [INFO] PE 1: Calling quiet to ensure completion
[16:28:12.846] [INFO] Completed barrier synchronization
[16:28:12.846] [INFO] PE 1: Beginning validation of received data
[16:28:12.846] [INFO] PE 1: Validation successful - all elements match expected values
[16:28:12.846] ------ BEGIN TEST ROUTINE: shmem_size_get_nbi()
[16:28:12.846] [INFO] Allocated static arrays: src at 0xaaaac7580ae0, dest at 0xaaaac7580b30
[16:28:12.846] [INFO] Running on PE 1 of 2 total PEs
[16:28:12.846] [INFO] Completed barrier synchronization
[16:28:12.846] [INFO] PE 1: Starting non-blocking get of 10 elements from PE 0
[16:28:12.846] [INFO] PE 1: Calling quiet to ensure completion
[16:28:12.846] [INFO] Completed barrier synchronization
[16:28:12.846] [INFO] PE 1: Beginning validation of received data
[16:28:12.846] [INFO] PE 1: Validation successful - all elements match expected values
[16:28:12.846] ------ BEGIN TEST ROUTINE: shmem_ptrdiff_get_nbi()
[16:28:12.846] [INFO] Allocated static arrays: src at 0xaaaac7580b80, dest at 0xaaaac7580bd0
[16:28:12.846] [INFO] Running on PE 1 of 2 total PEs
[16:28:12.846] [INFO] Completed barrier synchronization
[16:28:12.846] [INFO] PE 1: Starting non-blocking get of 10 elements from PE 0
[16:28:12.846] [INFO] PE 1: Calling quiet to ensure completion
[16:28:12.846] [INFO] Completed barrier synchronization
[16:28:12.846] [INFO] PE 1: Beginning validation of received data
[16:28:12.846] [INFO] PE 1: Validation successful - all elements match expected values
---------- END TEST: PASSED
