---------- BEGIN TEST: /root/lanl/vv/shmemvv_logs/src/unit/c/atomics/c_shmem_atomic_xor.c
[11:36:32.116] ------ BEGIN TEST ROUTINE: shmem_uint_atomic_xor
[11:36:32.117] [INFO] shmem_malloc'd 4 bytes at 0xaaab40002250
[11:36:32.117] [INFO] set 0xaaab40002250 to 42
[11:36:32.117] [INFO] executing atomic xor: dest = 0xaaab40002250, xor_val = 15
[11:36:32.117] [INFO] atomic xor on a unsigned int at 0xaaab40002250 produced expected result (42 ^ 15 = 37)
[11:36:32.117] ------ BEGIN TEST ROUTINE: shmem_ulong_atomic_xor
[11:36:32.117] [INFO] shmem_malloc'd 8 bytes at 0xaaab40002250
[11:36:32.117] [INFO] set 0xaaab40002250 to 42
[11:36:32.117] [INFO] executing atomic xor: dest = 0xaaab40002250, xor_val = 15
[11:36:32.117] [INFO] atomic xor on a unsigned long at 0xaaab40002250 produced expected result (42 ^ 15 = 37)
[11:36:32.117] ------ BEGIN TEST ROUTINE: shmem_ulonglong_atomic_xor
[11:36:32.118] [INFO] shmem_malloc'd 8 bytes at 0xaaab40002250
[11:36:32.118] [INFO] set 0xaaab40002250 to 42
[11:36:32.118] [INFO] executing atomic xor: dest = 0xaaab40002250, xor_val = 15
[11:36:32.118] [INFO] atomic xor on a unsigned long long at 0xaaab40002250 produced expected result (42 ^ 15 = 37)
[11:36:32.118] ------ BEGIN TEST ROUTINE: shmem_int32_atomic_xor
[11:36:32.118] [INFO] shmem_malloc'd 4 bytes at 0xaaab40002250
[11:36:32.118] [INFO] set 0xaaab40002250 to 42
[11:36:32.118] [INFO] executing atomic xor: dest = 0xaaab40002250, xor_val = 15
[11:36:32.118] [INFO] atomic xor on a int32_t at 0xaaab40002250 produced expected result (42 ^ 15 = 37)
[11:36:32.118] ------ BEGIN TEST ROUTINE: shmem_int64_atomic_xor
[11:36:32.118] [INFO] shmem_malloc'd 8 bytes at 0xaaab40002250
[11:36:32.118] [INFO] set 0xaaab40002250 to 42
[11:36:32.118] [INFO] executing atomic xor: dest = 0xaaab40002250, xor_val = 15
[11:36:32.119] [INFO] atomic xor on a int64_t at 0xaaab40002250 produced expected result (42 ^ 15 = 37)
[11:36:32.119] ------ BEGIN TEST ROUTINE: shmem_uint32_atomic_xor
[11:36:32.119] [INFO] shmem_malloc'd 4 bytes at 0xaaab40002250
[11:36:32.119] [INFO] set 0xaaab40002250 to 42
[11:36:32.119] [INFO] executing atomic xor: dest = 0xaaab40002250, xor_val = 15
[11:36:32.119] [INFO] atomic xor on a uint32_t at 0xaaab40002250 produced expected result (42 ^ 15 = 37)
[11:36:32.119] ------ BEGIN TEST ROUTINE: shmem_uint64_atomic_xor
[11:36:32.119] [INFO] shmem_malloc'd 8 bytes at 0xaaab40002250
[11:36:32.119] [INFO] set 0xaaab40002250 to 42
[11:36:32.119] [INFO] executing atomic xor: dest = 0xaaab40002250, xor_val = 15
[11:36:32.119] [INFO] atomic xor on a uint64_t at 0xaaab40002250 produced expected result (42 ^ 15 = 37)
---------- END TEST: PASSED
