---------- BEGIN TEST: /root/lanl/vv/shmemvv_logs/src/unit/c/atomics/c_shmem_atomic_fetch_or.c
[11:36:32.014] ------ BEGIN TEST ROUTINE: shmem_uint_atomic_fetch_or
[11:36:32.015] [INFO] shmem_malloc'd 4 bytes at 0xaaab40002250
[11:36:32.015] [INFO] set 0xaaab40002250 to 42
[11:36:32.015] [INFO] executing atomic fetch or: dest = 0xaaab40002250, or_val = 15
[11:36:32.015] [INFO] atomic fetch or on a unsigned int at 0xaaab40002250 produced expected result (42 == 42 && 47 == 1)
[11:36:32.015] ------ BEGIN TEST ROUTINE: shmem_ulong_atomic_fetch_or
[11:36:32.015] [INFO] shmem_malloc'd 8 bytes at 0xaaab40002250
[11:36:32.015] [INFO] set 0xaaab40002250 to 42
[11:36:32.015] [INFO] executing atomic fetch or: dest = 0xaaab40002250, or_val = 15
[11:36:32.016] [INFO] atomic fetch or on a unsigned long at 0xaaab40002250 produced expected result (42 == 42 && 47 == 1)
[11:36:32.016] ------ BEGIN TEST ROUTINE: shmem_ulonglong_atomic_fetch_or
[11:36:32.016] [INFO] shmem_malloc'd 8 bytes at 0xaaab40002250
[11:36:32.016] [INFO] set 0xaaab40002250 to 42
[11:36:32.016] [INFO] executing atomic fetch or: dest = 0xaaab40002250, or_val = 15
[11:36:32.016] [INFO] atomic fetch or on a unsigned long long at 0xaaab40002250 produced expected result (42 == 42 && 47 == 1)
[11:36:32.016] ------ BEGIN TEST ROUTINE: shmem_int32_atomic_fetch_or
[11:36:32.016] [INFO] shmem_malloc'd 4 bytes at 0xaaab40002250
[11:36:32.016] [INFO] set 0xaaab40002250 to 42
[11:36:32.016] [INFO] executing atomic fetch or: dest = 0xaaab40002250, or_val = 15
[11:36:32.017] [INFO] atomic fetch or on a int32_t at 0xaaab40002250 produced expected result (42 == 42 && 47 == 1)
[11:36:32.017] ------ BEGIN TEST ROUTINE: shmem_int64_atomic_fetch_or
[11:36:32.017] [INFO] shmem_malloc'd 8 bytes at 0xaaab40002250
[11:36:32.017] [INFO] set 0xaaab40002250 to 42
[11:36:32.017] [INFO] executing atomic fetch or: dest = 0xaaab40002250, or_val = 15
[11:36:32.017] [INFO] atomic fetch or on a int64_t at 0xaaab40002250 produced expected result (42 == 42 && 47 == 1)
[11:36:32.017] ------ BEGIN TEST ROUTINE: shmem_uint32_atomic_fetch_or
[11:36:32.017] [INFO] shmem_malloc'd 4 bytes at 0xaaab40002250
[11:36:32.017] [INFO] set 0xaaab40002250 to 42
[11:36:32.017] [INFO] executing atomic fetch or: dest = 0xaaab40002250, or_val = 15
[11:36:32.017] [INFO] atomic fetch or on a uint32_t at 0xaaab40002250 produced expected result (42 == 42 && 47 == 1)
[11:36:32.018] ------ BEGIN TEST ROUTINE: shmem_uint64_atomic_fetch_or
[11:36:32.018] [INFO] shmem_malloc'd 8 bytes at 0xaaab40002250
[11:36:32.018] [INFO] set 0xaaab40002250 to 42
[11:36:32.018] [INFO] executing atomic fetch or: dest = 0xaaab40002250, or_val = 15
[11:36:32.018] [INFO] atomic fetch or on a uint64_t at 0xaaab40002250 produced expected result (42 == 42 && 47 == 1)
---------- END TEST: PASSED
