---------- BEGIN TEST: /root/lanl/vv/shmemvv_logs/src/unit/c/atomics/c_shmem_atomic_fetch_xor_nbi.c
[11:36:32.045] ------ BEGIN TEST ROUTINE: shmem_uint_atomic_fetch_xor_nbi
[11:36:32.045] [INFO] shmem_malloc'd 4 bytes at 0xaaab40002250
[11:36:32.045] [INFO] set 0xaaab40002250 to 42
[11:36:32.045] [INFO] executing atomic fetch xor nbi: dest = 0xaaab40002250, xor_val = 15
[11:36:32.045] [INFO] atomic fetch xor nbi on a unsigned int at 0xaaab40002250 produced expected result (42 == 42 && 37 == 42518)
[11:36:32.046] ------ BEGIN TEST ROUTINE: shmem_ulong_atomic_fetch_xor_nbi
[11:36:32.046] [INFO] shmem_malloc'd 8 bytes at 0xaaab40002250
[11:36:32.046] [INFO] set 0xaaab40002250 to 42
[11:36:32.046] [INFO] executing atomic fetch xor nbi: dest = 0xaaab40002250, xor_val = 15
[11:36:32.046] [INFO] atomic fetch xor nbi on a unsigned long at 0xaaab40002250 produced expected result (42 == 42 && 37 == 42518)
[11:36:32.046] ------ BEGIN TEST ROUTINE: shmem_ulonglong_atomic_fetch_xor_nbi
[11:36:32.046] [INFO] shmem_malloc'd 8 bytes at 0xaaab40002250
[11:36:32.046] [INFO] set 0xaaab40002250 to 42
[11:36:32.046] [INFO] executing atomic fetch xor nbi: dest = 0xaaab40002250, xor_val = 15
[11:36:32.047] [INFO] atomic fetch xor nbi on a unsigned long long at 0xaaab40002250 produced expected result (42 == 42 && 37 == 42518)
[11:36:32.047] ------ BEGIN TEST ROUTINE: shmem_int32_atomic_fetch_xor_nbi
[11:36:32.047] [INFO] shmem_malloc'd 4 bytes at 0xaaab40002250
[11:36:32.047] [INFO] set 0xaaab40002250 to 42
[11:36:32.047] [INFO] executing atomic fetch xor nbi: dest = 0xaaab40002250, xor_val = 15
[11:36:32.047] [INFO] atomic fetch xor nbi on a int32_t at 0xaaab40002250 produced expected result (42 == 42 && 37 == 42518)
[11:36:32.047] ------ BEGIN TEST ROUTINE: shmem_int64_atomic_fetch_xor_nbi
[11:36:32.047] [INFO] shmem_malloc'd 8 bytes at 0xaaab40002250
[11:36:32.047] [INFO] set 0xaaab40002250 to 42
[11:36:32.047] [INFO] executing atomic fetch xor nbi: dest = 0xaaab40002250, xor_val = 15
[11:36:32.048] [INFO] atomic fetch xor nbi on a int64_t at 0xaaab40002250 produced expected result (42 == 42 && 37 == 42518)
[11:36:32.048] ------ BEGIN TEST ROUTINE: shmem_uint32_atomic_fetch_xor_nbi
[11:36:32.048] [INFO] shmem_malloc'd 4 bytes at 0xaaab40002250
[11:36:32.048] [INFO] set 0xaaab40002250 to 42
[11:36:32.048] [INFO] executing atomic fetch xor nbi: dest = 0xaaab40002250, xor_val = 15
[11:36:32.048] [INFO] atomic fetch xor nbi on a uint32_t at 0xaaab40002250 produced expected result (42 == 42 && 37 == 42518)
[11:36:32.048] ------ BEGIN TEST ROUTINE: shmem_uint64_atomic_fetch_xor_nbi
[11:36:32.048] [INFO] shmem_malloc'd 8 bytes at 0xaaab40002250
[11:36:32.048] [INFO] set 0xaaab40002250 to 42
[11:36:32.048] [INFO] executing atomic fetch xor nbi: dest = 0xaaab40002250, xor_val = 15
[11:36:32.049] [INFO] atomic fetch xor nbi on a uint64_t at 0xaaab40002250 produced expected result (42 == 42 && 37 == 42518)
---------- END TEST: PASSED
