---------- BEGIN TEST: /root/lanl/vv/shmemvv_logs/src/unit/c/atomics/c_shmem_atomic_swap.c
[11:36:32.091] ------ BEGIN TEST ROUTINE: shmem_int_atomic_swap
[11:36:32.092] [INFO] shmem_malloc'd 4 bytes at 0xaaab40002250
[11:36:32.092] [INFO] executing atomic swap: dest = 0xaaab40002250, new_val = 43
[11:36:32.092] [INFO] atomic swap on a int at 0xaaab40002250 produced expected result (42 == 42 && 43 == 43)
[11:36:32.092] ------ BEGIN TEST ROUTINE: shmem_long_atomic_swap
[11:36:32.092] [INFO] shmem_malloc'd 8 bytes at 0xaaab40002250
[11:36:32.092] [INFO] executing atomic swap: dest = 0xaaab40002250, new_val = 43
[11:36:32.092] [INFO] atomic swap on a long at 0xaaab40002250 produced expected result (42 == 42 && 43 == 43)
[11:36:32.092] ------ BEGIN TEST ROUTINE: shmem_longlong_atomic_swap
[11:36:32.093] [INFO] shmem_malloc'd 8 bytes at 0xaaab40002250
[11:36:32.093] [INFO] executing atomic swap: dest = 0xaaab40002250, new_val = 43
[11:36:32.093] [INFO] atomic swap on a long long at 0xaaab40002250 produced expected result (42 == 42 && 43 == 43)
[11:36:32.093] ------ BEGIN TEST ROUTINE: shmem_uint_atomic_swap
[11:36:32.093] [INFO] shmem_malloc'd 4 bytes at 0xaaab40002250
[11:36:32.093] [INFO] executing atomic swap: dest = 0xaaab40002250, new_val = 43
[11:36:32.093] [INFO] atomic swap on a unsigned int at 0xaaab40002250 produced expected result (42 == 42 && 43 == 43)
[11:36:32.094] ------ BEGIN TEST ROUTINE: shmem_ulong_atomic_swap
[11:36:32.094] [INFO] shmem_malloc'd 8 bytes at 0xaaab40002250
[11:36:32.094] [INFO] executing atomic swap: dest = 0xaaab40002250, new_val = 43
[11:36:32.094] [INFO] atomic swap on a unsigned long at 0xaaab40002250 produced expected result (42 == 42 && 43 == 43)
[11:36:32.094] ------ BEGIN TEST ROUTINE: shmem_ulonglong_atomic_swap
[11:36:32.094] [INFO] shmem_malloc'd 8 bytes at 0xaaab40002250
[11:36:32.094] [INFO] executing atomic swap: dest = 0xaaab40002250, new_val = 43
[11:36:32.094] [INFO] atomic swap on a unsigned long long at 0xaaab40002250 produced expected result (42 == 42 && 43 == 43)
[11:36:32.094] ------ BEGIN TEST ROUTINE: shmem_int32_atomic_swap
[11:36:32.095] [INFO] shmem_malloc'd 4 bytes at 0xaaab40002250
[11:36:32.095] [INFO] executing atomic swap: dest = 0xaaab40002250, new_val = 43
[11:36:32.095] [INFO] atomic swap on a int32_t at 0xaaab40002250 produced expected result (42 == 42 && 43 == 43)
[11:36:32.095] ------ BEGIN TEST ROUTINE: shmem_int64_atomic_swap
[11:36:32.095] [INFO] shmem_malloc'd 8 bytes at 0xaaab40002250
[11:36:32.095] [INFO] executing atomic swap: dest = 0xaaab40002250, new_val = 43
[11:36:32.095] [INFO] atomic swap on a int64_t at 0xaaab40002250 produced expected result (42 == 42 && 43 == 43)
[11:36:32.095] ------ BEGIN TEST ROUTINE: shmem_uint32_atomic_swap
[11:36:32.095] [INFO] shmem_malloc'd 4 bytes at 0xaaab40002250
[11:36:32.095] [INFO] executing atomic swap: dest = 0xaaab40002250, new_val = 43
[11:36:32.096] [INFO] atomic swap on a uint32_t at 0xaaab40002250 produced expected result (42 == 42 && 43 == 43)
[11:36:32.096] ------ BEGIN TEST ROUTINE: shmem_uint64_atomic_swap
[11:36:32.096] [INFO] shmem_malloc'd 8 bytes at 0xaaab40002250
[11:36:32.096] [INFO] executing atomic swap: dest = 0xaaab40002250, new_val = 43
[11:36:32.096] [INFO] atomic swap on a uint64_t at 0xaaab40002250 produced expected result (42 == 42 && 43 == 43)
[11:36:32.096] ------ BEGIN TEST ROUTINE: shmem_size_atomic_swap
[11:36:32.096] [INFO] shmem_malloc'd 8 bytes at 0xaaab40002250
[11:36:32.096] [INFO] executing atomic swap: dest = 0xaaab40002250, new_val = 43
[11:36:32.096] [INFO] atomic swap on a size_t at 0xaaab40002250 produced expected result (42 == 42 && 43 == 43)
[11:36:32.097] ------ BEGIN TEST ROUTINE: shmem_ptrdiff_atomic_swap
[11:36:32.097] [INFO] shmem_malloc'd 8 bytes at 0xaaab40002250
[11:36:32.097] [INFO] executing atomic swap: dest = 0xaaab40002250, new_val = 43
[11:36:32.097] [INFO] atomic swap on a ptrdiff_t at 0xaaab40002250 produced expected result (42 == 42 && 43 == 43)
---------- END TEST: PASSED
