---------- BEGIN TEST: /root/lanl/vv/shmemvv_logs/src/unit/c/rma/c_shmem_g.c
[16:28:12.813] ------ BEGIN TEST ROUTINE: shmem_long_g()
[16:28:12.813] [INFO] Allocated static variables: src at 0xaaaac8760200, dest at 0xaaaac8760208
[16:28:12.813] [INFO] Running on PE 0 of 2 total PEs
[16:28:12.813] [INFO] PE 0: Initialized src = 10
[16:28:12.813] [INFO] Completed barrier synchronization
[16:28:12.813] [INFO] Completed barrier synchronization
[16:28:12.813] [INFO] PE 0: Waiting for PE 1 to complete validation
[16:28:12.813] ------ BEGIN TEST ROUTINE: shmem_double_g()
[16:28:12.813] [INFO] Allocated static variables: src at 0xaaaac8760210, dest at 0xaaaac8760218
[16:28:12.813] [INFO] Running on PE 0 of 2 total PEs
[16:28:12.813] [INFO] PE 0: Initialized src = 10
[16:28:12.813] [INFO] Completed barrier synchronization
[16:28:12.813] [INFO] Completed barrier synchronization
[16:28:12.813] [INFO] PE 0: Waiting for PE 1 to complete validation
[16:28:12.813] ------ BEGIN TEST ROUTINE: shmem_longdouble_g()
[16:28:12.813] [INFO] Allocated static variables: src at 0xaaaac8760220, dest at 0xaaaac8760230
[16:28:12.813] [INFO] Running on PE 0 of 2 total PEs
[16:28:12.813] [INFO] PE 0: Initialized src = 10
[16:28:12.814] [INFO] Completed barrier synchronization
[16:28:12.814] [INFO] Completed barrier synchronization
[16:28:12.814] [INFO] PE 0: Waiting for PE 1 to complete validation
[16:28:12.814] ------ BEGIN TEST ROUTINE: shmem_char_g()
[16:28:12.814] [INFO] Allocated static variables: src at 0xaaaac8760240, dest at 0xaaaac8760241
[16:28:12.814] [INFO] Running on PE 0 of 2 total PEs
[16:28:12.814] [INFO] PE 0: Initialized src = 10
[16:28:12.814] [INFO] Completed barrier synchronization
[16:28:12.814] [INFO] Completed barrier synchronization
[16:28:12.814] [INFO] PE 0: Waiting for PE 1 to complete validation
[16:28:12.814] ------ BEGIN TEST ROUTINE: shmem_schar_g()
[16:28:12.814] [INFO] Allocated static variables: src at 0xaaaac8760242, dest at 0xaaaac8760243
[16:28:12.814] [INFO] Running on PE 0 of 2 total PEs
[16:28:12.814] [INFO] PE 0: Initialized src = 10
[16:28:12.814] [INFO] Completed barrier synchronization
[16:28:12.814] [INFO] Completed barrier synchronization
[16:28:12.814] [INFO] PE 0: Waiting for PE 1 to complete validation
[16:28:12.814] ------ BEGIN TEST ROUTINE: shmem_short_g()
[16:28:12.814] [INFO] Allocated static variables: src at 0xaaaac8760244, dest at 0xaaaac8760246
[16:28:12.814] [INFO] Running on PE 0 of 2 total PEs
[16:28:12.814] [INFO] PE 0: Initialized src = 10
[16:28:12.814] [INFO] Completed barrier synchronization
[16:28:12.815] [INFO] Completed barrier synchronization
[16:28:12.815] [INFO] PE 0: Waiting for PE 1 to complete validation
[16:28:12.815] ------ BEGIN TEST ROUTINE: shmem_int_g()
[16:28:12.815] [INFO] Allocated static variables: src at 0xaaaac8760248, dest at 0xaaaac876024c
[16:28:12.815] [INFO] Running on PE 0 of 2 total PEs
[16:28:12.815] [INFO] PE 0: Initialized src = 10
[16:28:12.815] [INFO] Completed barrier synchronization
[16:28:12.815] [INFO] Completed barrier synchronization
[16:28:12.815] [INFO] PE 0: Waiting for PE 1 to complete validation
[16:28:12.815] ------ BEGIN TEST ROUTINE: shmem_long_g()
[16:28:12.815] [INFO] Allocated static variables: src at 0xaaaac8760250, dest at 0xaaaac8760258
[16:28:12.815] [INFO] Running on PE 0 of 2 total PEs
[16:28:12.815] [INFO] PE 0: Initialized src = 10
[16:28:12.815] [INFO] Completed barrier synchronization
[16:28:12.815] [INFO] Completed barrier synchronization
[16:28:12.815] [INFO] PE 0: Waiting for PE 1 to complete validation
[16:28:12.815] ------ BEGIN TEST ROUTINE: shmem_longlong_g()
[16:28:12.815] [INFO] Allocated static variables: src at 0xaaaac8760260, dest at 0xaaaac8760268
[16:28:12.815] [INFO] Running on PE 0 of 2 total PEs
[16:28:12.815] [INFO] PE 0: Initialized src = 10
[16:28:12.815] [INFO] Completed barrier synchronization
[16:28:12.815] [INFO] Completed barrier synchronization
[16:28:12.815] [INFO] PE 0: Waiting for PE 1 to complete validation
[16:28:12.815] ------ BEGIN TEST ROUTINE: shmem_uchar_g()
[16:28:12.815] [INFO] Allocated static variables: src at 0xaaaac8760270, dest at 0xaaaac8760271
[16:28:12.815] [INFO] Running on PE 0 of 2 total PEs
[16:28:12.815] [INFO] PE 0: Initialized src = 10
[16:28:12.815] [INFO] Completed barrier synchronization
[16:28:12.816] [INFO] Completed barrier synchronization
[16:28:12.816] [INFO] PE 0: Waiting for PE 1 to complete validation
[16:28:12.816] ------ BEGIN TEST ROUTINE: shmem_ushort_g()
[16:28:12.816] [INFO] Allocated static variables: src at 0xaaaac8760272, dest at 0xaaaac8760274
[16:28:12.816] [INFO] Running on PE 0 of 2 total PEs
[16:28:12.816] [INFO] PE 0: Initialized src = 10
[16:28:12.816] [INFO] Completed barrier synchronization
[16:28:12.816] [INFO] Completed barrier synchronization
[16:28:12.816] [INFO] PE 0: Waiting for PE 1 to complete validation
[16:28:12.816] ------ BEGIN TEST ROUTINE: shmem_uint_g()
[16:28:12.816] [INFO] Allocated static variables: src at 0xaaaac8760278, dest at 0xaaaac876027c
[16:28:12.816] [INFO] Running on PE 0 of 2 total PEs
[16:28:12.816] [INFO] PE 0: Initialized src = 10
[16:28:12.816] [INFO] Completed barrier synchronization
[16:28:12.816] [INFO] Completed barrier synchronization
[16:28:12.816] [INFO] PE 0: Waiting for PE 1 to complete validation
[16:28:12.816] ------ BEGIN TEST ROUTINE: shmem_ulong_g()
[16:28:12.816] [INFO] Allocated static variables: src at 0xaaaac8760280, dest at 0xaaaac8760288
[16:28:12.816] [INFO] Running on PE 0 of 2 total PEs
[16:28:12.816] [INFO] PE 0: Initialized src = 10
[16:28:12.816] [INFO] Completed barrier synchronization
[16:28:12.816] [INFO] Completed barrier synchronization
[16:28:12.816] [INFO] PE 0: Waiting for PE 1 to complete validation
[16:28:12.816] ------ BEGIN TEST ROUTINE: shmem_ulonglong_g()
[16:28:12.816] [INFO] Allocated static variables: src at 0xaaaac8760290, dest at 0xaaaac8760298
[16:28:12.816] [INFO] Running on PE 0 of 2 total PEs
[16:28:12.816] [INFO] PE 0: Initialized src = 10
[16:28:12.817] [INFO] Completed barrier synchronization
[16:28:12.817] [INFO] Completed barrier synchronization
[16:28:12.817] [INFO] PE 0: Waiting for PE 1 to complete validation
[16:28:12.817] ------ BEGIN TEST ROUTINE: shmem_int8_g()
[16:28:12.817] [INFO] Allocated static variables: src at 0xaaaac87602a0, dest at 0xaaaac87602a1
[16:28:12.817] [INFO] Running on PE 0 of 2 total PEs
[16:28:12.817] [INFO] PE 0: Initialized src = 10
[16:28:12.817] [INFO] Completed barrier synchronization
[16:28:12.817] [INFO] Completed barrier synchronization
[16:28:12.817] [INFO] PE 0: Waiting for PE 1 to complete validation
[16:28:12.817] ------ BEGIN TEST ROUTINE: shmem_int16_g()
[16:28:12.817] [INFO] Allocated static variables: src at 0xaaaac87602a2, dest at 0xaaaac87602a4
[16:28:12.817] [INFO] Running on PE 0 of 2 total PEs
[16:28:12.817] [INFO] PE 0: Initialized src = 10
[16:28:12.817] [INFO] Completed barrier synchronization
[16:28:12.817] [INFO] Completed barrier synchronization
[16:28:12.817] [INFO] PE 0: Waiting for PE 1 to complete validation
[16:28:12.817] ------ BEGIN TEST ROUTINE: shmem_int32_g()
[16:28:12.817] [INFO] Allocated static variables: src at 0xaaaac87602a8, dest at 0xaaaac87602ac
[16:28:12.817] [INFO] Running on PE 0 of 2 total PEs
[16:28:12.817] [INFO] PE 0: Initialized src = 10
[16:28:12.817] [INFO] Completed barrier synchronization
[16:28:12.818] [INFO] Completed barrier synchronization
[16:28:12.818] [INFO] PE 0: Waiting for PE 1 to complete validation
[16:28:12.818] ------ BEGIN TEST ROUTINE: shmem_int64_g()
[16:28:12.818] [INFO] Allocated static variables: src at 0xaaaac87602b0, dest at 0xaaaac87602b8
[16:28:12.818] [INFO] Running on PE 0 of 2 total PEs
[16:28:12.818] [INFO] PE 0: Initialized src = 10
[16:28:12.818] [INFO] Completed barrier synchronization
[16:28:12.818] [INFO] Completed barrier synchronization
[16:28:12.818] [INFO] PE 0: Waiting for PE 1 to complete validation
[16:28:12.818] ------ BEGIN TEST ROUTINE: shmem_uint8_g()
[16:28:12.818] [INFO] Allocated static variables: src at 0xaaaac87602c0, dest at 0xaaaac87602c1
[16:28:12.818] [INFO] Running on PE 0 of 2 total PEs
[16:28:12.818] [INFO] PE 0: Initialized src = 10
[16:28:12.818] [INFO] Completed barrier synchronization
[16:28:12.818] [INFO] Completed barrier synchronization
[16:28:12.818] [INFO] PE 0: Waiting for PE 1 to complete validation
[16:28:12.818] ------ BEGIN TEST ROUTINE: shmem_uint16_g()
[16:28:12.818] [INFO] Allocated static variables: src at 0xaaaac87602c2, dest at 0xaaaac87602c4
[16:28:12.818] [INFO] Running on PE 0 of 2 total PEs
[16:28:12.818] [INFO] PE 0: Initialized src = 10
[16:28:12.818] [INFO] Completed barrier synchronization
[16:28:12.818] [INFO] Completed barrier synchronization
[16:28:12.818] [INFO] PE 0: Waiting for PE 1 to complete validation
[16:28:12.818] ------ BEGIN TEST ROUTINE: shmem_uint32_g()
[16:28:12.818] [INFO] Allocated static variables: src at 0xaaaac87602c8, dest at 0xaaaac87602cc
[16:28:12.818] [INFO] Running on PE 0 of 2 total PEs
[16:28:12.818] [INFO] PE 0: Initialized src = 10
[16:28:12.819] [INFO] Completed barrier synchronization
[16:28:12.819] [INFO] Completed barrier synchronization
[16:28:12.819] [INFO] PE 0: Waiting for PE 1 to complete validation
[16:28:12.819] ------ BEGIN TEST ROUTINE: shmem_uint64_g()
[16:28:12.819] [INFO] Allocated static variables: src at 0xaaaac87602d0, dest at 0xaaaac87602d8
[16:28:12.819] [INFO] Running on PE 0 of 2 total PEs
[16:28:12.819] [INFO] PE 0: Initialized src = 10
[16:28:12.819] [INFO] Completed barrier synchronization
[16:28:12.819] [INFO] Completed barrier synchronization
[16:28:12.819] [INFO] PE 0: Waiting for PE 1 to complete validation
[16:28:12.819] ------ BEGIN TEST ROUTINE: shmem_size_g()
[16:28:12.819] [INFO] Allocated static variables: src at 0xaaaac87602e0, dest at 0xaaaac87602e8
[16:28:12.819] [INFO] Running on PE 0 of 2 total PEs
[16:28:12.819] [INFO] PE 0: Initialized src = 10
[16:28:12.819] [INFO] Completed barrier synchronization
[16:28:12.819] [INFO] Completed barrier synchronization
[16:28:12.819] [INFO] PE 0: Waiting for PE 1 to complete validation
[16:28:12.819] ------ BEGIN TEST ROUTINE: shmem_ptrdiff_g()
[16:28:12.819] [INFO] Allocated static variables: src at 0xaaaac87602f0, dest at 0xaaaac87602f8
[16:28:12.819] [INFO] Running on PE 0 of 2 total PEs
[16:28:12.819] [INFO] PE 0: Initialized src = 10
[16:28:12.819] [INFO] Completed barrier synchronization
[16:28:12.820] [INFO] Completed barrier synchronization
[16:28:12.820] [INFO] PE 0: Waiting for PE 1 to complete validation
---------- END TEST: PASSED
