---------- BEGIN TEST: /root/lanl/vv/shmemvv_logs/src/unit/c/atomics/c_shmem_atomic_swap_nbi.c
[11:41:03.154] ------ BEGIN TEST ROUTINE: shmem_int_atomic_swap_nbi
[11:41:03.155] [INFO] shmem_malloc'd 4 bytes at 0xaaab40002250
[11:41:03.155] [INFO] set 0xaaab40002250 to 42
[11:41:03.155] [INFO] executing atomic swap nbi: dest = 0xaaab40002250, new_val = 43
[11:41:03.155] [INFO] atomic swap nbi on a int at 0xaaab40002250 produced expected result (42 == 42 && 43 == 43)
[11:41:03.155] ------ BEGIN TEST ROUTINE: shmem_long_atomic_swap_nbi
[11:41:03.155] [INFO] shmem_malloc'd 8 bytes at 0xaaab40002250
[11:41:03.155] [INFO] set 0xaaab40002250 to 42
[11:41:03.155] [INFO] executing atomic swap nbi: dest = 0xaaab40002250, new_val = 43
[11:41:03.156] [INFO] atomic swap nbi on a long at 0xaaab40002250 produced expected result (42 == 42 && 43 == 43)
[11:41:03.156] ------ BEGIN TEST ROUTINE: shmem_longlong_atomic_swap_nbi
[11:41:03.156] [INFO] shmem_malloc'd 8 bytes at 0xaaab40002250
[11:41:03.156] [INFO] set 0xaaab40002250 to 42
[11:41:03.156] [INFO] executing atomic swap nbi: dest = 0xaaab40002250, new_val = 43
[11:41:03.156] [INFO] atomic swap nbi on a long long at 0xaaab40002250 produced expected result (42 == 42 && 43 == 43)
[11:41:03.156] ------ BEGIN TEST ROUTINE: shmem_uint_atomic_swap_nbi
[11:41:03.156] [INFO] shmem_malloc'd 4 bytes at 0xaaab40002250
[11:41:03.156] [INFO] set 0xaaab40002250 to 42
[11:41:03.156] [INFO] executing atomic swap nbi: dest = 0xaaab40002250, new_val = 43
[11:41:03.157] [INFO] atomic swap nbi on a unsigned int at 0xaaab40002250 produced expected result (42 == 42 && 43 == 43)
[11:41:03.157] ------ BEGIN TEST ROUTINE: shmem_ulong_atomic_swap_nbi
[11:41:03.157] [INFO] shmem_malloc'd 8 bytes at 0xaaab40002250
[11:41:03.157] [INFO] set 0xaaab40002250 to 42
[11:41:03.157] [INFO] executing atomic swap nbi: dest = 0xaaab40002250, new_val = 43
[11:41:03.157] [INFO] atomic swap nbi on a unsigned long at 0xaaab40002250 produced expected result (42 == 42 && 43 == 43)
[11:41:03.157] ------ BEGIN TEST ROUTINE: shmem_ulonglong_atomic_swap_nbi
[11:41:03.157] [INFO] shmem_malloc'd 8 bytes at 0xaaab40002250
[11:41:03.157] [INFO] set 0xaaab40002250 to 42
[11:41:03.157] [INFO] executing atomic swap nbi: dest = 0xaaab40002250, new_val = 43
[11:41:03.158] [INFO] atomic swap nbi on a unsigned long long at 0xaaab40002250 produced expected result (42 == 42 && 43 == 43)
[11:41:03.158] ------ BEGIN TEST ROUTINE: shmem_int32_atomic_swap_nbi
[11:41:03.158] [INFO] shmem_malloc'd 4 bytes at 0xaaab40002250
[11:41:03.158] [INFO] set 0xaaab40002250 to 42
[11:41:03.158] [INFO] executing atomic swap nbi: dest = 0xaaab40002250, new_val = 43
[11:41:03.158] [INFO] atomic swap nbi on a int32_t at 0xaaab40002250 produced expected result (42 == 42 && 43 == 43)
[11:41:03.158] ------ BEGIN TEST ROUTINE: shmem_int64_atomic_swap_nbi
[11:41:03.158] [INFO] shmem_malloc'd 8 bytes at 0xaaab40002250
[11:41:03.158] [INFO] set 0xaaab40002250 to 42
[11:41:03.158] [INFO] executing atomic swap nbi: dest = 0xaaab40002250, new_val = 43
[11:41:03.159] [INFO] atomic swap nbi on a int64_t at 0xaaab40002250 produced expected result (42 == 42 && 43 == 43)
[11:41:03.159] ------ BEGIN TEST ROUTINE: shmem_uint32_atomic_swap_nbi
[11:41:03.159] [INFO] shmem_malloc'd 4 bytes at 0xaaab40002250
[11:41:03.159] [INFO] set 0xaaab40002250 to 42
[11:41:03.159] [INFO] executing atomic swap nbi: dest = 0xaaab40002250, new_val = 43
[11:41:03.159] [INFO] atomic swap nbi on a uint32_t at 0xaaab40002250 produced expected result (42 == 42 && 43 == 43)
[11:41:03.159] ------ BEGIN TEST ROUTINE: shmem_uint64_atomic_swap_nbi
[11:41:03.159] [INFO] shmem_malloc'd 8 bytes at 0xaaab40002250
[11:41:03.159] [INFO] set 0xaaab40002250 to 42
[11:41:03.159] [INFO] executing atomic swap nbi: dest = 0xaaab40002250, new_val = 43
[11:41:03.159] [INFO] atomic swap nbi on a uint64_t at 0xaaab40002250 produced expected result (42 == 42 && 43 == 43)
[11:41:03.160] ------ BEGIN TEST ROUTINE: shmem_size_atomic_swap_nbi
[11:41:03.160] [INFO] shmem_malloc'd 8 bytes at 0xaaab40002250
[11:41:03.160] [INFO] set 0xaaab40002250 to 42
[11:41:03.160] [INFO] executing atomic swap nbi: dest = 0xaaab40002250, new_val = 43
[11:41:03.160] [INFO] atomic swap nbi on a size_t at 0xaaab40002250 produced expected result (42 == 42 && 43 == 43)
[11:41:03.160] ------ BEGIN TEST ROUTINE: shmem_ptrdiff_atomic_swap_nbi
[11:41:03.160] [INFO] shmem_malloc'd 8 bytes at 0xaaab40002250
[11:41:03.160] [INFO] set 0xaaab40002250 to 42
[11:41:03.160] [INFO] executing atomic swap nbi: dest = 0xaaab40002250, new_val = 43
[11:41:03.160] [INFO] atomic swap nbi on a ptrdiff_t at 0xaaab40002250 produced expected result (42 == 42 && 43 == 43)
---------- END TEST: PASSED
