---------- BEGIN TEST: /root/lanl/vv/shmemvv_logs/src/unit/c/pt2pt_sync/c_shmem_wait_until_all.c
[14:26:45.068] ------ BEGIN TEST ROUTINE: shmem_wait_until_all(short)
[14:26:45.068] [INFO] Allocated flags array (4 bytes) at address 0xaaab00002250
[14:26:45.068] [INFO] Initialized all flags to 0
[14:26:45.068] [INFO] PE 1: Starting wait_until_all (flags=0xaaab00002250, n=2, condition=SHMEM_CMP_EQ, target=1)
[14:26:45.068] [INFO] PE 1: wait_until_all completed
[14:26:45.068] [INFO] PE 1: Successfully validated flags=[1,1]
[14:26:45.068] [INFO] Freeing allocated memory at 0xaaab00002250
[14:26:45.069] ------ BEGIN TEST ROUTINE: shmem_wait_until_all(int)
[14:26:45.069] [INFO] Allocated flags array (8 bytes) at address 0xaaab00002250
[14:26:45.069] [INFO] Initialized all flags to 0
[14:26:45.069] [INFO] PE 1: Starting wait_until_all (flags=0xaaab00002250, n=2, condition=SHMEM_CMP_EQ, target=1)
[14:26:45.069] [INFO] PE 1: wait_until_all completed
[14:26:45.069] [INFO] PE 1: Successfully validated flags=[1,1]
[14:26:45.069] [INFO] Freeing allocated memory at 0xaaab00002250
[14:26:45.069] ------ BEGIN TEST ROUTINE: shmem_wait_until_all(long)
[14:26:45.069] [INFO] Allocated flags array (16 bytes) at address 0xaaab00002250
[14:26:45.069] [INFO] Initialized all flags to 0
[14:26:45.069] [INFO] PE 1: Starting wait_until_all (flags=0xaaab00002250, n=2, condition=SHMEM_CMP_EQ, target=1)
[14:26:45.069] [INFO] PE 1: wait_until_all completed
[14:26:45.069] [INFO] PE 1: Successfully validated flags=[1,1]
[14:26:45.069] [INFO] Freeing allocated memory at 0xaaab00002250
[14:26:45.069] ------ BEGIN TEST ROUTINE: shmem_wait_until_all(long long)
[14:26:45.070] [INFO] Allocated flags array (16 bytes) at address 0xaaab00002250
[14:26:45.070] [INFO] Initialized all flags to 0
[14:26:45.070] [INFO] PE 1: Starting wait_until_all (flags=0xaaab00002250, n=2, condition=SHMEM_CMP_EQ, target=1)
[14:26:45.070] [INFO] PE 1: wait_until_all completed
[14:26:45.070] [INFO] PE 1: Successfully validated flags=[1,1]
[14:26:45.070] [INFO] Freeing allocated memory at 0xaaab00002250
[14:26:45.070] ------ BEGIN TEST ROUTINE: shmem_wait_until_all(unsigned short)
[14:26:45.070] [INFO] Allocated flags array (4 bytes) at address 0xaaab00002250
[14:26:45.070] [INFO] Initialized all flags to 0
[14:26:45.070] [INFO] PE 1: Starting wait_until_all (flags=0xaaab00002250, n=2, condition=SHMEM_CMP_EQ, target=1)
[14:26:45.070] [INFO] PE 1: wait_until_all completed
[14:26:45.070] [INFO] PE 1: Successfully validated flags=[1,1]
[14:26:45.070] [INFO] Freeing allocated memory at 0xaaab00002250
[14:26:45.070] ------ BEGIN TEST ROUTINE: shmem_wait_until_all(unsigned int)
[14:26:45.070] [INFO] Allocated flags array (8 bytes) at address 0xaaab00002250
[14:26:45.070] [INFO] Initialized all flags to 0
[14:26:45.071] [INFO] PE 1: Starting wait_until_all (flags=0xaaab00002250, n=2, condition=SHMEM_CMP_EQ, target=1)
[14:26:45.071] [INFO] PE 1: wait_until_all completed
[14:26:45.071] [INFO] PE 1: Successfully validated flags=[1,1]
[14:26:45.071] [INFO] Freeing allocated memory at 0xaaab00002250
[14:26:45.071] ------ BEGIN TEST ROUTINE: shmem_wait_until_all(unsigned long)
[14:26:45.071] [INFO] Allocated flags array (16 bytes) at address 0xaaab00002250
[14:26:45.071] [INFO] Initialized all flags to 0
[14:26:45.071] [INFO] PE 1: Starting wait_until_all (flags=0xaaab00002250, n=2, condition=SHMEM_CMP_EQ, target=1)
[14:26:45.071] [INFO] PE 1: wait_until_all completed
[14:26:45.071] [INFO] PE 1: Successfully validated flags=[1,1]
[14:26:45.071] [INFO] Freeing allocated memory at 0xaaab00002250
[14:26:45.071] ------ BEGIN TEST ROUTINE: shmem_wait_until_all(unsigned long long)
[14:26:45.071] [INFO] Allocated flags array (16 bytes) at address 0xaaab00002250
[14:26:45.071] [INFO] Initialized all flags to 0
[14:26:45.072] [INFO] PE 1: Starting wait_until_all (flags=0xaaab00002250, n=2, condition=SHMEM_CMP_EQ, target=1)
[14:26:45.072] [INFO] PE 1: wait_until_all completed
[14:26:45.072] [INFO] PE 1: Successfully validated flags=[1,1]
[14:26:45.072] [INFO] Freeing allocated memory at 0xaaab00002250
[14:26:45.072] ------ BEGIN TEST ROUTINE: shmem_wait_until_all(int32_t)
[14:26:45.072] [INFO] Allocated flags array (8 bytes) at address 0xaaab00002250
[14:26:45.072] [INFO] Initialized all flags to 0
[14:26:45.072] [INFO] PE 1: Starting wait_until_all (flags=0xaaab00002250, n=2, condition=SHMEM_CMP_EQ, target=1)
[14:26:45.072] [INFO] PE 1: wait_until_all completed
[14:26:45.072] [INFO] PE 1: Successfully validated flags=[1,1]
[14:26:45.072] [INFO] Freeing allocated memory at 0xaaab00002250
[14:26:45.072] ------ BEGIN TEST ROUTINE: shmem_wait_until_all(int64_t)
[14:26:45.072] [INFO] Allocated flags array (16 bytes) at address 0xaaab00002250
[14:26:45.072] [INFO] Initialized all flags to 0
[14:26:45.073] [INFO] PE 1: Starting wait_until_all (flags=0xaaab00002250, n=2, condition=SHMEM_CMP_EQ, target=1)
[14:26:45.073] [INFO] PE 1: wait_until_all completed
[14:26:45.073] [INFO] PE 1: Successfully validated flags=[1,1]
[14:26:45.073] [INFO] Freeing allocated memory at 0xaaab00002250
[14:26:45.073] ------ BEGIN TEST ROUTINE: shmem_wait_until_all(uint32_t)
[14:26:45.073] [INFO] Allocated flags array (8 bytes) at address 0xaaab00002250
[14:26:45.073] [INFO] Initialized all flags to 0
[14:26:45.073] [INFO] PE 1: Starting wait_until_all (flags=0xaaab00002250, n=2, condition=SHMEM_CMP_EQ, target=1)
[14:26:45.073] [INFO] PE 1: wait_until_all completed
[14:26:45.073] [INFO] PE 1: Successfully validated flags=[1,1]
[14:26:45.073] [INFO] Freeing allocated memory at 0xaaab00002250
[14:26:45.073] ------ BEGIN TEST ROUTINE: shmem_wait_until_all(uint64_t)
[14:26:45.073] [INFO] Allocated flags array (16 bytes) at address 0xaaab00002250
[14:26:45.073] [INFO] Initialized all flags to 0
[14:26:45.074] [INFO] PE 1: Starting wait_until_all (flags=0xaaab00002250, n=2, condition=SHMEM_CMP_EQ, target=1)
[14:26:45.074] [INFO] PE 1: wait_until_all completed
[14:26:45.074] [INFO] PE 1: Successfully validated flags=[1,1]
[14:26:45.074] [INFO] Freeing allocated memory at 0xaaab00002250
[14:26:45.074] ------ BEGIN TEST ROUTINE: shmem_wait_until_all(size_t)
[14:26:45.074] [INFO] Allocated flags array (16 bytes) at address 0xaaab00002250
[14:26:45.074] [INFO] Initialized all flags to 0
[14:26:45.074] [INFO] PE 1: Starting wait_until_all (flags=0xaaab00002250, n=2, condition=SHMEM_CMP_EQ, target=1)
[14:26:45.074] [INFO] PE 1: wait_until_all completed
[14:26:45.074] [INFO] PE 1: Successfully validated flags=[1,1]
[14:26:45.074] [INFO] Freeing allocated memory at 0xaaab00002250
[14:26:45.074] ------ BEGIN TEST ROUTINE: shmem_wait_until_all(ptrdiff_t)
[14:26:45.074] [INFO] Allocated flags array (16 bytes) at address 0xaaab00002250
[14:26:45.074] [INFO] Initialized all flags to 0
[14:26:45.075] [INFO] PE 1: Starting wait_until_all (flags=0xaaab00002250, n=2, condition=SHMEM_CMP_EQ, target=1)
[14:26:45.075] [INFO] PE 1: wait_until_all completed
[14:26:45.075] [INFO] PE 1: Successfully validated flags=[1,1]
[14:26:45.075] [INFO] Freeing allocated memory at 0xaaab00002250
---------- END TEST: PASSED
