---------- BEGIN TEST: /root/lanl/vv/shmemvv_logs/src/unit/c/atomics/c_shmem_atomic_fetch_inc_nbi.c
[11:36:31.990] ------ BEGIN TEST ROUTINE: shmem_int_atomic_fetch_inc_nbi
[11:36:31.990] [INFO] shmem_malloc'd 4 bytes at 0xaaab40002250
[11:36:31.990] [INFO] set 0xaaab40002250 to 42
[11:36:31.991] [INFO] executing atomic fetch inc nbi: dest = 0xaaab40002250
[11:36:31.991] [INFO] atomic fetch inc nbi on a int at 0xaaab40002250 produced expected result (42 == 42 && 43 == 1)
[11:36:31.991] ------ BEGIN TEST ROUTINE: shmem_long_atomic_fetch_inc_nbi
[11:36:31.991] [INFO] shmem_malloc'd 8 bytes at 0xaaab40002250
[11:36:31.991] [INFO] set 0xaaab40002250 to 42
[11:36:31.991] [INFO] executing atomic fetch inc nbi: dest = 0xaaab40002250
[11:36:31.991] [INFO] atomic fetch inc nbi on a long at 0xaaab40002250 produced expected result (42 == 42 && 43 == 1)
[11:36:31.991] ------ BEGIN TEST ROUTINE: shmem_longlong_atomic_fetch_inc_nbi
[11:36:31.991] [INFO] shmem_malloc'd 8 bytes at 0xaaab40002250
[11:36:31.991] [INFO] set 0xaaab40002250 to 42
[11:36:31.992] [INFO] executing atomic fetch inc nbi: dest = 0xaaab40002250
[11:36:31.992] [INFO] atomic fetch inc nbi on a long long at 0xaaab40002250 produced expected result (42 == 42 && 43 == 1)
[11:36:31.992] ------ BEGIN TEST ROUTINE: shmem_uint_atomic_fetch_inc_nbi
[11:36:31.992] [INFO] shmem_malloc'd 4 bytes at 0xaaab40002250
[11:36:31.992] [INFO] set 0xaaab40002250 to 42
[11:36:31.992] [INFO] executing atomic fetch inc nbi: dest = 0xaaab40002250
[11:36:31.992] [INFO] atomic fetch inc nbi on a unsigned int at 0xaaab40002250 produced expected result (42 == 42 && 43 == 1)
[11:36:31.992] ------ BEGIN TEST ROUTINE: shmem_ulong_atomic_fetch_inc_nbi
[11:36:31.992] [INFO] shmem_malloc'd 8 bytes at 0xaaab40002250
[11:36:31.992] [INFO] set 0xaaab40002250 to 42
[11:36:31.992] [INFO] executing atomic fetch inc nbi: dest = 0xaaab40002250
[11:36:31.993] [INFO] atomic fetch inc nbi on a unsigned long at 0xaaab40002250 produced expected result (42 == 42 && 43 == 1)
[11:36:31.993] ------ BEGIN TEST ROUTINE: shmem_ulonglong_atomic_fetch_inc_nbi
[11:36:31.993] [INFO] shmem_malloc'd 8 bytes at 0xaaab40002250
[11:36:31.993] [INFO] set 0xaaab40002250 to 42
[11:36:31.993] [INFO] executing atomic fetch inc nbi: dest = 0xaaab40002250
[11:36:31.993] [INFO] atomic fetch inc nbi on a unsigned long long at 0xaaab40002250 produced expected result (42 == 42 && 43 == 1)
[11:36:31.993] ------ BEGIN TEST ROUTINE: shmem_int32_atomic_fetch_inc_nbi
[11:36:31.993] [INFO] shmem_malloc'd 4 bytes at 0xaaab40002250
[11:36:31.993] [INFO] set 0xaaab40002250 to 42
[11:36:31.993] [INFO] executing atomic fetch inc nbi: dest = 0xaaab40002250
[11:36:31.993] [INFO] atomic fetch inc nbi on a int32_t at 0xaaab40002250 produced expected result (42 == 42 && 43 == 1)
[11:36:31.993] ------ BEGIN TEST ROUTINE: shmem_int64_atomic_fetch_inc_nbi
[11:36:31.994] [INFO] shmem_malloc'd 8 bytes at 0xaaab40002250
[11:36:31.994] [INFO] set 0xaaab40002250 to 42
[11:36:31.994] [INFO] executing atomic fetch inc nbi: dest = 0xaaab40002250
[11:36:31.994] [INFO] atomic fetch inc nbi on a int64_t at 0xaaab40002250 produced expected result (42 == 42 && 43 == 1)
[11:36:31.994] ------ BEGIN TEST ROUTINE: shmem_uint32_atomic_fetch_inc_nbi
[11:36:31.994] [INFO] shmem_malloc'd 4 bytes at 0xaaab40002250
[11:36:31.994] [INFO] set 0xaaab40002250 to 42
[11:36:31.994] [INFO] executing atomic fetch inc nbi: dest = 0xaaab40002250
[11:36:31.994] [INFO] atomic fetch inc nbi on a uint32_t at 0xaaab40002250 produced expected result (42 == 42 && 43 == 1)
[11:36:31.994] ------ BEGIN TEST ROUTINE: shmem_uint64_atomic_fetch_inc_nbi
[11:36:31.994] [INFO] shmem_malloc'd 8 bytes at 0xaaab40002250
[11:36:31.994] [INFO] set 0xaaab40002250 to 42
[11:36:31.994] [INFO] executing atomic fetch inc nbi: dest = 0xaaab40002250
[11:36:31.994] [INFO] atomic fetch inc nbi on a uint64_t at 0xaaab40002250 produced expected result (42 == 42 && 43 == 1)
[11:36:31.995] ------ BEGIN TEST ROUTINE: shmem_size_atomic_fetch_inc_nbi
[11:36:31.995] [INFO] shmem_malloc'd 8 bytes at 0xaaab40002250
[11:36:31.995] [INFO] set 0xaaab40002250 to 42
[11:36:31.995] [INFO] executing atomic fetch inc nbi: dest = 0xaaab40002250
[11:36:31.995] [INFO] atomic fetch inc nbi on a size_t at 0xaaab40002250 produced expected result (42 == 42 && 43 == 1)
[11:36:31.995] ------ BEGIN TEST ROUTINE: shmem_ptrdiff_atomic_fetch_inc_nbi
[11:36:31.995] [INFO] shmem_malloc'd 8 bytes at 0xaaab40002250
[11:36:31.995] [INFO] set 0xaaab40002250 to 42
[11:36:31.995] [INFO] executing atomic fetch inc nbi: dest = 0xaaab40002250
[11:36:31.995] [INFO] atomic fetch inc nbi on a ptrdiff_t at 0xaaab40002250 produced expected result (42 == 42 && 43 == 1)
---------- END TEST: PASSED
