---------- BEGIN TEST: /root/lanl/vv/shmemvv_logs/src/unit/c/collectives/c_shmem_fcollect.c
[11:36:32.217] ------ BEGIN TEST ROUTINE: shmem_float_fcollect
[11:36:32.218] [INFO] shmem_malloc'd 4 bytes @ &src = 0xaaab40002250, 8 bytes @ &dest = 0xaaab40002270
[11:36:32.218] [INFO] set 0xaaab40002250 (src[0]) to 1
[11:36:32.218] [INFO] executing shmem_fcollect: dest = 0xaaab40002270, src = 0xaaab40002250
[11:36:32.218] [INFO] validating result...
[11:36:32.218] [INFO] shmem_float_fcollect produced expected result.
[11:36:32.218] ------ BEGIN TEST ROUTINE: shmem_double_fcollect
[11:36:32.218] [INFO] shmem_malloc'd 8 bytes @ &src = 0xaaab40002250, 16 bytes @ &dest = 0xaaab40002270
[11:36:32.218] [INFO] set 0xaaab40002250 (src[0]) to 1
[11:36:32.218] [INFO] executing shmem_fcollect: dest = 0xaaab40002270, src = 0xaaab40002250
[11:36:32.218] [INFO] validating result...
[11:36:32.218] [INFO] shmem_double_fcollect produced expected result.
[11:36:32.218] ------ BEGIN TEST ROUTINE: shmem_longdouble_fcollect
[11:36:32.219] [INFO] shmem_malloc'd 16 bytes @ &src = 0xaaab40002250, 32 bytes @ &dest = 0xaaab40002270
[11:36:32.219] [INFO] set 0xaaab40002250 (src[0]) to 1
[11:36:32.219] [INFO] executing shmem_fcollect: dest = 0xaaab40002270, src = 0xaaab40002250
[11:36:32.219] [INFO] validating result...
[11:36:32.219] [INFO] shmem_longdouble_fcollect produced expected result.
[11:36:32.219] ------ BEGIN TEST ROUTINE: shmem_char_fcollect
[11:36:32.219] [INFO] shmem_malloc'd 1 bytes @ &src = 0xaaab40002250, 2 bytes @ &dest = 0xaaab40002270
[11:36:32.219] [INFO] set 0xaaab40002250 (src[0]) to 1
[11:36:32.219] [INFO] executing shmem_fcollect: dest = 0xaaab40002270, src = 0xaaab40002250
[11:36:32.219] [INFO] validating result...
[11:36:32.219] [INFO] shmem_char_fcollect produced expected result.
[11:36:32.219] ------ BEGIN TEST ROUTINE: shmem_schar_fcollect
[11:36:32.220] [INFO] shmem_malloc'd 1 bytes @ &src = 0xaaab40002250, 2 bytes @ &dest = 0xaaab40002270
[11:36:32.220] [INFO] set 0xaaab40002250 (src[0]) to 1
[11:36:32.220] [INFO] executing shmem_fcollect: dest = 0xaaab40002270, src = 0xaaab40002250
[11:36:32.220] [INFO] validating result...
[11:36:32.220] [INFO] shmem_schar_fcollect produced expected result.
[11:36:32.220] ------ BEGIN TEST ROUTINE: shmem_short_fcollect
[11:36:32.220] [INFO] shmem_malloc'd 2 bytes @ &src = 0xaaab40002250, 4 bytes @ &dest = 0xaaab40002270
[11:36:32.220] [INFO] set 0xaaab40002250 (src[0]) to 1
[11:36:32.220] [INFO] executing shmem_fcollect: dest = 0xaaab40002270, src = 0xaaab40002250
[11:36:32.220] [INFO] validating result...
[11:36:32.220] [INFO] shmem_short_fcollect produced expected result.
[11:36:32.220] ------ BEGIN TEST ROUTINE: shmem_int_fcollect
[11:36:32.220] [INFO] shmem_malloc'd 4 bytes @ &src = 0xaaab40002250, 8 bytes @ &dest = 0xaaab40002270
[11:36:32.220] [INFO] set 0xaaab40002250 (src[0]) to 1
[11:36:32.220] [INFO] executing shmem_fcollect: dest = 0xaaab40002270, src = 0xaaab40002250
[11:36:32.221] [INFO] validating result...
[11:36:32.221] [INFO] shmem_int_fcollect produced expected result.
[11:36:32.221] ------ BEGIN TEST ROUTINE: shmem_long_fcollect
[11:36:32.221] [INFO] shmem_malloc'd 8 bytes @ &src = 0xaaab40002250, 16 bytes @ &dest = 0xaaab40002270
[11:36:32.221] [INFO] set 0xaaab40002250 (src[0]) to 1
[11:36:32.221] [INFO] executing shmem_fcollect: dest = 0xaaab40002270, src = 0xaaab40002250
[11:36:32.221] [INFO] validating result...
[11:36:32.221] [INFO] shmem_long_fcollect produced expected result.
[11:36:32.221] ------ BEGIN TEST ROUTINE: shmem_longlong_fcollect
[11:36:32.222] [INFO] shmem_malloc'd 8 bytes @ &src = 0xaaab40002250, 16 bytes @ &dest = 0xaaab40002270
[11:36:32.222] [INFO] set 0xaaab40002250 (src[0]) to 1
[11:36:32.222] [INFO] executing shmem_fcollect: dest = 0xaaab40002270, src = 0xaaab40002250
[11:36:32.222] [INFO] validating result...
[11:36:32.222] [INFO] shmem_longlong_fcollect produced expected result.
[11:36:32.222] ------ BEGIN TEST ROUTINE: shmem_uchar_fcollect
[11:36:32.222] [INFO] shmem_malloc'd 1 bytes @ &src = 0xaaab40002250, 2 bytes @ &dest = 0xaaab40002270
[11:36:32.222] [INFO] set 0xaaab40002250 (src[0]) to 1
[11:36:32.222] [INFO] executing shmem_fcollect: dest = 0xaaab40002270, src = 0xaaab40002250
[11:36:32.222] [INFO] validating result...
[11:36:32.222] [INFO] shmem_uchar_fcollect produced expected result.
[11:36:32.223] ------ BEGIN TEST ROUTINE: shmem_ushort_fcollect
[11:36:32.223] [INFO] shmem_malloc'd 2 bytes @ &src = 0xaaab40002250, 4 bytes @ &dest = 0xaaab40002270
[11:36:32.223] [INFO] set 0xaaab40002250 (src[0]) to 1
[11:36:32.223] [INFO] executing shmem_fcollect: dest = 0xaaab40002270, src = 0xaaab40002250
[11:36:32.223] [INFO] validating result...
[11:36:32.223] [INFO] shmem_ushort_fcollect produced expected result.
[11:36:32.223] ------ BEGIN TEST ROUTINE: shmem_uint_fcollect
[11:36:32.223] [INFO] shmem_malloc'd 4 bytes @ &src = 0xaaab40002250, 8 bytes @ &dest = 0xaaab40002270
[11:36:32.223] [INFO] set 0xaaab40002250 (src[0]) to 1
[11:36:32.223] [INFO] executing shmem_fcollect: dest = 0xaaab40002270, src = 0xaaab40002250
[11:36:32.224] [INFO] validating result...
[11:36:32.224] [INFO] shmem_uint_fcollect produced expected result.
[11:36:32.224] ------ BEGIN TEST ROUTINE: shmem_ulong_fcollect
[11:36:32.224] [INFO] shmem_malloc'd 8 bytes @ &src = 0xaaab40002250, 16 bytes @ &dest = 0xaaab40002270
[11:36:32.224] [INFO] set 0xaaab40002250 (src[0]) to 1
[11:36:32.224] [INFO] executing shmem_fcollect: dest = 0xaaab40002270, src = 0xaaab40002250
[11:36:32.224] [INFO] validating result...
[11:36:32.224] [INFO] shmem_ulong_fcollect produced expected result.
[11:36:32.224] ------ BEGIN TEST ROUTINE: shmem_ulonglong_fcollect
[11:36:32.225] [INFO] shmem_malloc'd 8 bytes @ &src = 0xaaab40002250, 16 bytes @ &dest = 0xaaab40002270
[11:36:32.225] [INFO] set 0xaaab40002250 (src[0]) to 1
[11:36:32.225] [INFO] executing shmem_fcollect: dest = 0xaaab40002270, src = 0xaaab40002250
[11:36:32.225] [INFO] validating result...
[11:36:32.225] [INFO] shmem_ulonglong_fcollect produced expected result.
[11:36:32.225] ------ BEGIN TEST ROUTINE: shmem_int8_fcollect
[11:36:32.225] [INFO] shmem_malloc'd 1 bytes @ &src = 0xaaab40002250, 2 bytes @ &dest = 0xaaab40002270
[11:36:32.225] [INFO] set 0xaaab40002250 (src[0]) to 1
[11:36:32.225] [INFO] executing shmem_fcollect: dest = 0xaaab40002270, src = 0xaaab40002250
[11:36:32.225] [INFO] validating result...
[11:36:32.225] [INFO] shmem_int8_fcollect produced expected result.
[11:36:32.226] ------ BEGIN TEST ROUTINE: shmem_int16_fcollect
[11:36:32.226] [INFO] shmem_malloc'd 2 bytes @ &src = 0xaaab40002250, 4 bytes @ &dest = 0xaaab40002270
[11:36:32.226] [INFO] set 0xaaab40002250 (src[0]) to 1
[11:36:32.226] [INFO] executing shmem_fcollect: dest = 0xaaab40002270, src = 0xaaab40002250
[11:36:32.226] [INFO] validating result...
[11:36:32.226] [INFO] shmem_int16_fcollect produced expected result.
[11:36:32.226] ------ BEGIN TEST ROUTINE: shmem_int32_fcollect
[11:36:32.226] [INFO] shmem_malloc'd 4 bytes @ &src = 0xaaab40002250, 8 bytes @ &dest = 0xaaab40002270
[11:36:32.226] [INFO] set 0xaaab40002250 (src[0]) to 1
[11:36:32.226] [INFO] executing shmem_fcollect: dest = 0xaaab40002270, src = 0xaaab40002250
[11:36:32.226] [INFO] validating result...
[11:36:32.226] [INFO] shmem_int32_fcollect produced expected result.
[11:36:32.227] ------ BEGIN TEST ROUTINE: shmem_int64_fcollect
[11:36:32.227] [INFO] shmem_malloc'd 8 bytes @ &src = 0xaaab40002250, 16 bytes @ &dest = 0xaaab40002270
[11:36:32.227] [INFO] set 0xaaab40002250 (src[0]) to 1
[11:36:32.227] [INFO] executing shmem_fcollect: dest = 0xaaab40002270, src = 0xaaab40002250
[11:36:32.227] [INFO] validating result...
[11:36:32.227] [INFO] shmem_int64_fcollect produced expected result.
[11:36:32.227] ------ BEGIN TEST ROUTINE: shmem_uint8_fcollect
[11:36:32.227] [INFO] shmem_malloc'd 1 bytes @ &src = 0xaaab40002250, 2 bytes @ &dest = 0xaaab40002270
[11:36:32.227] [INFO] set 0xaaab40002250 (src[0]) to 1
[11:36:32.227] [INFO] executing shmem_fcollect: dest = 0xaaab40002270, src = 0xaaab40002250
[11:36:32.227] [INFO] validating result...
[11:36:32.227] [INFO] shmem_uint8_fcollect produced expected result.
[11:36:32.227] ------ BEGIN TEST ROUTINE: shmem_uint16_fcollect
[11:36:32.228] [INFO] shmem_malloc'd 2 bytes @ &src = 0xaaab40002250, 4 bytes @ &dest = 0xaaab40002270
[11:36:32.228] [INFO] set 0xaaab40002250 (src[0]) to 1
[11:36:32.228] [INFO] executing shmem_fcollect: dest = 0xaaab40002270, src = 0xaaab40002250
[11:36:32.228] [INFO] validating result...
[11:36:32.228] [INFO] shmem_uint16_fcollect produced expected result.
[11:36:32.228] ------ BEGIN TEST ROUTINE: shmem_uint32_fcollect
[11:36:32.228] [INFO] shmem_malloc'd 4 bytes @ &src = 0xaaab40002250, 8 bytes @ &dest = 0xaaab40002270
[11:36:32.228] [INFO] set 0xaaab40002250 (src[0]) to 1
[11:36:32.228] [INFO] executing shmem_fcollect: dest = 0xaaab40002270, src = 0xaaab40002250
[11:36:32.228] [INFO] validating result...
[11:36:32.228] [INFO] shmem_uint32_fcollect produced expected result.
[11:36:32.228] ------ BEGIN TEST ROUTINE: shmem_uint64_fcollect
[11:36:32.229] [INFO] shmem_malloc'd 8 bytes @ &src = 0xaaab40002250, 16 bytes @ &dest = 0xaaab40002270
[11:36:32.229] [INFO] set 0xaaab40002250 (src[0]) to 1
[11:36:32.229] [INFO] executing shmem_fcollect: dest = 0xaaab40002270, src = 0xaaab40002250
[11:36:32.229] [INFO] validating result...
[11:36:32.229] [INFO] shmem_uint64_fcollect produced expected result.
[11:36:32.229] ------ BEGIN TEST ROUTINE: shmem_size_fcollect
[11:36:32.229] [INFO] shmem_malloc'd 8 bytes @ &src = 0xaaab40002250, 16 bytes @ &dest = 0xaaab40002270
[11:36:32.229] [INFO] set 0xaaab40002250 (src[0]) to 1
[11:36:32.229] [INFO] executing shmem_fcollect: dest = 0xaaab40002270, src = 0xaaab40002250
[11:36:32.229] [INFO] validating result...
[11:36:32.229] [INFO] shmem_size_fcollect produced expected result.
[11:36:32.229] ------ BEGIN TEST ROUTINE: shmem_ptrdiff_fcollect
[11:36:32.230] [INFO] shmem_malloc'd 8 bytes @ &src = 0xaaab40002250, 16 bytes @ &dest = 0xaaab40002270
[11:36:32.230] [INFO] set 0xaaab40002250 (src[0]) to 1
[11:36:32.230] [INFO] executing shmem_fcollect: dest = 0xaaab40002270, src = 0xaaab40002250
[11:36:32.230] [INFO] validating result...
[11:36:32.230] [INFO] shmem_ptrdiff_fcollect produced expected result.
---------- END TEST: PASSED
