---------- BEGIN TEST: /root/lanl/vv/shmemvv_logs/src/unit/c/rma/c_shmem_get_nbi.c
[16:28:12.840] ------ BEGIN TEST ROUTINE: shmem_long_get_nbi()
[16:28:12.840] [INFO] Allocated static arrays: src at 0xaaaab8f20200, dest at 0xaaaab8f20250
[16:28:12.840] [INFO] Running on PE 0 of 2 total PEs
[16:28:12.840] [INFO] PE 0: Initialized src array with values [0..9]
[16:28:12.840] [INFO] Completed barrier synchronization
[16:28:12.840] [INFO] Completed barrier synchronization
[16:28:12.840] [INFO] PE 0: Waiting for PE 1 to complete validation
[16:28:12.840] ------ BEGIN TEST ROUTINE: shmem_double_get_nbi()
[16:28:12.840] [INFO] Allocated static arrays: src at 0xaaaab8f202a0, dest at 0xaaaab8f202f0
[16:28:12.840] [INFO] Running on PE 0 of 2 total PEs
[16:28:12.840] [INFO] PE 0: Initialized src array with values [0..9]
[16:28:12.840] [INFO] Completed barrier synchronization
[16:28:12.840] [INFO] Completed barrier synchronization
[16:28:12.840] [INFO] PE 0: Waiting for PE 1 to complete validation
[16:28:12.840] ------ BEGIN TEST ROUTINE: shmem_longdouble_get_nbi()
[16:28:12.840] [INFO] Allocated static arrays: src at 0xaaaab8f20340, dest at 0xaaaab8f203e0
[16:28:12.840] [INFO] Running on PE 0 of 2 total PEs
[16:28:12.840] [INFO] PE 0: Initialized src array with values [0..9]
[16:28:12.841] [INFO] Completed barrier synchronization
[16:28:12.841] [INFO] Completed barrier synchronization
[16:28:12.841] [INFO] PE 0: Waiting for PE 1 to complete validation
[16:28:12.841] ------ BEGIN TEST ROUTINE: shmem_char_get_nbi()
[16:28:12.841] [INFO] Allocated static arrays: src at 0xaaaab8f20480, dest at 0xaaaab8f20490
[16:28:12.841] [INFO] Running on PE 0 of 2 total PEs
[16:28:12.841] [INFO] PE 0: Initialized src array with values [0..9]
[16:28:12.841] [INFO] Completed barrier synchronization
[16:28:12.841] [INFO] Completed barrier synchronization
[16:28:12.841] [INFO] PE 0: Waiting for PE 1 to complete validation
[16:28:12.841] ------ BEGIN TEST ROUTINE: shmem_schar_get_nbi()
[16:28:12.841] [INFO] Allocated static arrays: src at 0xaaaab8f204a0, dest at 0xaaaab8f204b0
[16:28:12.841] [INFO] Running on PE 0 of 2 total PEs
[16:28:12.841] [INFO] PE 0: Initialized src array with values [0..9]
[16:28:12.841] [INFO] Completed barrier synchronization
[16:28:12.841] [INFO] Completed barrier synchronization
[16:28:12.841] [INFO] PE 0: Waiting for PE 1 to complete validation
[16:28:12.841] ------ BEGIN TEST ROUTINE: shmem_short_get_nbi()
[16:28:12.841] [INFO] Allocated static arrays: src at 0xaaaab8f204c0, dest at 0xaaaab8f204d8
[16:28:12.841] [INFO] Running on PE 0 of 2 total PEs
[16:28:12.841] [INFO] PE 0: Initialized src array with values [0..9]
[16:28:12.841] [INFO] Completed barrier synchronization
[16:28:12.841] [INFO] Completed barrier synchronization
[16:28:12.841] [INFO] PE 0: Waiting for PE 1 to complete validation
[16:28:12.841] ------ BEGIN TEST ROUTINE: shmem_int_get_nbi()
[16:28:12.841] [INFO] Allocated static arrays: src at 0xaaaab8f204f0, dest at 0xaaaab8f20518
[16:28:12.841] [INFO] Running on PE 0 of 2 total PEs
[16:28:12.841] [INFO] PE 0: Initialized src array with values [0..9]
[16:28:12.841] [INFO] Completed barrier synchronization
[16:28:12.842] [INFO] Completed barrier synchronization
[16:28:12.842] [INFO] PE 0: Waiting for PE 1 to complete validation
[16:28:12.842] ------ BEGIN TEST ROUTINE: shmem_long_get_nbi()
[16:28:12.842] [INFO] Allocated static arrays: src at 0xaaaab8f20540, dest at 0xaaaab8f20590
[16:28:12.842] [INFO] Running on PE 0 of 2 total PEs
[16:28:12.842] [INFO] PE 0: Initialized src array with values [0..9]
[16:28:12.842] [INFO] Completed barrier synchronization
[16:28:12.842] [INFO] Completed barrier synchronization
[16:28:12.842] [INFO] PE 0: Waiting for PE 1 to complete validation
[16:28:12.842] ------ BEGIN TEST ROUTINE: shmem_longlong_get_nbi()
[16:28:12.842] [INFO] Allocated static arrays: src at 0xaaaab8f205e0, dest at 0xaaaab8f20630
[16:28:12.842] [INFO] Running on PE 0 of 2 total PEs
[16:28:12.842] [INFO] PE 0: Initialized src array with values [0..9]
[16:28:12.842] [INFO] Completed barrier synchronization
[16:28:12.842] [INFO] Completed barrier synchronization
[16:28:12.842] [INFO] PE 0: Waiting for PE 1 to complete validation
[16:28:12.842] ------ BEGIN TEST ROUTINE: shmem_uchar_get_nbi()
[16:28:12.842] [INFO] Allocated static arrays: src at 0xaaaab8f20680, dest at 0xaaaab8f20690
[16:28:12.842] [INFO] Running on PE 0 of 2 total PEs
[16:28:12.842] [INFO] PE 0: Initialized src array with values [0..9]
[16:28:12.842] [INFO] Completed barrier synchronization
[16:28:12.842] [INFO] Completed barrier synchronization
[16:28:12.842] [INFO] PE 0: Waiting for PE 1 to complete validation
[16:28:12.842] ------ BEGIN TEST ROUTINE: shmem_ushort_get_nbi()
[16:28:12.842] [INFO] Allocated static arrays: src at 0xaaaab8f206a0, dest at 0xaaaab8f206b8
[16:28:12.842] [INFO] Running on PE 0 of 2 total PEs
[16:28:12.842] [INFO] PE 0: Initialized src array with values [0..9]
[16:28:12.842] [INFO] Completed barrier synchronization
[16:28:12.842] [INFO] Completed barrier synchronization
[16:28:12.842] [INFO] PE 0: Waiting for PE 1 to complete validation
[16:28:12.842] ------ BEGIN TEST ROUTINE: shmem_uint_get_nbi()
[16:28:12.842] [INFO] Allocated static arrays: src at 0xaaaab8f206d0, dest at 0xaaaab8f206f8
[16:28:12.842] [INFO] Running on PE 0 of 2 total PEs
[16:28:12.842] [INFO] PE 0: Initialized src array with values [0..9]
[16:28:12.843] [INFO] Completed barrier synchronization
[16:28:12.843] [INFO] Completed barrier synchronization
[16:28:12.843] [INFO] PE 0: Waiting for PE 1 to complete validation
[16:28:12.843] ------ BEGIN TEST ROUTINE: shmem_ulong_get_nbi()
[16:28:12.843] [INFO] Allocated static arrays: src at 0xaaaab8f20720, dest at 0xaaaab8f20770
[16:28:12.843] [INFO] Running on PE 0 of 2 total PEs
[16:28:12.843] [INFO] PE 0: Initialized src array with values [0..9]
[16:28:12.843] [INFO] Completed barrier synchronization
[16:28:12.843] [INFO] Completed barrier synchronization
[16:28:12.843] [INFO] PE 0: Waiting for PE 1 to complete validation
[16:28:12.843] ------ BEGIN TEST ROUTINE: shmem_ulonglong_get_nbi()
[16:28:12.843] [INFO] Allocated static arrays: src at 0xaaaab8f207c0, dest at 0xaaaab8f20810
[16:28:12.843] [INFO] Running on PE 0 of 2 total PEs
[16:28:12.843] [INFO] PE 0: Initialized src array with values [0..9]
[16:28:12.843] [INFO] Completed barrier synchronization
[16:28:12.843] [INFO] Completed barrier synchronization
[16:28:12.843] [INFO] PE 0: Waiting for PE 1 to complete validation
[16:28:12.843] ------ BEGIN TEST ROUTINE: shmem_int8_get_nbi()
[16:28:12.843] [INFO] Allocated static arrays: src at 0xaaaab8f20860, dest at 0xaaaab8f20870
[16:28:12.843] [INFO] Running on PE 0 of 2 total PEs
[16:28:12.843] [INFO] PE 0: Initialized src array with values [0..9]
[16:28:12.843] [INFO] Completed barrier synchronization
[16:28:12.844] [INFO] Completed barrier synchronization
[16:28:12.844] [INFO] PE 0: Waiting for PE 1 to complete validation
[16:28:12.844] ------ BEGIN TEST ROUTINE: shmem_int16_get_nbi()
[16:28:12.844] [INFO] Allocated static arrays: src at 0xaaaab8f20880, dest at 0xaaaab8f20898
[16:28:12.844] [INFO] Running on PE 0 of 2 total PEs
[16:28:12.844] [INFO] PE 0: Initialized src array with values [0..9]
[16:28:12.844] [INFO] Completed barrier synchronization
[16:28:12.844] [INFO] Completed barrier synchronization
[16:28:12.844] [INFO] PE 0: Waiting for PE 1 to complete validation
[16:28:12.844] ------ BEGIN TEST ROUTINE: shmem_int32_get_nbi()
[16:28:12.844] [INFO] Allocated static arrays: src at 0xaaaab8f208b0, dest at 0xaaaab8f208d8
[16:28:12.844] [INFO] Running on PE 0 of 2 total PEs
[16:28:12.844] [INFO] PE 0: Initialized src array with values [0..9]
[16:28:12.844] [INFO] Completed barrier synchronization
[16:28:12.844] [INFO] Completed barrier synchronization
[16:28:12.844] [INFO] PE 0: Waiting for PE 1 to complete validation
[16:28:12.844] ------ BEGIN TEST ROUTINE: shmem_int64_get_nbi()
[16:28:12.844] [INFO] Allocated static arrays: src at 0xaaaab8f20900, dest at 0xaaaab8f20950
[16:28:12.844] [INFO] Running on PE 0 of 2 total PEs
[16:28:12.844] [INFO] PE 0: Initialized src array with values [0..9]
[16:28:12.844] [INFO] Completed barrier synchronization
[16:28:12.845] [INFO] Completed barrier synchronization
[16:28:12.845] [INFO] PE 0: Waiting for PE 1 to complete validation
[16:28:12.845] ------ BEGIN TEST ROUTINE: shmem_uint8_get_nbi()
[16:28:12.845] [INFO] Allocated static arrays: src at 0xaaaab8f209a0, dest at 0xaaaab8f209b0
[16:28:12.845] [INFO] Running on PE 0 of 2 total PEs
[16:28:12.845] [INFO] PE 0: Initialized src array with values [0..9]
[16:28:12.845] [INFO] Completed barrier synchronization
[16:28:12.845] [INFO] Completed barrier synchronization
[16:28:12.845] [INFO] PE 0: Waiting for PE 1 to complete validation
[16:28:12.845] ------ BEGIN TEST ROUTINE: shmem_uint16_get_nbi()
[16:28:12.845] [INFO] Allocated static arrays: src at 0xaaaab8f209c0, dest at 0xaaaab8f209d8
[16:28:12.845] [INFO] Running on PE 0 of 2 total PEs
[16:28:12.845] [INFO] PE 0: Initialized src array with values [0..9]
[16:28:12.845] [INFO] Completed barrier synchronization
[16:28:12.845] [INFO] Completed barrier synchronization
[16:28:12.845] [INFO] PE 0: Waiting for PE 1 to complete validation
[16:28:12.845] ------ BEGIN TEST ROUTINE: shmem_uint32_get_nbi()
[16:28:12.845] [INFO] Allocated static arrays: src at 0xaaaab8f209f0, dest at 0xaaaab8f20a18
[16:28:12.845] [INFO] Running on PE 0 of 2 total PEs
[16:28:12.845] [INFO] PE 0: Initialized src array with values [0..9]
[16:28:12.845] [INFO] Completed barrier synchronization
[16:28:12.845] [INFO] Completed barrier synchronization
[16:28:12.845] [INFO] PE 0: Waiting for PE 1 to complete validation
[16:28:12.845] ------ BEGIN TEST ROUTINE: shmem_uint64_get_nbi()
[16:28:12.845] [INFO] Allocated static arrays: src at 0xaaaab8f20a40, dest at 0xaaaab8f20a90
[16:28:12.845] [INFO] Running on PE 0 of 2 total PEs
[16:28:12.845] [INFO] PE 0: Initialized src array with values [0..9]
[16:28:12.845] [INFO] Completed barrier synchronization
[16:28:12.845] [INFO] Completed barrier synchronization
[16:28:12.845] [INFO] PE 0: Waiting for PE 1 to complete validation
[16:28:12.845] ------ BEGIN TEST ROUTINE: shmem_size_get_nbi()
[16:28:12.845] [INFO] Allocated static arrays: src at 0xaaaab8f20ae0, dest at 0xaaaab8f20b30
[16:28:12.845] [INFO] Running on PE 0 of 2 total PEs
[16:28:12.845] [INFO] PE 0: Initialized src array with values [0..9]
[16:28:12.846] [INFO] Completed barrier synchronization
[16:28:12.846] [INFO] Completed barrier synchronization
[16:28:12.846] [INFO] PE 0: Waiting for PE 1 to complete validation
[16:28:12.846] ------ BEGIN TEST ROUTINE: shmem_ptrdiff_get_nbi()
[16:28:12.846] [INFO] Allocated static arrays: src at 0xaaaab8f20b80, dest at 0xaaaab8f20bd0
[16:28:12.846] [INFO] Running on PE 0 of 2 total PEs
[16:28:12.846] [INFO] PE 0: Initialized src array with values [0..9]
[16:28:12.846] [INFO] Completed barrier synchronization
[16:28:12.846] [INFO] Completed barrier synchronization
[16:28:12.846] [INFO] PE 0: Waiting for PE 1 to complete validation
---------- END TEST: PASSED
