---------- BEGIN TEST: /root/lanl/vv/shmemvv_logs/src/unit/c/rma/c_shmem_put_nbi.c
[16:28:12.907] ------ BEGIN TEST ROUTINE: shmem_long_put_nbi()
[16:28:12.907] [INFO] Allocated static arrays: src at 0xaaaab62b0200, dest at 0xaaaab62b0250
[16:28:12.907] [INFO] Running on PE 1 of 2 total PEs
[16:28:12.907] [INFO] PE 1: Initialized src[0] = 1
[16:28:12.907] [INFO] PE 1: Initialized src[1] = 2
[16:28:12.907] [INFO] PE 1: Initialized src[2] = 3
[16:28:12.907] [INFO] PE 1: Initialized src[3] = 4
[16:28:12.907] [INFO] PE 1: Initialized src[4] = 5
[16:28:12.907] [INFO] PE 1: Initialized src[5] = 6
[16:28:12.907] [INFO] PE 1: Initialized src[6] = 7
[16:28:12.907] [INFO] PE 1: Initialized src[7] = 8
[16:28:12.907] [INFO] PE 1: Initialized src[8] = 9
[16:28:12.907] [INFO] PE 1: Initialized src[9] = 10
[16:28:12.907] [INFO] Completed barrier synchronization
[16:28:12.907] [INFO] Completed barrier synchronization
[16:28:12.907] [INFO] PE 1: Beginning validation of received data
[16:28:12.907] [INFO] PE 1: dest[0] = 0 (valid)
[16:28:12.907] [INFO] PE 1: dest[1] = 1 (valid)
[16:28:12.907] [INFO] PE 1: dest[2] = 2 (valid)
[16:28:12.907] [INFO] PE 1: dest[3] = 3 (valid)
[16:28:12.907] [INFO] PE 1: dest[4] = 4 (valid)
[16:28:12.907] [INFO] PE 1: dest[5] = 5 (valid)
[16:28:12.907] [INFO] PE 1: dest[6] = 6 (valid)
[16:28:12.907] [INFO] PE 1: dest[7] = 7 (valid)
[16:28:12.907] [INFO] PE 1: dest[8] = 8 (valid)
[16:28:12.907] [INFO] PE 1: dest[9] = 9 (valid)
[16:28:12.907] [INFO] PE 1: All elements validated successfully
[16:28:12.907] ------ BEGIN TEST ROUTINE: shmem_double_put_nbi()
[16:28:12.907] [INFO] Allocated static arrays: src at 0xaaaab62b02a0, dest at 0xaaaab62b02f0
[16:28:12.907] [INFO] Running on PE 1 of 2 total PEs
[16:28:12.907] [INFO] PE 1: Initialized src[0] = 1
[16:28:12.907] [INFO] PE 1: Initialized src[1] = 2
[16:28:12.907] [INFO] PE 1: Initialized src[2] = 3
[16:28:12.907] [INFO] PE 1: Initialized src[3] = 4
[16:28:12.907] [INFO] PE 1: Initialized src[4] = 5
[16:28:12.907] [INFO] PE 1: Initialized src[5] = 6
[16:28:12.907] [INFO] PE 1: Initialized src[6] = 7
[16:28:12.907] [INFO] PE 1: Initialized src[7] = 8
[16:28:12.907] [INFO] PE 1: Initialized src[8] = 9
[16:28:12.907] [INFO] PE 1: Initialized src[9] = 10
[16:28:12.907] [INFO] Completed barrier synchronization
[16:28:12.908] [INFO] Completed barrier synchronization
[16:28:12.908] [INFO] PE 1: Beginning validation of received data
[16:28:12.908] [INFO] PE 1: dest[0] = 0 (valid)
[16:28:12.908] [INFO] PE 1: dest[1] = 1 (valid)
[16:28:12.908] [INFO] PE 1: dest[2] = 2 (valid)
[16:28:12.908] [INFO] PE 1: dest[3] = 3 (valid)
[16:28:12.908] [INFO] PE 1: dest[4] = 4 (valid)
[16:28:12.908] [INFO] PE 1: dest[5] = 5 (valid)
[16:28:12.908] [INFO] PE 1: dest[6] = 6 (valid)
[16:28:12.908] [INFO] PE 1: dest[7] = 7 (valid)
[16:28:12.908] [INFO] PE 1: dest[8] = 8 (valid)
[16:28:12.908] [INFO] PE 1: dest[9] = 9 (valid)
[16:28:12.908] [INFO] PE 1: All elements validated successfully
[16:28:12.908] ------ BEGIN TEST ROUTINE: shmem_longdouble_put_nbi()
[16:28:12.908] [INFO] Allocated static arrays: src at 0xaaaab62b0340, dest at 0xaaaab62b03e0
[16:28:12.908] [INFO] Running on PE 1 of 2 total PEs
[16:28:12.908] [INFO] PE 1: Initialized src[0] = 1
[16:28:12.908] [INFO] PE 1: Initialized src[1] = 2
[16:28:12.908] [INFO] PE 1: Initialized src[2] = 3
[16:28:12.908] [INFO] PE 1: Initialized src[3] = 4
[16:28:12.908] [INFO] PE 1: Initialized src[4] = 5
[16:28:12.908] [INFO] PE 1: Initialized src[5] = 6
[16:28:12.908] [INFO] PE 1: Initialized src[6] = 7
[16:28:12.908] [INFO] PE 1: Initialized src[7] = 8
[16:28:12.908] [INFO] PE 1: Initialized src[8] = 9
[16:28:12.908] [INFO] PE 1: Initialized src[9] = 10
[16:28:12.908] [INFO] Completed barrier synchronization
[16:28:12.908] [INFO] Completed barrier synchronization
[16:28:12.908] [INFO] PE 1: Beginning validation of received data
[16:28:12.908] [INFO] PE 1: dest[0] = 0 (valid)
[16:28:12.908] [INFO] PE 1: dest[1] = 1 (valid)
[16:28:12.908] [INFO] PE 1: dest[2] = 2 (valid)
[16:28:12.908] [INFO] PE 1: dest[3] = 3 (valid)
[16:28:12.908] [INFO] PE 1: dest[4] = 4 (valid)
[16:28:12.908] [INFO] PE 1: dest[5] = 5 (valid)
[16:28:12.908] [INFO] PE 1: dest[6] = 6 (valid)
[16:28:12.908] [INFO] PE 1: dest[7] = 7 (valid)
[16:28:12.908] [INFO] PE 1: dest[8] = 8 (valid)
[16:28:12.908] [INFO] PE 1: dest[9] = 9 (valid)
[16:28:12.908] [INFO] PE 1: All elements validated successfully
[16:28:12.908] ------ BEGIN TEST ROUTINE: shmem_char_put_nbi()
[16:28:12.908] [INFO] Allocated static arrays: src at 0xaaaab62b0480, dest at 0xaaaab62b0490
[16:28:12.908] [INFO] Running on PE 1 of 2 total PEs
[16:28:12.908] [INFO] PE 1: Initialized src[0] = 1
[16:28:12.908] [INFO] PE 1: Initialized src[1] = 2
[16:28:12.908] [INFO] PE 1: Initialized src[2] = 3
[16:28:12.908] [INFO] PE 1: Initialized src[3] = 4
[16:28:12.908] [INFO] PE 1: Initialized src[4] = 5
[16:28:12.908] [INFO] PE 1: Initialized src[5] = 6
[16:28:12.908] [INFO] PE 1: Initialized src[6] = 7
[16:28:12.908] [INFO] PE 1: Initialized src[7] = 8
[16:28:12.908] [INFO] PE 1: Initialized src[8] = 9
[16:28:12.908] [INFO] PE 1: Initialized src[9] = 10
[16:28:12.908] [INFO] Completed barrier synchronization
[16:28:12.908] [INFO] Completed barrier synchronization
[16:28:12.908] [INFO] PE 1: Beginning validation of received data
[16:28:12.908] [INFO] PE 1: dest[0] = 0 (valid)
[16:28:12.908] [INFO] PE 1: dest[1] = 1 (valid)
[16:28:12.908] [INFO] PE 1: dest[2] = 2 (valid)
[16:28:12.908] [INFO] PE 1: dest[3] = 3 (valid)
[16:28:12.908] [INFO] PE 1: dest[4] = 4 (valid)
[16:28:12.908] [INFO] PE 1: dest[5] = 5 (valid)
[16:28:12.908] [INFO] PE 1: dest[6] = 6 (valid)
[16:28:12.908] [INFO] PE 1: dest[7] = 7 (valid)
[16:28:12.908] [INFO] PE 1: dest[8] = 8 (valid)
[16:28:12.908] [INFO] PE 1: dest[9] = 9 (valid)
[16:28:12.908] [INFO] PE 1: All elements validated successfully
[16:28:12.908] ------ BEGIN TEST ROUTINE: shmem_schar_put_nbi()
[16:28:12.908] [INFO] Allocated static arrays: src at 0xaaaab62b04a0, dest at 0xaaaab62b04b0
[16:28:12.908] [INFO] Running on PE 1 of 2 total PEs
[16:28:12.908] [INFO] PE 1: Initialized src[0] = 1
[16:28:12.908] [INFO] PE 1: Initialized src[1] = 2
[16:28:12.908] [INFO] PE 1: Initialized src[2] = 3
[16:28:12.908] [INFO] PE 1: Initialized src[3] = 4
[16:28:12.908] [INFO] PE 1: Initialized src[4] = 5
[16:28:12.908] [INFO] PE 1: Initialized src[5] = 6
[16:28:12.908] [INFO] PE 1: Initialized src[6] = 7
[16:28:12.908] [INFO] PE 1: Initialized src[7] = 8
[16:28:12.908] [INFO] PE 1: Initialized src[8] = 9
[16:28:12.908] [INFO] PE 1: Initialized src[9] = 10
[16:28:12.908] [INFO] Completed barrier synchronization
[16:28:12.908] [INFO] Completed barrier synchronization
[16:28:12.908] [INFO] PE 1: Beginning validation of received data
[16:28:12.908] [INFO] PE 1: dest[0] = 0 (valid)
[16:28:12.908] [INFO] PE 1: dest[1] = 1 (valid)
[16:28:12.908] [INFO] PE 1: dest[2] = 2 (valid)
[16:28:12.908] [INFO] PE 1: dest[3] = 3 (valid)
[16:28:12.908] [INFO] PE 1: dest[4] = 4 (valid)
[16:28:12.908] [INFO] PE 1: dest[5] = 5 (valid)
[16:28:12.908] [INFO] PE 1: dest[6] = 6 (valid)
[16:28:12.908] [INFO] PE 1: dest[7] = 7 (valid)
[16:28:12.908] [INFO] PE 1: dest[8] = 8 (valid)
[16:28:12.908] [INFO] PE 1: dest[9] = 9 (valid)
[16:28:12.908] [INFO] PE 1: All elements validated successfully
[16:28:12.908] ------ BEGIN TEST ROUTINE: shmem_short_put_nbi()
[16:28:12.908] [INFO] Allocated static arrays: src at 0xaaaab62b04c0, dest at 0xaaaab62b04d8
[16:28:12.908] [INFO] Running on PE 1 of 2 total PEs
[16:28:12.908] [INFO] PE 1: Initialized src[0] = 1
[16:28:12.908] [INFO] PE 1: Initialized src[1] = 2
[16:28:12.908] [INFO] PE 1: Initialized src[2] = 3
[16:28:12.908] [INFO] PE 1: Initialized src[3] = 4
[16:28:12.908] [INFO] PE 1: Initialized src[4] = 5
[16:28:12.908] [INFO] PE 1: Initialized src[5] = 6
[16:28:12.908] [INFO] PE 1: Initialized src[6] = 7
[16:28:12.908] [INFO] PE 1: Initialized src[7] = 8
[16:28:12.908] [INFO] PE 1: Initialized src[8] = 9
[16:28:12.908] [INFO] PE 1: Initialized src[9] = 10
[16:28:12.908] [INFO] Completed barrier synchronization
[16:28:12.908] [INFO] Completed barrier synchronization
[16:28:12.908] [INFO] PE 1: Beginning validation of received data
[16:28:12.908] [INFO] PE 1: dest[0] = 0 (valid)
[16:28:12.908] [INFO] PE 1: dest[1] = 1 (valid)
[16:28:12.908] [INFO] PE 1: dest[2] = 2 (valid)
[16:28:12.908] [INFO] PE 1: dest[3] = 3 (valid)
[16:28:12.908] [INFO] PE 1: dest[4] = 4 (valid)
[16:28:12.908] [INFO] PE 1: dest[5] = 5 (valid)
[16:28:12.908] [INFO] PE 1: dest[6] = 6 (valid)
[16:28:12.908] [INFO] PE 1: dest[7] = 7 (valid)
[16:28:12.908] [INFO] PE 1: dest[8] = 8 (valid)
[16:28:12.908] [INFO] PE 1: dest[9] = 9 (valid)
[16:28:12.908] [INFO] PE 1: All elements validated successfully
[16:28:12.908] ------ BEGIN TEST ROUTINE: shmem_int_put_nbi()
[16:28:12.908] [INFO] Allocated static arrays: src at 0xaaaab62b04f0, dest at 0xaaaab62b0518
[16:28:12.908] [INFO] Running on PE 1 of 2 total PEs
[16:28:12.908] [INFO] PE 1: Initialized src[0] = 1
[16:28:12.908] [INFO] PE 1: Initialized src[1] = 2
[16:28:12.908] [INFO] PE 1: Initialized src[2] = 3
[16:28:12.908] [INFO] PE 1: Initialized src[3] = 4
[16:28:12.908] [INFO] PE 1: Initialized src[4] = 5
[16:28:12.908] [INFO] PE 1: Initialized src[5] = 6
[16:28:12.908] [INFO] PE 1: Initialized src[6] = 7
[16:28:12.908] [INFO] PE 1: Initialized src[7] = 8
[16:28:12.908] [INFO] PE 1: Initialized src[8] = 9
[16:28:12.908] [INFO] PE 1: Initialized src[9] = 10
[16:28:12.909] [INFO] Completed barrier synchronization
[16:28:12.909] [INFO] Completed barrier synchronization
[16:28:12.909] [INFO] PE 1: Beginning validation of received data
[16:28:12.909] [INFO] PE 1: dest[0] = 0 (valid)
[16:28:12.909] [INFO] PE 1: dest[1] = 1 (valid)
[16:28:12.909] [INFO] PE 1: dest[2] = 2 (valid)
[16:28:12.909] [INFO] PE 1: dest[3] = 3 (valid)
[16:28:12.909] [INFO] PE 1: dest[4] = 4 (valid)
[16:28:12.909] [INFO] PE 1: dest[5] = 5 (valid)
[16:28:12.909] [INFO] PE 1: dest[6] = 6 (valid)
[16:28:12.909] [INFO] PE 1: dest[7] = 7 (valid)
[16:28:12.909] [INFO] PE 1: dest[8] = 8 (valid)
[16:28:12.909] [INFO] PE 1: dest[9] = 9 (valid)
[16:28:12.909] [INFO] PE 1: All elements validated successfully
[16:28:12.909] ------ BEGIN TEST ROUTINE: shmem_long_put_nbi()
[16:28:12.909] [INFO] Allocated static arrays: src at 0xaaaab62b0540, dest at 0xaaaab62b0590
[16:28:12.909] [INFO] Running on PE 1 of 2 total PEs
[16:28:12.909] [INFO] PE 1: Initialized src[0] = 1
[16:28:12.909] [INFO] PE 1: Initialized src[1] = 2
[16:28:12.909] [INFO] PE 1: Initialized src[2] = 3
[16:28:12.909] [INFO] PE 1: Initialized src[3] = 4
[16:28:12.909] [INFO] PE 1: Initialized src[4] = 5
[16:28:12.909] [INFO] PE 1: Initialized src[5] = 6
[16:28:12.909] [INFO] PE 1: Initialized src[6] = 7
[16:28:12.909] [INFO] PE 1: Initialized src[7] = 8
[16:28:12.909] [INFO] PE 1: Initialized src[8] = 9
[16:28:12.909] [INFO] PE 1: Initialized src[9] = 10
[16:28:12.909] [INFO] Completed barrier synchronization
[16:28:12.909] [INFO] Completed barrier synchronization
[16:28:12.909] [INFO] PE 1: Beginning validation of received data
[16:28:12.909] [INFO] PE 1: dest[0] = 0 (valid)
[16:28:12.909] [INFO] PE 1: dest[1] = 1 (valid)
[16:28:12.909] [INFO] PE 1: dest[2] = 2 (valid)
[16:28:12.909] [INFO] PE 1: dest[3] = 3 (valid)
[16:28:12.909] [INFO] PE 1: dest[4] = 4 (valid)
[16:28:12.909] [INFO] PE 1: dest[5] = 5 (valid)
[16:28:12.909] [INFO] PE 1: dest[6] = 6 (valid)
[16:28:12.909] [INFO] PE 1: dest[7] = 7 (valid)
[16:28:12.909] [INFO] PE 1: dest[8] = 8 (valid)
[16:28:12.909] [INFO] PE 1: dest[9] = 9 (valid)
[16:28:12.909] [INFO] PE 1: All elements validated successfully
[16:28:12.909] ------ BEGIN TEST ROUTINE: shmem_longlong_put_nbi()
[16:28:12.909] [INFO] Allocated static arrays: src at 0xaaaab62b05e0, dest at 0xaaaab62b0630
[16:28:12.909] [INFO] Running on PE 1 of 2 total PEs
[16:28:12.909] [INFO] PE 1: Initialized src[0] = 1
[16:28:12.909] [INFO] PE 1: Initialized src[1] = 2
[16:28:12.909] [INFO] PE 1: Initialized src[2] = 3
[16:28:12.909] [INFO] PE 1: Initialized src[3] = 4
[16:28:12.909] [INFO] PE 1: Initialized src[4] = 5
[16:28:12.909] [INFO] PE 1: Initialized src[5] = 6
[16:28:12.909] [INFO] PE 1: Initialized src[6] = 7
[16:28:12.909] [INFO] PE 1: Initialized src[7] = 8
[16:28:12.909] [INFO] PE 1: Initialized src[8] = 9
[16:28:12.909] [INFO] PE 1: Initialized src[9] = 10
[16:28:12.909] [INFO] Completed barrier synchronization
[16:28:12.909] [INFO] Completed barrier synchronization
[16:28:12.909] [INFO] PE 1: Beginning validation of received data
[16:28:12.909] [INFO] PE 1: dest[0] = 0 (valid)
[16:28:12.909] [INFO] PE 1: dest[1] = 1 (valid)
[16:28:12.909] [INFO] PE 1: dest[2] = 2 (valid)
[16:28:12.909] [INFO] PE 1: dest[3] = 3 (valid)
[16:28:12.909] [INFO] PE 1: dest[4] = 4 (valid)
[16:28:12.909] [INFO] PE 1: dest[5] = 5 (valid)
[16:28:12.909] [INFO] PE 1: dest[6] = 6 (valid)
[16:28:12.909] [INFO] PE 1: dest[7] = 7 (valid)
[16:28:12.909] [INFO] PE 1: dest[8] = 8 (valid)
[16:28:12.909] [INFO] PE 1: dest[9] = 9 (valid)
[16:28:12.909] [INFO] PE 1: All elements validated successfully
[16:28:12.909] ------ BEGIN TEST ROUTINE: shmem_uchar_put_nbi()
[16:28:12.909] [INFO] Allocated static arrays: src at 0xaaaab62b0680, dest at 0xaaaab62b0690
[16:28:12.909] [INFO] Running on PE 1 of 2 total PEs
[16:28:12.909] [INFO] PE 1: Initialized src[0] = 1
[16:28:12.909] [INFO] PE 1: Initialized src[1] = 2
[16:28:12.909] [INFO] PE 1: Initialized src[2] = 3
[16:28:12.909] [INFO] PE 1: Initialized src[3] = 4
[16:28:12.909] [INFO] PE 1: Initialized src[4] = 5
[16:28:12.909] [INFO] PE 1: Initialized src[5] = 6
[16:28:12.909] [INFO] PE 1: Initialized src[6] = 7
[16:28:12.909] [INFO] PE 1: Initialized src[7] = 8
[16:28:12.909] [INFO] PE 1: Initialized src[8] = 9
[16:28:12.909] [INFO] PE 1: Initialized src[9] = 10
[16:28:12.909] [INFO] Completed barrier synchronization
[16:28:12.909] [INFO] Completed barrier synchronization
[16:28:12.909] [INFO] PE 1: Beginning validation of received data
[16:28:12.909] [INFO] PE 1: dest[0] = 0 (valid)
[16:28:12.909] [INFO] PE 1: dest[1] = 1 (valid)
[16:28:12.909] [INFO] PE 1: dest[2] = 2 (valid)
[16:28:12.909] [INFO] PE 1: dest[3] = 3 (valid)
[16:28:12.909] [INFO] PE 1: dest[4] = 4 (valid)
[16:28:12.909] [INFO] PE 1: dest[5] = 5 (valid)
[16:28:12.909] [INFO] PE 1: dest[6] = 6 (valid)
[16:28:12.909] [INFO] PE 1: dest[7] = 7 (valid)
[16:28:12.909] [INFO] PE 1: dest[8] = 8 (valid)
[16:28:12.909] [INFO] PE 1: dest[9] = 9 (valid)
[16:28:12.909] [INFO] PE 1: All elements validated successfully
[16:28:12.909] ------ BEGIN TEST ROUTINE: shmem_ushort_put_nbi()
[16:28:12.909] [INFO] Allocated static arrays: src at 0xaaaab62b06a0, dest at 0xaaaab62b06b8
[16:28:12.909] [INFO] Running on PE 1 of 2 total PEs
[16:28:12.909] [INFO] PE 1: Initialized src[0] = 1
[16:28:12.909] [INFO] PE 1: Initialized src[1] = 2
[16:28:12.909] [INFO] PE 1: Initialized src[2] = 3
[16:28:12.909] [INFO] PE 1: Initialized src[3] = 4
[16:28:12.909] [INFO] PE 1: Initialized src[4] = 5
[16:28:12.909] [INFO] PE 1: Initialized src[5] = 6
[16:28:12.909] [INFO] PE 1: Initialized src[6] = 7
[16:28:12.909] [INFO] PE 1: Initialized src[7] = 8
[16:28:12.909] [INFO] PE 1: Initialized src[8] = 9
[16:28:12.909] [INFO] PE 1: Initialized src[9] = 10
[16:28:12.909] [INFO] Completed barrier synchronization
[16:28:12.910] [INFO] Completed barrier synchronization
[16:28:12.910] [INFO] PE 1: Beginning validation of received data
[16:28:12.910] [INFO] PE 1: dest[0] = 0 (valid)
[16:28:12.910] [INFO] PE 1: dest[1] = 1 (valid)
[16:28:12.910] [INFO] PE 1: dest[2] = 2 (valid)
[16:28:12.910] [INFO] PE 1: dest[3] = 3 (valid)
[16:28:12.910] [INFO] PE 1: dest[4] = 4 (valid)
[16:28:12.910] [INFO] PE 1: dest[5] = 5 (valid)
[16:28:12.910] [INFO] PE 1: dest[6] = 6 (valid)
[16:28:12.910] [INFO] PE 1: dest[7] = 7 (valid)
[16:28:12.910] [INFO] PE 1: dest[8] = 8 (valid)
[16:28:12.910] [INFO] PE 1: dest[9] = 9 (valid)
[16:28:12.910] [INFO] PE 1: All elements validated successfully
[16:28:12.910] ------ BEGIN TEST ROUTINE: shmem_uint_put_nbi()
[16:28:12.910] [INFO] Allocated static arrays: src at 0xaaaab62b06d0, dest at 0xaaaab62b06f8
[16:28:12.910] [INFO] Running on PE 1 of 2 total PEs
[16:28:12.910] [INFO] PE 1: Initialized src[0] = 1
[16:28:12.910] [INFO] PE 1: Initialized src[1] = 2
[16:28:12.910] [INFO] PE 1: Initialized src[2] = 3
[16:28:12.910] [INFO] PE 1: Initialized src[3] = 4
[16:28:12.910] [INFO] PE 1: Initialized src[4] = 5
[16:28:12.910] [INFO] PE 1: Initialized src[5] = 6
[16:28:12.910] [INFO] PE 1: Initialized src[6] = 7
[16:28:12.910] [INFO] PE 1: Initialized src[7] = 8
[16:28:12.910] [INFO] PE 1: Initialized src[8] = 9
[16:28:12.910] [INFO] PE 1: Initialized src[9] = 10
[16:28:12.910] [INFO] Completed barrier synchronization
[16:28:12.910] [INFO] Completed barrier synchronization
[16:28:12.910] [INFO] PE 1: Beginning validation of received data
[16:28:12.910] [INFO] PE 1: dest[0] = 0 (valid)
[16:28:12.910] [INFO] PE 1: dest[1] = 1 (valid)
[16:28:12.910] [INFO] PE 1: dest[2] = 2 (valid)
[16:28:12.910] [INFO] PE 1: dest[3] = 3 (valid)
[16:28:12.910] [INFO] PE 1: dest[4] = 4 (valid)
[16:28:12.910] [INFO] PE 1: dest[5] = 5 (valid)
[16:28:12.910] [INFO] PE 1: dest[6] = 6 (valid)
[16:28:12.910] [INFO] PE 1: dest[7] = 7 (valid)
[16:28:12.910] [INFO] PE 1: dest[8] = 8 (valid)
[16:28:12.910] [INFO] PE 1: dest[9] = 9 (valid)
[16:28:12.910] [INFO] PE 1: All elements validated successfully
[16:28:12.910] ------ BEGIN TEST ROUTINE: shmem_ulong_put_nbi()
[16:28:12.910] [INFO] Allocated static arrays: src at 0xaaaab62b0720, dest at 0xaaaab62b0770
[16:28:12.910] [INFO] Running on PE 1 of 2 total PEs
[16:28:12.910] [INFO] PE 1: Initialized src[0] = 1
[16:28:12.910] [INFO] PE 1: Initialized src[1] = 2
[16:28:12.910] [INFO] PE 1: Initialized src[2] = 3
[16:28:12.910] [INFO] PE 1: Initialized src[3] = 4
[16:28:12.910] [INFO] PE 1: Initialized src[4] = 5
[16:28:12.910] [INFO] PE 1: Initialized src[5] = 6
[16:28:12.910] [INFO] PE 1: Initialized src[6] = 7
[16:28:12.910] [INFO] PE 1: Initialized src[7] = 8
[16:28:12.910] [INFO] PE 1: Initialized src[8] = 9
[16:28:12.910] [INFO] PE 1: Initialized src[9] = 10
[16:28:12.910] [INFO] Completed barrier synchronization
[16:28:12.910] [INFO] Completed barrier synchronization
[16:28:12.910] [INFO] PE 1: Beginning validation of received data
[16:28:12.910] [INFO] PE 1: dest[0] = 0 (valid)
[16:28:12.910] [INFO] PE 1: dest[1] = 1 (valid)
[16:28:12.910] [INFO] PE 1: dest[2] = 2 (valid)
[16:28:12.910] [INFO] PE 1: dest[3] = 3 (valid)
[16:28:12.910] [INFO] PE 1: dest[4] = 4 (valid)
[16:28:12.910] [INFO] PE 1: dest[5] = 5 (valid)
[16:28:12.910] [INFO] PE 1: dest[6] = 6 (valid)
[16:28:12.910] [INFO] PE 1: dest[7] = 7 (valid)
[16:28:12.910] [INFO] PE 1: dest[8] = 8 (valid)
[16:28:12.910] [INFO] PE 1: dest[9] = 9 (valid)
[16:28:12.910] [INFO] PE 1: All elements validated successfully
[16:28:12.910] ------ BEGIN TEST ROUTINE: shmem_ulonglong_put_nbi()
[16:28:12.910] [INFO] Allocated static arrays: src at 0xaaaab62b07c0, dest at 0xaaaab62b0810
[16:28:12.910] [INFO] Running on PE 1 of 2 total PEs
[16:28:12.910] [INFO] PE 1: Initialized src[0] = 1
[16:28:12.910] [INFO] PE 1: Initialized src[1] = 2
[16:28:12.910] [INFO] PE 1: Initialized src[2] = 3
[16:28:12.910] [INFO] PE 1: Initialized src[3] = 4
[16:28:12.910] [INFO] PE 1: Initialized src[4] = 5
[16:28:12.910] [INFO] PE 1: Initialized src[5] = 6
[16:28:12.910] [INFO] PE 1: Initialized src[6] = 7
[16:28:12.910] [INFO] PE 1: Initialized src[7] = 8
[16:28:12.910] [INFO] PE 1: Initialized src[8] = 9
[16:28:12.910] [INFO] PE 1: Initialized src[9] = 10
[16:28:12.910] [INFO] Completed barrier synchronization
[16:28:12.910] [INFO] Completed barrier synchronization
[16:28:12.910] [INFO] PE 1: Beginning validation of received data
[16:28:12.910] [INFO] PE 1: dest[0] = 0 (valid)
[16:28:12.910] [INFO] PE 1: dest[1] = 1 (valid)
[16:28:12.910] [INFO] PE 1: dest[2] = 2 (valid)
[16:28:12.910] [INFO] PE 1: dest[3] = 3 (valid)
[16:28:12.910] [INFO] PE 1: dest[4] = 4 (valid)
[16:28:12.910] [INFO] PE 1: dest[5] = 5 (valid)
[16:28:12.910] [INFO] PE 1: dest[6] = 6 (valid)
[16:28:12.910] [INFO] PE 1: dest[7] = 7 (valid)
[16:28:12.910] [INFO] PE 1: dest[8] = 8 (valid)
[16:28:12.910] [INFO] PE 1: dest[9] = 9 (valid)
[16:28:12.910] [INFO] PE 1: All elements validated successfully
[16:28:12.910] ------ BEGIN TEST ROUTINE: shmem_int8_put_nbi()
[16:28:12.910] [INFO] Allocated static arrays: src at 0xaaaab62b0860, dest at 0xaaaab62b0870
[16:28:12.910] [INFO] Running on PE 1 of 2 total PEs
[16:28:12.910] [INFO] PE 1: Initialized src[0] = 1
[16:28:12.910] [INFO] PE 1: Initialized src[1] = 2
[16:28:12.910] [INFO] PE 1: Initialized src[2] = 3
[16:28:12.910] [INFO] PE 1: Initialized src[3] = 4
[16:28:12.910] [INFO] PE 1: Initialized src[4] = 5
[16:28:12.910] [INFO] PE 1: Initialized src[5] = 6
[16:28:12.910] [INFO] PE 1: Initialized src[6] = 7
[16:28:12.910] [INFO] PE 1: Initialized src[7] = 8
[16:28:12.910] [INFO] PE 1: Initialized src[8] = 9
[16:28:12.910] [INFO] PE 1: Initialized src[9] = 10
[16:28:12.910] [INFO] Completed barrier synchronization
[16:28:12.910] [INFO] Completed barrier synchronization
[16:28:12.910] [INFO] PE 1: Beginning validation of received data
[16:28:12.910] [INFO] PE 1: dest[0] = 0 (valid)
[16:28:12.910] [INFO] PE 1: dest[1] = 1 (valid)
[16:28:12.910] [INFO] PE 1: dest[2] = 2 (valid)
[16:28:12.910] [INFO] PE 1: dest[3] = 3 (valid)
[16:28:12.910] [INFO] PE 1: dest[4] = 4 (valid)
[16:28:12.910] [INFO] PE 1: dest[5] = 5 (valid)
[16:28:12.910] [INFO] PE 1: dest[6] = 6 (valid)
[16:28:12.910] [INFO] PE 1: dest[7] = 7 (valid)
[16:28:12.910] [INFO] PE 1: dest[8] = 8 (valid)
[16:28:12.910] [INFO] PE 1: dest[9] = 9 (valid)
[16:28:12.910] [INFO] PE 1: All elements validated successfully
[16:28:12.910] ------ BEGIN TEST ROUTINE: shmem_int16_put_nbi()
[16:28:12.910] [INFO] Allocated static arrays: src at 0xaaaab62b0880, dest at 0xaaaab62b0898
[16:28:12.910] [INFO] Running on PE 1 of 2 total PEs
[16:28:12.910] [INFO] PE 1: Initialized src[0] = 1
[16:28:12.910] [INFO] PE 1: Initialized src[1] = 2
[16:28:12.910] [INFO] PE 1: Initialized src[2] = 3
[16:28:12.910] [INFO] PE 1: Initialized src[3] = 4
[16:28:12.910] [INFO] PE 1: Initialized src[4] = 5
[16:28:12.910] [INFO] PE 1: Initialized src[5] = 6
[16:28:12.910] [INFO] PE 1: Initialized src[6] = 7
[16:28:12.910] [INFO] PE 1: Initialized src[7] = 8
[16:28:12.910] [INFO] PE 1: Initialized src[8] = 9
[16:28:12.910] [INFO] PE 1: Initialized src[9] = 10
[16:28:12.911] [INFO] Completed barrier synchronization
[16:28:12.911] [INFO] Completed barrier synchronization
[16:28:12.911] [INFO] PE 1: Beginning validation of received data
[16:28:12.911] [INFO] PE 1: dest[0] = 0 (valid)
[16:28:12.911] [INFO] PE 1: dest[1] = 1 (valid)
[16:28:12.911] [INFO] PE 1: dest[2] = 2 (valid)
[16:28:12.911] [INFO] PE 1: dest[3] = 3 (valid)
[16:28:12.911] [INFO] PE 1: dest[4] = 4 (valid)
[16:28:12.911] [INFO] PE 1: dest[5] = 5 (valid)
[16:28:12.911] [INFO] PE 1: dest[6] = 6 (valid)
[16:28:12.911] [INFO] PE 1: dest[7] = 7 (valid)
[16:28:12.911] [INFO] PE 1: dest[8] = 8 (valid)
[16:28:12.911] [INFO] PE 1: dest[9] = 9 (valid)
[16:28:12.911] [INFO] PE 1: All elements validated successfully
[16:28:12.911] ------ BEGIN TEST ROUTINE: shmem_int32_put_nbi()
[16:28:12.911] [INFO] Allocated static arrays: src at 0xaaaab62b08b0, dest at 0xaaaab62b08d8
[16:28:12.911] [INFO] Running on PE 1 of 2 total PEs
[16:28:12.911] [INFO] PE 1: Initialized src[0] = 1
[16:28:12.911] [INFO] PE 1: Initialized src[1] = 2
[16:28:12.911] [INFO] PE 1: Initialized src[2] = 3
[16:28:12.911] [INFO] PE 1: Initialized src[3] = 4
[16:28:12.911] [INFO] PE 1: Initialized src[4] = 5
[16:28:12.911] [INFO] PE 1: Initialized src[5] = 6
[16:28:12.911] [INFO] PE 1: Initialized src[6] = 7
[16:28:12.911] [INFO] PE 1: Initialized src[7] = 8
[16:28:12.911] [INFO] PE 1: Initialized src[8] = 9
[16:28:12.911] [INFO] PE 1: Initialized src[9] = 10
[16:28:12.911] [INFO] Completed barrier synchronization
[16:28:12.911] [INFO] Completed barrier synchronization
[16:28:12.911] [INFO] PE 1: Beginning validation of received data
[16:28:12.911] [INFO] PE 1: dest[0] = 0 (valid)
[16:28:12.911] [INFO] PE 1: dest[1] = 1 (valid)
[16:28:12.911] [INFO] PE 1: dest[2] = 2 (valid)
[16:28:12.911] [INFO] PE 1: dest[3] = 3 (valid)
[16:28:12.911] [INFO] PE 1: dest[4] = 4 (valid)
[16:28:12.911] [INFO] PE 1: dest[5] = 5 (valid)
[16:28:12.911] [INFO] PE 1: dest[6] = 6 (valid)
[16:28:12.911] [INFO] PE 1: dest[7] = 7 (valid)
[16:28:12.911] [INFO] PE 1: dest[8] = 8 (valid)
[16:28:12.911] [INFO] PE 1: dest[9] = 9 (valid)
[16:28:12.911] [INFO] PE 1: All elements validated successfully
[16:28:12.911] ------ BEGIN TEST ROUTINE: shmem_int64_put_nbi()
[16:28:12.911] [INFO] Allocated static arrays: src at 0xaaaab62b0900, dest at 0xaaaab62b0950
[16:28:12.911] [INFO] Running on PE 1 of 2 total PEs
[16:28:12.911] [INFO] PE 1: Initialized src[0] = 1
[16:28:12.911] [INFO] PE 1: Initialized src[1] = 2
[16:28:12.911] [INFO] PE 1: Initialized src[2] = 3
[16:28:12.911] [INFO] PE 1: Initialized src[3] = 4
[16:28:12.911] [INFO] PE 1: Initialized src[4] = 5
[16:28:12.911] [INFO] PE 1: Initialized src[5] = 6
[16:28:12.911] [INFO] PE 1: Initialized src[6] = 7
[16:28:12.911] [INFO] PE 1: Initialized src[7] = 8
[16:28:12.911] [INFO] PE 1: Initialized src[8] = 9
[16:28:12.911] [INFO] PE 1: Initialized src[9] = 10
[16:28:12.911] [INFO] Completed barrier synchronization
[16:28:12.911] [INFO] Completed barrier synchronization
[16:28:12.911] [INFO] PE 1: Beginning validation of received data
[16:28:12.911] [INFO] PE 1: dest[0] = 0 (valid)
[16:28:12.911] [INFO] PE 1: dest[1] = 1 (valid)
[16:28:12.911] [INFO] PE 1: dest[2] = 2 (valid)
[16:28:12.911] [INFO] PE 1: dest[3] = 3 (valid)
[16:28:12.911] [INFO] PE 1: dest[4] = 4 (valid)
[16:28:12.911] [INFO] PE 1: dest[5] = 5 (valid)
[16:28:12.911] [INFO] PE 1: dest[6] = 6 (valid)
[16:28:12.911] [INFO] PE 1: dest[7] = 7 (valid)
[16:28:12.911] [INFO] PE 1: dest[8] = 8 (valid)
[16:28:12.911] [INFO] PE 1: dest[9] = 9 (valid)
[16:28:12.911] [INFO] PE 1: All elements validated successfully
[16:28:12.911] ------ BEGIN TEST ROUTINE: shmem_uint8_put_nbi()
[16:28:12.911] [INFO] Allocated static arrays: src at 0xaaaab62b09a0, dest at 0xaaaab62b09b0
[16:28:12.911] [INFO] Running on PE 1 of 2 total PEs
[16:28:12.911] [INFO] PE 1: Initialized src[0] = 1
[16:28:12.911] [INFO] PE 1: Initialized src[1] = 2
[16:28:12.911] [INFO] PE 1: Initialized src[2] = 3
[16:28:12.911] [INFO] PE 1: Initialized src[3] = 4
[16:28:12.911] [INFO] PE 1: Initialized src[4] = 5
[16:28:12.911] [INFO] PE 1: Initialized src[5] = 6
[16:28:12.911] [INFO] PE 1: Initialized src[6] = 7
[16:28:12.911] [INFO] PE 1: Initialized src[7] = 8
[16:28:12.911] [INFO] PE 1: Initialized src[8] = 9
[16:28:12.911] [INFO] PE 1: Initialized src[9] = 10
[16:28:12.911] [INFO] Completed barrier synchronization
[16:28:12.911] [INFO] Completed barrier synchronization
[16:28:12.911] [INFO] PE 1: Beginning validation of received data
[16:28:12.911] [INFO] PE 1: dest[0] = 0 (valid)
[16:28:12.911] [INFO] PE 1: dest[1] = 1 (valid)
[16:28:12.911] [INFO] PE 1: dest[2] = 2 (valid)
[16:28:12.911] [INFO] PE 1: dest[3] = 3 (valid)
[16:28:12.911] [INFO] PE 1: dest[4] = 4 (valid)
[16:28:12.911] [INFO] PE 1: dest[5] = 5 (valid)
[16:28:12.911] [INFO] PE 1: dest[6] = 6 (valid)
[16:28:12.911] [INFO] PE 1: dest[7] = 7 (valid)
[16:28:12.911] [INFO] PE 1: dest[8] = 8 (valid)
[16:28:12.911] [INFO] PE 1: dest[9] = 9 (valid)
[16:28:12.911] [INFO] PE 1: All elements validated successfully
[16:28:12.911] ------ BEGIN TEST ROUTINE: shmem_uint16_put_nbi()
[16:28:12.911] [INFO] Allocated static arrays: src at 0xaaaab62b09c0, dest at 0xaaaab62b09d8
[16:28:12.911] [INFO] Running on PE 1 of 2 total PEs
[16:28:12.911] [INFO] PE 1: Initialized src[0] = 1
[16:28:12.911] [INFO] PE 1: Initialized src[1] = 2
[16:28:12.911] [INFO] PE 1: Initialized src[2] = 3
[16:28:12.911] [INFO] PE 1: Initialized src[3] = 4
[16:28:12.911] [INFO] PE 1: Initialized src[4] = 5
[16:28:12.911] [INFO] PE 1: Initialized src[5] = 6
[16:28:12.911] [INFO] PE 1: Initialized src[6] = 7
[16:28:12.911] [INFO] PE 1: Initialized src[7] = 8
[16:28:12.911] [INFO] PE 1: Initialized src[8] = 9
[16:28:12.911] [INFO] PE 1: Initialized src[9] = 10
[16:28:12.912] [INFO] Completed barrier synchronization
[16:28:12.912] [INFO] Completed barrier synchronization
[16:28:12.912] [INFO] PE 1: Beginning validation of received data
[16:28:12.912] [INFO] PE 1: dest[0] = 0 (valid)
[16:28:12.912] [INFO] PE 1: dest[1] = 1 (valid)
[16:28:12.912] [INFO] PE 1: dest[2] = 2 (valid)
[16:28:12.912] [INFO] PE 1: dest[3] = 3 (valid)
[16:28:12.912] [INFO] PE 1: dest[4] = 4 (valid)
[16:28:12.912] [INFO] PE 1: dest[5] = 5 (valid)
[16:28:12.912] [INFO] PE 1: dest[6] = 6 (valid)
[16:28:12.912] [INFO] PE 1: dest[7] = 7 (valid)
[16:28:12.912] [INFO] PE 1: dest[8] = 8 (valid)
[16:28:12.912] [INFO] PE 1: dest[9] = 9 (valid)
[16:28:12.912] [INFO] PE 1: All elements validated successfully
[16:28:12.912] ------ BEGIN TEST ROUTINE: shmem_uint32_put_nbi()
[16:28:12.912] [INFO] Allocated static arrays: src at 0xaaaab62b09f0, dest at 0xaaaab62b0a18
[16:28:12.912] [INFO] Running on PE 1 of 2 total PEs
[16:28:12.912] [INFO] PE 1: Initialized src[0] = 1
[16:28:12.912] [INFO] PE 1: Initialized src[1] = 2
[16:28:12.912] [INFO] PE 1: Initialized src[2] = 3
[16:28:12.912] [INFO] PE 1: Initialized src[3] = 4
[16:28:12.912] [INFO] PE 1: Initialized src[4] = 5
[16:28:12.912] [INFO] PE 1: Initialized src[5] = 6
[16:28:12.912] [INFO] PE 1: Initialized src[6] = 7
[16:28:12.912] [INFO] PE 1: Initialized src[7] = 8
[16:28:12.912] [INFO] PE 1: Initialized src[8] = 9
[16:28:12.912] [INFO] PE 1: Initialized src[9] = 10
[16:28:12.912] [INFO] Completed barrier synchronization
[16:28:12.912] [INFO] Completed barrier synchronization
[16:28:12.912] [INFO] PE 1: Beginning validation of received data
[16:28:12.912] [INFO] PE 1: dest[0] = 0 (valid)
[16:28:12.912] [INFO] PE 1: dest[1] = 1 (valid)
[16:28:12.912] [INFO] PE 1: dest[2] = 2 (valid)
[16:28:12.912] [INFO] PE 1: dest[3] = 3 (valid)
[16:28:12.912] [INFO] PE 1: dest[4] = 4 (valid)
[16:28:12.912] [INFO] PE 1: dest[5] = 5 (valid)
[16:28:12.912] [INFO] PE 1: dest[6] = 6 (valid)
[16:28:12.912] [INFO] PE 1: dest[7] = 7 (valid)
[16:28:12.912] [INFO] PE 1: dest[8] = 8 (valid)
[16:28:12.912] [INFO] PE 1: dest[9] = 9 (valid)
[16:28:12.912] [INFO] PE 1: All elements validated successfully
[16:28:12.912] ------ BEGIN TEST ROUTINE: shmem_uint64_put_nbi()
[16:28:12.912] [INFO] Allocated static arrays: src at 0xaaaab62b0a40, dest at 0xaaaab62b0a90
[16:28:12.912] [INFO] Running on PE 1 of 2 total PEs
[16:28:12.912] [INFO] PE 1: Initialized src[0] = 1
[16:28:12.912] [INFO] PE 1: Initialized src[1] = 2
[16:28:12.912] [INFO] PE 1: Initialized src[2] = 3
[16:28:12.912] [INFO] PE 1: Initialized src[3] = 4
[16:28:12.912] [INFO] PE 1: Initialized src[4] = 5
[16:28:12.912] [INFO] PE 1: Initialized src[5] = 6
[16:28:12.912] [INFO] PE 1: Initialized src[6] = 7
[16:28:12.912] [INFO] PE 1: Initialized src[7] = 8
[16:28:12.912] [INFO] PE 1: Initialized src[8] = 9
[16:28:12.912] [INFO] PE 1: Initialized src[9] = 10
[16:28:12.912] [INFO] Completed barrier synchronization
[16:28:12.912] [INFO] Completed barrier synchronization
[16:28:12.912] [INFO] PE 1: Beginning validation of received data
[16:28:12.912] [INFO] PE 1: dest[0] = 0 (valid)
[16:28:12.912] [INFO] PE 1: dest[1] = 1 (valid)
[16:28:12.912] [INFO] PE 1: dest[2] = 2 (valid)
[16:28:12.912] [INFO] PE 1: dest[3] = 3 (valid)
[16:28:12.912] [INFO] PE 1: dest[4] = 4 (valid)
[16:28:12.912] [INFO] PE 1: dest[5] = 5 (valid)
[16:28:12.912] [INFO] PE 1: dest[6] = 6 (valid)
[16:28:12.912] [INFO] PE 1: dest[7] = 7 (valid)
[16:28:12.912] [INFO] PE 1: dest[8] = 8 (valid)
[16:28:12.912] [INFO] PE 1: dest[9] = 9 (valid)
[16:28:12.912] [INFO] PE 1: All elements validated successfully
[16:28:12.912] ------ BEGIN TEST ROUTINE: shmem_size_put_nbi()
[16:28:12.912] [INFO] Allocated static arrays: src at 0xaaaab62b0ae0, dest at 0xaaaab62b0b30
[16:28:12.912] [INFO] Running on PE 1 of 2 total PEs
[16:28:12.912] [INFO] PE 1: Initialized src[0] = 1
[16:28:12.912] [INFO] PE 1: Initialized src[1] = 2
[16:28:12.912] [INFO] PE 1: Initialized src[2] = 3
[16:28:12.912] [INFO] PE 1: Initialized src[3] = 4
[16:28:12.912] [INFO] PE 1: Initialized src[4] = 5
[16:28:12.912] [INFO] PE 1: Initialized src[5] = 6
[16:28:12.912] [INFO] PE 1: Initialized src[6] = 7
[16:28:12.912] [INFO] PE 1: Initialized src[7] = 8
[16:28:12.912] [INFO] PE 1: Initialized src[8] = 9
[16:28:12.912] [INFO] PE 1: Initialized src[9] = 10
[16:28:12.912] [INFO] Completed barrier synchronization
[16:28:12.912] [INFO] Completed barrier synchronization
[16:28:12.912] [INFO] PE 1: Beginning validation of received data
[16:28:12.912] [INFO] PE 1: dest[0] = 0 (valid)
[16:28:12.912] [INFO] PE 1: dest[1] = 1 (valid)
[16:28:12.912] [INFO] PE 1: dest[2] = 2 (valid)
[16:28:12.912] [INFO] PE 1: dest[3] = 3 (valid)
[16:28:12.912] [INFO] PE 1: dest[4] = 4 (valid)
[16:28:12.912] [INFO] PE 1: dest[5] = 5 (valid)
[16:28:12.912] [INFO] PE 1: dest[6] = 6 (valid)
[16:28:12.912] [INFO] PE 1: dest[7] = 7 (valid)
[16:28:12.912] [INFO] PE 1: dest[8] = 8 (valid)
[16:28:12.912] [INFO] PE 1: dest[9] = 9 (valid)
[16:28:12.912] [INFO] PE 1: All elements validated successfully
[16:28:12.912] ------ BEGIN TEST ROUTINE: shmem_ptrdiff_put_nbi()
[16:28:12.912] [INFO] Allocated static arrays: src at 0xaaaab62b0b80, dest at 0xaaaab62b0bd0
[16:28:12.912] [INFO] Running on PE 1 of 2 total PEs
[16:28:12.912] [INFO] PE 1: Initialized src[0] = 1
[16:28:12.912] [INFO] PE 1: Initialized src[1] = 2
[16:28:12.912] [INFO] PE 1: Initialized src[2] = 3
[16:28:12.912] [INFO] PE 1: Initialized src[3] = 4
[16:28:12.912] [INFO] PE 1: Initialized src[4] = 5
[16:28:12.912] [INFO] PE 1: Initialized src[5] = 6
[16:28:12.912] [INFO] PE 1: Initialized src[6] = 7
[16:28:12.912] [INFO] PE 1: Initialized src[7] = 8
[16:28:12.912] [INFO] PE 1: Initialized src[8] = 9
[16:28:12.912] [INFO] PE 1: Initialized src[9] = 10
[16:28:12.912] [INFO] Completed barrier synchronization
[16:28:12.912] [INFO] Completed barrier synchronization
[16:28:12.912] [INFO] PE 1: Beginning validation of received data
[16:28:12.912] [INFO] PE 1: dest[0] = 0 (valid)
[16:28:12.912] [INFO] PE 1: dest[1] = 1 (valid)
[16:28:12.912] [INFO] PE 1: dest[2] = 2 (valid)
[16:28:12.912] [INFO] PE 1: dest[3] = 3 (valid)
[16:28:12.912] [INFO] PE 1: dest[4] = 4 (valid)
[16:28:12.912] [INFO] PE 1: dest[5] = 5 (valid)
[16:28:12.912] [INFO] PE 1: dest[6] = 6 (valid)
[16:28:12.912] [INFO] PE 1: dest[7] = 7 (valid)
[16:28:12.912] [INFO] PE 1: dest[8] = 8 (valid)
[16:28:12.912] [INFO] PE 1: dest[9] = 9 (valid)
[16:28:12.912] [INFO] PE 1: All elements validated successfully
---------- END TEST: PASSED
