---------- BEGIN TEST: /root/lanl/vv/shmemvv_logs/src/unit/c/atomics/c_shmem_atomic_set.c
[11:36:32.078] ------ BEGIN TEST ROUTINE: shmem_int_atomic_set
[11:36:32.078] [INFO] shmem_malloc'd 4 bytes at 0xaaab40002250
[11:36:32.078] [INFO] set 0xaaab40002250 to 42
[11:36:32.078] [INFO] executing atomic set: dest = 0xaaab40002250, value = 42
[11:36:32.079] [INFO] atomic set on a int at 0xaaab40002250 produced expected result (42 == 42)
[11:36:32.079] ------ BEGIN TEST ROUTINE: shmem_long_atomic_set
[11:36:32.079] [INFO] shmem_malloc'd 8 bytes at 0xaaab40002250
[11:36:32.079] [INFO] set 0xaaab40002250 to 42
[11:36:32.079] [INFO] executing atomic set: dest = 0xaaab40002250, value = 42
[11:36:32.079] [INFO] atomic set on a long at 0xaaab40002250 produced expected result (42 == 42)
[11:36:32.079] ------ BEGIN TEST ROUTINE: shmem_longlong_atomic_set
[11:36:32.079] [INFO] shmem_malloc'd 8 bytes at 0xaaab40002250
[11:36:32.079] [INFO] set 0xaaab40002250 to 42
[11:36:32.080] [INFO] executing atomic set: dest = 0xaaab40002250, value = 42
[11:36:32.080] [INFO] atomic set on a long long at 0xaaab40002250 produced expected result (42 == 42)
[11:36:32.080] ------ BEGIN TEST ROUTINE: shmem_uint_atomic_set
[11:36:32.080] [INFO] shmem_malloc'd 4 bytes at 0xaaab40002250
[11:36:32.080] [INFO] set 0xaaab40002250 to 42
[11:36:32.080] [INFO] executing atomic set: dest = 0xaaab40002250, value = 42
[11:36:32.080] [INFO] atomic set on a unsigned int at 0xaaab40002250 produced expected result (42 == 42)
[11:36:32.080] ------ BEGIN TEST ROUTINE: shmem_ulong_atomic_set
[11:36:32.080] [INFO] shmem_malloc'd 8 bytes at 0xaaab40002250
[11:36:32.080] [INFO] set 0xaaab40002250 to 42
[11:36:32.081] [INFO] executing atomic set: dest = 0xaaab40002250, value = 42
[11:36:32.081] [INFO] atomic set on a unsigned long at 0xaaab40002250 produced expected result (42 == 42)
[11:36:32.081] ------ BEGIN TEST ROUTINE: shmem_ulonglong_atomic_set
[11:36:32.081] [INFO] shmem_malloc'd 8 bytes at 0xaaab40002250
[11:36:32.081] [INFO] set 0xaaab40002250 to 42
[11:36:32.081] [INFO] executing atomic set: dest = 0xaaab40002250, value = 42
[11:36:32.081] [INFO] atomic set on a unsigned long long at 0xaaab40002250 produced expected result (42 == 42)
[11:36:32.081] ------ BEGIN TEST ROUTINE: shmem_int32_atomic_set
[11:36:32.082] [INFO] shmem_malloc'd 4 bytes at 0xaaab40002250
[11:36:32.082] [INFO] set 0xaaab40002250 to 42
[11:36:32.082] [INFO] executing atomic set: dest = 0xaaab40002250, value = 42
[11:36:32.082] [INFO] atomic set on a int32_t at 0xaaab40002250 produced expected result (42 == 42)
[11:36:32.082] ------ BEGIN TEST ROUTINE: shmem_int64_atomic_set
[11:36:32.082] [INFO] shmem_malloc'd 8 bytes at 0xaaab40002250
[11:36:32.082] [INFO] set 0xaaab40002250 to 42
[11:36:32.082] [INFO] executing atomic set: dest = 0xaaab40002250, value = 42
[11:36:32.082] [INFO] atomic set on a int64_t at 0xaaab40002250 produced expected result (42 == 42)
[11:36:32.082] ------ BEGIN TEST ROUTINE: shmem_uint32_atomic_set
[11:36:32.083] [INFO] shmem_malloc'd 4 bytes at 0xaaab40002250
[11:36:32.083] [INFO] set 0xaaab40002250 to 42
[11:36:32.083] [INFO] executing atomic set: dest = 0xaaab40002250, value = 42
[11:36:32.083] [INFO] atomic set on a uint32_t at 0xaaab40002250 produced expected result (42 == 42)
[11:36:32.083] ------ BEGIN TEST ROUTINE: shmem_uint64_atomic_set
[11:36:32.083] [INFO] shmem_malloc'd 8 bytes at 0xaaab40002250
[11:36:32.083] [INFO] set 0xaaab40002250 to 42
[11:36:32.083] [INFO] executing atomic set: dest = 0xaaab40002250, value = 42
[11:36:32.083] [INFO] atomic set on a uint64_t at 0xaaab40002250 produced expected result (42 == 42)
[11:36:32.083] ------ BEGIN TEST ROUTINE: shmem_size_atomic_set
[11:36:32.084] [INFO] shmem_malloc'd 8 bytes at 0xaaab40002250
[11:36:32.084] [INFO] set 0xaaab40002250 to 42
[11:36:32.084] [INFO] executing atomic set: dest = 0xaaab40002250, value = 42
[11:36:32.084] [INFO] atomic set on a size_t at 0xaaab40002250 produced expected result (42 == 42)
[11:36:32.084] ------ BEGIN TEST ROUTINE: shmem_ptrdiff_atomic_set
[11:36:32.084] [INFO] shmem_malloc'd 8 bytes at 0xaaab40002250
[11:36:32.084] [INFO] set 0xaaab40002250 to 42
[11:36:32.084] [INFO] executing atomic set: dest = 0xaaab40002250, value = 42
[11:36:32.084] [INFO] atomic set on a ptrdiff_t at 0xaaab40002250 produced expected result (42 == 42)
---------- END TEST: PASSED
