---------- BEGIN TEST: /root/lanl/vv/shmemvv_logs/src/unit/c/collectives/c_shmem_sum_reduce.c
[11:36:32.277] ------ BEGIN TEST ROUTINE: shmem_float_sum_reduce
[11:36:32.278] [INFO] shmem_malloc'd 4 bytes @ &src = 0xaaab40002250, 4 bytes @ &dest = 0xaaab40002270
[11:36:32.278] [INFO] set 0xaaab40002250 (src) to 0
[11:36:32.278] [INFO] executing shmem_sum_reduce: dest = 0xaaab40002270, src = 0xaaab40002250
[11:36:32.278] [INFO] validating result...
[11:36:32.278] [INFO] shmem_float_sum_reduce produced expected result.
[11:36:32.278] ------ BEGIN TEST ROUTINE: shmem_double_sum_reduce
[11:36:32.278] [INFO] shmem_malloc'd 8 bytes @ &src = 0xaaab40002250, 8 bytes @ &dest = 0xaaab40002270
[11:36:32.278] [INFO] set 0xaaab40002250 (src) to 0
[11:36:32.278] [INFO] executing shmem_sum_reduce: dest = 0xaaab40002270, src = 0xaaab40002250
[11:36:32.278] [INFO] validating result...
[11:36:32.278] [INFO] shmem_double_sum_reduce produced expected result.
[11:36:32.279] ------ BEGIN TEST ROUTINE: shmem_longdouble_sum_reduce
[11:36:32.279] [INFO] shmem_malloc'd 16 bytes @ &src = 0xaaab40002250, 16 bytes @ &dest = 0xaaab40002270
[11:36:32.279] [INFO] set 0xaaab40002250 (src) to 0
[11:36:32.279] [INFO] executing shmem_sum_reduce: dest = 0xaaab40002270, src = 0xaaab40002250
[11:36:32.279] [INFO] validating result...
[11:36:32.279] [INFO] shmem_longdouble_sum_reduce produced expected result.
[11:36:32.279] ------ BEGIN TEST ROUTINE: shmem_char_sum_reduce
[11:36:32.279] [INFO] shmem_malloc'd 1 bytes @ &src = 0xaaab40002250, 1 bytes @ &dest = 0xaaab40002270
[11:36:32.279] [INFO] set 0xaaab40002250 (src) to 0
[11:36:32.279] [INFO] executing shmem_sum_reduce: dest = 0xaaab40002270, src = 0xaaab40002250
[11:36:32.280] [INFO] validating result...
[11:36:32.280] [INFO] shmem_char_sum_reduce produced expected result.
[11:36:32.280] ------ BEGIN TEST ROUTINE: shmem_schar_sum_reduce
[11:36:32.280] [INFO] shmem_malloc'd 1 bytes @ &src = 0xaaab40002250, 1 bytes @ &dest = 0xaaab40002270
[11:36:32.280] [INFO] set 0xaaab40002250 (src) to 0
[11:36:32.280] [INFO] executing shmem_sum_reduce: dest = 0xaaab40002270, src = 0xaaab40002250
[11:36:32.280] [INFO] validating result...
[11:36:32.280] [INFO] shmem_schar_sum_reduce produced expected result.
[11:36:32.280] ------ BEGIN TEST ROUTINE: shmem_short_sum_reduce
[11:36:32.281] [INFO] shmem_malloc'd 2 bytes @ &src = 0xaaab40002250, 2 bytes @ &dest = 0xaaab40002270
[11:36:32.281] [INFO] set 0xaaab40002250 (src) to 0
[11:36:32.281] [INFO] executing shmem_sum_reduce: dest = 0xaaab40002270, src = 0xaaab40002250
[11:36:32.281] [INFO] validating result...
[11:36:32.281] [INFO] shmem_short_sum_reduce produced expected result.
[11:36:32.281] ------ BEGIN TEST ROUTINE: shmem_int_sum_reduce
[11:36:32.281] [INFO] shmem_malloc'd 4 bytes @ &src = 0xaaab40002250, 4 bytes @ &dest = 0xaaab40002270
[11:36:32.281] [INFO] set 0xaaab40002250 (src) to 0
[11:36:32.281] [INFO] executing shmem_sum_reduce: dest = 0xaaab40002270, src = 0xaaab40002250
[11:36:32.282] [INFO] validating result...
[11:36:32.282] [INFO] shmem_int_sum_reduce produced expected result.
[11:36:32.282] ------ BEGIN TEST ROUTINE: shmem_long_sum_reduce
[11:36:32.282] [INFO] shmem_malloc'd 8 bytes @ &src = 0xaaab40002250, 8 bytes @ &dest = 0xaaab40002270
[11:36:32.282] [INFO] set 0xaaab40002250 (src) to 0
[11:36:32.282] [INFO] executing shmem_sum_reduce: dest = 0xaaab40002270, src = 0xaaab40002250
[11:36:32.282] [INFO] validating result...
[11:36:32.282] [INFO] shmem_long_sum_reduce produced expected result.
[11:36:32.283] ------ BEGIN TEST ROUTINE: shmem_longlong_sum_reduce
[11:36:32.283] [INFO] shmem_malloc'd 8 bytes @ &src = 0xaaab40002250, 8 bytes @ &dest = 0xaaab40002270
[11:36:32.283] [INFO] set 0xaaab40002250 (src) to 0
[11:36:32.283] [INFO] executing shmem_sum_reduce: dest = 0xaaab40002270, src = 0xaaab40002250
[11:36:32.283] [INFO] validating result...
[11:36:32.283] [INFO] shmem_longlong_sum_reduce produced expected result.
[11:36:32.283] ------ BEGIN TEST ROUTINE: shmem_uchar_sum_reduce
[11:36:32.284] [INFO] shmem_malloc'd 1 bytes @ &src = 0xaaab40002250, 1 bytes @ &dest = 0xaaab40002270
[11:36:32.284] [INFO] set 0xaaab40002250 (src) to 0
[11:36:32.284] [INFO] executing shmem_sum_reduce: dest = 0xaaab40002270, src = 0xaaab40002250
[11:36:32.284] [INFO] validating result...
[11:36:32.284] [INFO] shmem_uchar_sum_reduce produced expected result.
[11:36:32.284] ------ BEGIN TEST ROUTINE: shmem_ushort_sum_reduce
[11:36:32.284] [INFO] shmem_malloc'd 2 bytes @ &src = 0xaaab40002250, 2 bytes @ &dest = 0xaaab40002270
[11:36:32.284] [INFO] set 0xaaab40002250 (src) to 0
[11:36:32.284] [INFO] executing shmem_sum_reduce: dest = 0xaaab40002270, src = 0xaaab40002250
[11:36:32.285] [INFO] validating result...
[11:36:32.285] [INFO] shmem_ushort_sum_reduce produced expected result.
[11:36:32.285] ------ BEGIN TEST ROUTINE: shmem_uint_sum_reduce
[11:36:32.285] [INFO] shmem_malloc'd 4 bytes @ &src = 0xaaab40002250, 4 bytes @ &dest = 0xaaab40002270
[11:36:32.285] [INFO] set 0xaaab40002250 (src) to 0
[11:36:32.285] [INFO] executing shmem_sum_reduce: dest = 0xaaab40002270, src = 0xaaab40002250
[11:36:32.285] [INFO] validating result...
[11:36:32.285] [INFO] shmem_uint_sum_reduce produced expected result.
[11:36:32.286] ------ BEGIN TEST ROUTINE: shmem_ulong_sum_reduce
[11:36:32.286] [INFO] shmem_malloc'd 8 bytes @ &src = 0xaaab40002250, 8 bytes @ &dest = 0xaaab40002270
[11:36:32.286] [INFO] set 0xaaab40002250 (src) to 0
[11:36:32.286] [INFO] executing shmem_sum_reduce: dest = 0xaaab40002270, src = 0xaaab40002250
[11:36:32.286] [INFO] validating result...
[11:36:32.286] [INFO] shmem_ulong_sum_reduce produced expected result.
[11:36:32.286] ------ BEGIN TEST ROUTINE: shmem_ulonglong_sum_reduce
[11:36:32.287] [INFO] shmem_malloc'd 8 bytes @ &src = 0xaaab40002250, 8 bytes @ &dest = 0xaaab40002270
[11:36:32.287] [INFO] set 0xaaab40002250 (src) to 0
[11:36:32.287] [INFO] executing shmem_sum_reduce: dest = 0xaaab40002270, src = 0xaaab40002250
[11:36:32.287] [INFO] validating result...
[11:36:32.287] [INFO] shmem_ulonglong_sum_reduce produced expected result.
[11:36:32.287] ------ BEGIN TEST ROUTINE: shmem_int8_sum_reduce
[11:36:32.287] [INFO] shmem_malloc'd 1 bytes @ &src = 0xaaab40002250, 1 bytes @ &dest = 0xaaab40002270
[11:36:32.287] [INFO] set 0xaaab40002250 (src) to 0
[11:36:32.287] [INFO] executing shmem_sum_reduce: dest = 0xaaab40002270, src = 0xaaab40002250
[11:36:32.287] [INFO] validating result...
[11:36:32.287] [INFO] shmem_int8_sum_reduce produced expected result.
[11:36:32.288] ------ BEGIN TEST ROUTINE: shmem_int16_sum_reduce
[11:36:32.288] [INFO] shmem_malloc'd 2 bytes @ &src = 0xaaab40002250, 2 bytes @ &dest = 0xaaab40002270
[11:36:32.288] [INFO] set 0xaaab40002250 (src) to 0
[11:36:32.288] [INFO] executing shmem_sum_reduce: dest = 0xaaab40002270, src = 0xaaab40002250
[11:36:32.288] [INFO] validating result...
[11:36:32.288] [INFO] shmem_int16_sum_reduce produced expected result.
[11:36:32.288] ------ BEGIN TEST ROUTINE: shmem_int32_sum_reduce
[11:36:32.288] [INFO] shmem_malloc'd 4 bytes @ &src = 0xaaab40002250, 4 bytes @ &dest = 0xaaab40002270
[11:36:32.288] [INFO] set 0xaaab40002250 (src) to 0
[11:36:32.288] [INFO] executing shmem_sum_reduce: dest = 0xaaab40002270, src = 0xaaab40002250
[11:36:32.289] [INFO] validating result...
[11:36:32.289] [INFO] shmem_int32_sum_reduce produced expected result.
[11:36:32.289] ------ BEGIN TEST ROUTINE: shmem_int64_sum_reduce
[11:36:32.289] [INFO] shmem_malloc'd 8 bytes @ &src = 0xaaab40002250, 8 bytes @ &dest = 0xaaab40002270
[11:36:32.289] [INFO] set 0xaaab40002250 (src) to 0
[11:36:32.289] [INFO] executing shmem_sum_reduce: dest = 0xaaab40002270, src = 0xaaab40002250
[11:36:32.289] [INFO] validating result...
[11:36:32.289] [INFO] shmem_int64_sum_reduce produced expected result.
[11:36:32.289] ------ BEGIN TEST ROUTINE: shmem_uint8_sum_reduce
[11:36:32.289] [INFO] shmem_malloc'd 1 bytes @ &src = 0xaaab40002250, 1 bytes @ &dest = 0xaaab40002270
[11:36:32.289] [INFO] set 0xaaab40002250 (src) to 0
[11:36:32.289] [INFO] executing shmem_sum_reduce: dest = 0xaaab40002270, src = 0xaaab40002250
[11:36:32.290] [INFO] validating result...
[11:36:32.290] [INFO] shmem_uint8_sum_reduce produced expected result.
[11:36:32.290] ------ BEGIN TEST ROUTINE: shmem_uint16_sum_reduce
[11:36:32.290] [INFO] shmem_malloc'd 2 bytes @ &src = 0xaaab40002250, 2 bytes @ &dest = 0xaaab40002270
[11:36:32.290] [INFO] set 0xaaab40002250 (src) to 0
[11:36:32.290] [INFO] executing shmem_sum_reduce: dest = 0xaaab40002270, src = 0xaaab40002250
[11:36:32.290] [INFO] validating result...
[11:36:32.290] [INFO] shmem_uint16_sum_reduce produced expected result.
[11:36:32.290] ------ BEGIN TEST ROUTINE: shmem_uint32_sum_reduce
[11:36:32.291] [INFO] shmem_malloc'd 4 bytes @ &src = 0xaaab40002250, 4 bytes @ &dest = 0xaaab40002270
[11:36:32.291] [INFO] set 0xaaab40002250 (src) to 0
[11:36:32.291] [INFO] executing shmem_sum_reduce: dest = 0xaaab40002270, src = 0xaaab40002250
[11:36:32.291] [INFO] validating result...
[11:36:32.291] [INFO] shmem_uint32_sum_reduce produced expected result.
[11:36:32.291] ------ BEGIN TEST ROUTINE: shmem_uint64_sum_reduce
[11:36:32.291] [INFO] shmem_malloc'd 8 bytes @ &src = 0xaaab40002250, 8 bytes @ &dest = 0xaaab40002270
[11:36:32.291] [INFO] set 0xaaab40002250 (src) to 0
[11:36:32.291] [INFO] executing shmem_sum_reduce: dest = 0xaaab40002270, src = 0xaaab40002250
[11:36:32.291] [INFO] validating result...
[11:36:32.291] [INFO] shmem_uint64_sum_reduce produced expected result.
[11:36:32.292] ------ BEGIN TEST ROUTINE: shmem_size_sum_reduce
[11:36:32.292] [INFO] shmem_malloc'd 8 bytes @ &src = 0xaaab40002250, 8 bytes @ &dest = 0xaaab40002270
[11:36:32.292] [INFO] set 0xaaab40002250 (src) to 0
[11:36:32.292] [INFO] executing shmem_sum_reduce: dest = 0xaaab40002270, src = 0xaaab40002250
[11:36:32.292] [INFO] validating result...
[11:36:32.292] [INFO] shmem_size_sum_reduce produced expected result.
[11:36:32.292] ------ BEGIN TEST ROUTINE: shmem_ptrdiff_sum_reduce
[11:36:32.292] [INFO] shmem_malloc'd 8 bytes @ &src = 0xaaab40002250, 8 bytes @ &dest = 0xaaab40002270
[11:36:32.292] [INFO] set 0xaaab40002250 (src) to 0
[11:36:32.292] [INFO] executing shmem_sum_reduce: dest = 0xaaab40002270, src = 0xaaab40002250
[11:36:32.293] [INFO] validating result...
[11:36:32.293] [INFO] shmem_ptrdiff_sum_reduce produced expected result.
---------- END TEST: PASSED
