---------- BEGIN TEST: /root/lanl/vv/shmemvv_logs/src/unit/c/atomics/c_shmem_atomic_add.c
[11:36:31.870] ------ BEGIN TEST ROUTINE: shmem_int_atomic_add
[11:36:31.871] [INFO] shmem_malloc'd 4 bytes at 0xaaab40002250
[11:36:31.871] [INFO] set 0xaaab40002250 to 42
[11:36:31.871] [INFO] executing atomic add: dest = 0xaaab40002250, add_val = 10
[11:36:31.871] [INFO] atomic add on a int at 0xaaab40002250 produced expected result (42 + 10 = 52)
[11:36:31.871] ------ BEGIN TEST ROUTINE: shmem_long_atomic_add
[11:36:31.871] [INFO] shmem_malloc'd 8 bytes at 0xaaab40002250
[11:36:31.871] [INFO] set 0xaaab40002250 to 42
[11:36:31.871] [INFO] executing atomic add: dest = 0xaaab40002250, add_val = 10
[11:36:31.871] [INFO] atomic add on a long at 0xaaab40002250 produced expected result (42 + 10 = 52)
[11:36:31.871] ------ BEGIN TEST ROUTINE: shmem_longlong_atomic_add
[11:36:31.872] [INFO] shmem_malloc'd 8 bytes at 0xaaab40002250
[11:36:31.872] [INFO] set 0xaaab40002250 to 42
[11:36:31.872] [INFO] executing atomic add: dest = 0xaaab40002250, add_val = 10
[11:36:31.872] [INFO] atomic add on a long long at 0xaaab40002250 produced expected result (42 + 10 = 52)
[11:36:31.872] ------ BEGIN TEST ROUTINE: shmem_uint_atomic_add
[11:36:31.872] [INFO] shmem_malloc'd 4 bytes at 0xaaab40002250
[11:36:31.872] [INFO] set 0xaaab40002250 to 42
[11:36:31.872] [INFO] executing atomic add: dest = 0xaaab40002250, add_val = 10
[11:36:31.872] [INFO] atomic add on a unsigned int at 0xaaab40002250 produced expected result (42 + 10 = 52)
[11:36:31.872] ------ BEGIN TEST ROUTINE: shmem_ulong_atomic_add
[11:36:31.872] [INFO] shmem_malloc'd 8 bytes at 0xaaab40002250
[11:36:31.872] [INFO] set 0xaaab40002250 to 42
[11:36:31.872] [INFO] executing atomic add: dest = 0xaaab40002250, add_val = 10
[11:36:31.872] [INFO] atomic add on a unsigned long at 0xaaab40002250 produced expected result (42 + 10 = 52)
[11:36:31.873] ------ BEGIN TEST ROUTINE: shmem_ulonglong_atomic_add
[11:36:31.873] [INFO] shmem_malloc'd 8 bytes at 0xaaab40002250
[11:36:31.873] [INFO] set 0xaaab40002250 to 42
[11:36:31.873] [INFO] executing atomic add: dest = 0xaaab40002250, add_val = 10
[11:36:31.873] [INFO] atomic add on a unsigned long long at 0xaaab40002250 produced expected result (42 + 10 = 52)
[11:36:31.873] ------ BEGIN TEST ROUTINE: shmem_int32_atomic_add
[11:36:31.873] [INFO] shmem_malloc'd 4 bytes at 0xaaab40002250
[11:36:31.873] [INFO] set 0xaaab40002250 to 42
[11:36:31.873] [INFO] executing atomic add: dest = 0xaaab40002250, add_val = 10
[11:36:31.873] [INFO] atomic add on a int32_t at 0xaaab40002250 produced expected result (42 + 10 = 52)
[11:36:31.873] ------ BEGIN TEST ROUTINE: shmem_int64_atomic_add
[11:36:31.873] [INFO] shmem_malloc'd 8 bytes at 0xaaab40002250
[11:36:31.873] [INFO] set 0xaaab40002250 to 42
[11:36:31.873] [INFO] executing atomic add: dest = 0xaaab40002250, add_val = 10
[11:36:31.874] [INFO] atomic add on a int64_t at 0xaaab40002250 produced expected result (42 + 10 = 52)
[11:36:31.874] ------ BEGIN TEST ROUTINE: shmem_uint32_atomic_add
[11:36:31.874] [INFO] shmem_malloc'd 4 bytes at 0xaaab40002250
[11:36:31.874] [INFO] set 0xaaab40002250 to 42
[11:36:31.874] [INFO] executing atomic add: dest = 0xaaab40002250, add_val = 10
[11:36:31.874] [INFO] atomic add on a uint32_t at 0xaaab40002250 produced expected result (42 + 10 = 52)
[11:36:31.874] ------ BEGIN TEST ROUTINE: shmem_uint64_atomic_add
[11:36:31.874] [INFO] shmem_malloc'd 8 bytes at 0xaaab40002250
[11:36:31.874] [INFO] set 0xaaab40002250 to 42
[11:36:31.874] [INFO] executing atomic add: dest = 0xaaab40002250, add_val = 10
[11:36:31.874] [INFO] atomic add on a uint64_t at 0xaaab40002250 produced expected result (42 + 10 = 52)
[11:36:31.874] ------ BEGIN TEST ROUTINE: shmem_size_atomic_add
[11:36:31.874] [INFO] shmem_malloc'd 8 bytes at 0xaaab40002250
[11:36:31.875] [INFO] set 0xaaab40002250 to 42
[11:36:31.875] [INFO] executing atomic add: dest = 0xaaab40002250, add_val = 10
[11:36:31.875] [INFO] atomic add on a size_t at 0xaaab40002250 produced expected result (42 + 10 = 52)
[11:36:31.875] ------ BEGIN TEST ROUTINE: shmem_ptrdiff_atomic_add
[11:36:31.875] [INFO] shmem_malloc'd 8 bytes at 0xaaab40002250
[11:36:31.875] [INFO] set 0xaaab40002250 to 42
[11:36:31.875] [INFO] executing atomic add: dest = 0xaaab40002250, add_val = 10
[11:36:31.875] [INFO] atomic add on a ptrdiff_t at 0xaaab40002250 produced expected result (42 + 10 = 52)
---------- END TEST: PASSED
