---------- BEGIN TEST: /root/lanl/vv/shmemvv_logs/src/unit/c/rma/c_shmem_put_nbi.c
[16:28:12.907] ------ BEGIN TEST ROUTINE: shmem_long_put_nbi()
[16:28:12.907] [INFO] Allocated static arrays: src at 0xaaaabc680200, dest at 0xaaaabc680250
[16:28:12.907] [INFO] Running on PE 0 of 2 total PEs
[16:28:12.907] [INFO] PE 0: Initialized src[0] = 0
[16:28:12.907] [INFO] PE 0: Initialized src[1] = 1
[16:28:12.907] [INFO] PE 0: Initialized src[2] = 2
[16:28:12.907] [INFO] PE 0: Initialized src[3] = 3
[16:28:12.907] [INFO] PE 0: Initialized src[4] = 4
[16:28:12.907] [INFO] PE 0: Initialized src[5] = 5
[16:28:12.907] [INFO] PE 0: Initialized src[6] = 6
[16:28:12.907] [INFO] PE 0: Initialized src[7] = 7
[16:28:12.907] [INFO] PE 0: Initialized src[8] = 8
[16:28:12.907] [INFO] PE 0: Initialized src[9] = 9
[16:28:12.907] [INFO] Completed barrier synchronization
[16:28:12.907] [INFO] PE 0: Starting non-blocking put operation to PE 1
[16:28:12.907] [INFO] PE 0: dest=0xaaaabc680250, src=0xaaaabc680200, nelems=10
[16:28:12.907] [INFO] PE 0: Completed put operation and quiet
[16:28:12.907] [INFO] Completed barrier synchronization
[16:28:12.907] [INFO] PE 0: Waiting for PE 1 to complete validation
[16:28:12.907] ------ BEGIN TEST ROUTINE: shmem_double_put_nbi()
[16:28:12.907] [INFO] Allocated static arrays: src at 0xaaaabc6802a0, dest at 0xaaaabc6802f0
[16:28:12.907] [INFO] Running on PE 0 of 2 total PEs
[16:28:12.907] [INFO] PE 0: Initialized src[0] = 0
[16:28:12.907] [INFO] PE 0: Initialized src[1] = 1
[16:28:12.907] [INFO] PE 0: Initialized src[2] = 2
[16:28:12.907] [INFO] PE 0: Initialized src[3] = 3
[16:28:12.907] [INFO] PE 0: Initialized src[4] = 4
[16:28:12.907] [INFO] PE 0: Initialized src[5] = 5
[16:28:12.907] [INFO] PE 0: Initialized src[6] = 6
[16:28:12.907] [INFO] PE 0: Initialized src[7] = 7
[16:28:12.907] [INFO] PE 0: Initialized src[8] = 8
[16:28:12.907] [INFO] PE 0: Initialized src[9] = 9
[16:28:12.907] [INFO] Completed barrier synchronization
[16:28:12.907] [INFO] PE 0: Starting non-blocking put operation to PE 1
[16:28:12.907] [INFO] PE 0: dest=0xaaaabc6802f0, src=0xaaaabc6802a0, nelems=10
[16:28:12.907] [INFO] PE 0: Completed put operation and quiet
[16:28:12.908] [INFO] Completed barrier synchronization
[16:28:12.908] [INFO] PE 0: Waiting for PE 1 to complete validation
[16:28:12.908] ------ BEGIN TEST ROUTINE: shmem_longdouble_put_nbi()
[16:28:12.908] [INFO] Allocated static arrays: src at 0xaaaabc680340, dest at 0xaaaabc6803e0
[16:28:12.908] [INFO] Running on PE 0 of 2 total PEs
[16:28:12.908] [INFO] PE 0: Initialized src[0] = 0
[16:28:12.908] [INFO] PE 0: Initialized src[1] = 1
[16:28:12.908] [INFO] PE 0: Initialized src[2] = 2
[16:28:12.908] [INFO] PE 0: Initialized src[3] = 3
[16:28:12.908] [INFO] PE 0: Initialized src[4] = 4
[16:28:12.908] [INFO] PE 0: Initialized src[5] = 5
[16:28:12.908] [INFO] PE 0: Initialized src[6] = 6
[16:28:12.908] [INFO] PE 0: Initialized src[7] = 7
[16:28:12.908] [INFO] PE 0: Initialized src[8] = 8
[16:28:12.908] [INFO] PE 0: Initialized src[9] = 9
[16:28:12.908] [INFO] Completed barrier synchronization
[16:28:12.908] [INFO] PE 0: Starting non-blocking put operation to PE 1
[16:28:12.908] [INFO] PE 0: dest=0xaaaabc6803e0, src=0xaaaabc680340, nelems=10
[16:28:12.908] [INFO] PE 0: Completed put operation and quiet
[16:28:12.908] [INFO] Completed barrier synchronization
[16:28:12.908] [INFO] PE 0: Waiting for PE 1 to complete validation
[16:28:12.908] ------ BEGIN TEST ROUTINE: shmem_char_put_nbi()
[16:28:12.908] [INFO] Allocated static arrays: src at 0xaaaabc680480, dest at 0xaaaabc680490
[16:28:12.908] [INFO] Running on PE 0 of 2 total PEs
[16:28:12.908] [INFO] PE 0: Initialized src[0] = 0
[16:28:12.908] [INFO] PE 0: Initialized src[1] = 1
[16:28:12.908] [INFO] PE 0: Initialized src[2] = 2
[16:28:12.908] [INFO] PE 0: Initialized src[3] = 3
[16:28:12.908] [INFO] PE 0: Initialized src[4] = 4
[16:28:12.908] [INFO] PE 0: Initialized src[5] = 5
[16:28:12.908] [INFO] PE 0: Initialized src[6] = 6
[16:28:12.908] [INFO] PE 0: Initialized src[7] = 7
[16:28:12.908] [INFO] PE 0: Initialized src[8] = 8
[16:28:12.908] [INFO] PE 0: Initialized src[9] = 9
[16:28:12.908] [INFO] Completed barrier synchronization
[16:28:12.908] [INFO] PE 0: Starting non-blocking put operation to PE 1
[16:28:12.908] [INFO] PE 0: dest=0xaaaabc680490, src=0xaaaabc680480, nelems=10
[16:28:12.908] [INFO] PE 0: Completed put operation and quiet
[16:28:12.908] [INFO] Completed barrier synchronization
[16:28:12.908] [INFO] PE 0: Waiting for PE 1 to complete validation
[16:28:12.908] ------ BEGIN TEST ROUTINE: shmem_schar_put_nbi()
[16:28:12.908] [INFO] Allocated static arrays: src at 0xaaaabc6804a0, dest at 0xaaaabc6804b0
[16:28:12.908] [INFO] Running on PE 0 of 2 total PEs
[16:28:12.908] [INFO] PE 0: Initialized src[0] = 0
[16:28:12.908] [INFO] PE 0: Initialized src[1] = 1
[16:28:12.908] [INFO] PE 0: Initialized src[2] = 2
[16:28:12.908] [INFO] PE 0: Initialized src[3] = 3
[16:28:12.908] [INFO] PE 0: Initialized src[4] = 4
[16:28:12.908] [INFO] PE 0: Initialized src[5] = 5
[16:28:12.908] [INFO] PE 0: Initialized src[6] = 6
[16:28:12.908] [INFO] PE 0: Initialized src[7] = 7
[16:28:12.908] [INFO] PE 0: Initialized src[8] = 8
[16:28:12.908] [INFO] PE 0: Initialized src[9] = 9
[16:28:12.908] [INFO] Completed barrier synchronization
[16:28:12.908] [INFO] PE 0: Starting non-blocking put operation to PE 1
[16:28:12.908] [INFO] PE 0: dest=0xaaaabc6804b0, src=0xaaaabc6804a0, nelems=10
[16:28:12.908] [INFO] PE 0: Completed put operation and quiet
[16:28:12.908] [INFO] Completed barrier synchronization
[16:28:12.908] [INFO] PE 0: Waiting for PE 1 to complete validation
[16:28:12.908] ------ BEGIN TEST ROUTINE: shmem_short_put_nbi()
[16:28:12.908] [INFO] Allocated static arrays: src at 0xaaaabc6804c0, dest at 0xaaaabc6804d8
[16:28:12.908] [INFO] Running on PE 0 of 2 total PEs
[16:28:12.908] [INFO] PE 0: Initialized src[0] = 0
[16:28:12.908] [INFO] PE 0: Initialized src[1] = 1
[16:28:12.908] [INFO] PE 0: Initialized src[2] = 2
[16:28:12.908] [INFO] PE 0: Initialized src[3] = 3
[16:28:12.908] [INFO] PE 0: Initialized src[4] = 4
[16:28:12.908] [INFO] PE 0: Initialized src[5] = 5
[16:28:12.908] [INFO] PE 0: Initialized src[6] = 6
[16:28:12.908] [INFO] PE 0: Initialized src[7] = 7
[16:28:12.908] [INFO] PE 0: Initialized src[8] = 8
[16:28:12.908] [INFO] PE 0: Initialized src[9] = 9
[16:28:12.908] [INFO] Completed barrier synchronization
[16:28:12.908] [INFO] PE 0: Starting non-blocking put operation to PE 1
[16:28:12.908] [INFO] PE 0: dest=0xaaaabc6804d8, src=0xaaaabc6804c0, nelems=10
[16:28:12.908] [INFO] PE 0: Completed put operation and quiet
[16:28:12.908] [INFO] Completed barrier synchronization
[16:28:12.908] [INFO] PE 0: Waiting for PE 1 to complete validation
[16:28:12.908] ------ BEGIN TEST ROUTINE: shmem_int_put_nbi()
[16:28:12.908] [INFO] Allocated static arrays: src at 0xaaaabc6804f0, dest at 0xaaaabc680518
[16:28:12.908] [INFO] Running on PE 0 of 2 total PEs
[16:28:12.908] [INFO] PE 0: Initialized src[0] = 0
[16:28:12.908] [INFO] PE 0: Initialized src[1] = 1
[16:28:12.908] [INFO] PE 0: Initialized src[2] = 2
[16:28:12.908] [INFO] PE 0: Initialized src[3] = 3
[16:28:12.908] [INFO] PE 0: Initialized src[4] = 4
[16:28:12.908] [INFO] PE 0: Initialized src[5] = 5
[16:28:12.908] [INFO] PE 0: Initialized src[6] = 6
[16:28:12.908] [INFO] PE 0: Initialized src[7] = 7
[16:28:12.908] [INFO] PE 0: Initialized src[8] = 8
[16:28:12.908] [INFO] PE 0: Initialized src[9] = 9
[16:28:12.908] [INFO] Completed barrier synchronization
[16:28:12.908] [INFO] PE 0: Starting non-blocking put operation to PE 1
[16:28:12.908] [INFO] PE 0: dest=0xaaaabc680518, src=0xaaaabc6804f0, nelems=10
[16:28:12.909] [INFO] PE 0: Completed put operation and quiet
[16:28:12.909] [INFO] Completed barrier synchronization
[16:28:12.909] [INFO] PE 0: Waiting for PE 1 to complete validation
[16:28:12.909] ------ BEGIN TEST ROUTINE: shmem_long_put_nbi()
[16:28:12.909] [INFO] Allocated static arrays: src at 0xaaaabc680540, dest at 0xaaaabc680590
[16:28:12.909] [INFO] Running on PE 0 of 2 total PEs
[16:28:12.909] [INFO] PE 0: Initialized src[0] = 0
[16:28:12.909] [INFO] PE 0: Initialized src[1] = 1
[16:28:12.909] [INFO] PE 0: Initialized src[2] = 2
[16:28:12.909] [INFO] PE 0: Initialized src[3] = 3
[16:28:12.909] [INFO] PE 0: Initialized src[4] = 4
[16:28:12.909] [INFO] PE 0: Initialized src[5] = 5
[16:28:12.909] [INFO] PE 0: Initialized src[6] = 6
[16:28:12.909] [INFO] PE 0: Initialized src[7] = 7
[16:28:12.909] [INFO] PE 0: Initialized src[8] = 8
[16:28:12.909] [INFO] PE 0: Initialized src[9] = 9
[16:28:12.909] [INFO] Completed barrier synchronization
[16:28:12.909] [INFO] PE 0: Starting non-blocking put operation to PE 1
[16:28:12.909] [INFO] PE 0: dest=0xaaaabc680590, src=0xaaaabc680540, nelems=10
[16:28:12.909] [INFO] PE 0: Completed put operation and quiet
[16:28:12.909] [INFO] Completed barrier synchronization
[16:28:12.909] [INFO] PE 0: Waiting for PE 1 to complete validation
[16:28:12.909] ------ BEGIN TEST ROUTINE: shmem_longlong_put_nbi()
[16:28:12.909] [INFO] Allocated static arrays: src at 0xaaaabc6805e0, dest at 0xaaaabc680630
[16:28:12.909] [INFO] Running on PE 0 of 2 total PEs
[16:28:12.909] [INFO] PE 0: Initialized src[0] = 0
[16:28:12.909] [INFO] PE 0: Initialized src[1] = 1
[16:28:12.909] [INFO] PE 0: Initialized src[2] = 2
[16:28:12.909] [INFO] PE 0: Initialized src[3] = 3
[16:28:12.909] [INFO] PE 0: Initialized src[4] = 4
[16:28:12.909] [INFO] PE 0: Initialized src[5] = 5
[16:28:12.909] [INFO] PE 0: Initialized src[6] = 6
[16:28:12.909] [INFO] PE 0: Initialized src[7] = 7
[16:28:12.909] [INFO] PE 0: Initialized src[8] = 8
[16:28:12.909] [INFO] PE 0: Initialized src[9] = 9
[16:28:12.909] [INFO] Completed barrier synchronization
[16:28:12.909] [INFO] PE 0: Starting non-blocking put operation to PE 1
[16:28:12.909] [INFO] PE 0: dest=0xaaaabc680630, src=0xaaaabc6805e0, nelems=10
[16:28:12.909] [INFO] PE 0: Completed put operation and quiet
[16:28:12.909] [INFO] Completed barrier synchronization
[16:28:12.909] [INFO] PE 0: Waiting for PE 1 to complete validation
[16:28:12.909] ------ BEGIN TEST ROUTINE: shmem_uchar_put_nbi()
[16:28:12.909] [INFO] Allocated static arrays: src at 0xaaaabc680680, dest at 0xaaaabc680690
[16:28:12.909] [INFO] Running on PE 0 of 2 total PEs
[16:28:12.909] [INFO] PE 0: Initialized src[0] = 0
[16:28:12.909] [INFO] PE 0: Initialized src[1] = 1
[16:28:12.909] [INFO] PE 0: Initialized src[2] = 2
[16:28:12.909] [INFO] PE 0: Initialized src[3] = 3
[16:28:12.909] [INFO] PE 0: Initialized src[4] = 4
[16:28:12.909] [INFO] PE 0: Initialized src[5] = 5
[16:28:12.909] [INFO] PE 0: Initialized src[6] = 6
[16:28:12.909] [INFO] PE 0: Initialized src[7] = 7
[16:28:12.909] [INFO] PE 0: Initialized src[8] = 8
[16:28:12.909] [INFO] PE 0: Initialized src[9] = 9
[16:28:12.909] [INFO] Completed barrier synchronization
[16:28:12.909] [INFO] PE 0: Starting non-blocking put operation to PE 1
[16:28:12.909] [INFO] PE 0: dest=0xaaaabc680690, src=0xaaaabc680680, nelems=10
[16:28:12.909] [INFO] PE 0: Completed put operation and quiet
[16:28:12.909] [INFO] Completed barrier synchronization
[16:28:12.909] [INFO] PE 0: Waiting for PE 1 to complete validation
[16:28:12.909] ------ BEGIN TEST ROUTINE: shmem_ushort_put_nbi()
[16:28:12.909] [INFO] Allocated static arrays: src at 0xaaaabc6806a0, dest at 0xaaaabc6806b8
[16:28:12.909] [INFO] Running on PE 0 of 2 total PEs
[16:28:12.909] [INFO] PE 0: Initialized src[0] = 0
[16:28:12.909] [INFO] PE 0: Initialized src[1] = 1
[16:28:12.909] [INFO] PE 0: Initialized src[2] = 2
[16:28:12.909] [INFO] PE 0: Initialized src[3] = 3
[16:28:12.909] [INFO] PE 0: Initialized src[4] = 4
[16:28:12.909] [INFO] PE 0: Initialized src[5] = 5
[16:28:12.909] [INFO] PE 0: Initialized src[6] = 6
[16:28:12.909] [INFO] PE 0: Initialized src[7] = 7
[16:28:12.909] [INFO] PE 0: Initialized src[8] = 8
[16:28:12.909] [INFO] PE 0: Initialized src[9] = 9
[16:28:12.909] [INFO] Completed barrier synchronization
[16:28:12.909] [INFO] PE 0: Starting non-blocking put operation to PE 1
[16:28:12.909] [INFO] PE 0: dest=0xaaaabc6806b8, src=0xaaaabc6806a0, nelems=10
[16:28:12.909] [INFO] PE 0: Completed put operation and quiet
[16:28:12.909] [INFO] Completed barrier synchronization
[16:28:12.909] [INFO] PE 0: Waiting for PE 1 to complete validation
[16:28:12.909] ------ BEGIN TEST ROUTINE: shmem_uint_put_nbi()
[16:28:12.909] [INFO] Allocated static arrays: src at 0xaaaabc6806d0, dest at 0xaaaabc6806f8
[16:28:12.909] [INFO] Running on PE 0 of 2 total PEs
[16:28:12.909] [INFO] PE 0: Initialized src[0] = 0
[16:28:12.909] [INFO] PE 0: Initialized src[1] = 1
[16:28:12.910] [INFO] PE 0: Initialized src[2] = 2
[16:28:12.910] [INFO] PE 0: Initialized src[3] = 3
[16:28:12.910] [INFO] PE 0: Initialized src[4] = 4
[16:28:12.910] [INFO] PE 0: Initialized src[5] = 5
[16:28:12.910] [INFO] PE 0: Initialized src[6] = 6
[16:28:12.910] [INFO] PE 0: Initialized src[7] = 7
[16:28:12.910] [INFO] PE 0: Initialized src[8] = 8
[16:28:12.910] [INFO] PE 0: Initialized src[9] = 9
[16:28:12.910] [INFO] Completed barrier synchronization
[16:28:12.910] [INFO] PE 0: Starting non-blocking put operation to PE 1
[16:28:12.910] [INFO] PE 0: dest=0xaaaabc6806f8, src=0xaaaabc6806d0, nelems=10
[16:28:12.910] [INFO] PE 0: Completed put operation and quiet
[16:28:12.910] [INFO] Completed barrier synchronization
[16:28:12.910] [INFO] PE 0: Waiting for PE 1 to complete validation
[16:28:12.910] ------ BEGIN TEST ROUTINE: shmem_ulong_put_nbi()
[16:28:12.910] [INFO] Allocated static arrays: src at 0xaaaabc680720, dest at 0xaaaabc680770
[16:28:12.910] [INFO] Running on PE 0 of 2 total PEs
[16:28:12.910] [INFO] PE 0: Initialized src[0] = 0
[16:28:12.910] [INFO] PE 0: Initialized src[1] = 1
[16:28:12.910] [INFO] PE 0: Initialized src[2] = 2
[16:28:12.910] [INFO] PE 0: Initialized src[3] = 3
[16:28:12.910] [INFO] PE 0: Initialized src[4] = 4
[16:28:12.910] [INFO] PE 0: Initialized src[5] = 5
[16:28:12.910] [INFO] PE 0: Initialized src[6] = 6
[16:28:12.910] [INFO] PE 0: Initialized src[7] = 7
[16:28:12.910] [INFO] PE 0: Initialized src[8] = 8
[16:28:12.910] [INFO] PE 0: Initialized src[9] = 9
[16:28:12.910] [INFO] Completed barrier synchronization
[16:28:12.910] [INFO] PE 0: Starting non-blocking put operation to PE 1
[16:28:12.910] [INFO] PE 0: dest=0xaaaabc680770, src=0xaaaabc680720, nelems=10
[16:28:12.910] [INFO] PE 0: Completed put operation and quiet
[16:28:12.910] [INFO] Completed barrier synchronization
[16:28:12.910] [INFO] PE 0: Waiting for PE 1 to complete validation
[16:28:12.910] ------ BEGIN TEST ROUTINE: shmem_ulonglong_put_nbi()
[16:28:12.910] [INFO] Allocated static arrays: src at 0xaaaabc6807c0, dest at 0xaaaabc680810
[16:28:12.910] [INFO] Running on PE 0 of 2 total PEs
[16:28:12.910] [INFO] PE 0: Initialized src[0] = 0
[16:28:12.910] [INFO] PE 0: Initialized src[1] = 1
[16:28:12.910] [INFO] PE 0: Initialized src[2] = 2
[16:28:12.910] [INFO] PE 0: Initialized src[3] = 3
[16:28:12.910] [INFO] PE 0: Initialized src[4] = 4
[16:28:12.910] [INFO] PE 0: Initialized src[5] = 5
[16:28:12.910] [INFO] PE 0: Initialized src[6] = 6
[16:28:12.910] [INFO] PE 0: Initialized src[7] = 7
[16:28:12.910] [INFO] PE 0: Initialized src[8] = 8
[16:28:12.910] [INFO] PE 0: Initialized src[9] = 9
[16:28:12.910] [INFO] Completed barrier synchronization
[16:28:12.910] [INFO] PE 0: Starting non-blocking put operation to PE 1
[16:28:12.910] [INFO] PE 0: dest=0xaaaabc680810, src=0xaaaabc6807c0, nelems=10
[16:28:12.910] [INFO] PE 0: Completed put operation and quiet
[16:28:12.910] [INFO] Completed barrier synchronization
[16:28:12.910] [INFO] PE 0: Waiting for PE 1 to complete validation
[16:28:12.910] ------ BEGIN TEST ROUTINE: shmem_int8_put_nbi()
[16:28:12.910] [INFO] Allocated static arrays: src at 0xaaaabc680860, dest at 0xaaaabc680870
[16:28:12.910] [INFO] Running on PE 0 of 2 total PEs
[16:28:12.910] [INFO] PE 0: Initialized src[0] = 0
[16:28:12.910] [INFO] PE 0: Initialized src[1] = 1
[16:28:12.910] [INFO] PE 0: Initialized src[2] = 2
[16:28:12.910] [INFO] PE 0: Initialized src[3] = 3
[16:28:12.910] [INFO] PE 0: Initialized src[4] = 4
[16:28:12.910] [INFO] PE 0: Initialized src[5] = 5
[16:28:12.910] [INFO] PE 0: Initialized src[6] = 6
[16:28:12.910] [INFO] PE 0: Initialized src[7] = 7
[16:28:12.910] [INFO] PE 0: Initialized src[8] = 8
[16:28:12.910] [INFO] PE 0: Initialized src[9] = 9
[16:28:12.910] [INFO] Completed barrier synchronization
[16:28:12.910] [INFO] PE 0: Starting non-blocking put operation to PE 1
[16:28:12.910] [INFO] PE 0: dest=0xaaaabc680870, src=0xaaaabc680860, nelems=10
[16:28:12.910] [INFO] PE 0: Completed put operation and quiet
[16:28:12.910] [INFO] Completed barrier synchronization
[16:28:12.910] [INFO] PE 0: Waiting for PE 1 to complete validation
[16:28:12.910] ------ BEGIN TEST ROUTINE: shmem_int16_put_nbi()
[16:28:12.910] [INFO] Allocated static arrays: src at 0xaaaabc680880, dest at 0xaaaabc680898
[16:28:12.910] [INFO] Running on PE 0 of 2 total PEs
[16:28:12.910] [INFO] PE 0: Initialized src[0] = 0
[16:28:12.910] [INFO] PE 0: Initialized src[1] = 1
[16:28:12.910] [INFO] PE 0: Initialized src[2] = 2
[16:28:12.910] [INFO] PE 0: Initialized src[3] = 3
[16:28:12.910] [INFO] PE 0: Initialized src[4] = 4
[16:28:12.910] [INFO] PE 0: Initialized src[5] = 5
[16:28:12.910] [INFO] PE 0: Initialized src[6] = 6
[16:28:12.910] [INFO] PE 0: Initialized src[7] = 7
[16:28:12.910] [INFO] PE 0: Initialized src[8] = 8
[16:28:12.910] [INFO] PE 0: Initialized src[9] = 9
[16:28:12.910] [INFO] Completed barrier synchronization
[16:28:12.910] [INFO] PE 0: Starting non-blocking put operation to PE 1
[16:28:12.910] [INFO] PE 0: dest=0xaaaabc680898, src=0xaaaabc680880, nelems=10
[16:28:12.911] [INFO] PE 0: Completed put operation and quiet
[16:28:12.911] [INFO] Completed barrier synchronization
[16:28:12.911] [INFO] PE 0: Waiting for PE 1 to complete validation
[16:28:12.911] ------ BEGIN TEST ROUTINE: shmem_int32_put_nbi()
[16:28:12.911] [INFO] Allocated static arrays: src at 0xaaaabc6808b0, dest at 0xaaaabc6808d8
[16:28:12.911] [INFO] Running on PE 0 of 2 total PEs
[16:28:12.911] [INFO] PE 0: Initialized src[0] = 0
[16:28:12.911] [INFO] PE 0: Initialized src[1] = 1
[16:28:12.911] [INFO] PE 0: Initialized src[2] = 2
[16:28:12.911] [INFO] PE 0: Initialized src[3] = 3
[16:28:12.911] [INFO] PE 0: Initialized src[4] = 4
[16:28:12.911] [INFO] PE 0: Initialized src[5] = 5
[16:28:12.911] [INFO] PE 0: Initialized src[6] = 6
[16:28:12.911] [INFO] PE 0: Initialized src[7] = 7
[16:28:12.911] [INFO] PE 0: Initialized src[8] = 8
[16:28:12.911] [INFO] PE 0: Initialized src[9] = 9
[16:28:12.911] [INFO] Completed barrier synchronization
[16:28:12.911] [INFO] PE 0: Starting non-blocking put operation to PE 1
[16:28:12.911] [INFO] PE 0: dest=0xaaaabc6808d8, src=0xaaaabc6808b0, nelems=10
[16:28:12.911] [INFO] PE 0: Completed put operation and quiet
[16:28:12.911] [INFO] Completed barrier synchronization
[16:28:12.911] [INFO] PE 0: Waiting for PE 1 to complete validation
[16:28:12.911] ------ BEGIN TEST ROUTINE: shmem_int64_put_nbi()
[16:28:12.911] [INFO] Allocated static arrays: src at 0xaaaabc680900, dest at 0xaaaabc680950
[16:28:12.911] [INFO] Running on PE 0 of 2 total PEs
[16:28:12.911] [INFO] PE 0: Initialized src[0] = 0
[16:28:12.911] [INFO] PE 0: Initialized src[1] = 1
[16:28:12.911] [INFO] PE 0: Initialized src[2] = 2
[16:28:12.911] [INFO] PE 0: Initialized src[3] = 3
[16:28:12.911] [INFO] PE 0: Initialized src[4] = 4
[16:28:12.911] [INFO] PE 0: Initialized src[5] = 5
[16:28:12.911] [INFO] PE 0: Initialized src[6] = 6
[16:28:12.911] [INFO] PE 0: Initialized src[7] = 7
[16:28:12.911] [INFO] PE 0: Initialized src[8] = 8
[16:28:12.911] [INFO] PE 0: Initialized src[9] = 9
[16:28:12.911] [INFO] Completed barrier synchronization
[16:28:12.911] [INFO] PE 0: Starting non-blocking put operation to PE 1
[16:28:12.911] [INFO] PE 0: dest=0xaaaabc680950, src=0xaaaabc680900, nelems=10
[16:28:12.911] [INFO] PE 0: Completed put operation and quiet
[16:28:12.911] [INFO] Completed barrier synchronization
[16:28:12.911] [INFO] PE 0: Waiting for PE 1 to complete validation
[16:28:12.911] ------ BEGIN TEST ROUTINE: shmem_uint8_put_nbi()
[16:28:12.911] [INFO] Allocated static arrays: src at 0xaaaabc6809a0, dest at 0xaaaabc6809b0
[16:28:12.911] [INFO] Running on PE 0 of 2 total PEs
[16:28:12.911] [INFO] PE 0: Initialized src[0] = 0
[16:28:12.911] [INFO] PE 0: Initialized src[1] = 1
[16:28:12.911] [INFO] PE 0: Initialized src[2] = 2
[16:28:12.911] [INFO] PE 0: Initialized src[3] = 3
[16:28:12.911] [INFO] PE 0: Initialized src[4] = 4
[16:28:12.911] [INFO] PE 0: Initialized src[5] = 5
[16:28:12.911] [INFO] PE 0: Initialized src[6] = 6
[16:28:12.911] [INFO] PE 0: Initialized src[7] = 7
[16:28:12.911] [INFO] PE 0: Initialized src[8] = 8
[16:28:12.911] [INFO] PE 0: Initialized src[9] = 9
[16:28:12.911] [INFO] Completed barrier synchronization
[16:28:12.911] [INFO] PE 0: Starting non-blocking put operation to PE 1
[16:28:12.911] [INFO] PE 0: dest=0xaaaabc6809b0, src=0xaaaabc6809a0, nelems=10
[16:28:12.911] [INFO] PE 0: Completed put operation and quiet
[16:28:12.911] [INFO] Completed barrier synchronization
[16:28:12.911] [INFO] PE 0: Waiting for PE 1 to complete validation
[16:28:12.911] ------ BEGIN TEST ROUTINE: shmem_uint16_put_nbi()
[16:28:12.911] [INFO] Allocated static arrays: src at 0xaaaabc6809c0, dest at 0xaaaabc6809d8
[16:28:12.911] [INFO] Running on PE 0 of 2 total PEs
[16:28:12.911] [INFO] PE 0: Initialized src[0] = 0
[16:28:12.911] [INFO] PE 0: Initialized src[1] = 1
[16:28:12.911] [INFO] PE 0: Initialized src[2] = 2
[16:28:12.911] [INFO] PE 0: Initialized src[3] = 3
[16:28:12.911] [INFO] PE 0: Initialized src[4] = 4
[16:28:12.911] [INFO] PE 0: Initialized src[5] = 5
[16:28:12.911] [INFO] PE 0: Initialized src[6] = 6
[16:28:12.911] [INFO] PE 0: Initialized src[7] = 7
[16:28:12.911] [INFO] PE 0: Initialized src[8] = 8
[16:28:12.911] [INFO] PE 0: Initialized src[9] = 9
[16:28:12.911] [INFO] Completed barrier synchronization
[16:28:12.911] [INFO] PE 0: Starting non-blocking put operation to PE 1
[16:28:12.911] [INFO] PE 0: dest=0xaaaabc6809d8, src=0xaaaabc6809c0, nelems=10
[16:28:12.912] [INFO] PE 0: Completed put operation and quiet
[16:28:12.912] [INFO] Completed barrier synchronization
[16:28:12.912] [INFO] PE 0: Waiting for PE 1 to complete validation
[16:28:12.912] ------ BEGIN TEST ROUTINE: shmem_uint32_put_nbi()
[16:28:12.912] [INFO] Allocated static arrays: src at 0xaaaabc6809f0, dest at 0xaaaabc680a18
[16:28:12.912] [INFO] Running on PE 0 of 2 total PEs
[16:28:12.912] [INFO] PE 0: Initialized src[0] = 0
[16:28:12.912] [INFO] PE 0: Initialized src[1] = 1
[16:28:12.912] [INFO] PE 0: Initialized src[2] = 2
[16:28:12.912] [INFO] PE 0: Initialized src[3] = 3
[16:28:12.912] [INFO] PE 0: Initialized src[4] = 4
[16:28:12.912] [INFO] PE 0: Initialized src[5] = 5
[16:28:12.912] [INFO] PE 0: Initialized src[6] = 6
[16:28:12.912] [INFO] PE 0: Initialized src[7] = 7
[16:28:12.912] [INFO] PE 0: Initialized src[8] = 8
[16:28:12.912] [INFO] PE 0: Initialized src[9] = 9
[16:28:12.912] [INFO] Completed barrier synchronization
[16:28:12.912] [INFO] PE 0: Starting non-blocking put operation to PE 1
[16:28:12.912] [INFO] PE 0: dest=0xaaaabc680a18, src=0xaaaabc6809f0, nelems=10
[16:28:12.912] [INFO] PE 0: Completed put operation and quiet
[16:28:12.912] [INFO] Completed barrier synchronization
[16:28:12.912] [INFO] PE 0: Waiting for PE 1 to complete validation
[16:28:12.912] ------ BEGIN TEST ROUTINE: shmem_uint64_put_nbi()
[16:28:12.912] [INFO] Allocated static arrays: src at 0xaaaabc680a40, dest at 0xaaaabc680a90
[16:28:12.912] [INFO] Running on PE 0 of 2 total PEs
[16:28:12.912] [INFO] PE 0: Initialized src[0] = 0
[16:28:12.912] [INFO] PE 0: Initialized src[1] = 1
[16:28:12.912] [INFO] PE 0: Initialized src[2] = 2
[16:28:12.912] [INFO] PE 0: Initialized src[3] = 3
[16:28:12.912] [INFO] PE 0: Initialized src[4] = 4
[16:28:12.912] [INFO] PE 0: Initialized src[5] = 5
[16:28:12.912] [INFO] PE 0: Initialized src[6] = 6
[16:28:12.912] [INFO] PE 0: Initialized src[7] = 7
[16:28:12.912] [INFO] PE 0: Initialized src[8] = 8
[16:28:12.912] [INFO] PE 0: Initialized src[9] = 9
[16:28:12.912] [INFO] Completed barrier synchronization
[16:28:12.912] [INFO] PE 0: Starting non-blocking put operation to PE 1
[16:28:12.912] [INFO] PE 0: dest=0xaaaabc680a90, src=0xaaaabc680a40, nelems=10
[16:28:12.912] [INFO] PE 0: Completed put operation and quiet
[16:28:12.912] [INFO] Completed barrier synchronization
[16:28:12.912] [INFO] PE 0: Waiting for PE 1 to complete validation
[16:28:12.912] ------ BEGIN TEST ROUTINE: shmem_size_put_nbi()
[16:28:12.912] [INFO] Allocated static arrays: src at 0xaaaabc680ae0, dest at 0xaaaabc680b30
[16:28:12.912] [INFO] Running on PE 0 of 2 total PEs
[16:28:12.912] [INFO] PE 0: Initialized src[0] = 0
[16:28:12.912] [INFO] PE 0: Initialized src[1] = 1
[16:28:12.912] [INFO] PE 0: Initialized src[2] = 2
[16:28:12.912] [INFO] PE 0: Initialized src[3] = 3
[16:28:12.912] [INFO] PE 0: Initialized src[4] = 4
[16:28:12.912] [INFO] PE 0: Initialized src[5] = 5
[16:28:12.912] [INFO] PE 0: Initialized src[6] = 6
[16:28:12.912] [INFO] PE 0: Initialized src[7] = 7
[16:28:12.912] [INFO] PE 0: Initialized src[8] = 8
[16:28:12.912] [INFO] PE 0: Initialized src[9] = 9
[16:28:12.912] [INFO] Completed barrier synchronization
[16:28:12.912] [INFO] PE 0: Starting non-blocking put operation to PE 1
[16:28:12.912] [INFO] PE 0: dest=0xaaaabc680b30, src=0xaaaabc680ae0, nelems=10
[16:28:12.912] [INFO] PE 0: Completed put operation and quiet
[16:28:12.912] [INFO] Completed barrier synchronization
[16:28:12.912] [INFO] PE 0: Waiting for PE 1 to complete validation
[16:28:12.912] ------ BEGIN TEST ROUTINE: shmem_ptrdiff_put_nbi()
[16:28:12.912] [INFO] Allocated static arrays: src at 0xaaaabc680b80, dest at 0xaaaabc680bd0
[16:28:12.912] [INFO] Running on PE 0 of 2 total PEs
[16:28:12.912] [INFO] PE 0: Initialized src[0] = 0
[16:28:12.912] [INFO] PE 0: Initialized src[1] = 1
[16:28:12.912] [INFO] PE 0: Initialized src[2] = 2
[16:28:12.912] [INFO] PE 0: Initialized src[3] = 3
[16:28:12.912] [INFO] PE 0: Initialized src[4] = 4
[16:28:12.912] [INFO] PE 0: Initialized src[5] = 5
[16:28:12.912] [INFO] PE 0: Initialized src[6] = 6
[16:28:12.912] [INFO] PE 0: Initialized src[7] = 7
[16:28:12.912] [INFO] PE 0: Initialized src[8] = 8
[16:28:12.912] [INFO] PE 0: Initialized src[9] = 9
[16:28:12.912] [INFO] Completed barrier synchronization
[16:28:12.912] [INFO] PE 0: Starting non-blocking put operation to PE 1
[16:28:12.912] [INFO] PE 0: dest=0xaaaabc680bd0, src=0xaaaabc680b80, nelems=10
[16:28:12.912] [INFO] PE 0: Completed put operation and quiet
[16:28:12.912] [INFO] Completed barrier synchronization
[16:28:12.912] [INFO] PE 0: Waiting for PE 1 to complete validation
---------- END TEST: PASSED
