---------- BEGIN TEST: /root/lanl/vv/shmemvv_logs/src/unit/c/rma/c_shmem_get.c
[16:28:12.827] ------ BEGIN TEST ROUTINE: shmem_long_get()
[16:28:12.827] [INFO] Allocated static arrays: src at 0xaaaac9090200, dest at 0xaaaac9090250
[16:28:12.827] [INFO] Running on PE 0 of 2 total PEs
[16:28:12.827] [INFO] PE 0: Initialized src array with values [0..9]
[16:28:12.827] [INFO] Completed barrier synchronization
[16:28:12.827] [INFO] Completed barrier synchronization
[16:28:12.827] [INFO] PE 0: Waiting for PE 1 to complete validation
[16:28:12.827] ------ BEGIN TEST ROUTINE: shmem_double_get()
[16:28:12.827] [INFO] Allocated static arrays: src at 0xaaaac90902a0, dest at 0xaaaac90902f0
[16:28:12.827] [INFO] Running on PE 0 of 2 total PEs
[16:28:12.827] [INFO] PE 0: Initialized src array with values [0..9]
[16:28:12.828] [INFO] Completed barrier synchronization
[16:28:12.828] [INFO] Completed barrier synchronization
[16:28:12.828] [INFO] PE 0: Waiting for PE 1 to complete validation
[16:28:12.828] ------ BEGIN TEST ROUTINE: shmem_longdouble_get()
[16:28:12.828] [INFO] Allocated static arrays: src at 0xaaaac9090340, dest at 0xaaaac90903e0
[16:28:12.828] [INFO] Running on PE 0 of 2 total PEs
[16:28:12.828] [INFO] PE 0: Initialized src array with values [0..9]
[16:28:12.828] [INFO] Completed barrier synchronization
[16:28:12.828] [INFO] Completed barrier synchronization
[16:28:12.828] [INFO] PE 0: Waiting for PE 1 to complete validation
[16:28:12.828] ------ BEGIN TEST ROUTINE: shmem_char_get()
[16:28:12.828] [INFO] Allocated static arrays: src at 0xaaaac9090480, dest at 0xaaaac9090490
[16:28:12.828] [INFO] Running on PE 0 of 2 total PEs
[16:28:12.828] [INFO] PE 0: Initialized src array with values [0..9]
[16:28:12.828] [INFO] Completed barrier synchronization
[16:28:12.828] [INFO] Completed barrier synchronization
[16:28:12.828] [INFO] PE 0: Waiting for PE 1 to complete validation
[16:28:12.828] ------ BEGIN TEST ROUTINE: shmem_schar_get()
[16:28:12.828] [INFO] Allocated static arrays: src at 0xaaaac90904a0, dest at 0xaaaac90904b0
[16:28:12.828] [INFO] Running on PE 0 of 2 total PEs
[16:28:12.828] [INFO] PE 0: Initialized src array with values [0..9]
[16:28:12.828] [INFO] Completed barrier synchronization
[16:28:12.828] [INFO] Completed barrier synchronization
[16:28:12.828] [INFO] PE 0: Waiting for PE 1 to complete validation
[16:28:12.828] ------ BEGIN TEST ROUTINE: shmem_short_get()
[16:28:12.828] [INFO] Allocated static arrays: src at 0xaaaac90904c0, dest at 0xaaaac90904d8
[16:28:12.828] [INFO] Running on PE 0 of 2 total PEs
[16:28:12.828] [INFO] PE 0: Initialized src array with values [0..9]
[16:28:12.828] [INFO] Completed barrier synchronization
[16:28:12.828] [INFO] Completed barrier synchronization
[16:28:12.828] [INFO] PE 0: Waiting for PE 1 to complete validation
[16:28:12.828] ------ BEGIN TEST ROUTINE: shmem_int_get()
[16:28:12.828] [INFO] Allocated static arrays: src at 0xaaaac90904f0, dest at 0xaaaac9090518
[16:28:12.828] [INFO] Running on PE 0 of 2 total PEs
[16:28:12.828] [INFO] PE 0: Initialized src array with values [0..9]
[16:28:12.829] [INFO] Completed barrier synchronization
[16:28:12.829] [INFO] Completed barrier synchronization
[16:28:12.829] [INFO] PE 0: Waiting for PE 1 to complete validation
[16:28:12.829] ------ BEGIN TEST ROUTINE: shmem_long_get()
[16:28:12.829] [INFO] Allocated static arrays: src at 0xaaaac9090540, dest at 0xaaaac9090590
[16:28:12.829] [INFO] Running on PE 0 of 2 total PEs
[16:28:12.829] [INFO] PE 0: Initialized src array with values [0..9]
[16:28:12.829] [INFO] Completed barrier synchronization
[16:28:12.829] [INFO] Completed barrier synchronization
[16:28:12.829] [INFO] PE 0: Waiting for PE 1 to complete validation
[16:28:12.829] ------ BEGIN TEST ROUTINE: shmem_longlong_get()
[16:28:12.829] [INFO] Allocated static arrays: src at 0xaaaac90905e0, dest at 0xaaaac9090630
[16:28:12.829] [INFO] Running on PE 0 of 2 total PEs
[16:28:12.829] [INFO] PE 0: Initialized src array with values [0..9]
[16:28:12.829] [INFO] Completed barrier synchronization
[16:28:12.829] [INFO] Completed barrier synchronization
[16:28:12.829] [INFO] PE 0: Waiting for PE 1 to complete validation
[16:28:12.829] ------ BEGIN TEST ROUTINE: shmem_uchar_get()
[16:28:12.829] [INFO] Allocated static arrays: src at 0xaaaac9090680, dest at 0xaaaac9090690
[16:28:12.829] [INFO] Running on PE 0 of 2 total PEs
[16:28:12.829] [INFO] PE 0: Initialized src array with values [0..9]
[16:28:12.829] [INFO] Completed barrier synchronization
[16:28:12.829] [INFO] Completed barrier synchronization
[16:28:12.829] [INFO] PE 0: Waiting for PE 1 to complete validation
[16:28:12.829] ------ BEGIN TEST ROUTINE: shmem_ushort_get()
[16:28:12.829] [INFO] Allocated static arrays: src at 0xaaaac90906a0, dest at 0xaaaac90906b8
[16:28:12.829] [INFO] Running on PE 0 of 2 total PEs
[16:28:12.829] [INFO] PE 0: Initialized src array with values [0..9]
[16:28:12.829] [INFO] Completed barrier synchronization
[16:28:12.830] [INFO] Completed barrier synchronization
[16:28:12.830] [INFO] PE 0: Waiting for PE 1 to complete validation
[16:28:12.830] ------ BEGIN TEST ROUTINE: shmem_uint_get()
[16:28:12.830] [INFO] Allocated static arrays: src at 0xaaaac90906d0, dest at 0xaaaac90906f8
[16:28:12.830] [INFO] Running on PE 0 of 2 total PEs
[16:28:12.830] [INFO] PE 0: Initialized src array with values [0..9]
[16:28:12.830] [INFO] Completed barrier synchronization
[16:28:12.830] [INFO] Completed barrier synchronization
[16:28:12.830] [INFO] PE 0: Waiting for PE 1 to complete validation
[16:28:12.830] ------ BEGIN TEST ROUTINE: shmem_ulong_get()
[16:28:12.830] [INFO] Allocated static arrays: src at 0xaaaac9090720, dest at 0xaaaac9090770
[16:28:12.830] [INFO] Running on PE 0 of 2 total PEs
[16:28:12.830] [INFO] PE 0: Initialized src array with values [0..9]
[16:28:12.830] [INFO] Completed barrier synchronization
[16:28:12.830] [INFO] Completed barrier synchronization
[16:28:12.830] [INFO] PE 0: Waiting for PE 1 to complete validation
[16:28:12.830] ------ BEGIN TEST ROUTINE: shmem_ulonglong_get()
[16:28:12.830] [INFO] Allocated static arrays: src at 0xaaaac90907c0, dest at 0xaaaac9090810
[16:28:12.830] [INFO] Running on PE 0 of 2 total PEs
[16:28:12.830] [INFO] PE 0: Initialized src array with values [0..9]
[16:28:12.830] [INFO] Completed barrier synchronization
[16:28:12.830] [INFO] Completed barrier synchronization
[16:28:12.830] [INFO] PE 0: Waiting for PE 1 to complete validation
[16:28:12.830] ------ BEGIN TEST ROUTINE: shmem_int8_get()
[16:28:12.830] [INFO] Allocated static arrays: src at 0xaaaac9090860, dest at 0xaaaac9090870
[16:28:12.830] [INFO] Running on PE 0 of 2 total PEs
[16:28:12.830] [INFO] PE 0: Initialized src array with values [0..9]
[16:28:12.830] [INFO] Completed barrier synchronization
[16:28:12.830] [INFO] Completed barrier synchronization
[16:28:12.830] [INFO] PE 0: Waiting for PE 1 to complete validation
[16:28:12.830] ------ BEGIN TEST ROUTINE: shmem_int16_get()
[16:28:12.830] [INFO] Allocated static arrays: src at 0xaaaac9090880, dest at 0xaaaac9090898
[16:28:12.830] [INFO] Running on PE 0 of 2 total PEs
[16:28:12.830] [INFO] PE 0: Initialized src array with values [0..9]
[16:28:12.831] [INFO] Completed barrier synchronization
[16:28:12.831] [INFO] Completed barrier synchronization
[16:28:12.831] [INFO] PE 0: Waiting for PE 1 to complete validation
[16:28:12.831] ------ BEGIN TEST ROUTINE: shmem_int32_get()
[16:28:12.831] [INFO] Allocated static arrays: src at 0xaaaac90908b0, dest at 0xaaaac90908d8
[16:28:12.831] [INFO] Running on PE 0 of 2 total PEs
[16:28:12.831] [INFO] PE 0: Initialized src array with values [0..9]
[16:28:12.831] [INFO] Completed barrier synchronization
[16:28:12.831] [INFO] Completed barrier synchronization
[16:28:12.831] [INFO] PE 0: Waiting for PE 1 to complete validation
[16:28:12.831] ------ BEGIN TEST ROUTINE: shmem_int64_get()
[16:28:12.831] [INFO] Allocated static arrays: src at 0xaaaac9090900, dest at 0xaaaac9090950
[16:28:12.831] [INFO] Running on PE 0 of 2 total PEs
[16:28:12.831] [INFO] PE 0: Initialized src array with values [0..9]
[16:28:12.831] [INFO] Completed barrier synchronization
[16:28:12.831] [INFO] Completed barrier synchronization
[16:28:12.831] [INFO] PE 0: Waiting for PE 1 to complete validation
[16:28:12.831] ------ BEGIN TEST ROUTINE: shmem_uint8_get()
[16:28:12.831] [INFO] Allocated static arrays: src at 0xaaaac90909a0, dest at 0xaaaac90909b0
[16:28:12.831] [INFO] Running on PE 0 of 2 total PEs
[16:28:12.831] [INFO] PE 0: Initialized src array with values [0..9]
[16:28:12.831] [INFO] Completed barrier synchronization
[16:28:12.832] [INFO] Completed barrier synchronization
[16:28:12.832] [INFO] PE 0: Waiting for PE 1 to complete validation
[16:28:12.832] ------ BEGIN TEST ROUTINE: shmem_uint16_get()
[16:28:12.832] [INFO] Allocated static arrays: src at 0xaaaac90909c0, dest at 0xaaaac90909d8
[16:28:12.832] [INFO] Running on PE 0 of 2 total PEs
[16:28:12.832] [INFO] PE 0: Initialized src array with values [0..9]
[16:28:12.832] [INFO] Completed barrier synchronization
[16:28:12.832] [INFO] Completed barrier synchronization
[16:28:12.832] [INFO] PE 0: Waiting for PE 1 to complete validation
[16:28:12.832] ------ BEGIN TEST ROUTINE: shmem_uint32_get()
[16:28:12.832] [INFO] Allocated static arrays: src at 0xaaaac90909f0, dest at 0xaaaac9090a18
[16:28:12.832] [INFO] Running on PE 0 of 2 total PEs
[16:28:12.832] [INFO] PE 0: Initialized src array with values [0..9]
[16:28:12.832] [INFO] Completed barrier synchronization
[16:28:12.832] [INFO] Completed barrier synchronization
[16:28:12.832] [INFO] PE 0: Waiting for PE 1 to complete validation
[16:28:12.832] ------ BEGIN TEST ROUTINE: shmem_uint64_get()
[16:28:12.832] [INFO] Allocated static arrays: src at 0xaaaac9090a40, dest at 0xaaaac9090a90
[16:28:12.832] [INFO] Running on PE 0 of 2 total PEs
[16:28:12.832] [INFO] PE 0: Initialized src array with values [0..9]
[16:28:12.832] [INFO] Completed barrier synchronization
[16:28:12.832] [INFO] Completed barrier synchronization
[16:28:12.832] [INFO] PE 0: Waiting for PE 1 to complete validation
[16:28:12.832] ------ BEGIN TEST ROUTINE: shmem_size_get()
[16:28:12.832] [INFO] Allocated static arrays: src at 0xaaaac9090ae0, dest at 0xaaaac9090b30
[16:28:12.832] [INFO] Running on PE 0 of 2 total PEs
[16:28:12.832] [INFO] PE 0: Initialized src array with values [0..9]
[16:28:12.833] [INFO] Completed barrier synchronization
[16:28:12.833] [INFO] Completed barrier synchronization
[16:28:12.833] [INFO] PE 0: Waiting for PE 1 to complete validation
[16:28:12.833] ------ BEGIN TEST ROUTINE: shmem_ptrdiff_get()
[16:28:12.833] [INFO] Allocated static arrays: src at 0xaaaac9090b80, dest at 0xaaaac9090bd0
[16:28:12.833] [INFO] Running on PE 0 of 2 total PEs
[16:28:12.833] [INFO] PE 0: Initialized src array with values [0..9]
[16:28:12.833] [INFO] Completed barrier synchronization
[16:28:12.833] [INFO] Completed barrier synchronization
[16:28:12.833] [INFO] PE 0: Waiting for PE 1 to complete validation
---------- END TEST: PASSED
