---------- BEGIN TEST: /root/lanl/vv/shmemvv_logs/src/unit/c/atomics/c_shmem_atomic_fetch_or.c
[11:41:03.067] ------ BEGIN TEST ROUTINE: shmem_uint_atomic_fetch_or
[11:41:03.068] [INFO] shmem_malloc'd 4 bytes at 0xaaab40002250
[11:41:03.068] [INFO] set 0xaaab40002250 to 42
[11:41:03.068] [INFO] executing atomic fetch or: dest = 0xaaab40002250, or_val = 15
[11:41:03.068] [INFO] atomic fetch or on a unsigned int at 0xaaab40002250 produced expected result (42 == 42 && 47 == 42789)
[11:41:03.068] ------ BEGIN TEST ROUTINE: shmem_ulong_atomic_fetch_or
[11:41:03.068] [INFO] shmem_malloc'd 8 bytes at 0xaaab40002250
[11:41:03.068] [INFO] set 0xaaab40002250 to 42
[11:41:03.068] [INFO] executing atomic fetch or: dest = 0xaaab40002250, or_val = 15
[11:41:03.068] [INFO] atomic fetch or on a unsigned long at 0xaaab40002250 produced expected result (42 == 42 && 47 == 42789)
[11:41:03.068] ------ BEGIN TEST ROUTINE: shmem_ulonglong_atomic_fetch_or
[11:41:03.069] [INFO] shmem_malloc'd 8 bytes at 0xaaab40002250
[11:41:03.069] [INFO] set 0xaaab40002250 to 42
[11:41:03.069] [INFO] executing atomic fetch or: dest = 0xaaab40002250, or_val = 15
[11:41:03.069] [INFO] atomic fetch or on a unsigned long long at 0xaaab40002250 produced expected result (42 == 42 && 47 == 42789)
[11:41:03.069] ------ BEGIN TEST ROUTINE: shmem_int32_atomic_fetch_or
[11:41:03.069] [INFO] shmem_malloc'd 4 bytes at 0xaaab40002250
[11:41:03.069] [INFO] set 0xaaab40002250 to 42
[11:41:03.069] [INFO] executing atomic fetch or: dest = 0xaaab40002250, or_val = 15
[11:41:03.069] [INFO] atomic fetch or on a int32_t at 0xaaab40002250 produced expected result (42 == 42 && 47 == 42789)
[11:41:03.069] ------ BEGIN TEST ROUTINE: shmem_int64_atomic_fetch_or
[11:41:03.070] [INFO] shmem_malloc'd 8 bytes at 0xaaab40002250
[11:41:03.070] [INFO] set 0xaaab40002250 to 42
[11:41:03.070] [INFO] executing atomic fetch or: dest = 0xaaab40002250, or_val = 15
[11:41:03.070] [INFO] atomic fetch or on a int64_t at 0xaaab40002250 produced expected result (42 == 42 && 47 == 42789)
[11:41:03.070] ------ BEGIN TEST ROUTINE: shmem_uint32_atomic_fetch_or
[11:41:03.070] [INFO] shmem_malloc'd 4 bytes at 0xaaab40002250
[11:41:03.070] [INFO] set 0xaaab40002250 to 42
[11:41:03.070] [INFO] executing atomic fetch or: dest = 0xaaab40002250, or_val = 15
[11:41:03.070] [INFO] atomic fetch or on a uint32_t at 0xaaab40002250 produced expected result (42 == 42 && 47 == 42789)
[11:41:03.070] ------ BEGIN TEST ROUTINE: shmem_uint64_atomic_fetch_or
[11:41:03.070] [INFO] shmem_malloc'd 8 bytes at 0xaaab40002250
[11:41:03.070] [INFO] set 0xaaab40002250 to 42
[11:41:03.070] [INFO] executing atomic fetch or: dest = 0xaaab40002250, or_val = 15
[11:41:03.071] [INFO] atomic fetch or on a uint64_t at 0xaaab40002250 produced expected result (42 == 42 && 47 == 42789)
---------- END TEST: PASSED
