---------- BEGIN TEST: /root/lanl/vv/shmemvv_logs/src/unit/c/atomics/c_shmem_atomic_and.c
[11:41:02.933] ------ BEGIN TEST ROUTINE: shmem_uint_atomic_and
[11:41:02.933] [INFO] shmem_malloc'd 4 bytes at 0xaaab00002250
[11:41:02.933] [INFO] set 0xaaab00002250 to 42
[11:41:02.934] [INFO] executing atomic and: dest = 0xaaab00002250, and_val = 15
[11:41:02.934] [INFO] atomic and on a unsigned int at 0xaaab00002250 produced expected result (42 & 15 = 10)
[11:41:02.934] ------ BEGIN TEST ROUTINE: shmem_ulong_atomic_and
[11:41:02.934] [INFO] shmem_malloc'd 8 bytes at 0xaaab00002250
[11:41:02.934] [INFO] set 0xaaab00002250 to 42
[11:41:02.934] [INFO] executing atomic and: dest = 0xaaab00002250, and_val = 15
[11:41:02.934] [INFO] atomic and on a unsigned long at 0xaaab00002250 produced expected result (42 & 15 = 10)
[11:41:02.934] ------ BEGIN TEST ROUTINE: shmem_ulonglong_atomic_and
[11:41:02.934] [INFO] shmem_malloc'd 8 bytes at 0xaaab00002250
[11:41:02.934] [INFO] set 0xaaab00002250 to 42
[11:41:02.934] [INFO] executing atomic and: dest = 0xaaab00002250, and_val = 15
[11:41:02.934] [INFO] atomic and on a unsigned long long at 0xaaab00002250 produced expected result (42 & 15 = 10)
[11:41:02.935] ------ BEGIN TEST ROUTINE: shmem_int32_atomic_and
[11:41:02.935] [INFO] shmem_malloc'd 4 bytes at 0xaaab00002250
[11:41:02.935] [INFO] set 0xaaab00002250 to 42
[11:41:02.935] [INFO] executing atomic and: dest = 0xaaab00002250, and_val = 15
[11:41:02.935] [INFO] atomic and on a int32_t at 0xaaab00002250 produced expected result (42 & 15 = 10)
[11:41:02.935] ------ BEGIN TEST ROUTINE: shmem_int64_atomic_and
[11:41:02.935] [INFO] shmem_malloc'd 8 bytes at 0xaaab00002250
[11:41:02.935] [INFO] set 0xaaab00002250 to 42
[11:41:02.935] [INFO] executing atomic and: dest = 0xaaab00002250, and_val = 15
[11:41:02.935] [INFO] atomic and on a int64_t at 0xaaab00002250 produced expected result (42 & 15 = 10)
[11:41:02.935] ------ BEGIN TEST ROUTINE: shmem_uint32_atomic_and
[11:41:02.936] [INFO] shmem_malloc'd 4 bytes at 0xaaab00002250
[11:41:02.936] [INFO] set 0xaaab00002250 to 42
[11:41:02.936] [INFO] executing atomic and: dest = 0xaaab00002250, and_val = 15
[11:41:02.936] [INFO] atomic and on a uint32_t at 0xaaab00002250 produced expected result (42 & 15 = 10)
[11:41:02.936] ------ BEGIN TEST ROUTINE: shmem_uint64_atomic_and
[11:41:02.936] [INFO] shmem_malloc'd 8 bytes at 0xaaab00002250
[11:41:02.936] [INFO] set 0xaaab00002250 to 42
[11:41:02.936] [INFO] executing atomic and: dest = 0xaaab00002250, and_val = 15
[11:41:02.936] [INFO] atomic and on a uint64_t at 0xaaab00002250 produced expected result (42 & 15 = 10)
---------- END TEST: PASSED
