---------- BEGIN TEST: /root/lanl/vv/shmemvv_logs/src/unit/c/atomics/c_shmem_atomic_or.c
[11:41:03.119] ------ BEGIN TEST ROUTINE: shmem_uint_atomic_or
[11:41:03.120] [INFO] shmem_malloc'd 4 bytes at 0xaaab40002250
[11:41:03.120] [INFO] set 0xaaab40002250 to 42
[11:41:03.120] [INFO] executing atomic or: dest = 0xaaab40002250, or_val = 15
[11:41:03.120] [INFO] atomic or on a unsigned int at 0xaaab40002250 produced expected result (42 | 15 = 47)
[11:41:03.120] ------ BEGIN TEST ROUTINE: shmem_ulong_atomic_or
[11:41:03.120] [INFO] shmem_malloc'd 8 bytes at 0xaaab40002250
[11:41:03.120] [INFO] set 0xaaab40002250 to 42
[11:41:03.121] [INFO] executing atomic or: dest = 0xaaab40002250, or_val = 15
[11:41:03.121] [INFO] atomic or on a unsigned long at 0xaaab40002250 produced expected result (42 | 15 = 47)
[11:41:03.121] ------ BEGIN TEST ROUTINE: shmem_ulonglong_atomic_or
[11:41:03.121] [INFO] shmem_malloc'd 8 bytes at 0xaaab40002250
[11:41:03.121] [INFO] set 0xaaab40002250 to 42
[11:41:03.121] [INFO] executing atomic or: dest = 0xaaab40002250, or_val = 15
[11:41:03.121] [INFO] atomic or on a unsigned long long at 0xaaab40002250 produced expected result (42 | 15 = 47)
[11:41:03.121] ------ BEGIN TEST ROUTINE: shmem_int32_atomic_or
[11:41:03.121] [INFO] shmem_malloc'd 4 bytes at 0xaaab40002250
[11:41:03.121] [INFO] set 0xaaab40002250 to 42
[11:41:03.122] [INFO] executing atomic or: dest = 0xaaab40002250, or_val = 15
[11:41:03.122] [INFO] atomic or on a int32_t at 0xaaab40002250 produced expected result (42 | 15 = 47)
[11:41:03.122] ------ BEGIN TEST ROUTINE: shmem_int64_atomic_or
[11:41:03.122] [INFO] shmem_malloc'd 8 bytes at 0xaaab40002250
[11:41:03.122] [INFO] set 0xaaab40002250 to 42
[11:41:03.122] [INFO] executing atomic or: dest = 0xaaab40002250, or_val = 15
[11:41:03.122] [INFO] atomic or on a int64_t at 0xaaab40002250 produced expected result (42 | 15 = 47)
[11:41:03.122] ------ BEGIN TEST ROUTINE: shmem_uint32_atomic_or
[11:41:03.122] [INFO] shmem_malloc'd 4 bytes at 0xaaab40002250
[11:41:03.122] [INFO] set 0xaaab40002250 to 42
[11:41:03.122] [INFO] executing atomic or: dest = 0xaaab40002250, or_val = 15
[11:41:03.123] [INFO] atomic or on a uint32_t at 0xaaab40002250 produced expected result (42 | 15 = 47)
[11:41:03.123] ------ BEGIN TEST ROUTINE: shmem_uint64_atomic_or
[11:41:03.123] [INFO] shmem_malloc'd 8 bytes at 0xaaab40002250
[11:41:03.123] [INFO] set 0xaaab40002250 to 42
[11:41:03.123] [INFO] executing atomic or: dest = 0xaaab40002250, or_val = 15
[11:41:03.123] [INFO] atomic or on a uint64_t at 0xaaab40002250 produced expected result (42 | 15 = 47)
---------- END TEST: PASSED
