---------- BEGIN TEST: /root/lanl/vv/shmemvv_logs/src/unit/c/atomics/c_shmem_atomic_fetch.c
[11:36:31.919] ------ BEGIN TEST ROUTINE: shmem_int_atomic_fetch
[11:36:31.919] [INFO] shmem_malloc'd 4 bytes at 0xaaab40002250
[11:36:31.919] [INFO] set 0xaaab40002250 to 42
[11:36:31.919] [INFO] executing atomic fetch: dest = 0xaaab40002250
[11:36:31.920] [INFO] atomic fetch on a int at 0xaaab40002250 produced expected result (42 == 42)
[11:36:31.920] ------ BEGIN TEST ROUTINE: shmem_long_atomic_fetch
[11:36:31.920] [INFO] shmem_malloc'd 8 bytes at 0xaaab40002250
[11:36:31.920] [INFO] set 0xaaab40002250 to 42
[11:36:31.920] [INFO] executing atomic fetch: dest = 0xaaab40002250
[11:36:31.920] [INFO] atomic fetch on a long at 0xaaab40002250 produced expected result (42 == 42)
[11:36:31.920] ------ BEGIN TEST ROUTINE: shmem_longlong_atomic_fetch
[11:36:31.920] [INFO] shmem_malloc'd 8 bytes at 0xaaab40002250
[11:36:31.920] [INFO] set 0xaaab40002250 to 42
[11:36:31.920] [INFO] executing atomic fetch: dest = 0xaaab40002250
[11:36:31.920] [INFO] atomic fetch on a long long at 0xaaab40002250 produced expected result (42 == 42)
[11:36:31.920] ------ BEGIN TEST ROUTINE: shmem_uint_atomic_fetch
[11:36:31.920] [INFO] shmem_malloc'd 4 bytes at 0xaaab40002250
[11:36:31.920] [INFO] set 0xaaab40002250 to 42
[11:36:31.921] [INFO] executing atomic fetch: dest = 0xaaab40002250
[11:36:31.921] [INFO] atomic fetch on a unsigned int at 0xaaab40002250 produced expected result (42 == 42)
[11:36:31.921] ------ BEGIN TEST ROUTINE: shmem_ulong_atomic_fetch
[11:36:31.921] [INFO] shmem_malloc'd 8 bytes at 0xaaab40002250
[11:36:31.921] [INFO] set 0xaaab40002250 to 42
[11:36:31.921] [INFO] executing atomic fetch: dest = 0xaaab40002250
[11:36:31.921] [INFO] atomic fetch on a unsigned long at 0xaaab40002250 produced expected result (42 == 42)
[11:36:31.921] ------ BEGIN TEST ROUTINE: shmem_ulonglong_atomic_fetch
[11:36:31.921] [INFO] shmem_malloc'd 8 bytes at 0xaaab40002250
[11:36:31.921] [INFO] set 0xaaab40002250 to 42
[11:36:31.922] [INFO] executing atomic fetch: dest = 0xaaab40002250
[11:36:31.922] [INFO] atomic fetch on a unsigned long long at 0xaaab40002250 produced expected result (42 == 42)
[11:36:31.922] ------ BEGIN TEST ROUTINE: shmem_int32_atomic_fetch
[11:36:31.922] [INFO] shmem_malloc'd 4 bytes at 0xaaab40002250
[11:36:31.922] [INFO] set 0xaaab40002250 to 42
[11:36:31.922] [INFO] executing atomic fetch: dest = 0xaaab40002250
[11:36:31.922] [INFO] atomic fetch on a int32_t at 0xaaab40002250 produced expected result (42 == 42)
[11:36:31.922] ------ BEGIN TEST ROUTINE: shmem_int64_atomic_fetch
[11:36:31.922] [INFO] shmem_malloc'd 8 bytes at 0xaaab40002250
[11:36:31.922] [INFO] set 0xaaab40002250 to 42
[11:36:31.923] [INFO] executing atomic fetch: dest = 0xaaab40002250
[11:36:31.923] [INFO] atomic fetch on a int64_t at 0xaaab40002250 produced expected result (42 == 42)
[11:36:31.923] ------ BEGIN TEST ROUTINE: shmem_uint32_atomic_fetch
[11:36:31.923] [INFO] shmem_malloc'd 4 bytes at 0xaaab40002250
[11:36:31.923] [INFO] set 0xaaab40002250 to 42
[11:36:31.923] [INFO] executing atomic fetch: dest = 0xaaab40002250
[11:36:31.923] [INFO] atomic fetch on a uint32_t at 0xaaab40002250 produced expected result (42 == 42)
[11:36:31.923] ------ BEGIN TEST ROUTINE: shmem_uint64_atomic_fetch
[11:36:31.923] [INFO] shmem_malloc'd 8 bytes at 0xaaab40002250
[11:36:31.923] [INFO] set 0xaaab40002250 to 42
[11:36:31.924] [INFO] executing atomic fetch: dest = 0xaaab40002250
[11:36:31.924] [INFO] atomic fetch on a uint64_t at 0xaaab40002250 produced expected result (42 == 42)
[11:36:31.924] ------ BEGIN TEST ROUTINE: shmem_size_atomic_fetch
[11:36:31.924] [INFO] shmem_malloc'd 8 bytes at 0xaaab40002250
[11:36:31.924] [INFO] set 0xaaab40002250 to 42
[11:36:31.924] [INFO] executing atomic fetch: dest = 0xaaab40002250
[11:36:31.924] [INFO] atomic fetch on a size_t at 0xaaab40002250 produced expected result (42 == 42)
[11:36:31.924] ------ BEGIN TEST ROUTINE: shmem_ptrdiff_atomic_fetch
[11:36:31.924] [INFO] shmem_malloc'd 8 bytes at 0xaaab40002250
[11:36:31.924] [INFO] set 0xaaab40002250 to 42
[11:36:31.925] [INFO] executing atomic fetch: dest = 0xaaab40002250
[11:36:31.925] [INFO] atomic fetch on a ptrdiff_t at 0xaaab40002250 produced expected result (42 == 42)
---------- END TEST: PASSED
