---------- BEGIN TEST: /root/lanl/vv/shmemvv_logs/src/unit/c/atomics/c_shmem_atomic_fetch_add.c
[11:41:02.984] ------ BEGIN TEST ROUTINE: shmem_int_atomic_fetch_add
[11:41:02.985] [INFO] shmem_malloc'd 4 bytes at 0xaaab00002250
[11:41:02.985] [INFO] set 0xaaab00002250 to 42
[11:41:02.985] [INFO] executing atomic fetch add: dest = 0xaaab00002250, add_val = 10
[11:41:02.985] [INFO] atomic fetch add on a int at 0xaaab00002250 produced expected result (42 == 42 && 10 == 52)
[11:41:02.985] ------ BEGIN TEST ROUTINE: shmem_long_atomic_fetch_add
[11:41:02.985] [INFO] shmem_malloc'd 8 bytes at 0xaaab00002250
[11:41:02.985] [INFO] set 0xaaab00002250 to 42
[11:41:02.985] [INFO] executing atomic fetch add: dest = 0xaaab00002250, add_val = 10
[11:41:02.985] [INFO] atomic fetch add on a long at 0xaaab00002250 produced expected result (42 == 42 && 10 == 52)
[11:41:02.985] ------ BEGIN TEST ROUTINE: shmem_longlong_atomic_fetch_add
[11:41:02.985] [INFO] shmem_malloc'd 8 bytes at 0xaaab00002250
[11:41:02.985] [INFO] set 0xaaab00002250 to 42
[11:41:02.986] [INFO] executing atomic fetch add: dest = 0xaaab00002250, add_val = 10
[11:41:02.986] [INFO] atomic fetch add on a long long at 0xaaab00002250 produced expected result (42 == 42 && 10 == 52)
[11:41:02.986] ------ BEGIN TEST ROUTINE: shmem_uint_atomic_fetch_add
[11:41:02.986] [INFO] shmem_malloc'd 4 bytes at 0xaaab00002250
[11:41:02.986] [INFO] set 0xaaab00002250 to 42
[11:41:02.986] [INFO] executing atomic fetch add: dest = 0xaaab00002250, add_val = 10
[11:41:02.986] [INFO] atomic fetch add on a unsigned int at 0xaaab00002250 produced expected result (42 == 42 && 10 == 52)
[11:41:02.986] ------ BEGIN TEST ROUTINE: shmem_ulong_atomic_fetch_add
[11:41:02.986] [INFO] shmem_malloc'd 8 bytes at 0xaaab00002250
[11:41:02.986] [INFO] set 0xaaab00002250 to 42
[11:41:02.986] [INFO] executing atomic fetch add: dest = 0xaaab00002250, add_val = 10
[11:41:02.986] [INFO] atomic fetch add on a unsigned long at 0xaaab00002250 produced expected result (42 == 42 && 10 == 52)
[11:41:02.986] ------ BEGIN TEST ROUTINE: shmem_ulonglong_atomic_fetch_add
[11:41:02.987] [INFO] shmem_malloc'd 8 bytes at 0xaaab00002250
[11:41:02.987] [INFO] set 0xaaab00002250 to 42
[11:41:02.987] [INFO] executing atomic fetch add: dest = 0xaaab00002250, add_val = 10
[11:41:02.987] [INFO] atomic fetch add on a unsigned long long at 0xaaab00002250 produced expected result (42 == 42 && 10 == 52)
[11:41:02.987] ------ BEGIN TEST ROUTINE: shmem_int32_atomic_fetch_add
[11:41:02.987] [INFO] shmem_malloc'd 4 bytes at 0xaaab00002250
[11:41:02.987] [INFO] set 0xaaab00002250 to 42
[11:41:02.987] [INFO] executing atomic fetch add: dest = 0xaaab00002250, add_val = 10
[11:41:02.987] [INFO] atomic fetch add on a int32_t at 0xaaab00002250 produced expected result (42 == 42 && 10 == 52)
[11:41:02.987] ------ BEGIN TEST ROUTINE: shmem_int64_atomic_fetch_add
[11:41:02.987] [INFO] shmem_malloc'd 8 bytes at 0xaaab00002250
[11:41:02.987] [INFO] set 0xaaab00002250 to 42
[11:41:02.987] [INFO] executing atomic fetch add: dest = 0xaaab00002250, add_val = 10
[11:41:02.987] [INFO] atomic fetch add on a int64_t at 0xaaab00002250 produced expected result (42 == 42 && 10 == 52)
[11:41:02.988] ------ BEGIN TEST ROUTINE: shmem_uint32_atomic_fetch_add
[11:41:02.988] [INFO] shmem_malloc'd 4 bytes at 0xaaab00002250
[11:41:02.988] [INFO] set 0xaaab00002250 to 42
[11:41:02.988] [INFO] executing atomic fetch add: dest = 0xaaab00002250, add_val = 10
[11:41:02.988] [INFO] atomic fetch add on a uint32_t at 0xaaab00002250 produced expected result (42 == 42 && 10 == 52)
[11:41:02.988] ------ BEGIN TEST ROUTINE: shmem_uint64_atomic_fetch_add
[11:41:02.988] [INFO] shmem_malloc'd 8 bytes at 0xaaab00002250
[11:41:02.988] [INFO] set 0xaaab00002250 to 42
[11:41:02.988] [INFO] executing atomic fetch add: dest = 0xaaab00002250, add_val = 10
[11:41:02.988] [INFO] atomic fetch add on a uint64_t at 0xaaab00002250 produced expected result (42 == 42 && 10 == 52)
[11:41:02.988] ------ BEGIN TEST ROUTINE: shmem_size_atomic_fetch_add
[11:41:02.988] [INFO] shmem_malloc'd 8 bytes at 0xaaab00002250
[11:41:02.988] [INFO] set 0xaaab00002250 to 42
[11:41:02.989] [INFO] executing atomic fetch add: dest = 0xaaab00002250, add_val = 10
[11:41:02.989] [INFO] atomic fetch add on a size_t at 0xaaab00002250 produced expected result (42 == 42 && 10 == 52)
[11:41:02.989] ------ BEGIN TEST ROUTINE: shmem_ptrdiff_atomic_fetch_add
[11:41:02.989] [INFO] shmem_malloc'd 8 bytes at 0xaaab00002250
[11:41:02.989] [INFO] set 0xaaab00002250 to 42
[11:41:02.989] [INFO] executing atomic fetch add: dest = 0xaaab00002250, add_val = 10
[11:41:02.989] [INFO] atomic fetch add on a ptrdiff_t at 0xaaab00002250 produced expected result (42 == 42 && 10 == 52)
---------- END TEST: PASSED
