---------- BEGIN TEST: /root/lanl/vv/shmemvv_logs/src/unit/c/pt2pt_sync/c_shmem_wait_until_all_vector.c
[14:26:45.081] ------ BEGIN TEST ROUTINE: shmem_wait_until_all_vector(short)
[14:26:45.082] [INFO] Allocated flags array (8 bytes) at address 0xaaab40002250
[14:26:45.082] [INFO] Initialized all flags to 0
[14:26:45.082] [INFO] PE 0: Set all flags to 1 on PE 1
[14:26:45.082] [INFO] PE 0: Called shmem_quiet() after setting flags
[14:26:45.082] [INFO] Freeing allocated memory at 0xaaab40002250
[14:26:45.082] ------ BEGIN TEST ROUTINE: shmem_wait_until_all_vector(int)
[14:26:45.082] [INFO] Allocated flags array (16 bytes) at address 0xaaab40002250
[14:26:45.082] [INFO] Initialized all flags to 0
[14:26:45.082] [INFO] PE 0: Set all flags to 1 on PE 1
[14:26:45.082] [INFO] PE 0: Called shmem_quiet() after setting flags
[14:26:45.082] [INFO] Freeing allocated memory at 0xaaab40002250
[14:26:45.083] ------ BEGIN TEST ROUTINE: shmem_wait_until_all_vector(long)
[14:26:45.083] [INFO] Allocated flags array (32 bytes) at address 0xaaab40002250
[14:26:45.083] [INFO] Initialized all flags to 0
[14:26:45.083] [INFO] PE 0: Set all flags to 1 on PE 1
[14:26:45.083] [INFO] PE 0: Called shmem_quiet() after setting flags
[14:26:45.083] [INFO] Freeing allocated memory at 0xaaab40002250
[14:26:45.083] ------ BEGIN TEST ROUTINE: shmem_wait_until_all_vector(long long)
[14:26:45.083] [INFO] Allocated flags array (32 bytes) at address 0xaaab40002250
[14:26:45.083] [INFO] Initialized all flags to 0
[14:26:45.083] [INFO] PE 0: Set all flags to 1 on PE 1
[14:26:45.083] [INFO] PE 0: Called shmem_quiet() after setting flags
[14:26:45.083] [INFO] Freeing allocated memory at 0xaaab40002250
[14:26:45.083] ------ BEGIN TEST ROUTINE: shmem_wait_until_all_vector(unsigned short)
[14:26:45.083] [INFO] Allocated flags array (8 bytes) at address 0xaaab40002250
[14:26:45.083] [INFO] Initialized all flags to 0
[14:26:45.084] [INFO] PE 0: Set all flags to 1 on PE 1
[14:26:45.084] [INFO] PE 0: Called shmem_quiet() after setting flags
[14:26:45.084] [INFO] Freeing allocated memory at 0xaaab40002250
[14:26:45.084] ------ BEGIN TEST ROUTINE: shmem_wait_until_all_vector(unsigned int)
[14:26:45.084] [INFO] Allocated flags array (16 bytes) at address 0xaaab40002250
[14:26:45.084] [INFO] Initialized all flags to 0
[14:26:45.084] [INFO] PE 0: Set all flags to 1 on PE 1
[14:26:45.084] [INFO] PE 0: Called shmem_quiet() after setting flags
[14:26:45.084] [INFO] Freeing allocated memory at 0xaaab40002250
[14:26:45.084] ------ BEGIN TEST ROUTINE: shmem_wait_until_all_vector(unsigned long)
[14:26:45.085] [INFO] Allocated flags array (32 bytes) at address 0xaaab40002250
[14:26:45.085] [INFO] Initialized all flags to 0
[14:26:45.085] [INFO] PE 0: Set all flags to 1 on PE 1
[14:26:45.085] [INFO] PE 0: Called shmem_quiet() after setting flags
[14:26:45.085] [INFO] Freeing allocated memory at 0xaaab40002250
[14:26:45.085] ------ BEGIN TEST ROUTINE: shmem_wait_until_all_vector(unsigned long long)
[14:26:45.085] [INFO] Allocated flags array (32 bytes) at address 0xaaab40002250
[14:26:45.085] [INFO] Initialized all flags to 0
[14:26:45.085] [INFO] PE 0: Set all flags to 1 on PE 1
[14:26:45.085] [INFO] PE 0: Called shmem_quiet() after setting flags
[14:26:45.085] [INFO] Freeing allocated memory at 0xaaab40002250
[14:26:45.085] ------ BEGIN TEST ROUTINE: shmem_wait_until_all_vector(int32_t)
[14:26:45.085] [INFO] Allocated flags array (16 bytes) at address 0xaaab40002250
[14:26:45.085] [INFO] Initialized all flags to 0
[14:26:45.085] [INFO] PE 0: Set all flags to 1 on PE 1
[14:26:45.085] [INFO] PE 0: Called shmem_quiet() after setting flags
[14:26:45.085] [INFO] Freeing allocated memory at 0xaaab40002250
[14:26:45.086] ------ BEGIN TEST ROUTINE: shmem_wait_until_all_vector(int64_t)
[14:26:45.086] [INFO] Allocated flags array (32 bytes) at address 0xaaab40002250
[14:26:45.086] [INFO] Initialized all flags to 0
[14:26:45.086] [INFO] PE 0: Set all flags to 1 on PE 1
[14:26:45.086] [INFO] PE 0: Called shmem_quiet() after setting flags
[14:26:45.086] [INFO] Freeing allocated memory at 0xaaab40002250
[14:26:45.086] ------ BEGIN TEST ROUTINE: shmem_wait_until_all_vector(uint32_t)
[14:26:45.086] [INFO] Allocated flags array (16 bytes) at address 0xaaab40002250
[14:26:45.086] [INFO] Initialized all flags to 0
[14:26:45.086] [INFO] PE 0: Set all flags to 1 on PE 1
[14:26:45.086] [INFO] PE 0: Called shmem_quiet() after setting flags
[14:26:45.086] [INFO] Freeing allocated memory at 0xaaab40002250
[14:26:45.086] ------ BEGIN TEST ROUTINE: shmem_wait_until_all_vector(uint64_t)
[14:26:45.086] [INFO] Allocated flags array (32 bytes) at address 0xaaab40002250
[14:26:45.086] [INFO] Initialized all flags to 0
[14:26:45.087] [INFO] PE 0: Set all flags to 1 on PE 1
[14:26:45.087] [INFO] PE 0: Called shmem_quiet() after setting flags
[14:26:45.087] [INFO] Freeing allocated memory at 0xaaab40002250
[14:26:45.087] ------ BEGIN TEST ROUTINE: shmem_wait_until_all_vector(size_t)
[14:26:45.087] [INFO] Allocated flags array (32 bytes) at address 0xaaab40002250
[14:26:45.087] [INFO] Initialized all flags to 0
[14:26:45.087] [INFO] PE 0: Set all flags to 1 on PE 1
[14:26:45.087] [INFO] PE 0: Called shmem_quiet() after setting flags
[14:26:45.087] [INFO] Freeing allocated memory at 0xaaab40002250
[14:26:45.087] ------ BEGIN TEST ROUTINE: shmem_wait_until_all_vector(ptrdiff_t)
[14:26:45.087] [INFO] Allocated flags array (32 bytes) at address 0xaaab40002250
[14:26:45.087] [INFO] Initialized all flags to 0
[14:26:45.087] [INFO] PE 0: Set all flags to 1 on PE 1
[14:26:45.087] [INFO] PE 0: Called shmem_quiet() after setting flags
[14:26:45.087] [INFO] Freeing allocated memory at 0xaaab40002250
---------- END TEST: PASSED
