---------- BEGIN TEST: /root/lanl/vv/shmemvv_logs/src/unit/c/pt2pt_sync/c_shmem_wait_until_some_vector.c
[14:26:45.132] ------ BEGIN TEST ROUTINE: shmem_wait_until_some_vector(short)
[14:26:45.132] [INFO] Allocated flags array (8 bytes) at address 0xaaab40002250
[14:26:45.132] [INFO] Initialized all flags to 0
[14:26:45.133] [INFO] PE 1: Starting wait_until_some_vector (flags=0xaaab40002250, n=4, indices=0xfffffb572a98, status=[SHMEM_CMP_EQ x4], cmp_values=[1 x4])
[14:26:45.133] [INFO] PE 1: wait_until_some_vector completed with count=0
[14:26:45.133] [FAIL] PE 1: wait_until_some_vector failed - expected count=2, got count=0
[14:26:45.133] [INFO] Freeing allocated memory at 0xaaab40002250
[14:26:45.133] ------ BEGIN TEST ROUTINE: shmem_wait_until_some_vector(int)
[14:26:45.133] [INFO] Allocated flags array (16 bytes) at address 0xaaab40002250
[14:26:45.133] [INFO] Initialized all flags to 0
[14:26:45.133] [INFO] PE 1: Starting wait_until_some_vector (flags=0xaaab40002250, n=4, indices=0xfffffb572a98, status=[SHMEM_CMP_EQ x4], cmp_values=[1 x4])
[14:26:45.133] [INFO] PE 1: wait_until_some_vector completed with count=0
[14:26:45.133] [FAIL] PE 1: wait_until_some_vector failed - expected count=2, got count=0
[14:26:45.133] [INFO] Freeing allocated memory at 0xaaab40002250
[14:26:45.133] ------ BEGIN TEST ROUTINE: shmem_wait_until_some_vector(long)
[14:26:45.133] [INFO] Allocated flags array (32 bytes) at address 0xaaab40002250
[14:26:45.133] [INFO] Initialized all flags to 0
[14:26:45.134] [INFO] PE 1: Starting wait_until_some_vector (flags=0xaaab40002250, n=4, indices=0xfffffb572a98, status=[SHMEM_CMP_EQ x4], cmp_values=[1 x4])
[14:26:45.134] [INFO] PE 1: wait_until_some_vector completed with count=0
[14:26:45.134] [FAIL] PE 1: wait_until_some_vector failed - expected count=2, got count=0
[14:26:45.134] [INFO] Freeing allocated memory at 0xaaab40002250
[14:26:45.134] ------ BEGIN TEST ROUTINE: shmem_wait_until_some_vector(long long)
[14:26:45.134] [INFO] Allocated flags array (32 bytes) at address 0xaaab40002250
[14:26:45.134] [INFO] Initialized all flags to 0
[14:26:45.134] [INFO] PE 1: Starting wait_until_some_vector (flags=0xaaab40002250, n=4, indices=0xfffffb572a98, status=[SHMEM_CMP_EQ x4], cmp_values=[1 x4])
[14:26:45.134] [INFO] PE 1: wait_until_some_vector completed with count=0
[14:26:45.134] [FAIL] PE 1: wait_until_some_vector failed - expected count=2, got count=0
[14:26:45.134] [INFO] Freeing allocated memory at 0xaaab40002250
[14:26:45.134] ------ BEGIN TEST ROUTINE: shmem_wait_until_some_vector(unsigned short)
[14:26:45.134] [INFO] Allocated flags array (8 bytes) at address 0xaaab40002250
[14:26:45.134] [INFO] Initialized all flags to 0
[14:26:45.135] [INFO] PE 1: Starting wait_until_some_vector (flags=0xaaab40002250, n=4, indices=0xfffffb572a98, status=[SHMEM_CMP_EQ x4], cmp_values=[1 x4])
[14:26:45.135] [INFO] PE 1: wait_until_some_vector completed with count=0
[14:26:45.135] [FAIL] PE 1: wait_until_some_vector failed - expected count=2, got count=0
[14:26:45.135] [INFO] Freeing allocated memory at 0xaaab40002250
[14:26:45.135] ------ BEGIN TEST ROUTINE: shmem_wait_until_some_vector(unsigned int)
[14:26:45.135] [INFO] Allocated flags array (16 bytes) at address 0xaaab40002250
[14:26:45.135] [INFO] Initialized all flags to 0
[14:26:45.135] [INFO] PE 1: Starting wait_until_some_vector (flags=0xaaab40002250, n=4, indices=0xfffffb572a98, status=[SHMEM_CMP_EQ x4], cmp_values=[1 x4])
[14:26:45.135] [INFO] PE 1: wait_until_some_vector completed with count=0
[14:26:45.135] [FAIL] PE 1: wait_until_some_vector failed - expected count=2, got count=0
[14:26:45.135] [INFO] Freeing allocated memory at 0xaaab40002250
[14:26:45.135] ------ BEGIN TEST ROUTINE: shmem_wait_until_some_vector(unsigned long)
[14:26:45.135] [INFO] Allocated flags array (32 bytes) at address 0xaaab40002250
[14:26:45.135] [INFO] Initialized all flags to 0
[14:26:45.135] [INFO] PE 1: Starting wait_until_some_vector (flags=0xaaab40002250, n=4, indices=0xfffffb572a98, status=[SHMEM_CMP_EQ x4], cmp_values=[1 x4])
[14:26:45.135] [INFO] PE 1: wait_until_some_vector completed with count=0
[14:26:45.135] [FAIL] PE 1: wait_until_some_vector failed - expected count=2, got count=0
[14:26:45.135] [INFO] Freeing allocated memory at 0xaaab40002250
[14:26:45.136] ------ BEGIN TEST ROUTINE: shmem_wait_until_some_vector(unsigned long long)
[14:26:45.136] [INFO] Allocated flags array (32 bytes) at address 0xaaab40002250
[14:26:45.136] [INFO] Initialized all flags to 0
[14:26:45.136] [INFO] PE 1: Starting wait_until_some_vector (flags=0xaaab40002250, n=4, indices=0xfffffb572a98, status=[SHMEM_CMP_EQ x4], cmp_values=[1 x4])
[14:26:45.136] [INFO] PE 1: wait_until_some_vector completed with count=0
[14:26:45.136] [FAIL] PE 1: wait_until_some_vector failed - expected count=2, got count=0
[14:26:45.136] [INFO] Freeing allocated memory at 0xaaab40002250
[14:26:45.136] ------ BEGIN TEST ROUTINE: shmem_wait_until_some_vector(int32_t)
[14:26:45.136] [INFO] Allocated flags array (16 bytes) at address 0xaaab40002250
[14:26:45.136] [INFO] Initialized all flags to 0
[14:26:45.136] [INFO] PE 1: Starting wait_until_some_vector (flags=0xaaab40002250, n=4, indices=0xfffffb572a98, status=[SHMEM_CMP_EQ x4], cmp_values=[1 x4])
[14:26:45.136] [INFO] PE 1: wait_until_some_vector completed with count=0
[14:26:45.136] [FAIL] PE 1: wait_until_some_vector failed - expected count=2, got count=0
[14:26:45.136] [INFO] Freeing allocated memory at 0xaaab40002250
[14:26:45.136] ------ BEGIN TEST ROUTINE: shmem_wait_until_some_vector(int64_t)
[14:26:45.136] [INFO] Allocated flags array (32 bytes) at address 0xaaab40002250
[14:26:45.136] [INFO] Initialized all flags to 0
[14:26:45.137] [INFO] PE 1: Starting wait_until_some_vector (flags=0xaaab40002250, n=4, indices=0xfffffb572a98, status=[SHMEM_CMP_EQ x4], cmp_values=[1 x4])
[14:26:45.137] [INFO] PE 1: wait_until_some_vector completed with count=0
[14:26:45.137] [FAIL] PE 1: wait_until_some_vector failed - expected count=2, got count=0
[14:26:45.137] [INFO] Freeing allocated memory at 0xaaab40002250
[14:26:45.137] ------ BEGIN TEST ROUTINE: shmem_wait_until_some_vector(uint32_t)
[14:26:45.137] [INFO] Allocated flags array (16 bytes) at address 0xaaab40002250
[14:26:45.137] [INFO] Initialized all flags to 0
[14:26:45.137] [INFO] PE 1: Starting wait_until_some_vector (flags=0xaaab40002250, n=4, indices=0xfffffb572a98, status=[SHMEM_CMP_EQ x4], cmp_values=[1 x4])
[14:26:45.137] [INFO] PE 1: wait_until_some_vector completed with count=0
[14:26:45.137] [FAIL] PE 1: wait_until_some_vector failed - expected count=2, got count=0
[14:26:45.137] [INFO] Freeing allocated memory at 0xaaab40002250
[14:26:45.137] ------ BEGIN TEST ROUTINE: shmem_wait_until_some_vector(uint64_t)
[14:26:45.137] [INFO] Allocated flags array (32 bytes) at address 0xaaab40002250
[14:26:45.137] [INFO] Initialized all flags to 0
[14:26:45.138] [INFO] PE 1: Starting wait_until_some_vector (flags=0xaaab40002250, n=4, indices=0xfffffb572a98, status=[SHMEM_CMP_EQ x4], cmp_values=[1 x4])
[14:26:45.138] [INFO] PE 1: wait_until_some_vector completed with count=0
[14:26:45.138] [FAIL] PE 1: wait_until_some_vector failed - expected count=2, got count=0
[14:26:45.138] [INFO] Freeing allocated memory at 0xaaab40002250
[14:26:45.138] ------ BEGIN TEST ROUTINE: shmem_wait_until_some_vector(size_t)
[14:26:45.138] [INFO] Allocated flags array (32 bytes) at address 0xaaab40002250
[14:26:45.138] [INFO] Initialized all flags to 0
[14:26:45.138] [INFO] PE 1: Starting wait_until_some_vector (flags=0xaaab40002250, n=4, indices=0xfffffb572a98, status=[SHMEM_CMP_EQ x4], cmp_values=[1 x4])
[14:26:45.138] [INFO] PE 1: wait_until_some_vector completed with count=0
[14:26:45.138] [FAIL] PE 1: wait_until_some_vector failed - expected count=2, got count=0
[14:26:45.138] [INFO] Freeing allocated memory at 0xaaab40002250
[14:26:45.138] ------ BEGIN TEST ROUTINE: shmem_wait_until_some_vector(ptrdiff_t)
[14:26:45.138] [INFO] Allocated flags array (32 bytes) at address 0xaaab40002250
[14:26:45.138] [INFO] Initialized all flags to 0
[14:26:45.139] [INFO] PE 1: Starting wait_until_some_vector (flags=0xaaab40002250, n=4, indices=0xfffffb572a98, status=[SHMEM_CMP_EQ x4], cmp_values=[1 x4])
[14:26:45.139] [INFO] PE 1: wait_until_some_vector completed with count=0
[14:26:45.139] [FAIL] PE 1: wait_until_some_vector failed - expected count=2, got count=0
[14:26:45.139] [INFO] Freeing allocated memory at 0xaaab40002250
---------- END TEST: FAILED
